octopus07
[seqwish::seqidx] 0.019 indexing sequences
[seqwish::seqidx] 891.810 index built
[seqwish::alignments] 891.810 processing alignments
[seqwish::alignments] 2090.394 indexing
[seqwish::alignments] 5798.634 index built
[seqwish::transclosure] 5798.636 computing transitive closures
[seqwish::transclosure] 5806.208 0.00% 0-50000000 overlap_collect
[seqwish::transclosure] 5838.626 0.00% 0-50000000 rank_build
[seqwish::transclosure] 5880.645 0.00% 0-50000000 parallel_union_find
[seqwish::transclosure] 5918.275 0.00% 0-50000000 dset_write
[seqwish::transclosure] 5931.212 0.00% 0-50000000 dset_compression
[seqwish::transclosure] 5941.685 0.00% 0-50000000 dset_sort
[seqwish::transclosure] 5946.390 0.00% 0-50000000 dset_invert
[seqwish::transclosure] 5954.411 0.00% 0-50000000 graph_emission
[seqwish::transclosure] 5963.474 1.68% 50000000-100000000 overlap_collect
[seqwish::transclosure] 5988.988 1.68% 50000000-100000000 rank_build
[seqwish::transclosure] 6030.297 1.68% 50000000-100000000 parallel_union_find
[seqwish::transclosure] 6129.355 1.68% 50000000-100000000 dset_write
[seqwish::transclosure] 6141.970 1.68% 50000000-100000000 dset_compression
[seqwish::transclosure] 6152.543 1.68% 50000000-100000000 dset_sort
[seqwish::transclosure] 6157.176 1.68% 50000000-100000000 dset_invert
[seqwish::transclosure] 6165.922 1.68% 50000000-100000000 graph_emission
[seqwish::transclosure] 6365.643 3.34% 100000000-150000000 overlap_collect
[seqwish::transclosure] 6403.522 3.34% 100000000-150000000 rank_build
[seqwish::transclosure] 6440.430 3.34% 100000000-150000000 parallel_union_find
[seqwish::transclosure] 6510.083 3.34% 100000000-150000000 dset_write
[seqwish::transclosure] 6518.119 3.34% 100000000-150000000 dset_compression
[seqwish::transclosure] 6526.490 3.34% 100000000-150000000 dset_sort
[seqwish::transclosure] 6529.803 3.34% 100000000-150000000 dset_invert
[seqwish::transclosure] 6537.246 3.34% 100000000-150000000 graph_emission
[seqwish::transclosure] 6721.198 4.44% 150000000-200000000 overlap_collect
[seqwish::transclosure] 6748.689 4.44% 150000000-200000000 rank_build
[seqwish::transclosure] 6790.702 4.44% 150000000-200000000 parallel_union_find
[seqwish::transclosure] 6914.725 4.44% 150000000-200000000 dset_write
[seqwish::transclosure] 6928.209 4.44% 150000000-200000000 dset_compression
[seqwish::transclosure] 6939.618 4.44% 150000000-200000000 dset_sort
[seqwish::transclosure] 6944.278 4.44% 150000000-200000000 dset_invert
[seqwish::transclosure] 6953.833 4.44% 150000000-200000000 graph_emission
[seqwish::transclosure] 7050.857 6.09% 200000000-250000000 overlap_collect
[seqwish::transclosure] 7081.209 6.09% 200000000-250000000 rank_build
[seqwish::transclosure] 7128.628 6.09% 200000000-250000000 parallel_union_find
[seqwish::transclosure] 7244.230 6.09% 200000000-250000000 dset_write
[seqwish::transclosure] 7257.280 6.09% 200000000-250000000 dset_compression
[seqwish::transclosure] 7268.314 6.09% 200000000-250000000 dset_sort
[seqwish::transclosure] 7272.922 6.09% 200000000-250000000 dset_invert
[seqwish::transclosure] 7281.916 6.09% 200000000-250000000 graph_emission
[seqwish::transclosure] 7437.626 7.75% 250000000-300000000 overlap_collect
[seqwish::transclosure] 7466.925 7.75% 250000000-300000000 rank_build
[seqwish::transclosure] 7511.027 7.75% 250000000-300000000 parallel_union_find
[seqwish::transclosure] 7609.797 7.75% 250000000-300000000 dset_write
[seqwish::transclosure] 7622.199 7.75% 250000000-300000000 dset_compression
[seqwish::transclosure] 7634.663 7.75% 250000000-300000000 dset_sort
[seqwish::transclosure] 7639.385 7.75% 250000000-300000000 dset_invert
[seqwish::transclosure] 7649.900 7.75% 250000000-300000000 graph_emission
[seqwish::transclosure] 7825.302 9.40% 300000000-350768794 overlap_collect
[seqwish::transclosure] 7853.733 9.40% 300000000-350768794 rank_build
[seqwish::transclosure] 7896.984 9.40% 300000000-350768794 parallel_union_find
[seqwish::transclosure] 8011.107 9.40% 300000000-350768794 dset_write
[seqwish::transclosure] 8024.524 9.40% 300000000-350768794 dset_compression
[seqwish::transclosure] 8036.747 9.40% 300000000-350768794 dset_sort
[seqwish::transclosure] 8041.252 9.40% 300000000-350768794 dset_invert
[seqwish::transclosure] 8050.481 9.40% 300000000-350768794 graph_emission
[seqwish::transclosure] 8211.563 10.99% 350768794-400768794 overlap_collect
[seqwish::transclosure] 8240.519 10.99% 350768794-400768794 rank_build
[seqwish::transclosure] 8286.487 10.99% 350768794-400768794 parallel_union_find
[seqwish::transclosure] 8417.015 10.99% 350768794-400768794 dset_write
[seqwish::transclosure] 8429.195 10.99% 350768794-400768794 dset_compression
[seqwish::transclosure] 8441.229 10.99% 350768794-400768794 dset_sort
[seqwish::transclosure] 8446.073 10.99% 350768794-400768794 dset_invert
[seqwish::transclosure] 8456.237 10.99% 350768794-400768794 graph_emission
[seqwish::transclosure] 8621.130 12.64% 400768794-450768794 overlap_collect
[seqwish::transclosure] 8646.721 12.64% 400768794-450768794 rank_build
[seqwish::transclosure] 8692.288 12.64% 400768794-450768794 parallel_union_find
[seqwish::transclosure] 8802.990 12.64% 400768794-450768794 dset_write
[seqwish::transclosure] 8816.110 12.64% 400768794-450768794 dset_compression
[seqwish::transclosure] 8828.535 12.64% 400768794-450768794 dset_sort
[seqwish::transclosure] 8833.208 12.64% 400768794-450768794 dset_invert
[seqwish::transclosure] 8843.742 12.64% 400768794-450768794 graph_emission
[seqwish::transclosure] 9015.694 14.30% 450768794-500768794 overlap_collect
[seqwish::transclosure] 9046.090 14.30% 450768794-500768794 rank_build
[seqwish::transclosure] 9087.762 14.30% 450768794-500768794 parallel_union_find
[seqwish::transclosure] 9192.763 14.30% 450768794-500768794 dset_write
[seqwish::transclosure] 9207.181 14.30% 450768794-500768794 dset_compression
[seqwish::transclosure] 9220.724 14.30% 450768794-500768794 dset_sort
[seqwish::transclosure] 9225.488 14.30% 450768794-500768794 dset_invert
[seqwish::transclosure] 9235.906 14.30% 450768794-500768794 graph_emission
[seqwish::transclosure] 9403.004 15.96% 500768794-550768794 overlap_collect
[seqwish::transclosure] 9430.454 15.96% 500768794-550768794 rank_build
[seqwish::transclosure] 9486.596 15.96% 500768794-550768794 parallel_union_find
[seqwish::transclosure] 9594.557 15.96% 500768794-550768794 dset_write
[seqwish::transclosure] 9607.610 15.96% 500768794-550768794 dset_compression
[seqwish::transclosure] 9619.476 15.96% 500768794-550768794 dset_sort
[seqwish::transclosure] 9624.220 15.96% 500768794-550768794 dset_invert
[seqwish::transclosure] 9632.006 15.96% 500768794-550768794 graph_emission
[seqwish::transclosure] 9789.174 17.61% 550768794-600768794 overlap_collect
[seqwish::transclosure] 9832.249 17.61% 550768794-600768794 rank_build
[seqwish::transclosure] 9872.850 17.61% 550768794-600768794 parallel_union_find
[seqwish::transclosure] 9974.521 17.61% 550768794-600768794 dset_write
[seqwish::transclosure] 9986.886 17.61% 550768794-600768794 dset_compression
[seqwish::transclosure] 9998.920 17.61% 550768794-600768794 dset_sort
[seqwish::transclosure] 10003.653 17.61% 550768794-600768794 dset_invert
[seqwish::transclosure] 10014.012 17.61% 550768794-600768794 graph_emission
[seqwish::transclosure] 10173.417 19.28% 600768794-650768794 overlap_collect
[seqwish::transclosure] 10202.357 19.28% 600768794-650768794 rank_build
[seqwish::transclosure] 10255.432 19.28% 600768794-650768794 parallel_union_find
[seqwish::transclosure] 10380.911 19.28% 600768794-650768794 dset_write
[seqwish::transclosure] 10395.176 19.28% 600768794-650768794 dset_compression
[seqwish::transclosure] 10408.809 19.28% 600768794-650768794 dset_sort
[seqwish::transclosure] 10413.467 19.28% 600768794-650768794 dset_invert
[seqwish::transclosure] 10423.849 19.28% 600768794-650768794 graph_emission
[seqwish::transclosure] 10629.153 20.93% 650768794-700865616 overlap_collect
[seqwish::transclosure] 10659.307 20.93% 650768794-700865616 rank_build
[seqwish::transclosure] 10728.699 20.93% 650768794-700865616 parallel_union_find
[seqwish::transclosure] 10832.084 20.93% 650768794-700865616 dset_write
[seqwish::transclosure] 10845.117 20.93% 650768794-700865616 dset_compression
[seqwish::transclosure] 10855.009 20.93% 650768794-700865616 dset_sort
[seqwish::transclosure] 10859.637 20.93% 650768794-700865616 dset_invert
[seqwish::transclosure] 10866.959 20.93% 650768794-700865616 graph_emission
[seqwish::transclosure] 11015.652 22.59% 700865616-750865616 overlap_collect
[seqwish::transclosure] 11043.718 22.59% 700865616-750865616 rank_build
[seqwish::transclosure] 11096.528 22.59% 700865616-750865616 parallel_union_find
[seqwish::transclosure] 11221.951 22.59% 700865616-750865616 dset_write
[seqwish::transclosure] 11234.227 22.59% 700865616-750865616 dset_compression
[seqwish::transclosure] 11245.618 22.59% 700865616-750865616 dset_sort
[seqwish::transclosure] 11250.216 22.59% 700865616-750865616 dset_invert
[seqwish::transclosure] 11259.471 22.59% 700865616-750865616 graph_emission
[seqwish::transclosure] 11427.185 24.12% 750865616-800865616 overlap_collect
[seqwish::transclosure] 11456.260 24.12% 750865616-800865616 rank_build
[seqwish::transclosure] 11499.814 24.12% 750865616-800865616 parallel_union_find
[seqwish::transclosure] 11592.679 24.12% 750865616-800865616 dset_write
[seqwish::transclosure] 11605.549 24.12% 750865616-800865616 dset_compression
[seqwish::transclosure] 11616.087 24.12% 750865616-800865616 dset_sort
[seqwish::transclosure] 11620.799 24.12% 750865616-800865616 dset_invert
[seqwish::transclosure] 11628.943 24.12% 750865616-800865616 graph_emission
[seqwish::transclosure] 11795.189 25.77% 800865616-850865616 overlap_collect
[seqwish::transclosure] 11823.073 25.77% 800865616-850865616 rank_build
[seqwish::transclosure] 11873.991 25.77% 800865616-850865616 parallel_union_find
[seqwish::transclosure] 11996.409 25.77% 800865616-850865616 dset_write
[seqwish::transclosure] 12009.210 25.77% 800865616-850865616 dset_compression
[seqwish::transclosure] 12020.649 25.77% 800865616-850865616 dset_sort
[seqwish::transclosure] 12025.527 25.77% 800865616-850865616 dset_invert
[seqwish::transclosure] 12034.841 25.77% 800865616-850865616 graph_emission
[seqwish::transclosure] 12198.996 27.43% 850865616-900865616 overlap_collect
[seqwish::transclosure] 12228.943 27.43% 850865616-900865616 rank_build
[seqwish::transclosure] 12275.826 27.43% 850865616-900865616 parallel_union_find
[seqwish::transclosure] 12362.800 27.43% 850865616-900865616 dset_write
[seqwish::transclosure] 12375.144 27.43% 850865616-900865616 dset_compression
[seqwish::transclosure] 12387.033 27.43% 850865616-900865616 dset_sort
[seqwish::transclosure] 12391.957 27.43% 850865616-900865616 dset_invert
[seqwish::transclosure] 12404.151 27.43% 850865616-900865616 graph_emission
[seqwish::transclosure] 12576.475 29.09% 900865616-950865616 overlap_collect
[seqwish::transclosure] 12604.764 29.09% 900865616-950865616 rank_build
[seqwish::transclosure] 12646.987 29.09% 900865616-950865616 parallel_union_find
[seqwish::transclosure] 12740.760 29.09% 900865616-950865616 dset_write
[seqwish::transclosure] 12753.999 29.09% 900865616-950865616 dset_compression
[seqwish::transclosure] 12765.323 29.09% 900865616-950865616 dset_sort
[seqwish::transclosure] 12769.740 29.09% 900865616-950865616 dset_invert
[seqwish::transclosure] 12778.388 29.09% 900865616-950865616 graph_emission
[seqwish::transclosure] 12958.930 30.64% 950865616-1000865616 overlap_collect
[seqwish::transclosure] 12986.771 30.64% 950865616-1000865616 rank_build
[seqwish::transclosure] 13028.564 30.64% 950865616-1000865616 parallel_union_find
[seqwish::transclosure] 13151.063 30.64% 950865616-1000865616 dset_write
[seqwish::transclosure] 13163.039 30.64% 950865616-1000865616 dset_compression
[seqwish::transclosure] 13175.016 30.64% 950865616-1000865616 dset_sort
[seqwish::transclosure] 13179.627 30.64% 950865616-1000865616 dset_invert
[seqwish::transclosure] 13189.669 30.64% 950865616-1000865616 graph_emission
[seqwish::transclosure] 13342.861 32.29% 1000865616-1050865616 overlap_collect
[seqwish::transclosure] 13370.369 32.29% 1000865616-1050865616 rank_build
[seqwish::transclosure] 13424.088 32.29% 1000865616-1050865616 parallel_union_find
[seqwish::transclosure] 13536.744 32.29% 1000865616-1050865616 dset_write
[seqwish::transclosure] 13549.443 32.29% 1000865616-1050865616 dset_compression
[seqwish::transclosure] 13561.364 32.29% 1000865616-1050865616 dset_sort
[seqwish::transclosure] 13566.013 32.29% 1000865616-1050865616 dset_invert
[seqwish::transclosure] 13575.943 32.29% 1000865616-1050865616 graph_emission
[seqwish::transclosure] 13740.695 33.94% 1050865616-1100965415 overlap_collect
[seqwish::transclosure] 13773.462 33.94% 1050865616-1100965415 rank_build
[seqwish::transclosure] 13820.854 33.94% 1050865616-1100965415 parallel_union_find
[seqwish::transclosure] 13915.280 33.94% 1050865616-1100965415 dset_write
[seqwish::transclosure] 13927.411 33.94% 1050865616-1100965415 dset_compression
[seqwish::transclosure] 13939.184 33.94% 1050865616-1100965415 dset_sort
[seqwish::transclosure] 13945.979 33.94% 1050865616-1100965415 dset_invert
[seqwish::transclosure] 13957.371 33.94% 1050865616-1100965415 graph_emission
[seqwish::transclosure] 14116.499 35.59% 1100965415-1150965415 overlap_collect
[seqwish::transclosure] 14144.951 35.59% 1100965415-1150965415 rank_build
[seqwish::transclosure] 14183.873 35.59% 1100965415-1150965415 parallel_union_find
[seqwish::transclosure] 14291.334 35.59% 1100965415-1150965415 dset_write
[seqwish::transclosure] 14305.422 35.59% 1100965415-1150965415 dset_compression
[seqwish::transclosure] 14315.770 35.59% 1100965415-1150965415 dset_sort
[seqwish::transclosure] 14320.523 35.59% 1100965415-1150965415 dset_invert
[seqwish::transclosure] 14328.413 35.59% 1100965415-1150965415 graph_emission
[seqwish::transclosure] 14504.467 37.21% 1150965415-1200965415 overlap_collect
[seqwish::transclosure] 14530.215 37.21% 1150965415-1200965415 rank_build
[seqwish::transclosure] 14576.773 37.21% 1150965415-1200965415 parallel_union_find
[seqwish::transclosure] 14684.503 37.21% 1150965415-1200965415 dset_write
[seqwish::transclosure] 14697.114 37.21% 1150965415-1200965415 dset_compression
[seqwish::transclosure] 14708.282 37.21% 1150965415-1200965415 dset_sort
[seqwish::transclosure] 14712.848 37.21% 1150965415-1200965415 dset_invert
[seqwish::transclosure] 14722.128 37.21% 1150965415-1200965415 graph_emission
[seqwish::transclosure] 14906.160 38.86% 1200965415-1250965415 overlap_collect
[seqwish::transclosure] 14938.114 38.86% 1200965415-1250965415 rank_build
[seqwish::transclosure] 14977.612 38.86% 1200965415-1250965415 parallel_union_find
[seqwish::transclosure] 15092.786 38.86% 1200965415-1250965415 dset_write
[seqwish::transclosure] 15106.647 38.86% 1200965415-1250965415 dset_compression
[seqwish::transclosure] 15118.405 38.86% 1200965415-1250965415 dset_sort
[seqwish::transclosure] 15123.069 38.86% 1200965415-1250965415 dset_invert
[seqwish::transclosure] 15132.329 38.86% 1200965415-1250965415 graph_emission
[seqwish::transclosure] 15292.971 40.51% 1250965415-1300965415 overlap_collect
[seqwish::transclosure] 15326.374 40.51% 1250965415-1300965415 rank_build
[seqwish::transclosure] 15368.135 40.51% 1250965415-1300965415 parallel_union_find
[seqwish::transclosure] 15459.895 40.51% 1250965415-1300965415 dset_write
[seqwish::transclosure] 15472.712 40.51% 1250965415-1300965415 dset_compression
[seqwish::transclosure] 15485.015 40.51% 1250965415-1300965415 dset_sort
[seqwish::transclosure] 15489.819 40.51% 1250965415-1300965415 dset_invert
[seqwish::transclosure] 15500.360 40.51% 1250965415-1300965415 graph_emission
[seqwish::transclosure] 15679.688 42.19% 1300965619-1353710044 overlap_collect
[seqwish::transclosure] 15709.535 42.19% 1300965619-1353710044 rank_build
[seqwish::transclosure] 15748.303 42.19% 1300965619-1353710044 parallel_union_find
[seqwish::transclosure] 15855.473 42.19% 1300965619-1353710044 dset_write
[seqwish::transclosure] 15868.637 42.19% 1300965619-1353710044 dset_compression
[seqwish::transclosure] 15879.288 42.19% 1300965619-1353710044 dset_sort
[seqwish::transclosure] 15883.952 42.19% 1300965619-1353710044 dset_invert
[seqwish::transclosure] 15890.816 42.19% 1300965619-1353710044 graph_emission
[seqwish::transclosure] 16085.686 43.84% 1353710044-1403710044 overlap_collect
[seqwish::transclosure] 16116.393 43.84% 1353710044-1403710044 rank_build
[seqwish::transclosure] 16160.771 43.84% 1353710044-1403710044 parallel_union_find
[seqwish::transclosure] 16285.325 43.84% 1353710044-1403710044 dset_write
[seqwish::transclosure] 16298.244 43.84% 1353710044-1403710044 dset_compression
[seqwish::transclosure] 16312.915 43.84% 1353710044-1403710044 dset_sort
[seqwish::transclosure] 16317.718 43.84% 1353710044-1403710044 dset_invert
[seqwish::transclosure] 16330.982 43.84% 1353710044-1403710044 graph_emission
[seqwish::transclosure] 16501.243 45.50% 1403710044-1453710044 overlap_collect
[seqwish::transclosure] 16538.102 45.50% 1403710044-1453710044 rank_build
[seqwish::transclosure] 16584.252 45.50% 1403710044-1453710044 parallel_union_find
[seqwish::transclosure] 16698.507 45.50% 1403710044-1453710044 dset_write
[seqwish::transclosure] 16710.165 45.50% 1403710044-1453710044 dset_compression
[seqwish::transclosure] 16722.489 45.50% 1403710044-1453710044 dset_sort
[seqwish::transclosure] 16727.569 45.50% 1403710044-1453710044 dset_invert
[seqwish::transclosure] 16737.294 45.50% 1403710044-1453710044 graph_emission
[seqwish::transclosure] 16902.978 47.11% 1453710044-1503710044 overlap_collect
[seqwish::transclosure] 16930.245 47.11% 1453710044-1503710044 rank_build
[seqwish::transclosure] 16969.940 47.11% 1453710044-1503710044 parallel_union_find
[seqwish::transclosure] 17078.318 47.11% 1453710044-1503710044 dset_write
[seqwish::transclosure] 17091.586 47.11% 1453710044-1503710044 dset_compression
[seqwish::transclosure] 17102.839 47.11% 1453710044-1503710044 dset_sort
[seqwish::transclosure] 17107.539 47.11% 1453710044-1503710044 dset_invert
[seqwish::transclosure] 17116.805 47.11% 1453710044-1503710044 graph_emission
[seqwish::transclosure] 17300.654 48.77% 1503710044-1553710044 overlap_collect
[seqwish::transclosure] 17330.075 48.77% 1503710044-1553710044 rank_build
[seqwish::transclosure] 17371.178 48.77% 1503710044-1553710044 parallel_union_find
[seqwish::transclosure] 17462.434 48.77% 1503710044-1553710044 dset_write
[seqwish::transclosure] 17476.187 48.77% 1503710044-1553710044 dset_compression
[seqwish::transclosure] 17488.369 48.77% 1503710044-1553710044 dset_sort
[seqwish::transclosure] 17492.994 48.77% 1503710044-1553710044 dset_invert
[seqwish::transclosure] 17503.403 48.77% 1503710044-1553710044 graph_emission
[seqwish::transclosure] 17685.522 50.42% 1553710044-1603710044 overlap_collect
[seqwish::transclosure] 17745.790 50.42% 1553710044-1603710044 rank_build
[seqwish::transclosure] 17787.992 50.42% 1553710044-1603710044 parallel_union_find
[seqwish::transclosure] 17896.661 50.42% 1553710044-1603710044 dset_write
[seqwish::transclosure] 17907.598 50.42% 1553710044-1603710044 dset_compression
[seqwish::transclosure] 17917.945 50.42% 1553710044-1603710044 dset_sort
[seqwish::transclosure] 17922.245 50.42% 1553710044-1603710044 dset_invert
[seqwish::transclosure] 17931.025 50.42% 1553710044-1603710044 graph_emission
[seqwish::transclosure] 18081.287 51.86% 1603710044-1657089580 overlap_collect
[seqwish::transclosure] 18102.129 51.86% 1603710044-1657089580 rank_build
[seqwish::transclosure] 18135.828 51.86% 1603710044-1657089580 parallel_union_find
[seqwish::transclosure] 18194.468 51.86% 1603710044-1657089580 dset_write
[seqwish::transclosure] 18201.786 51.86% 1603710044-1657089580 dset_compression
[seqwish::transclosure] 18209.587 51.86% 1603710044-1657089580 dset_sort
[seqwish::transclosure] 18212.597 51.86% 1603710044-1657089580 dset_invert
[seqwish::transclosure] 18219.763 51.86% 1603710044-1657089580 graph_emission
[seqwish::transclosure] 18397.995 52.91% 1657089580-1707141376 overlap_collect
[seqwish::transclosure] 18429.240 52.91% 1657089580-1707141376 rank_build
[seqwish::transclosure] 18472.089 52.91% 1657089580-1707141376 parallel_union_find
[seqwish::transclosure] 18580.171 52.91% 1657089580-1707141376 dset_write
[seqwish::transclosure] 18592.990 52.91% 1657089580-1707141376 dset_compression
[seqwish::transclosure] 18604.844 52.91% 1657089580-1707141376 dset_sort
[seqwish::transclosure] 18610.411 52.91% 1657089580-1707141376 dset_invert
[seqwish::transclosure] 18617.663 52.91% 1657089580-1707141376 graph_emission
[seqwish::transclosure] 18687.287 54.56% 1707141376-1757141376 overlap_collect
[seqwish::transclosure] 18719.509 54.56% 1707141376-1757141376 rank_build
[seqwish::transclosure] 18766.328 54.56% 1707141376-1757141376 parallel_union_find
[seqwish::transclosure] 18865.766 54.56% 1707141376-1757141376 dset_write
[seqwish::transclosure] 18878.142 54.56% 1707141376-1757141376 dset_compression
[seqwish::transclosure] 18888.447 54.56% 1707141376-1757141376 dset_sort
[seqwish::transclosure] 18892.895 54.56% 1707141376-1757141376 dset_invert
[seqwish::transclosure] 18901.013 54.56% 1707141376-1757141376 graph_emission
[seqwish::transclosure] 19073.235 56.14% 1757141376-1807141376 overlap_collect
[seqwish::transclosure] 19101.006 56.14% 1757141376-1807141376 rank_build
[seqwish::transclosure] 19146.702 56.14% 1757141376-1807141376 parallel_union_find
[seqwish::transclosure] 19263.082 56.14% 1757141376-1807141376 dset_write
[seqwish::transclosure] 19277.341 56.14% 1757141376-1807141376 dset_compression
[seqwish::transclosure] 19287.963 56.14% 1757141376-1807141376 dset_sort
[seqwish::transclosure] 19292.599 56.14% 1757141376-1807141376 dset_invert
[seqwish::transclosure] 19300.810 56.14% 1757141376-1807141376 graph_emission
[seqwish::transclosure] 19459.418 57.79% 1807141376-1857403331 overlap_collect
[seqwish::transclosure] 19490.017 57.79% 1807141376-1857403331 rank_build
[seqwish::transclosure] 19528.510 57.79% 1807141376-1857403331 parallel_union_find
[seqwish::transclosure] 19651.001 57.79% 1807141376-1857403331 dset_write
[seqwish::transclosure] 19663.721 57.79% 1807141376-1857403331 dset_compression
[seqwish::transclosure] 19674.877 57.79% 1807141376-1857403331 dset_sort
[seqwish::transclosure] 19681.180 57.79% 1807141376-1857403331 dset_invert
[seqwish::transclosure] 19690.488 57.79% 1807141376-1857403331 graph_emission
[seqwish::transclosure] 19857.164 59.45% 1857403331-1907403331 overlap_collect
[seqwish::transclosure] 19883.378 59.45% 1857403331-1907403331 rank_build
[seqwish::transclosure] 19924.303 59.45% 1857403331-1907403331 parallel_union_find
[seqwish::transclosure] 20023.033 59.45% 1857403331-1907403331 dset_write
[seqwish::transclosure] 20034.418 59.45% 1857403331-1907403331 dset_compression
[seqwish::transclosure] 20046.326 59.45% 1857403331-1907403331 dset_sort
[seqwish::transclosure] 20050.763 59.45% 1857403331-1907403331 dset_invert
[seqwish::transclosure] 20060.270 59.45% 1857403331-1907403331 graph_emission
[seqwish::transclosure] 20247.404 61.00% 1907403331-1957403331 overlap_collect
[seqwish::transclosure] 20275.442 61.00% 1907403331-1957403331 rank_build
[seqwish::transclosure] 20316.059 61.00% 1907403331-1957403331 parallel_union_find
[seqwish::transclosure] 20422.348 61.00% 1907403331-1957403331 dset_write
[seqwish::transclosure] 20434.540 61.00% 1907403331-1957403331 dset_compression
[seqwish::transclosure] 20447.710 61.00% 1907403331-1957403331 dset_sort
[seqwish::transclosure] 20452.360 61.00% 1907403331-1957403331 dset_invert
[seqwish::transclosure] 20462.747 61.00% 1907403331-1957403331 graph_emission
[seqwish::transclosure] 20621.157 62.66% 1957403331-2007403331 overlap_collect
[seqwish::transclosure] 20650.267 62.66% 1957403331-2007403331 rank_build
[seqwish::transclosure] 20689.173 62.66% 1957403331-2007403331 parallel_union_find
[seqwish::transclosure] 20770.504 62.66% 1957403331-2007403331 dset_write
[seqwish::transclosure] 20782.082 62.66% 1957403331-2007403331 dset_compression
[seqwish::transclosure] 20792.262 62.66% 1957403331-2007403331 dset_sort
[seqwish::transclosure] 20796.863 62.66% 1957403331-2007403331 dset_invert
[seqwish::transclosure] 20805.280 62.66% 1957403331-2007403331 graph_emission
[seqwish::transclosure] 20986.258 64.24% 2007403331-2057403331 overlap_collect
[seqwish::transclosure] 21014.441 64.24% 2007403331-2057403331 rank_build
[seqwish::transclosure] 21052.815 64.24% 2007403331-2057403331 parallel_union_find
[seqwish::transclosure] 21159.732 64.24% 2007403331-2057403331 dset_write
[seqwish::transclosure] 21172.467 64.24% 2007403331-2057403331 dset_compression
[seqwish::transclosure] 21184.552 64.24% 2007403331-2057403331 dset_sort
[seqwish::transclosure] 21189.796 64.24% 2007403331-2057403331 dset_invert
[seqwish::transclosure] 21200.208 64.24% 2007403331-2057403331 graph_emission
[seqwish::transclosure] 21364.494 65.90% 2057403331-2107893072 overlap_collect
[seqwish::transclosure] 21426.083 65.90% 2057403331-2107893072 rank_build
[seqwish::transclosure] 21469.288 65.90% 2057403331-2107893072 parallel_union_find
[seqwish::transclosure] 21578.962 65.90% 2057403331-2107893072 dset_write
[seqwish::transclosure] 21591.307 65.90% 2057403331-2107893072 dset_compression
[seqwish::transclosure] 21603.260 65.90% 2057403331-2107893072 dset_sort
[seqwish::transclosure] 21608.078 65.90% 2057403331-2107893072 dset_invert
[seqwish::transclosure] 21616.262 65.90% 2057403331-2107893072 graph_emission
[seqwish::transclosure] 21763.396 67.55% 2107893072-2158794607 overlap_collect
[seqwish::transclosure] 21824.534 67.55% 2107893072-2158794607 rank_build
[seqwish::transclosure] 21869.558 67.55% 2107893072-2158794607 parallel_union_find
[seqwish::transclosure] 21992.625 67.55% 2107893072-2158794607 dset_write
[seqwish::transclosure] 22005.787 67.55% 2107893072-2158794607 dset_compression
[seqwish::transclosure] 22017.907 67.55% 2107893072-2158794607 dset_sort
[seqwish::transclosure] 22023.135 67.55% 2107893072-2158794607 dset_invert
[seqwish::transclosure] 22032.373 67.55% 2107893072-2158794607 graph_emission
[seqwish::transclosure] 22238.327 69.32% 2158794607-2208794607 overlap_collect
[seqwish::transclosure] 22267.522 69.32% 2158794607-2208794607 rank_build
[seqwish::transclosure] 22309.877 69.32% 2158794607-2208794607 parallel_union_find
[seqwish::transclosure] 22407.510 69.32% 2158794607-2208794607 dset_write
[seqwish::transclosure] 22419.219 69.32% 2158794607-2208794607 dset_compression
[seqwish::transclosure] 22432.214 69.32% 2158794607-2208794607 dset_sort
[seqwish::transclosure] 22440.210 69.32% 2158794607-2208794607 dset_invert
[seqwish::transclosure] 22451.533 69.32% 2158794607-2208794607 graph_emission
[seqwish::transclosure] 22717.322 70.97% 2208794607-2263459788 overlap_collect
[seqwish::transclosure] 22786.362 70.97% 2208794607-2263459788 rank_build
[seqwish::transclosure] 22831.440 70.97% 2208794607-2263459788 parallel_union_find
[seqwish::transclosure] 22961.214 70.97% 2208794607-2263459788 dset_write
[seqwish::transclosure] 22974.748 70.97% 2208794607-2263459788 dset_compression
[seqwish::transclosure] 22985.055 70.97% 2208794607-2263459788 dset_sort
[seqwish::transclosure] 22990.116 70.97% 2208794607-2263459788 dset_invert
[seqwish::transclosure] 22997.081 70.97% 2208794607-2263459788 graph_emission
[seqwish::transclosure] 23130.891 72.71% 2263459788-2313459788 overlap_collect
[seqwish::transclosure] 23161.499 72.71% 2263459788-2313459788 rank_build
[seqwish::transclosure] 23202.869 72.71% 2263459788-2313459788 parallel_union_find
[seqwish::transclosure] 23311.413 72.71% 2263459788-2313459788 dset_write
[seqwish::transclosure] 23323.577 72.71% 2263459788-2313459788 dset_compression
[seqwish::transclosure] 23334.260 72.71% 2263459788-2313459788 dset_sort
[seqwish::transclosure] 23338.962 72.71% 2263459788-2313459788 dset_invert
[seqwish::transclosure] 23347.521 72.71% 2263459788-2313459788 graph_emission
[seqwish::transclosure] 23576.002 74.36% 2313459788-2368030846 overlap_collect
[seqwish::transclosure] 23612.874 74.36% 2313459788-2368030846 rank_build
[seqwish::transclosure] 23651.794 74.36% 2313459788-2368030846 parallel_union_find
[seqwish::transclosure] 23736.668 74.36% 2313459788-2368030846 dset_write
[seqwish::transclosure] 23747.286 74.36% 2313459788-2368030846 dset_compression
[seqwish::transclosure] 23758.053 74.36% 2313459788-2368030846 dset_sort
[seqwish::transclosure] 23762.160 74.36% 2313459788-2368030846 dset_invert
[seqwish::transclosure] 23769.446 74.36% 2313459788-2368030846 graph_emission
[seqwish::transclosure] 23943.532 75.76% 2368030846-2418030846 overlap_collect
[seqwish::transclosure] 23972.628 75.76% 2368030846-2418030846 rank_build
[seqwish::transclosure] 24012.251 75.76% 2368030846-2418030846 parallel_union_find
[seqwish::transclosure] 24117.311 75.76% 2368030846-2418030846 dset_write
[seqwish::transclosure] 24130.160 75.76% 2368030846-2418030846 dset_compression
[seqwish::transclosure] 24140.838 75.76% 2368030846-2418030846 dset_sort
[seqwish::transclosure] 24145.491 75.76% 2368030846-2418030846 dset_invert
[seqwish::transclosure] 24153.904 75.76% 2368030846-2418030846 graph_emission
[seqwish::transclosure] 24321.610 77.42% 2418030846-2468030846 overlap_collect
[seqwish::transclosure] 24353.373 77.42% 2418030846-2468030846 rank_build
[seqwish::transclosure] 24392.060 77.42% 2418030846-2468030846 parallel_union_find
[seqwish::transclosure] 24452.720 77.42% 2418030846-2468030846 dset_write
[seqwish::transclosure] 24463.535 77.42% 2418030846-2468030846 dset_compression
[seqwish::transclosure] 24474.496 77.42% 2418030846-2468030846 dset_sort
[seqwish::transclosure] 24478.619 77.42% 2418030846-2468030846 dset_invert
[seqwish::transclosure] 24487.609 77.42% 2418030846-2468030846 graph_emission
[seqwish::transclosure] 24680.189 78.78% 2468030846-2518457765 overlap_collect
[seqwish::transclosure] 24712.477 78.78% 2468030846-2518457765 rank_build
[seqwish::transclosure] 24756.538 78.78% 2468030846-2518457765 parallel_union_find
[seqwish::transclosure] 24877.690 78.78% 2468030846-2518457765 dset_write
[seqwish::transclosure] 24890.528 78.78% 2468030846-2518457765 dset_compression
[seqwish::transclosure] 24901.342 78.78% 2468030846-2518457765 dset_sort
[seqwish::transclosure] 24905.983 78.78% 2468030846-2518457765 dset_invert
[seqwish::transclosure] 24914.655 78.78% 2468030846-2518457765 graph_emission
[seqwish::transclosure] 25105.369 80.43% 2518457765-2568457765 overlap_collect
[seqwish::transclosure] 25131.843 80.43% 2518457765-2568457765 rank_build
[seqwish::transclosure] 25171.730 80.43% 2518457765-2568457765 parallel_union_find
[seqwish::transclosure] 25265.730 80.43% 2518457765-2568457765 dset_write
[seqwish::transclosure] 25277.739 80.43% 2518457765-2568457765 dset_compression
[seqwish::transclosure] 25287.117 80.43% 2518457765-2568457765 dset_sort
[seqwish::transclosure] 25291.696 80.43% 2518457765-2568457765 dset_invert
[seqwish::transclosure] 25299.259 80.43% 2518457765-2568457765 graph_emission
[seqwish::transclosure] 25483.428 82.03% 2568457765-2618457765 overlap_collect
[seqwish::transclosure] 25511.048 82.03% 2568457765-2618457765 rank_build
[seqwish::transclosure] 25549.594 82.03% 2568457765-2618457765 parallel_union_find
[seqwish::transclosure] 25653.435 82.03% 2568457765-2618457765 dset_write
[seqwish::transclosure] 25664.800 82.03% 2568457765-2618457765 dset_compression
[seqwish::transclosure] 25676.366 82.03% 2568457765-2618457765 dset_sort
[seqwish::transclosure] 25680.836 82.03% 2568457765-2618457765 dset_invert
[seqwish::transclosure] 25690.972 82.03% 2568457765-2618457765 graph_emission
[seqwish::transclosure] 25890.945 83.55% 2618457765-2668457765 overlap_collect
[seqwish::transclosure] 25917.995 83.55% 2618457765-2668457765 rank_build
[seqwish::transclosure] 25957.149 83.55% 2618457765-2668457765 parallel_union_find
[seqwish::transclosure] 26045.876 83.55% 2618457765-2668457765 dset_write
[seqwish::transclosure] 26058.662 83.55% 2618457765-2668457765 dset_compression
[seqwish::transclosure] 26071.059 83.55% 2618457765-2668457765 dset_sort
[seqwish::transclosure] 26075.740 83.55% 2618457765-2668457765 dset_invert
[seqwish::transclosure] 26083.954 83.55% 2618457765-2668457765 graph_emission
[seqwish::transclosure] 26265.596 85.21% 2668457765-2718669673 overlap_collect
[seqwish::transclosure] 26297.797 85.21% 2668457765-2718669673 rank_build
[seqwish::transclosure] 26337.960 85.21% 2668457765-2718669673 parallel_union_find
[seqwish::transclosure] 26418.436 85.21% 2668457765-2718669673 dset_write
[seqwish::transclosure] 26429.858 85.21% 2668457765-2718669673 dset_compression
[seqwish::transclosure] 26441.478 85.21% 2668457765-2718669673 dset_sort
[seqwish::transclosure] 26446.084 85.21% 2668457765-2718669673 dset_invert
[seqwish::transclosure] 26455.194 85.21% 2668457765-2718669673 graph_emission
[seqwish::transclosure] 26642.965 86.73% 2718669673-2768669673 overlap_collect
[seqwish::transclosure] 26672.595 86.73% 2718669673-2768669673 rank_build
[seqwish::transclosure] 26711.766 86.73% 2718669673-2768669673 parallel_union_find
[seqwish::transclosure] 26809.742 86.73% 2718669673-2768669673 dset_write
[seqwish::transclosure] 26821.550 86.73% 2718669673-2768669673 dset_compression
[seqwish::transclosure] 26832.971 86.73% 2718669673-2768669673 dset_sort
[seqwish::transclosure] 26837.551 86.73% 2718669673-2768669673 dset_invert
[seqwish::transclosure] 26847.375 86.73% 2718669673-2768669673 graph_emission
[seqwish::transclosure] 27021.410 88.32% 2768669715-2826384429 overlap_collect
[seqwish::transclosure] 27051.869 88.32% 2768669715-2826384429 rank_build
[seqwish::transclosure] 27090.954 88.32% 2768669715-2826384429 parallel_union_find
[seqwish::transclosure] 27188.444 88.32% 2768669715-2826384429 dset_write
[seqwish::transclosure] 27200.136 88.32% 2768669715-2826384429 dset_compression
[seqwish::transclosure] 27210.316 88.32% 2768669715-2826384429 dset_sort
[seqwish::transclosure] 27214.721 88.32% 2768669715-2826384429 dset_invert
[seqwish::transclosure] 27222.055 88.32% 2768669715-2826384429 graph_emission
[seqwish::transclosure] 27407.572 89.86% 2826384429-2883910648 overlap_collect
[seqwish::transclosure] 27444.251 89.86% 2826384429-2883910648 rank_build
[seqwish::transclosure] 27481.809 89.86% 2826384429-2883910648 parallel_union_find
[seqwish::transclosure] 27569.935 89.86% 2826384429-2883910648 dset_write
[seqwish::transclosure] 27580.629 89.86% 2826384429-2883910648 dset_compression
[seqwish::transclosure] 27590.445 89.86% 2826384429-2883910648 dset_sort
[seqwish::transclosure] 27594.677 89.86% 2826384429-2883910648 dset_invert
[seqwish::transclosure] 27601.662 89.86% 2826384429-2883910648 graph_emission
[seqwish::transclosure] 27775.366 91.33% 2883910648-2933910648 overlap_collect
[seqwish::transclosure] 27797.492 91.33% 2883910648-2933910648 rank_build
[seqwish::transclosure] 27836.533 91.33% 2883910648-2933910648 parallel_union_find
[seqwish::transclosure] 27908.965 91.33% 2883910648-2933910648 dset_write
[seqwish::transclosure] 27919.805 91.33% 2883910648-2933910648 dset_compression
[seqwish::transclosure] 27930.468 91.33% 2883910648-2933910648 dset_sort
[seqwish::transclosure] 27934.429 91.33% 2883910648-2933910648 dset_invert
[seqwish::transclosure] 27943.728 91.33% 2883910648-2933910648 graph_emission
[seqwish::transclosure] 28126.009 92.77% 2933910648-2983910648 overlap_collect
[seqwish::transclosure] 28140.714 92.77% 2933910648-2983910648 rank_build
[seqwish::transclosure] 28177.205 92.77% 2933910648-2983910648 parallel_union_find
[seqwish::transclosure] 28233.713 92.77% 2933910648-2983910648 dset_write
[seqwish::transclosure] 28243.272 92.77% 2933910648-2983910648 dset_compression
[seqwish::transclosure] 28251.202 92.77% 2933910648-2983910648 dset_sort
[seqwish::transclosure] 28254.668 92.77% 2933910648-2983910648 dset_invert
[seqwish::transclosure] 28261.456 92.77% 2933910648-2983910648 graph_emission
[seqwish::transclosure] 28445.450 94.03% 2983910648-3033910648 overlap_collect
[seqwish::transclosure] 28462.932 94.03% 2983910648-3033910648 rank_build
[seqwish::transclosure] 28498.088 94.03% 2983910648-3033910648 parallel_union_find
[seqwish::transclosure] 28558.008 94.03% 2983910648-3033910648 dset_write
[seqwish::transclosure] 28567.663 94.03% 2983910648-3033910648 dset_compression
[seqwish::transclosure] 28575.618 94.03% 2983910648-3033910648 dset_sort
[seqwish::transclosure] 28585.851 94.03% 2983910648-3033910648 dset_invert
[seqwish::transclosure] 28593.129 94.03% 2983910648-3033910648 graph_emission
[seqwish::transclosure] 28739.129 95.36% 3033910648-3639182582 overlap_collect
[seqwish::transclosure] 28796.079 95.36% 3033910648-3639182582 rank_build
[seqwish::transclosure] 28827.507 95.36% 3033910648-3639182582 parallel_union_find
[seqwish::transclosure] 28853.121 95.36% 3033910648-3639182582 dset_write
[seqwish::transclosure] 28857.605 95.36% 3033910648-3639182582 dset_compression
[seqwish::transclosure] 28862.059 95.36% 3033910648-3639182582 dset_sort
[seqwish::transclosure] 28863.841 95.36% 3033910648-3639182582 dset_invert
[seqwish::transclosure] 28867.222 95.36% 3033910648-3639182582 graph_emission
[seqwish::transclosure] 29002.623 95.95% 3639182582-5133241288 overlap_collect
[seqwish::transclosure] 29116.594 95.95% 3639182582-5133241288 rank_build
[seqwish::transclosure] 29141.989 95.95% 3639182582-5133241288 parallel_union_find
[seqwish::transclosure] 29143.488 95.95% 3639182582-5133241288 dset_write
[seqwish::transclosure] 29144.359 95.95% 3639182582-5133241288 dset_compression
[seqwish::transclosure] 29145.140 95.95% 3639182582-5133241288 dset_sort
[seqwish::transclosure] 29145.997 95.95% 3639182582-5133241288 dset_invert
[seqwish::transclosure] 29146.792 95.95% 3639182582-5133241288 graph_emission
[seqwish::transclosure] 29154.658 96.06% 5133241288-5366934439 overlap_collect
[seqwish::transclosure] 29172.271 96.06% 5133241288-5366934439 rank_build
[seqwish::transclosure] 29196.150 96.06% 5133241288-5366934439 parallel_union_find
[seqwish::transclosure] 29196.432 96.06% 5133241288-5366934439 dset_write
[seqwish::transclosure] 29196.805 96.06% 5133241288-5366934439 dset_compression
[seqwish::transclosure] 29197.102 96.06% 5133241288-5366934439 dset_sort
[seqwish::transclosure] 29197.579 96.06% 5133241288-5366934439 dset_invert
[seqwish::transclosure] 29197.998 96.06% 5133241288-5366934439 graph_emission
[seqwish::transclosure] 29232.926 96.11% 5366934439-5883584014 overlap_collect
[seqwish::transclosure] 29277.238 96.11% 5366934439-5883584014 rank_build
[seqwish::transclosure] 29301.405 96.11% 5366934439-5883584014 parallel_union_find
[seqwish::transclosure] 29301.872 96.11% 5366934439-5883584014 dset_write
[seqwish::transclosure] 29302.316 96.11% 5366934439-5883584014 dset_compression
[seqwish::transclosure] 29302.620 96.11% 5366934439-5883584014 dset_sort
[seqwish::transclosure] 29303.128 96.11% 5366934439-5883584014 dset_invert
[seqwish::transclosure] 29303.535 96.11% 5366934439-5883584014 graph_emission
[seqwish::transclosure] 29309.448 96.17% 5883584014-6121744161 overlap_collect
[seqwish::transclosure] 29320.733 96.17% 5883584014-6121744161 rank_build
[seqwish::transclosure] 29345.440 96.17% 5883584014-6121744161 parallel_union_find
[seqwish::transclosure] 29346.929 96.17% 5883584014-6121744161 dset_write
[seqwish::transclosure] 29348.419 96.17% 5883584014-6121744161 dset_compression
[seqwish::transclosure] 29349.471 96.17% 5883584014-6121744161 dset_sort
[seqwish::transclosure] 29350.219 96.17% 5883584014-6121744161 dset_invert
[seqwish::transclosure] 29351.191 96.17% 5883584014-6121744161 graph_emission
[seqwish::transclosure] 29359.365 96.36% 6121744161-8150792771 overlap_collect
[seqwish::transclosure] 29414.362 96.36% 6121744161-8150792771 rank_build
[seqwish::transclosure] 29438.695 96.36% 6121744161-8150792771 parallel_union_find
[seqwish::transclosure] 29439.357 96.36% 6121744161-8150792771 dset_write
[seqwish::transclosure] 29440.157 96.36% 6121744161-8150792771 dset_compression
[seqwish::transclosure] 29440.883 96.36% 6121744161-8150792771 dset_sort
[seqwish::transclosure] 29441.520 96.36% 6121744161-8150792771 dset_invert
[seqwish::transclosure] 29442.274 96.36% 6121744161-8150792771 graph_emission
[seqwish::transclosure] 29451.601 96.47% 8150792771-9139668995 overlap_collect
[seqwish::transclosure] 29478.134 96.47% 8150792771-9139668995 rank_build
[seqwish::transclosure] 29502.584 96.47% 8150792771-9139668995 parallel_union_find
[seqwish::transclosure] 29503.153 96.47% 8150792771-9139668995 dset_write
[seqwish::transclosure] 29504.187 96.47% 8150792771-9139668995 dset_compression
[seqwish::transclosure] 29505.159 96.47% 8150792771-9139668995 dset_sort
[seqwish::transclosure] 29505.850 96.47% 8150792771-9139668995 dset_invert
[seqwish::transclosure] 29506.930 96.47% 8150792771-9139668995 graph_emission
[seqwish::transclosure] 29515.252 96.61% 9139668995-10536867393 overlap_collect
[seqwish::transclosure] 29532.134 96.61% 9139668995-10536867393 rank_build
[seqwish::transclosure] 29556.388 96.61% 9139668995-10536867393 parallel_union_find
[seqwish::transclosure] 29556.838 96.61% 9139668995-10536867393 dset_write
[seqwish::transclosure] 29557.647 96.61% 9139668995-10536867393 dset_compression
[seqwish::transclosure] 29558.392 96.61% 9139668995-10536867393 dset_sort
[seqwish::transclosure] 29558.999 96.61% 9139668995-10536867393 dset_invert
[seqwish::transclosure] 29559.765 96.61% 9139668995-10536867393 graph_emission
[seqwish::transclosure] 29568.849 96.72% 10536867393-11990117255 overlap_collect
[seqwish::transclosure] 29589.405 96.72% 10536867393-11990117255 rank_build
[seqwish::transclosure] 29613.630 96.72% 10536867393-11990117255 parallel_union_find
[seqwish::transclosure] 29614.180 96.72% 10536867393-11990117255 dset_write
[seqwish::transclosure] 29615.354 96.72% 10536867393-11990117255 dset_compression
[seqwish::transclosure] 29616.254 96.72% 10536867393-11990117255 dset_sort
[seqwish::transclosure] 29616.974 96.72% 10536867393-11990117255 dset_invert
[seqwish::transclosure] 29617.914 96.72% 10536867393-11990117255 graph_emission
[seqwish::transclosure] 29627.648 96.87% 11990117255-13889379103 overlap_collect
[seqwish::transclosure] 29645.545 96.87% 11990117255-13889379103 rank_build
[seqwish::transclosure] 29670.198 96.87% 11990117255-13889379103 parallel_union_find
[seqwish::transclosure] 29670.763 96.87% 11990117255-13889379103 dset_write
[seqwish::transclosure] 29671.620 96.87% 11990117255-13889379103 dset_compression
[seqwish::transclosure] 29672.388 96.87% 11990117255-13889379103 dset_sort
[seqwish::transclosure] 29673.132 96.87% 11990117255-13889379103 dset_invert
[seqwish::transclosure] 29673.944 96.87% 11990117255-13889379103 graph_emission
[seqwish::transclosure] 29683.489 96.99% 13889380324-15320098883 overlap_collect
[seqwish::transclosure] 29695.620 96.99% 13889380324-15320098883 rank_build
[seqwish::transclosure] 29719.495 96.99% 13889380324-15320098883 parallel_union_find
[seqwish::transclosure] 29719.697 96.99% 13889380324-15320098883 dset_write
[seqwish::transclosure] 29720.223 96.99% 13889380324-15320098883 dset_compression
[seqwish::transclosure] 29720.710 96.99% 13889380324-15320098883 dset_sort
[seqwish::transclosure] 29721.227 96.99% 13889380324-15320098883 dset_invert
[seqwish::transclosure] 29721.800 96.99% 13889380324-15320098883 graph_emission
[seqwish::transclosure] 29732.330 97.06% 15320098883-17683222788 overlap_collect
[seqwish::transclosure] 29745.814 97.06% 15320098883-17683222788 rank_build
[seqwish::transclosure] 29769.839 97.06% 15320098883-17683222788 parallel_union_find
[seqwish::transclosure] 29770.104 97.06% 15320098883-17683222788 dset_write
[seqwish::transclosure] 29770.664 97.06% 15320098883-17683222788 dset_compression
[seqwish::transclosure] 29771.201 97.06% 15320098883-17683222788 dset_sort
[seqwish::transclosure] 29771.736 97.06% 15320098883-17683222788 dset_invert
[seqwish::transclosure] 29772.335 97.06% 15320098883-17683222788 graph_emission
[seqwish::transclosure] 29781.488 97.14% 17683222788-18537001557 overlap_collect
[seqwish::transclosure] 29786.583 97.14% 17683222788-18537001557 rank_build
[seqwish::transclosure] 29810.557 97.14% 17683222788-18537001557 parallel_union_find
[seqwish::transclosure] 29810.751 97.14% 17683222788-18537001557 dset_write
[seqwish::transclosure] 29811.323 97.14% 17683222788-18537001557 dset_compression
[seqwish::transclosure] 29811.881 97.14% 17683222788-18537001557 dset_sort
[seqwish::transclosure] 29812.414 97.14% 17683222788-18537001557 dset_invert
[seqwish::transclosure] 29813.029 97.14% 17683222788-18537001557 graph_emission
[seqwish::transclosure] 29822.497 97.22% 18537001557-21019751428 overlap_collect
[seqwish::transclosure] 29834.906 97.22% 18537001557-21019751428 rank_build
[seqwish::transclosure] 29858.755 97.22% 18537001557-21019751428 parallel_union_find
[seqwish::transclosure] 29858.908 97.22% 18537001557-21019751428 dset_write
[seqwish::transclosure] 29859.425 97.22% 18537001557-21019751428 dset_compression
[seqwish::transclosure] 29859.924 97.22% 18537001557-21019751428 dset_sort
[seqwish::transclosure] 29860.454 97.22% 18537001557-21019751428 dset_invert
[seqwish::transclosure] 29860.993 97.22% 18537001557-21019751428 graph_emission
[seqwish::transclosure] 29873.647 97.29% 21019751428-24000276524 overlap_collect
[seqwish::transclosure] 29886.437 97.29% 21019751428-24000276524 rank_build
[seqwish::transclosure] 29910.116 97.29% 21019751428-24000276524 parallel_union_find
[seqwish::transclosure] 29910.217 97.29% 21019751428-24000276524 dset_write
[seqwish::transclosure] 29910.656 97.29% 21019751428-24000276524 dset_compression
[seqwish::transclosure] 29911.057 97.29% 21019751428-24000276524 dset_sort
[seqwish::transclosure] 29911.562 97.29% 21019751428-24000276524 dset_invert
[seqwish::transclosure] 29912.088 97.29% 21019751428-24000276524 graph_emission
[seqwish::transclosure] 29922.061 97.36% 24000276524-24871139547 overlap_collect
[seqwish::transclosure] 29926.583 97.36% 24000276524-24871139547 rank_build
[seqwish::transclosure] 29949.825 97.36% 24000276524-24871139547 parallel_union_find
[seqwish::transclosure] 29949.911 97.36% 24000276524-24871139547 dset_write
[seqwish::transclosure] 29950.338 97.36% 24000276524-24871139547 dset_compression
[seqwish::transclosure] 29950.732 97.36% 24000276524-24871139547 dset_sort
[seqwish::transclosure] 29951.253 97.36% 24000276524-24871139547 dset_invert
[seqwish::transclosure] 29951.797 97.36% 24000276524-24871139547 graph_emission
[seqwish::transclosure] 29960.194 97.42% 24871139547-26763681726 overlap_collect
[seqwish::transclosure] 29970.495 97.42% 24871139547-26763681726 rank_build
[seqwish::transclosure] 29994.157 97.42% 24871139547-26763681726 parallel_union_find
[seqwish::transclosure] 29994.325 97.42% 24871139547-26763681726 dset_write
[seqwish::transclosure] 29994.829 97.42% 24871139547-26763681726 dset_compression
[seqwish::transclosure] 29995.325 97.42% 24871139547-26763681726 dset_sort
[seqwish::transclosure] 29995.822 97.42% 24871139547-26763681726 dset_invert
[seqwish::transclosure] 29996.374 97.42% 24871139547-26763681726 graph_emission
[seqwish::transclosure] 30004.865 97.49% 26763681726-27577030037 overlap_collect
[seqwish::transclosure] 30008.930 97.49% 26763681726-27577030037 rank_build
[seqwish::transclosure] 30032.439 97.49% 26763681726-27577030037 parallel_union_find
[seqwish::transclosure] 30032.536 97.49% 26763681726-27577030037 dset_write
[seqwish::transclosure] 30033.012 97.49% 26763681726-27577030037 dset_compression
[seqwish::transclosure] 30033.461 97.49% 26763681726-27577030037 dset_sort
[seqwish::transclosure] 30033.932 97.49% 26763681726-27577030037 dset_invert
[seqwish::transclosure] 30034.464 97.49% 26763681726-27577030037 graph_emission
[seqwish::transclosure] 30044.008 97.56% 27577030037-30042227964 overlap_collect
[seqwish::transclosure] 30053.192 97.56% 27577030037-30042227964 rank_build
[seqwish::transclosure] 30077.600 97.56% 27577030037-30042227964 parallel_union_find
[seqwish::transclosure] 30077.670 97.56% 27577030037-30042227964 dset_write
[seqwish::transclosure] 30078.040 97.56% 27577030037-30042227964 dset_compression
[seqwish::transclosure] 30078.374 97.56% 27577030037-30042227964 dset_sort
[seqwish::transclosure] 30078.847 97.56% 27577030037-30042227964 dset_invert
[seqwish::transclosure] 30079.311 97.56% 27577030037-30042227964 graph_emission
[seqwish::transclosure] 30089.461 97.61% 30042227964-31479381395 overlap_collect
[seqwish::transclosure] 30095.122 97.61% 30042227964-31479381395 rank_build
[seqwish::transclosure] 30118.778 97.61% 30042227964-31479381395 parallel_union_find
[seqwish::transclosure] 30118.874 97.61% 30042227964-31479381395 dset_write
[seqwish::transclosure] 30119.321 97.61% 30042227964-31479381395 dset_compression
[seqwish::transclosure] 30119.712 97.61% 30042227964-31479381395 dset_sort
[seqwish::transclosure] 30120.216 97.61% 30042227964-31479381395 dset_invert
[seqwish::transclosure] 30120.738 97.61% 30042227964-31479381395 graph_emission
[seqwish::transclosure] 30129.592 97.67% 31479381395-33194125323 overlap_collect
[seqwish::transclosure] 30136.610 97.67% 31479381395-33194125323 rank_build
[seqwish::transclosure] 30160.699 97.67% 31479381395-33194125323 parallel_union_find
[seqwish::transclosure] 30160.821 97.67% 31479381395-33194125323 dset_write
[seqwish::transclosure] 30161.279 97.67% 31479381395-33194125323 dset_compression
[seqwish::transclosure] 30161.717 97.67% 31479381395-33194125323 dset_sort
[seqwish::transclosure] 30162.199 97.67% 31479381395-33194125323 dset_invert
[seqwish::transclosure] 30162.713 97.67% 31479381395-33194125323 graph_emission
[seqwish::transclosure] 30173.711 97.74% 33194125323-35790129531 overlap_collect
[seqwish::transclosure] 30183.089 97.74% 33194125323-35790129531 rank_build
[seqwish::transclosure] 30206.639 97.74% 33194125323-35790129531 parallel_union_find
[seqwish::transclosure] 30206.730 97.74% 33194125323-35790129531 dset_write
[seqwish::transclosure] 30207.142 97.74% 33194125323-35790129531 dset_compression
[seqwish::transclosure] 30207.534 97.74% 33194125323-35790129531 dset_sort
[seqwish::transclosure] 30208.065 97.74% 33194125323-35790129531 dset_invert
[seqwish::transclosure] 30208.605 97.74% 33194125323-35790129531 graph_emission
[seqwish::transclosure] 30218.475 97.80% 35790129531-36988870468 overlap_collect
[seqwish::transclosure] 30223.007 97.80% 35790129531-36988870468 rank_build
[seqwish::transclosure] 30246.531 97.80% 35790129531-36988870468 parallel_union_find
[seqwish::transclosure] 30246.647 97.80% 35790129531-36988870468 dset_write
[seqwish::transclosure] 30247.086 97.80% 35790129531-36988870468 dset_compression
[seqwish::transclosure] 30247.510 97.80% 35790129531-36988870468 dset_sort
[seqwish::transclosure] 30248.004 97.80% 35790129531-36988870468 dset_invert
[seqwish::transclosure] 30248.542 97.80% 35790129531-36988870468 graph_emission
[seqwish::transclosure] 30257.602 97.86% 36988870468-39056340821 overlap_collect
[seqwish::transclosure] 30265.116 97.86% 36988870468-39056340821 rank_build
[seqwish::transclosure] 30288.897 97.86% 36988870468-39056340821 parallel_union_find
[seqwish::transclosure] 30289.003 97.86% 36988870468-39056340821 dset_write
[seqwish::transclosure] 30289.444 97.86% 36988870468-39056340821 dset_compression
[seqwish::transclosure] 30289.793 97.86% 36988870468-39056340821 dset_sort
[seqwish::transclosure] 30290.285 97.86% 36988870468-39056340821 dset_invert
[seqwish::transclosure] 30290.722 97.86% 36988870468-39056340821 graph_emission
[seqwish::transclosure] 30301.154 97.92% 39056340821-41235797517 overlap_collect
[seqwish::transclosure] 30308.677 97.92% 39056340821-41235797517 rank_build
[seqwish::transclosure] 30332.532 97.92% 39056340821-41235797517 parallel_union_find
[seqwish::transclosure] 30332.631 97.92% 39056340821-41235797517 dset_write
[seqwish::transclosure] 30333.089 97.92% 39056340821-41235797517 dset_compression
[seqwish::transclosure] 30333.532 97.92% 39056340821-41235797517 dset_sort
[seqwish::transclosure] 30334.007 97.92% 39056340821-41235797517 dset_invert
[seqwish::transclosure] 30334.554 97.92% 39056340821-41235797517 graph_emission
[seqwish::transclosure] 30343.033 97.99% 41235797517-42010348056 overlap_collect
[seqwish::transclosure] 30345.935 97.99% 41235797517-42010348056 rank_build
[seqwish::transclosure] 30369.229 97.99% 41235797517-42010348056 parallel_union_find
[seqwish::transclosure] 30369.299 97.99% 41235797517-42010348056 dset_write
[seqwish::transclosure] 30369.717 97.99% 41235797517-42010348056 dset_compression
[seqwish::transclosure] 30370.060 97.99% 41235797517-42010348056 dset_sort
[seqwish::transclosure] 30370.592 97.99% 41235797517-42010348056 dset_invert
[seqwish::transclosure] 30371.062 97.99% 41235797517-42010348056 graph_emission
[seqwish::transclosure] 30379.251 98.05% 42010348056-43884921662 overlap_collect
[seqwish::transclosure] 30385.127 98.05% 42010348056-43884921662 rank_build
[seqwish::transclosure] 30408.525 98.05% 42010348056-43884921662 parallel_union_find
[seqwish::transclosure] 30408.573 98.05% 42010348056-43884921662 dset_write
[seqwish::transclosure] 30408.937 98.05% 42010348056-43884921662 dset_compression
[seqwish::transclosure] 30409.297 98.05% 42010348056-43884921662 dset_sort
[seqwish::transclosure] 30409.812 98.05% 42010348056-43884921662 dset_invert
[seqwish::transclosure] 30410.329 98.05% 42010348056-43884921662 graph_emission
[seqwish::transclosure] 30421.122 98.10% 43884921662-46455725975 overlap_collect
[seqwish::transclosure] 30429.145 98.10% 43884921662-46455725975 rank_build
[seqwish::transclosure] 30452.550 98.10% 43884921662-46455725975 parallel_union_find
[seqwish::transclosure] 30452.601 98.10% 43884921662-46455725975 dset_write
[seqwish::transclosure] 30452.956 98.10% 43884921662-46455725975 dset_compression
[seqwish::transclosure] 30453.280 98.10% 43884921662-46455725975 dset_sort
[seqwish::transclosure] 30453.785 98.10% 43884921662-46455725975 dset_invert
[seqwish::transclosure] 30454.271 98.10% 43884921662-46455725975 graph_emission
[seqwish::transclosure] 30465.212 98.16% 46455725975-48524012835 overlap_collect
[seqwish::transclosure] 30471.658 98.16% 46455725975-48524012835 rank_build
[seqwish::transclosure] 30496.232 98.16% 46455725975-48524012835 parallel_union_find
[seqwish::transclosure] 30496.269 98.16% 46455725975-48524012835 dset_write
[seqwish::transclosure] 30496.614 98.16% 46455725975-48524012835 dset_compression
[seqwish::transclosure] 30496.946 98.16% 46455725975-48524012835 dset_sort
[seqwish::transclosure] 30497.428 98.16% 46455725975-48524012835 dset_invert
[seqwish::transclosure] 30497.884 98.16% 46455725975-48524012835 graph_emission
[seqwish::transclosure] 30508.795 98.21% 48524012835-50929661505 overlap_collect
[seqwish::transclosure] 30516.511 98.21% 48524012835-50929661505 rank_build
[seqwish::transclosure] 30540.396 98.21% 48524012835-50929661505 parallel_union_find
[seqwish::transclosure] 30540.492 98.21% 48524012835-50929661505 dset_write
[seqwish::transclosure] 30540.894 98.21% 48524012835-50929661505 dset_compression
[seqwish::transclosure] 30541.287 98.21% 48524012835-50929661505 dset_sort
[seqwish::transclosure] 30541.782 98.21% 48524012835-50929661505 dset_invert
[seqwish::transclosure] 30542.259 98.21% 48524012835-50929661505 graph_emission
[seqwish::transclosure] 30553.017 98.27% 50929661505-52887498676 overlap_collect
[seqwish::transclosure] 30559.221 98.27% 50929661505-52887498676 rank_build
[seqwish::transclosure] 30582.990 98.27% 50929661505-52887498676 parallel_union_find
[seqwish::transclosure] 30583.034 98.27% 50929661505-52887498676 dset_write
[seqwish::transclosure] 30583.380 98.27% 50929661505-52887498676 dset_compression
[seqwish::transclosure] 30583.730 98.27% 50929661505-52887498676 dset_sort
[seqwish::transclosure] 30584.217 98.27% 50929661505-52887498676 dset_invert
[seqwish::transclosure] 30584.699 98.27% 50929661505-52887498676 graph_emission
[seqwish::transclosure] 30593.388 98.32% 52887498676-54046478290 overlap_collect
[seqwish::transclosure] 30597.364 98.32% 52887498676-54046478290 rank_build
[seqwish::transclosure] 30620.793 98.32% 52887498676-54046478290 parallel_union_find
[seqwish::transclosure] 30620.818 98.32% 52887498676-54046478290 dset_write
[seqwish::transclosure] 30621.176 98.32% 52887498676-54046478290 dset_compression
[seqwish::transclosure] 30621.480 98.32% 52887498676-54046478290 dset_sort
[seqwish::transclosure] 30621.984 98.32% 52887498676-54046478290 dset_invert
[seqwish::transclosure] 30622.438 98.32% 52887498676-54046478290 graph_emission
[seqwish::transclosure] 30630.291 98.37% 54046478290-55384733397 overlap_collect
[seqwish::transclosure] 30634.774 98.37% 54046478290-55384733397 rank_build
[seqwish::transclosure] 30658.800 98.37% 54046478290-55384733397 parallel_union_find
[seqwish::transclosure] 30658.856 98.37% 54046478290-55384733397 dset_write
[seqwish::transclosure] 30659.237 98.37% 54046478290-55384733397 dset_compression
[seqwish::transclosure] 30659.605 98.37% 54046478290-55384733397 dset_sort
[seqwish::transclosure] 30660.104 98.37% 54046478290-55384733397 dset_invert
[seqwish::transclosure] 30660.575 98.37% 54046478290-55384733397 graph_emission
[seqwish::transclosure] 30669.498 98.42% 55384733397-57188874622 overlap_collect
[seqwish::transclosure] 30675.357 98.42% 55384733397-57188874622 rank_build
[seqwish::transclosure] 30698.843 98.42% 55384733397-57188874622 parallel_union_find
[seqwish::transclosure] 30698.881 98.42% 55384733397-57188874622 dset_write
[seqwish::transclosure] 30699.237 98.42% 55384733397-57188874622 dset_compression
[seqwish::transclosure] 30699.543 98.42% 55384733397-57188874622 dset_sort
[seqwish::transclosure] 30700.052 98.42% 55384733397-57188874622 dset_invert
[seqwish::transclosure] 30700.502 98.42% 55384733397-57188874622 graph_emission
[seqwish::transclosure] 30710.927 98.47% 57188874622-59514033510 overlap_collect
[seqwish::transclosure] 30718.200 98.47% 57188874622-59514033510 rank_build
[seqwish::transclosure] 30743.937 98.47% 57188874622-59514033510 parallel_union_find
[seqwish::transclosure] 30743.982 98.47% 57188874622-59514033510 dset_write
[seqwish::transclosure] 30744.343 98.47% 57188874622-59514033510 dset_compression
[seqwish::transclosure] 30744.662 98.47% 57188874622-59514033510 dset_sort
[seqwish::transclosure] 30745.171 98.47% 57188874622-59514033510 dset_invert
[seqwish::transclosure] 30745.637 98.47% 57188874622-59514033510 graph_emission
[seqwish::transclosure] 30755.715 98.52% 59514033510-60971295662 overlap_collect
[seqwish::transclosure] 30760.352 98.52% 59514033510-60971295662 rank_build
[seqwish::transclosure] 30783.744 98.52% 59514033510-60971295662 parallel_union_find
[seqwish::transclosure] 30783.784 98.52% 59514033510-60971295662 dset_write
[seqwish::transclosure] 30784.130 98.52% 59514033510-60971295662 dset_compression
[seqwish::transclosure] 30784.409 98.52% 59514033510-60971295662 dset_sort
[seqwish::transclosure] 30784.876 98.52% 59514033510-60971295662 dset_invert
[seqwish::transclosure] 30785.279 98.52% 59514033510-60971295662 graph_emission
[seqwish::transclosure] 30794.232 98.57% 60971295662-62661492015 overlap_collect
[seqwish::transclosure] 30799.603 98.57% 60971295662-62661492015 rank_build
[seqwish::transclosure] 30823.237 98.57% 60971295662-62661492015 parallel_union_find
[seqwish::transclosure] 30823.290 98.57% 60971295662-62661492015 dset_write
[seqwish::transclosure] 30823.611 98.57% 60971295662-62661492015 dset_compression
[seqwish::transclosure] 30823.926 98.57% 60971295662-62661492015 dset_sort
[seqwish::transclosure] 30824.401 98.57% 60971295662-62661492015 dset_invert
[seqwish::transclosure] 30824.849 98.57% 60971295662-62661492015 graph_emission
[seqwish::transclosure] 30833.145 98.62% 62661492015-63754683810 overlap_collect
[seqwish::transclosure] 30836.782 98.62% 62661492015-63754683810 rank_build
[seqwish::transclosure] 30861.050 98.62% 62661492015-63754683810 parallel_union_find
[seqwish::transclosure] 30861.095 98.62% 62661492015-63754683810 dset_write
[seqwish::transclosure] 30861.470 98.62% 62661492015-63754683810 dset_compression
[seqwish::transclosure] 30861.835 98.62% 62661492015-63754683810 dset_sort
[seqwish::transclosure] 30862.338 98.62% 62661492015-63754683810 dset_invert
[seqwish::transclosure] 30862.845 98.62% 62661492015-63754683810 graph_emission
[seqwish::transclosure] 30872.163 98.68% 63754683810-65867753375 overlap_collect
[seqwish::transclosure] 30878.602 98.68% 63754683810-65867753375 rank_build
[seqwish::transclosure] 30901.890 98.68% 63754683810-65867753375 parallel_union_find
[seqwish::transclosure] 30901.929 98.68% 63754683810-65867753375 dset_write
[seqwish::transclosure] 30902.304 98.68% 63754683810-65867753375 dset_compression
[seqwish::transclosure] 30902.580 98.68% 63754683810-65867753375 dset_sort
[seqwish::transclosure] 30903.092 98.68% 63754683810-65867753375 dset_invert
[seqwish::transclosure] 30903.520 98.68% 63754683810-65867753375 graph_emission
[seqwish::transclosure] 30911.471 98.73% 65867753375-66371013963 overlap_collect
[seqwish::transclosure] 30913.248 98.73% 65867753375-66371013963 rank_build
[seqwish::transclosure] 30938.655 98.73% 65867753375-66371013963 parallel_union_find
[seqwish::transclosure] 30938.711 98.73% 65867753375-66371013963 dset_write
[seqwish::transclosure] 30939.079 98.73% 65867753375-66371013963 dset_compression
[seqwish::transclosure] 30939.418 98.73% 65867753375-66371013963 dset_sort
[seqwish::transclosure] 30939.939 98.73% 65867753375-66371013963 dset_invert
[seqwish::transclosure] 30940.439 98.73% 65867753375-66371013963 graph_emission
[seqwish::transclosure] 30949.599 98.78% 66371013963-69042662665 overlap_collect
[seqwish::transclosure] 30957.625 98.78% 66371013963-69042662665 rank_build
[seqwish::transclosure] 30981.025 98.78% 66371013963-69042662665 parallel_union_find
[seqwish::transclosure] 30981.058 98.78% 66371013963-69042662665 dset_write
[seqwish::transclosure] 30981.401 98.78% 66371013963-69042662665 dset_compression
[seqwish::transclosure] 30981.668 98.78% 66371013963-69042662665 dset_sort
[seqwish::transclosure] 30982.131 98.78% 66371013963-69042662665 dset_invert
[seqwish::transclosure] 30982.511 98.78% 66371013963-69042662665 graph_emission
[seqwish::transclosure] 30993.741 98.83% 69042662665-70982723412 overlap_collect
[seqwish::transclosure] 30999.653 98.83% 69042662665-70982723412 rank_build
[seqwish::transclosure] 31024.452 98.83% 69042662665-70982723412 parallel_union_find
[seqwish::transclosure] 31024.504 98.83% 69042662665-70982723412 dset_write
[seqwish::transclosure] 31024.845 98.83% 69042662665-70982723412 dset_compression
[seqwish::transclosure] 31025.115 98.83% 69042662665-70982723412 dset_sort
[seqwish::transclosure] 31025.587 98.83% 69042662665-70982723412 dset_invert
[seqwish::transclosure] 31025.963 98.83% 69042662665-70982723412 graph_emission
[seqwish::transclosure] 31035.337 98.88% 70982723412-72479696547 overlap_collect
[seqwish::transclosure] 31040.002 98.88% 70982723412-72479696547 rank_build
[seqwish::transclosure] 31063.425 98.88% 70982723412-72479696547 parallel_union_find
[seqwish::transclosure] 31063.467 98.88% 70982723412-72479696547 dset_write
[seqwish::transclosure] 31063.820 98.88% 70982723412-72479696547 dset_compression
[seqwish::transclosure] 31064.115 98.88% 70982723412-72479696547 dset_sort
[seqwish::transclosure] 31064.596 98.88% 70982723412-72479696547 dset_invert
[seqwish::transclosure] 31065.028 98.88% 70982723412-72479696547 graph_emission
[seqwish::transclosure] 31074.075 98.93% 72479696547-74114865041 overlap_collect
[seqwish::transclosure] 31079.065 98.93% 72479696547-74114865041 rank_build
[seqwish::transclosure] 31102.536 98.93% 72479696547-74114865041 parallel_union_find
[seqwish::transclosure] 31102.572 98.93% 72479696547-74114865041 dset_write
[seqwish::transclosure] 31102.930 98.93% 72479696547-74114865041 dset_compression
[seqwish::transclosure] 31103.242 98.93% 72479696547-74114865041 dset_sort
[seqwish::transclosure] 31103.748 98.93% 72479696547-74114865041 dset_invert
[seqwish::transclosure] 31104.202 98.93% 72479696547-74114865041 graph_emission
[seqwish::transclosure] 31112.529 98.98% 74114865041-75268429392 overlap_collect
[seqwish::transclosure] 31116.239 98.98% 74114865041-75268429392 rank_build
[seqwish::transclosure] 31140.175 98.98% 74114865041-75268429392 parallel_union_find
[seqwish::transclosure] 31140.277 98.98% 74114865041-75268429392 dset_write
[seqwish::transclosure] 31140.655 98.98% 74114865041-75268429392 dset_compression
[seqwish::transclosure] 31141.013 98.98% 74114865041-75268429392 dset_sort
[seqwish::transclosure] 31141.549 98.98% 74114865041-75268429392 dset_invert
[seqwish::transclosure] 31142.064 98.98% 74114865041-75268429392 graph_emission
[seqwish::transclosure] 31149.679 99.04% 75268429392-76394677940 overlap_collect
[seqwish::transclosure] 31153.337 99.04% 75268429392-76394677940 rank_build
[seqwish::transclosure] 31176.851 99.04% 75268429392-76394677940 parallel_union_find
[seqwish::transclosure] 31176.891 99.04% 75268429392-76394677940 dset_write
[seqwish::transclosure] 31177.224 99.04% 75268429392-76394677940 dset_compression
[seqwish::transclosure] 31177.539 99.04% 75268429392-76394677940 dset_sort
[seqwish::transclosure] 31178.048 99.04% 75268429392-76394677940 dset_invert
[seqwish::transclosure] 31178.503 99.04% 75268429392-76394677940 graph_emission
[seqwish::transclosure] 31187.415 99.09% 76394677940-78234574238 overlap_collect
[seqwish::transclosure] 31193.078 99.09% 76394677940-78234574238 rank_build
[seqwish::transclosure] 31216.387 99.09% 76394677940-78234574238 parallel_union_find
[seqwish::transclosure] 31216.416 99.09% 76394677940-78234574238 dset_write
[seqwish::transclosure] 31216.757 99.09% 76394677940-78234574238 dset_compression
[seqwish::transclosure] 31217.016 99.09% 76394677940-78234574238 dset_sort
[seqwish::transclosure] 31217.514 99.09% 76394677940-78234574238 dset_invert
[seqwish::transclosure] 31217.898 99.09% 76394677940-78234574238 graph_emission
[seqwish::transclosure] 31228.177 99.13% 78234574238-80511111209 overlap_collect
[seqwish::transclosure] 31235.314 99.13% 78234574238-80511111209 rank_build
[seqwish::transclosure] 31258.855 99.13% 78234574238-80511111209 parallel_union_find
[seqwish::transclosure] 31258.885 99.13% 78234574238-80511111209 dset_write
[seqwish::transclosure] 31259.204 99.13% 78234574238-80511111209 dset_compression
[seqwish::transclosure] 31259.498 99.13% 78234574238-80511111209 dset_sort
[seqwish::transclosure] 31259.986 99.13% 78234574238-80511111209 dset_invert
[seqwish::transclosure] 31260.397 99.13% 78234574238-80511111209 graph_emission
[seqwish::transclosure] 31271.011 99.18% 80511111209-82373836356 overlap_collect
[seqwish::transclosure] 31276.702 99.18% 80511111209-82373836356 rank_build
[seqwish::transclosure] 31300.422 99.18% 80511111209-82373836356 parallel_union_find
[seqwish::transclosure] 31300.460 99.18% 80511111209-82373836356 dset_write
[seqwish::transclosure] 31300.822 99.18% 80511111209-82373836356 dset_compression
[seqwish::transclosure] 31301.115 99.18% 80511111209-82373836356 dset_sort
[seqwish::transclosure] 31301.568 99.18% 80511111209-82373836356 dset_invert
[seqwish::transclosure] 31301.961 99.18% 80511111209-82373836356 graph_emission
[seqwish::transclosure] 31311.753 99.23% 82373836356-84231223090 overlap_collect
[seqwish::transclosure] 31317.587 99.23% 82373836356-84231223090 rank_build
[seqwish::transclosure] 31340.751 99.23% 82373836356-84231223090 parallel_union_find
[seqwish::transclosure] 31340.771 99.23% 82373836356-84231223090 dset_write
[seqwish::transclosure] 31341.077 99.23% 82373836356-84231223090 dset_compression
[seqwish::transclosure] 31341.343 99.23% 82373836356-84231223090 dset_sort
[seqwish::transclosure] 31341.798 99.23% 82373836356-84231223090 dset_invert
[seqwish::transclosure] 31342.204 99.23% 82373836356-84231223090 graph_emission
[seqwish::transclosure] 31353.096 99.28% 84231223090-86778048372 overlap_collect
[seqwish::transclosure] 31360.675 99.28% 84231223090-86778048372 rank_build
[seqwish::transclosure] 31384.186 99.28% 84231223090-86778048372 parallel_union_find
[seqwish::transclosure] 31384.215 99.28% 84231223090-86778048372 dset_write
[seqwish::transclosure] 31384.543 99.28% 84231223090-86778048372 dset_compression
[seqwish::transclosure] 31384.770 99.28% 84231223090-86778048372 dset_sort
[seqwish::transclosure] 31385.254 99.28% 84231223090-86778048372 dset_invert
[seqwish::transclosure] 31385.650 99.28% 84231223090-86778048372 graph_emission
[seqwish::transclosure] 31396.202 99.32% 86778048372-88529318447 overlap_collect
[seqwish::transclosure] 31401.697 99.32% 86778048372-88529318447 rank_build
[seqwish::transclosure] 31428.692 99.32% 86778048372-88529318447 parallel_union_find
[seqwish::transclosure] 31428.742 99.32% 86778048372-88529318447 dset_write
[seqwish::transclosure] 31429.111 99.32% 86778048372-88529318447 dset_compression
[seqwish::transclosure] 31429.350 99.32% 86778048372-88529318447 dset_sort
[seqwish::transclosure] 31429.815 99.32% 86778048372-88529318447 dset_invert
[seqwish::transclosure] 31430.189 99.32% 86778048372-88529318447 graph_emission
[seqwish::transclosure] 31440.654 99.37% 88529318447-90858544629 overlap_collect
[seqwish::transclosure] 31447.587 99.37% 88529318447-90858544629 rank_build
[seqwish::transclosure] 31471.264 99.37% 88529318447-90858544629 parallel_union_find
[seqwish::transclosure] 31471.282 99.37% 88529318447-90858544629 dset_write
[seqwish::transclosure] 31471.576 99.37% 88529318447-90858544629 dset_compression
[seqwish::transclosure] 31471.816 99.37% 88529318447-90858544629 dset_sort
[seqwish::transclosure] 31472.253 99.37% 88529318447-90858544629 dset_invert
[seqwish::transclosure] 31472.626 99.37% 88529318447-90858544629 graph_emission
[seqwish::transclosure] 31481.330 99.41% 90858544629-91659483854 overlap_collect
[seqwish::transclosure] 31484.013 99.41% 90858544629-91659483854 rank_build
[seqwish::transclosure] 31507.820 99.41% 90858544629-91659483854 parallel_union_find
[seqwish::transclosure] 31508.134 99.41% 90858544629-91659483854 dset_write
[seqwish::transclosure] 31508.504 99.41% 90858544629-91659483854 dset_compression
[seqwish::transclosure] 31508.842 99.41% 90858544629-91659483854 dset_sort
[seqwish::transclosure] 31509.303 99.41% 90858544629-91659483854 dset_invert
[seqwish::transclosure] 31509.734 99.41% 90858544629-91659483854 graph_emission
[seqwish::transclosure] 31519.328 99.47% 91659483854-94364850334 overlap_collect
[seqwish::transclosure] 31527.388 99.47% 91659483854-94364850334 rank_build
[seqwish::transclosure] 31551.054 99.47% 91659483854-94364850334 parallel_union_find
[seqwish::transclosure] 31551.081 99.47% 91659483854-94364850334 dset_write
[seqwish::transclosure] 31551.461 99.47% 91659483854-94364850334 dset_compression
[seqwish::transclosure] 31552.022 99.47% 91659483854-94364850334 dset_sort
[seqwish::transclosure] 31552.457 99.47% 91659483854-94364850334 dset_invert
[seqwish::transclosure] 31553.033 99.47% 91659483854-94364850334 graph_emission
[seqwish::transclosure] 31563.748 99.52% 94364850334-96116963433 overlap_collect
[seqwish::transclosure] 31569.053 99.52% 94364850334-96116963433 rank_build
[seqwish::transclosure] 31594.279 99.52% 94364850334-96116963433 parallel_union_find
[seqwish::transclosure] 31594.320 99.52% 94364850334-96116963433 dset_write
[seqwish::transclosure] 31594.668 99.52% 94364850334-96116963433 dset_compression
[seqwish::transclosure] 31594.926 99.52% 94364850334-96116963433 dset_sort
[seqwish::transclosure] 31595.421 99.52% 94364850334-96116963433 dset_invert
[seqwish::transclosure] 31595.858 99.52% 94364850334-96116963433 graph_emission
[seqwish::transclosure] 31606.653 99.56% 96116963433-98701279961 overlap_collect
[seqwish::transclosure] 31614.480 99.56% 96116963433-98701279961 rank_build
[seqwish::transclosure] 31638.190 99.56% 96116963433-98701279961 parallel_union_find
[seqwish::transclosure] 31638.234 99.56% 96116963433-98701279961 dset_write
[seqwish::transclosure] 31638.610 99.56% 96116963433-98701279961 dset_compression
[seqwish::transclosure] 31638.859 99.56% 96116963433-98701279961 dset_sort
[seqwish::transclosure] 31639.328 99.56% 96116963433-98701279961 dset_invert
[seqwish::transclosure] 31639.686 99.56% 96116963433-98701279961 graph_emission
[seqwish::transclosure] 31650.384 99.61% 98701279961-100486163471 overlap_collect
[seqwish::transclosure] 31655.817 99.61% 98701279961-100486163471 rank_build
[seqwish::transclosure] 31679.722 99.61% 98701279961-100486163471 parallel_union_find
[seqwish::transclosure] 31679.772 99.61% 98701279961-100486163471 dset_write
[seqwish::transclosure] 31680.102 99.61% 98701279961-100486163471 dset_compression
[seqwish::transclosure] 31680.391 99.61% 98701279961-100486163471 dset_sort
[seqwish::transclosure] 31680.849 99.61% 98701279961-100486163471 dset_invert
[seqwish::transclosure] 31681.265 99.61% 98701279961-100486163471 graph_emission
[seqwish::transclosure] 31691.307 99.66% 100486163471-102614689528 overlap_collect
[seqwish::transclosure] 31697.728 99.66% 100486163471-102614689528 rank_build
[seqwish::transclosure] 31721.689 99.66% 100486163471-102614689528 parallel_union_find
[seqwish::transclosure] 31721.709 99.66% 100486163471-102614689528 dset_write
[seqwish::transclosure] 31722.000 99.66% 100486163471-102614689528 dset_compression
[seqwish::transclosure] 31722.269 99.66% 100486163471-102614689528 dset_sort
[seqwish::transclosure] 31722.971 99.66% 100486163471-102614689528 dset_invert
[seqwish::transclosure] 31723.394 99.66% 100486163471-102614689528 graph_emission
[seqwish::transclosure] 31733.990 99.70% 102614689528-104768200983 overlap_collect
[seqwish::transclosure] 31740.383 99.70% 102614689528-104768200983 rank_build
[seqwish::transclosure] 31764.942 99.70% 102614689528-104768200983 parallel_union_find
[seqwish::transclosure] 31764.959 99.70% 102614689528-104768200983 dset_write
[seqwish::transclosure] 31765.260 99.70% 102614689528-104768200983 dset_compression
[seqwish::transclosure] 31765.519 99.70% 102614689528-104768200983 dset_sort
[seqwish::transclosure] 31765.987 99.70% 102614689528-104768200983 dset_invert
[seqwish::transclosure] 31766.385 99.70% 102614689528-104768200983 graph_emission
[seqwish::transclosure] 31776.664 99.75% 104768200983-106632776494 overlap_collect
[seqwish::transclosure] 31782.366 99.75% 104768200983-106632776494 rank_build
[seqwish::transclosure] 31805.864 99.75% 104768200983-106632776494 parallel_union_find
[seqwish::transclosure] 31805.921 99.75% 104768200983-106632776494 dset_write
[seqwish::transclosure] 31806.221 99.75% 104768200983-106632776494 dset_compression
[seqwish::transclosure] 31806.494 99.75% 104768200983-106632776494 dset_sort
[seqwish::transclosure] 31807.057 99.75% 104768200983-106632776494 dset_invert
[seqwish::transclosure] 31807.470 99.75% 104768200983-106632776494 graph_emission
[seqwish::transclosure] 31817.230 99.79% 106632776494-108482047240 overlap_collect
[seqwish::transclosure] 31822.827 99.79% 106632776494-108482047240 rank_build
[seqwish::transclosure] 31846.436 99.79% 106632776494-108482047240 parallel_union_find
[seqwish::transclosure] 31846.446 99.79% 106632776494-108482047240 dset_write
[seqwish::transclosure] 31846.732 99.79% 106632776494-108482047240 dset_compression
[seqwish::transclosure] 31846.979 99.79% 106632776494-108482047240 dset_sort
[seqwish::transclosure] 31847.424 99.79% 106632776494-108482047240 dset_invert
[seqwish::transclosure] 31847.819 99.79% 106632776494-108482047240 graph_emission
[seqwish::transclosure] 31857.087 99.84% 108482047240-110074045300 overlap_collect
[seqwish::transclosure] 31862.077 99.84% 108482047240-110074045300 rank_build
[seqwish::transclosure] 31886.142 99.84% 108482047240-110074045300 parallel_union_find
[seqwish::transclosure] 31886.163 99.84% 108482047240-110074045300 dset_write
[seqwish::transclosure] 31886.470 99.84% 108482047240-110074045300 dset_compression
[seqwish::transclosure] 31886.721 99.84% 108482047240-110074045300 dset_sort
[seqwish::transclosure] 31887.278 99.84% 108482047240-110074045300 dset_invert
[seqwish::transclosure] 31887.689 99.84% 108482047240-110074045300 graph_emission
[seqwish::transclosure] 31897.481 99.88% 110074045300-112176155265 overlap_collect
[seqwish::transclosure] 31903.868 99.88% 110074045300-112176155265 rank_build
[seqwish::transclosure] 31927.454 99.88% 110074045300-112176155265 parallel_union_find
[seqwish::transclosure] 31927.508 99.88% 110074045300-112176155265 dset_write
[seqwish::transclosure] 31927.821 99.88% 110074045300-112176155265 dset_compression
[seqwish::transclosure] 31928.098 99.88% 110074045300-112176155265 dset_sort
[seqwish::transclosure] 31928.559 99.88% 110074045300-112176155265 dset_invert
[seqwish::transclosure] 31928.967 99.88% 110074045300-112176155265 graph_emission
[seqwish::transclosure] 31939.258 99.93% 112176155265-114104990139 overlap_collect
[seqwish::transclosure] 31945.061 99.93% 112176155265-114104990139 rank_build
[seqwish::transclosure] 31968.946 99.93% 112176155265-114104990139 parallel_union_find
[seqwish::transclosure] 31968.976 99.93% 112176155265-114104990139 dset_write
[seqwish::transclosure] 31969.291 99.93% 112176155265-114104990139 dset_compression
[seqwish::transclosure] 31969.537 99.93% 112176155265-114104990139 dset_sort
[seqwish::transclosure] 31970.239 99.93% 112176155265-114104990139 dset_invert
[seqwish::transclosure] 31970.624 99.93% 112176155265-114104990139 graph_emission
[seqwish::transclosure] 31978.325 99.97% 114104990139-114627039076 overlap_collect
[seqwish::transclosure] 31980.044 99.97% 114104990139-114627039076 rank_build
[seqwish::transclosure] 32003.933 99.97% 114104990139-114627039076 parallel_union_find
[seqwish::transclosure] 32003.946 99.97% 114104990139-114627039076 dset_write
[seqwish::transclosure] 32004.145 99.97% 114104990139-114627039076 dset_compression
[seqwish::transclosure] 32004.303 99.97% 114104990139-114627039076 dset_sort
[seqwish::transclosure] 32004.607 99.97% 114104990139-114627039076 dset_invert
[seqwish::transclosure] 32004.877 99.97% 114104990139-114627039076 graph_emission
[seqwish::transclosure] 32008.852 100.00% building node_iitree and path_iitree indexes
[seqwish::transclosure] 32869.354 100.00% done
[seqwish::transclosure] 32869.958 done with transitive closures
[seqwish::compact] 32869.958 compacting nodes
[seqwish::compact] 33606.179 done compacting
[seqwish::compact] 33608.160 built node index
[seqwish::links] 33608.160 finding graph links
[seqwish::links] 34959.825 links derived
[seqwish::gfa] 34959.826 writing graph
[seqwish::gfa] 40587.347 done
	Command being timed: "/home/guarracino/tools/seqwish/bin/seqwish-ccfefb016fcfc9937817ce61dc06bbcf382be75e -t 48 -s /lizardfs/guarracino/seqwish-paper/hprc_plus/assemblies/HPRC_plus.fa.gz -p /lizardfs/guarracino/seqwish-paper/hprc_plus/alignment/HPRC_plus.s100k.l300k.p98.n90.k16.chunk_0.paf.gz,/lizardfs/guarracino/seqwish-paper/hprc_plus/alignment/HPRC_plus.s100k.l300k.p98.n90.k16.chunk_1.paf.gz,/lizardfs/guarracino/seqwish-paper/hprc_plus/alignment/HPRC_plus.s100k.l300k.p98.n90.k16.chunk_2.paf.gz,/lizardfs/guarracino/seqwish-paper/hprc_plus/alignment/HPRC_plus.s100k.l300k.p98.n90.k16.chunk_3.paf.gz,/lizardfs/guarracino/seqwish-paper/hprc_plus/alignment/HPRC_plus.s100k.l300k.p98.n90.k16.chunk_4.paf.gz -k 11 -B 50M -g HPRC_plus.s100k.l300k.p98.n90.k16.seqwish.k11.B50M.gfa -P"
	User time (seconds): 652532.02
	System time (seconds): 12941.68
	Percent of CPU this job got: 1638%
	Elapsed (wall clock) time (h:mm:ss or m:ss): 11:16:56
	Average shared text size (kbytes): 0
	Average unshared data size (kbytes): 0
	Average stack size (kbytes): 0
	Average total size (kbytes): 0
	Maximum resident set size (kbytes): 376203108
	Average resident set size (kbytes): 0
	Major (requiring I/O) page faults: 5930640
	Minor (reclaiming a frame) page faults: 5489603351
	Voluntary context switches: 1229779694
	Involuntary context switches: 519209719
	Swaps: 0
	File system inputs: 975195440
	File system outputs: 5475793432
	Socket messages sent: 0
	Socket messages received: 0
	Signals delivered: 0
	Page size (bytes): 4096
	Exit status: 0
