octopus08
[seqwish::seqidx] 0.004 indexing sequences
[seqwish::seqidx] 891.785 index built
[seqwish::alignments] 891.786 processing alignments
[seqwish::alignments] 1665.702 indexing
[seqwish::alignments] 3846.479 index built
[seqwish::transclosure] 3846.481 computing transitive closures
[seqwish::transclosure] 3853.569 0.00% 0-50000000 overlap_collect
[seqwish::transclosure] 3878.685 0.00% 0-50000000 rank_build
[seqwish::transclosure] 3920.987 0.00% 0-50000000 parallel_union_find
[seqwish::transclosure] 3957.374 0.00% 0-50000000 dset_write
[seqwish::transclosure] 3968.773 0.00% 0-50000000 dset_compression
[seqwish::transclosure] 3980.185 0.00% 0-50000000 dset_sort
[seqwish::transclosure] 3987.990 0.00% 0-50000000 dset_invert
[seqwish::transclosure] 3995.856 0.00% 0-50000000 graph_emission
[seqwish::transclosure] 4005.882 1.65% 50000000-100000000 overlap_collect
[seqwish::transclosure] 4029.521 1.65% 50000000-100000000 rank_build
[seqwish::transclosure] 4071.976 1.65% 50000000-100000000 parallel_union_find
[seqwish::transclosure] 4190.765 1.65% 50000000-100000000 dset_write
[seqwish::transclosure] 4206.495 1.65% 50000000-100000000 dset_compression
[seqwish::transclosure] 4218.390 1.65% 50000000-100000000 dset_sort
[seqwish::transclosure] 4223.067 1.65% 50000000-100000000 dset_invert
[seqwish::transclosure] 4233.587 1.65% 50000000-100000000 graph_emission
[seqwish::transclosure] 4411.930 3.29% 100000000-150000000 overlap_collect
[seqwish::transclosure] 4430.577 3.29% 100000000-150000000 rank_build
[seqwish::transclosure] 4466.411 3.29% 100000000-150000000 parallel_union_find
[seqwish::transclosure] 4538.315 3.29% 100000000-150000000 dset_write
[seqwish::transclosure] 4546.641 3.29% 100000000-150000000 dset_compression
[seqwish::transclosure] 4554.020 3.29% 100000000-150000000 dset_sort
[seqwish::transclosure] 4557.312 3.29% 100000000-150000000 dset_invert
[seqwish::transclosure] 4564.146 3.29% 100000000-150000000 graph_emission
[seqwish::transclosure] 4759.069 4.35% 150000000-200000000 overlap_collect
[seqwish::transclosure] 4783.097 4.35% 150000000-200000000 rank_build
[seqwish::transclosure] 4828.133 4.35% 150000000-200000000 parallel_union_find
[seqwish::transclosure] 4951.360 4.35% 150000000-200000000 dset_write
[seqwish::transclosure] 4966.810 4.35% 150000000-200000000 dset_compression
[seqwish::transclosure] 4978.350 4.35% 150000000-200000000 dset_sort
[seqwish::transclosure] 4983.523 4.35% 150000000-200000000 dset_invert
[seqwish::transclosure] 4993.268 4.35% 150000000-200000000 graph_emission
[seqwish::transclosure] 5070.760 5.98% 200000000-250000000 overlap_collect
[seqwish::transclosure] 5095.060 5.98% 200000000-250000000 rank_build
[seqwish::transclosure] 5138.471 5.98% 200000000-250000000 parallel_union_find
[seqwish::transclosure] 5252.819 5.98% 200000000-250000000 dset_write
[seqwish::transclosure] 5267.275 5.98% 200000000-250000000 dset_compression
[seqwish::transclosure] 5279.413 5.98% 200000000-250000000 dset_sort
[seqwish::transclosure] 5284.022 5.98% 200000000-250000000 dset_invert
[seqwish::transclosure] 5294.071 5.98% 200000000-250000000 graph_emission
[seqwish::transclosure] 5456.547 7.61% 250000000-300000000 overlap_collect
[seqwish::transclosure] 5480.947 7.61% 250000000-300000000 rank_build
[seqwish::transclosure] 5524.480 7.61% 250000000-300000000 parallel_union_find
[seqwish::transclosure] 5657.964 7.61% 250000000-300000000 dset_write
[seqwish::transclosure] 5670.346 7.61% 250000000-300000000 dset_compression
[seqwish::transclosure] 5682.725 7.61% 250000000-300000000 dset_sort
[seqwish::transclosure] 5687.319 7.61% 250000000-300000000 dset_invert
[seqwish::transclosure] 5698.295 7.61% 250000000-300000000 graph_emission
[seqwish::transclosure] 5861.858 9.24% 300000000-350275426 overlap_collect
[seqwish::transclosure] 5884.397 9.24% 300000000-350275426 rank_build
[seqwish::transclosure] 5928.997 9.24% 300000000-350275426 parallel_union_find
[seqwish::transclosure] 6043.918 9.24% 300000000-350275426 dset_write
[seqwish::transclosure] 6056.646 9.24% 300000000-350275426 dset_compression
[seqwish::transclosure] 6067.187 9.24% 300000000-350275426 dset_sort
[seqwish::transclosure] 6071.607 9.24% 300000000-350275426 dset_invert
[seqwish::transclosure] 6079.436 9.24% 300000000-350275426 graph_emission
[seqwish::transclosure] 6244.544 10.80% 350275426-400275426 overlap_collect
[seqwish::transclosure] 6269.849 10.80% 350275426-400275426 rank_build
[seqwish::transclosure] 6314.629 10.80% 350275426-400275426 parallel_union_find
[seqwish::transclosure] 6434.751 10.80% 350275426-400275426 dset_write
[seqwish::transclosure] 6447.223 10.80% 350275426-400275426 dset_compression
[seqwish::transclosure] 6460.525 10.80% 350275426-400275426 dset_sort
[seqwish::transclosure] 6467.517 10.80% 350275426-400275426 dset_invert
[seqwish::transclosure] 6477.049 10.80% 350275426-400275426 graph_emission
[seqwish::transclosure] 6634.363 12.43% 400275426-450275426 overlap_collect
[seqwish::transclosure] 6657.880 12.43% 400275426-450275426 rank_build
[seqwish::transclosure] 6702.541 12.43% 400275426-450275426 parallel_union_find
[seqwish::transclosure] 6804.481 12.43% 400275426-450275426 dset_write
[seqwish::transclosure] 6817.754 12.43% 400275426-450275426 dset_compression
[seqwish::transclosure] 6830.994 12.43% 400275426-450275426 dset_sort
[seqwish::transclosure] 6835.658 12.43% 400275426-450275426 dset_invert
[seqwish::transclosure] 6847.670 12.43% 400275426-450275426 graph_emission
[seqwish::transclosure] 7020.177 14.08% 450275426-500275426 overlap_collect
[seqwish::transclosure] 7044.601 14.08% 450275426-500275426 rank_build
[seqwish::transclosure] 7089.074 14.08% 450275426-500275426 parallel_union_find
[seqwish::transclosure] 7193.972 14.08% 450275426-500275426 dset_write
[seqwish::transclosure] 7206.716 14.08% 450275426-500275426 dset_compression
[seqwish::transclosure] 7219.397 14.08% 450275426-500275426 dset_sort
[seqwish::transclosure] 7226.932 14.08% 450275426-500275426 dset_invert
[seqwish::transclosure] 7239.611 14.08% 450275426-500275426 graph_emission
[seqwish::transclosure] 7398.216 15.71% 500275426-550275426 overlap_collect
[seqwish::transclosure] 7421.926 15.71% 500275426-550275426 rank_build
[seqwish::transclosure] 7468.713 15.71% 500275426-550275426 parallel_union_find
[seqwish::transclosure] 7577.906 15.71% 500275426-550275426 dset_write
[seqwish::transclosure] 7590.580 15.71% 500275426-550275426 dset_compression
[seqwish::transclosure] 7603.980 15.71% 500275426-550275426 dset_sort
[seqwish::transclosure] 7608.664 15.71% 500275426-550275426 dset_invert
[seqwish::transclosure] 7620.784 15.71% 500275426-550275426 graph_emission
[seqwish::transclosure] 7782.620 17.34% 550275426-600275426 overlap_collect
[seqwish::transclosure] 7807.234 17.34% 550275426-600275426 rank_build
[seqwish::transclosure] 7852.138 17.34% 550275426-600275426 parallel_union_find
[seqwish::transclosure] 7973.068 17.34% 550275426-600275426 dset_write
[seqwish::transclosure] 7985.174 17.34% 550275426-600275426 dset_compression
[seqwish::transclosure] 7997.197 17.34% 550275426-600275426 dset_sort
[seqwish::transclosure] 8003.115 17.34% 550275426-600275426 dset_invert
[seqwish::transclosure] 8016.610 17.34% 550275426-600275426 graph_emission
[seqwish::transclosure] 8167.978 18.93% 600275426-650275426 overlap_collect
[seqwish::transclosure] 8192.655 18.93% 600275426-650275426 rank_build
[seqwish::transclosure] 8238.768 18.93% 600275426-650275426 parallel_union_find
[seqwish::transclosure] 8355.003 18.93% 600275426-650275426 dset_write
[seqwish::transclosure] 8367.230 18.93% 600275426-650275426 dset_compression
[seqwish::transclosure] 8378.924 18.93% 600275426-650275426 dset_sort
[seqwish::transclosure] 8383.928 18.93% 600275426-650275426 dset_invert
[seqwish::transclosure] 8394.163 18.93% 600275426-650275426 graph_emission
[seqwish::transclosure] 8568.684 20.57% 650275426-700356765 overlap_collect
[seqwish::transclosure] 8593.545 20.57% 650275426-700356765 rank_build
[seqwish::transclosure] 8654.218 20.57% 650275426-700356765 parallel_union_find
[seqwish::transclosure] 8765.536 20.57% 650275426-700356765 dset_write
[seqwish::transclosure] 8779.528 20.57% 650275426-700356765 dset_compression
[seqwish::transclosure] 8791.977 20.57% 650275426-700356765 dset_sort
[seqwish::transclosure] 8796.873 20.57% 650275426-700356765 dset_invert
[seqwish::transclosure] 8805.467 20.57% 650275426-700356765 graph_emission
[seqwish::transclosure] 8955.952 22.20% 700356765-750356765 overlap_collect
[seqwish::transclosure] 8976.917 22.20% 700356765-750356765 rank_build
[seqwish::transclosure] 9021.922 22.20% 700356765-750356765 parallel_union_find
[seqwish::transclosure] 9119.983 22.20% 700356765-750356765 dset_write
[seqwish::transclosure] 9131.432 22.20% 700356765-750356765 dset_compression
[seqwish::transclosure] 9142.814 22.20% 700356765-750356765 dset_sort
[seqwish::transclosure] 9147.180 22.20% 700356765-750356765 dset_invert
[seqwish::transclosure] 9157.309 22.20% 700356765-750356765 graph_emission
[seqwish::transclosure] 9333.004 23.69% 750356765-800356765 overlap_collect
[seqwish::transclosure] 9357.332 23.69% 750356765-800356765 rank_build
[seqwish::transclosure] 9399.951 23.69% 750356765-800356765 parallel_union_find
[seqwish::transclosure] 9498.457 23.69% 750356765-800356765 dset_write
[seqwish::transclosure] 9510.749 23.69% 750356765-800356765 dset_compression
[seqwish::transclosure] 9523.092 23.69% 750356765-800356765 dset_sort
[seqwish::transclosure] 9528.164 23.69% 750356765-800356765 dset_invert
[seqwish::transclosure] 9540.004 23.69% 750356765-800356765 graph_emission
[seqwish::transclosure] 9703.681 25.32% 800356765-850356765 overlap_collect
[seqwish::transclosure] 9727.713 25.32% 800356765-850356765 rank_build
[seqwish::transclosure] 9773.048 25.32% 800356765-850356765 parallel_union_find
[seqwish::transclosure] 9882.425 25.32% 800356765-850356765 dset_write
[seqwish::transclosure] 9894.890 25.32% 800356765-850356765 dset_compression
[seqwish::transclosure] 9906.439 25.32% 800356765-850356765 dset_sort
[seqwish::transclosure] 9911.110 25.32% 800356765-850356765 dset_invert
[seqwish::transclosure] 9921.206 25.32% 800356765-850356765 graph_emission
[seqwish::transclosure] 10086.771 26.95% 850356765-900356765 overlap_collect
[seqwish::transclosure] 10110.394 26.95% 850356765-900356765 rank_build
[seqwish::transclosure] 10154.929 26.95% 850356765-900356765 parallel_union_find
[seqwish::transclosure] 10252.596 26.95% 850356765-900356765 dset_write
[seqwish::transclosure] 10266.757 26.95% 850356765-900356765 dset_compression
[seqwish::transclosure] 10277.478 26.95% 850356765-900356765 dset_sort
[seqwish::transclosure] 10282.143 26.95% 850356765-900356765 dset_invert
[seqwish::transclosure] 10290.101 26.95% 850356765-900356765 graph_emission
[seqwish::transclosure] 10455.876 28.58% 900356765-950356765 overlap_collect
[seqwish::transclosure] 10478.254 28.58% 900356765-950356765 rank_build
[seqwish::transclosure] 10532.943 28.58% 900356765-950356765 parallel_union_find
[seqwish::transclosure] 10627.210 28.58% 900356765-950356765 dset_write
[seqwish::transclosure] 10639.368 28.58% 900356765-950356765 dset_compression
[seqwish::transclosure] 10650.685 28.58% 900356765-950356765 dset_sort
[seqwish::transclosure] 10655.000 28.58% 900356765-950356765 dset_invert
[seqwish::transclosure] 10664.913 28.58% 900356765-950356765 graph_emission
[seqwish::transclosure] 10832.726 30.10% 950356765-1000356765 overlap_collect
[seqwish::transclosure] 10857.388 30.10% 950356765-1000356765 rank_build
[seqwish::transclosure] 10900.625 30.10% 950356765-1000356765 parallel_union_find
[seqwish::transclosure] 11007.393 30.10% 950356765-1000356765 dset_write
[seqwish::transclosure] 11020.795 30.10% 950356765-1000356765 dset_compression
[seqwish::transclosure] 11033.436 30.10% 950356765-1000356765 dset_sort
[seqwish::transclosure] 11038.100 30.10% 950356765-1000356765 dset_invert
[seqwish::transclosure] 11049.133 30.10% 950356765-1000356765 graph_emission
[seqwish::transclosure] 11196.726 31.73% 1000356765-1050356765 overlap_collect
[seqwish::transclosure] 11220.280 31.73% 1000356765-1050356765 rank_build
[seqwish::transclosure] 11273.242 31.73% 1000356765-1050356765 parallel_union_find
[seqwish::transclosure] 11378.926 31.73% 1000356765-1050356765 dset_write
[seqwish::transclosure] 11392.100 31.73% 1000356765-1050356765 dset_compression
[seqwish::transclosure] 11407.022 31.73% 1000356765-1050356765 dset_sort
[seqwish::transclosure] 11411.755 31.73% 1000356765-1050356765 dset_invert
[seqwish::transclosure] 11426.175 31.73% 1000356765-1050356765 graph_emission
[seqwish::transclosure] 11587.227 33.37% 1050356765-1100431934 overlap_collect
[seqwish::transclosure] 11611.774 33.37% 1050356765-1100431934 rank_build
[seqwish::transclosure] 11656.964 33.37% 1050356765-1100431934 parallel_union_find
[seqwish::transclosure] 11766.762 33.37% 1050356765-1100431934 dset_write
[seqwish::transclosure] 11778.483 33.37% 1050356765-1100431934 dset_compression
[seqwish::transclosure] 11790.706 33.37% 1050356765-1100431934 dset_sort
[seqwish::transclosure] 11795.300 33.37% 1050356765-1100431934 dset_invert
[seqwish::transclosure] 11807.912 33.37% 1050356765-1100431934 graph_emission
[seqwish::transclosure] 11972.419 34.99% 1100431934-1150431934 overlap_collect
[seqwish::transclosure] 11995.475 34.99% 1100431934-1150431934 rank_build
[seqwish::transclosure] 12040.705 34.99% 1100431934-1150431934 parallel_union_find
[seqwish::transclosure] 12155.365 34.99% 1100431934-1150431934 dset_write
[seqwish::transclosure] 12167.192 34.99% 1100431934-1150431934 dset_compression
[seqwish::transclosure] 12178.706 34.99% 1100431934-1150431934 dset_sort
[seqwish::transclosure] 12183.116 34.99% 1100431934-1150431934 dset_invert
[seqwish::transclosure] 12193.130 34.99% 1100431934-1150431934 graph_emission
[seqwish::transclosure] 12358.897 36.57% 1150431934-1200431934 overlap_collect
[seqwish::transclosure] 12382.447 36.57% 1150431934-1200431934 rank_build
[seqwish::transclosure] 12422.110 36.57% 1150431934-1200431934 parallel_union_find
[seqwish::transclosure] 12534.671 36.57% 1150431934-1200431934 dset_write
[seqwish::transclosure] 12547.423 36.57% 1150431934-1200431934 dset_compression
[seqwish::transclosure] 12557.273 36.57% 1150431934-1200431934 dset_sort
[seqwish::transclosure] 12561.872 36.57% 1150431934-1200431934 dset_invert
[seqwish::transclosure] 12572.345 36.57% 1150431934-1200431934 graph_emission
[seqwish::transclosure] 12743.221 38.20% 1200431934-1250431934 overlap_collect
[seqwish::transclosure] 12768.157 38.20% 1200431934-1250431934 rank_build
[seqwish::transclosure] 12814.792 38.20% 1200431934-1250431934 parallel_union_find
[seqwish::transclosure] 12931.317 38.20% 1200431934-1250431934 dset_write
[seqwish::transclosure] 12943.521 38.20% 1200431934-1250431934 dset_compression
[seqwish::transclosure] 12954.821 38.20% 1200431934-1250431934 dset_sort
[seqwish::transclosure] 12959.483 38.20% 1200431934-1250431934 dset_invert
[seqwish::transclosure] 12969.331 38.20% 1200431934-1250431934 graph_emission
[seqwish::transclosure] 13127.152 39.82% 1250431934-1300431934 overlap_collect
[seqwish::transclosure] 13151.830 39.82% 1250431934-1300431934 rank_build
[seqwish::transclosure] 13197.681 39.82% 1250431934-1300431934 parallel_union_find
[seqwish::transclosure] 13297.431 39.82% 1250431934-1300431934 dset_write
[seqwish::transclosure] 13309.421 39.82% 1250431934-1300431934 dset_compression
[seqwish::transclosure] 13321.177 39.82% 1250431934-1300431934 dset_sort
[seqwish::transclosure] 13325.952 39.82% 1250431934-1300431934 dset_invert
[seqwish::transclosure] 13336.157 39.82% 1250431934-1300431934 graph_emission
[seqwish::transclosure] 13506.991 41.48% 1300438181-1352934058 overlap_collect
[seqwish::transclosure] 13531.087 41.48% 1300438181-1352934058 rank_build
[seqwish::transclosure] 13570.926 41.48% 1300438181-1352934058 parallel_union_find
[seqwish::transclosure] 13663.629 41.48% 1300438181-1352934058 dset_write
[seqwish::transclosure] 13676.444 41.48% 1300438181-1352934058 dset_compression
[seqwish::transclosure] 13693.647 41.48% 1300438181-1352934058 dset_sort
[seqwish::transclosure] 13698.308 41.48% 1300438181-1352934058 dset_invert
[seqwish::transclosure] 13715.964 41.48% 1300438181-1352934058 graph_emission
[seqwish::transclosure] 13895.577 43.09% 1352934058-1402934058 overlap_collect
[seqwish::transclosure] 13919.918 43.09% 1352934058-1402934058 rank_build
[seqwish::transclosure] 13968.288 43.09% 1352934058-1402934058 parallel_union_find
[seqwish::transclosure] 14067.817 43.09% 1352934058-1402934058 dset_write
[seqwish::transclosure] 14080.192 43.09% 1352934058-1402934058 dset_compression
[seqwish::transclosure] 14093.365 43.09% 1352934058-1402934058 dset_sort
[seqwish::transclosure] 14100.854 43.09% 1352934058-1402934058 dset_invert
[seqwish::transclosure] 14111.576 43.09% 1352934058-1402934058 graph_emission
[seqwish::transclosure] 14271.724 44.72% 1402934058-1452934058 overlap_collect
[seqwish::transclosure] 14295.914 44.72% 1402934058-1452934058 rank_build
[seqwish::transclosure] 14337.023 44.72% 1402934058-1452934058 parallel_union_find
[seqwish::transclosure] 14436.356 44.72% 1402934058-1452934058 dset_write
[seqwish::transclosure] 14448.661 44.72% 1402934058-1452934058 dset_compression
[seqwish::transclosure] 14458.062 44.72% 1402934058-1452934058 dset_sort
[seqwish::transclosure] 14462.547 44.72% 1402934058-1452934058 dset_invert
[seqwish::transclosure] 14469.848 44.72% 1402934058-1452934058 graph_emission
[seqwish::transclosure] 14650.739 46.29% 1452934058-1502934058 overlap_collect
[seqwish::transclosure] 14677.787 46.29% 1452934058-1502934058 rank_build
[seqwish::transclosure] 14736.291 46.29% 1452934058-1502934058 parallel_union_find
[seqwish::transclosure] 14859.303 46.29% 1452934058-1502934058 dset_write
[seqwish::transclosure] 14871.623 46.29% 1452934058-1502934058 dset_compression
[seqwish::transclosure] 14885.002 46.29% 1452934058-1502934058 dset_sort
[seqwish::transclosure] 14892.732 46.29% 1452934058-1502934058 dset_invert
[seqwish::transclosure] 14902.005 46.29% 1452934058-1502934058 graph_emission
[seqwish::transclosure] 15049.615 47.92% 1502934058-1552934058 overlap_collect
[seqwish::transclosure] 15074.194 47.92% 1502934058-1552934058 rank_build
[seqwish::transclosure] 15122.929 47.92% 1502934058-1552934058 parallel_union_find
[seqwish::transclosure] 15211.397 47.92% 1502934058-1552934058 dset_write
[seqwish::transclosure] 15224.195 47.92% 1502934058-1552934058 dset_compression
[seqwish::transclosure] 15240.792 47.92% 1502934058-1552934058 dset_sort
[seqwish::transclosure] 15245.400 47.92% 1502934058-1552934058 dset_invert
[seqwish::transclosure] 15258.956 47.92% 1502934058-1552934058 graph_emission
[seqwish::transclosure] 15427.998 49.55% 1552934058-1602934058 overlap_collect
[seqwish::transclosure] 15459.053 49.55% 1552934058-1602934058 rank_build
[seqwish::transclosure] 15501.305 49.55% 1552934058-1602934058 parallel_union_find
[seqwish::transclosure] 15618.157 49.55% 1552934058-1602934058 dset_write
[seqwish::transclosure] 15628.919 49.55% 1552934058-1602934058 dset_compression
[seqwish::transclosure] 15639.722 49.55% 1552934058-1602934058 dset_sort
[seqwish::transclosure] 15643.987 49.55% 1552934058-1602934058 dset_invert
[seqwish::transclosure] 15653.358 49.55% 1552934058-1602934058 graph_emission
[seqwish::transclosure] 15813.873 50.97% 1602934058-1655931227 overlap_collect
[seqwish::transclosure] 15831.818 50.97% 1602934058-1655931227 rank_build
[seqwish::transclosure] 15866.958 50.97% 1602934058-1655931227 parallel_union_find
[seqwish::transclosure] 15941.176 50.97% 1602934058-1655931227 dset_write
[seqwish::transclosure] 15949.075 50.97% 1602934058-1655931227 dset_compression
[seqwish::transclosure] 15955.159 50.97% 1602934058-1655931227 dset_sort
[seqwish::transclosure] 15958.176 50.97% 1602934058-1655931227 dset_invert
[seqwish::transclosure] 15962.793 50.97% 1602934058-1655931227 graph_emission
[seqwish::transclosure] 16131.684 51.98% 1655931227-1705973052 overlap_collect
[seqwish::transclosure] 16157.713 51.98% 1655931227-1705973052 rank_build
[seqwish::transclosure] 16199.933 51.98% 1655931227-1705973052 parallel_union_find
[seqwish::transclosure] 16309.384 51.98% 1655931227-1705973052 dset_write
[seqwish::transclosure] 16321.990 51.98% 1655931227-1705973052 dset_compression
[seqwish::transclosure] 16332.470 51.98% 1655931227-1705973052 dset_sort
[seqwish::transclosure] 16337.071 51.98% 1655931227-1705973052 dset_invert
[seqwish::transclosure] 16345.165 51.98% 1655931227-1705973052 graph_emission
[seqwish::transclosure] 16414.962 53.61% 1705973052-1755973052 overlap_collect
[seqwish::transclosure] 16439.103 53.61% 1705973052-1755973052 rank_build
[seqwish::transclosure] 16479.466 53.61% 1705973052-1755973052 parallel_union_find
[seqwish::transclosure] 16578.787 53.61% 1705973052-1755973052 dset_write
[seqwish::transclosure] 16590.661 53.61% 1705973052-1755973052 dset_compression
[seqwish::transclosure] 16604.314 53.61% 1705973052-1755973052 dset_sort
[seqwish::transclosure] 16610.930 53.61% 1705973052-1755973052 dset_invert
[seqwish::transclosure] 16622.224 53.61% 1705973052-1755973052 graph_emission
[seqwish::transclosure] 16795.571 55.15% 1755973052-1805973052 overlap_collect
[seqwish::transclosure] 16819.908 55.15% 1755973052-1805973052 rank_build
[seqwish::transclosure] 16861.776 55.15% 1755973052-1805973052 parallel_union_find
[seqwish::transclosure] 16968.117 55.15% 1755973052-1805973052 dset_write
[seqwish::transclosure] 16980.828 55.15% 1755973052-1805973052 dset_compression
[seqwish::transclosure] 16992.359 55.15% 1755973052-1805973052 dset_sort
[seqwish::transclosure] 16997.161 55.15% 1755973052-1805973052 dset_invert
[seqwish::transclosure] 17008.958 55.15% 1755973052-1805973052 graph_emission
[seqwish::transclosure] 17163.570 56.78% 1805973052-1856190112 overlap_collect
[seqwish::transclosure] 17187.407 56.78% 1805973052-1856190112 rank_build
[seqwish::transclosure] 17229.754 56.78% 1805973052-1856190112 parallel_union_find
[seqwish::transclosure] 17328.614 56.78% 1805973052-1856190112 dset_write
[seqwish::transclosure] 17340.604 56.78% 1805973052-1856190112 dset_compression
[seqwish::transclosure] 17352.858 56.78% 1805973052-1856190112 dset_sort
[seqwish::transclosure] 17357.337 56.78% 1805973052-1856190112 dset_invert
[seqwish::transclosure] 17367.211 56.78% 1805973052-1856190112 graph_emission
[seqwish::transclosure] 17540.808 58.40% 1856190112-1906190112 overlap_collect
[seqwish::transclosure] 17563.348 58.40% 1856190112-1906190112 rank_build
[seqwish::transclosure] 17607.137 58.40% 1856190112-1906190112 parallel_union_find
[seqwish::transclosure] 17698.626 58.40% 1856190112-1906190112 dset_write
[seqwish::transclosure] 17710.627 58.40% 1856190112-1906190112 dset_compression
[seqwish::transclosure] 17721.865 58.40% 1856190112-1906190112 dset_sort
[seqwish::transclosure] 17726.299 58.40% 1856190112-1906190112 dset_invert
[seqwish::transclosure] 17736.238 58.40% 1856190112-1906190112 graph_emission
[seqwish::transclosure] 17916.132 59.93% 1906190112-1956190112 overlap_collect
[seqwish::transclosure] 17940.248 59.93% 1906190112-1956190112 rank_build
[seqwish::transclosure] 17998.284 59.93% 1906190112-1956190112 parallel_union_find
[seqwish::transclosure] 18114.513 59.93% 1906190112-1956190112 dset_write
[seqwish::transclosure] 18127.353 59.93% 1906190112-1956190112 dset_compression
[seqwish::transclosure] 18138.855 59.93% 1906190112-1956190112 dset_sort
[seqwish::transclosure] 18145.315 59.93% 1906190112-1956190112 dset_invert
[seqwish::transclosure] 18153.538 59.93% 1906190112-1956190112 graph_emission
[seqwish::transclosure] 18289.944 61.57% 1956190112-2006190112 overlap_collect
[seqwish::transclosure] 18313.899 61.57% 1956190112-2006190112 rank_build
[seqwish::transclosure] 18358.377 61.57% 1956190112-2006190112 parallel_union_find
[seqwish::transclosure] 18463.290 61.57% 1956190112-2006190112 dset_write
[seqwish::transclosure] 18475.102 61.57% 1956190112-2006190112 dset_compression
[seqwish::transclosure] 18484.744 61.57% 1956190112-2006190112 dset_sort
[seqwish::transclosure] 18489.207 61.57% 1956190112-2006190112 dset_invert
[seqwish::transclosure] 18496.985 61.57% 1956190112-2006190112 graph_emission
[seqwish::transclosure] 18670.568 63.12% 2006190112-2056190112 overlap_collect
[seqwish::transclosure] 18694.605 63.12% 2006190112-2056190112 rank_build
[seqwish::transclosure] 18739.213 63.12% 2006190112-2056190112 parallel_union_find
[seqwish::transclosure] 18846.359 63.12% 2006190112-2056190112 dset_write
[seqwish::transclosure] 18858.690 63.12% 2006190112-2056190112 dset_compression
[seqwish::transclosure] 18869.936 63.12% 2006190112-2056190112 dset_sort
[seqwish::transclosure] 18874.556 63.12% 2006190112-2056190112 dset_invert
[seqwish::transclosure] 18884.276 63.12% 2006190112-2056190112 graph_emission
[seqwish::transclosure] 19037.210 64.75% 2056190112-2106531423 overlap_collect
[seqwish::transclosure] 19069.333 64.75% 2056190112-2106531423 rank_build
[seqwish::transclosure] 19128.297 64.75% 2056190112-2106531423 parallel_union_find
[seqwish::transclosure] 19232.942 64.75% 2056190112-2106531423 dset_write
[seqwish::transclosure] 19245.970 64.75% 2056190112-2106531423 dset_compression
[seqwish::transclosure] 19256.588 64.75% 2056190112-2106531423 dset_sort
[seqwish::transclosure] 19261.408 64.75% 2056190112-2106531423 dset_invert
[seqwish::transclosure] 19269.099 64.75% 2056190112-2106531423 graph_emission
[seqwish::transclosure] 19425.069 66.40% 2106531462-2157362994 overlap_collect
[seqwish::transclosure] 19454.429 66.40% 2106531462-2157362994 rank_build
[seqwish::transclosure] 19496.259 66.40% 2106531462-2157362994 parallel_union_find
[seqwish::transclosure] 19594.062 66.40% 2106531462-2157362994 dset_write
[seqwish::transclosure] 19606.506 66.40% 2106531462-2157362994 dset_compression
[seqwish::transclosure] 19618.136 66.40% 2106531462-2157362994 dset_sort
[seqwish::transclosure] 19622.968 66.40% 2106531462-2157362994 dset_invert
[seqwish::transclosure] 19631.970 66.40% 2106531462-2157362994 graph_emission
[seqwish::transclosure] 19860.429 68.02% 2157362994-2207362994 overlap_collect
[seqwish::transclosure] 19884.664 68.02% 2157362994-2207362994 rank_build
[seqwish::transclosure] 19925.800 68.02% 2157362994-2207362994 parallel_union_find
[seqwish::transclosure] 20039.816 68.02% 2157362994-2207362994 dset_write
[seqwish::transclosure] 20052.750 68.02% 2157362994-2207362994 dset_compression
[seqwish::transclosure] 20063.113 68.02% 2157362994-2207362994 dset_sort
[seqwish::transclosure] 20067.720 68.02% 2157362994-2207362994 dset_invert
[seqwish::transclosure] 20076.331 68.02% 2157362994-2207362994 graph_emission
[seqwish::transclosure] 20275.242 69.65% 2207362994-2261508273 overlap_collect
[seqwish::transclosure] 20307.493 69.65% 2207362994-2261508273 rank_build
[seqwish::transclosure] 20353.066 69.65% 2207362994-2261508273 parallel_union_find
[seqwish::transclosure] 20462.950 69.65% 2207362994-2261508273 dset_write
[seqwish::transclosure] 20477.527 69.65% 2207362994-2261508273 dset_compression
[seqwish::transclosure] 20488.616 69.65% 2207362994-2261508273 dset_sort
[seqwish::transclosure] 20493.415 69.65% 2207362994-2261508273 dset_invert
[seqwish::transclosure] 20501.687 69.65% 2207362994-2261508273 graph_emission
[seqwish::transclosure] 20661.445 71.30% 2261508273-2311508273 overlap_collect
[seqwish::transclosure] 20686.067 71.30% 2261508273-2311508273 rank_build
[seqwish::transclosure] 20727.547 71.30% 2261508273-2311508273 parallel_union_find
[seqwish::transclosure] 20830.633 71.30% 2261508273-2311508273 dset_write
[seqwish::transclosure] 20843.879 71.30% 2261508273-2311508273 dset_compression
[seqwish::transclosure] 20855.443 71.30% 2261508273-2311508273 dset_sort
[seqwish::transclosure] 20860.090 71.30% 2261508273-2311508273 dset_invert
[seqwish::transclosure] 20870.119 71.30% 2261508273-2311508273 graph_emission
[seqwish::transclosure] 21064.737 72.93% 2311508273-2365135524 overlap_collect
[seqwish::transclosure] 21086.722 72.93% 2311508273-2365135524 rank_build
[seqwish::transclosure] 21126.255 72.93% 2311508273-2365135524 parallel_union_find
[seqwish::transclosure] 21215.051 72.93% 2311508273-2365135524 dset_write
[seqwish::transclosure] 21225.115 72.93% 2311508273-2365135524 dset_compression
[seqwish::transclosure] 21235.690 72.93% 2311508273-2365135524 dset_sort
[seqwish::transclosure] 21239.896 72.93% 2311508273-2365135524 dset_invert
[seqwish::transclosure] 21248.928 72.93% 2311508273-2365135524 graph_emission
[seqwish::transclosure] 21442.024 74.29% 2365135524-2415135524 overlap_collect
[seqwish::transclosure] 21466.939 74.29% 2365135524-2415135524 rank_build
[seqwish::transclosure] 21514.710 74.29% 2365135524-2415135524 parallel_union_find
[seqwish::transclosure] 21615.991 74.29% 2365135524-2415135524 dset_write
[seqwish::transclosure] 21628.274 74.29% 2365135524-2415135524 dset_compression
[seqwish::transclosure] 21641.277 74.29% 2365135524-2415135524 dset_sort
[seqwish::transclosure] 21649.106 74.29% 2365135524-2415135524 dset_invert
[seqwish::transclosure] 21659.294 74.29% 2365135524-2415135524 graph_emission
[seqwish::transclosure] 21799.088 75.93% 2415135524-2465135524 overlap_collect
[seqwish::transclosure] 21820.068 75.93% 2415135524-2465135524 rank_build
[seqwish::transclosure] 21860.967 75.93% 2415135524-2465135524 parallel_union_find
[seqwish::transclosure] 21955.649 75.93% 2415135524-2465135524 dset_write
[seqwish::transclosure] 21966.061 75.93% 2415135524-2465135524 dset_compression
[seqwish::transclosure] 21975.860 75.93% 2415135524-2465135524 dset_sort
[seqwish::transclosure] 21980.216 75.93% 2415135524-2465135524 dset_invert
[seqwish::transclosure] 21988.663 75.93% 2415135524-2465135524 graph_emission
[seqwish::transclosure] 22171.150 77.29% 2465135655-2516951823 overlap_collect
[seqwish::transclosure] 22195.704 77.29% 2465135655-2516951823 rank_build
[seqwish::transclosure] 22238.991 77.29% 2465135655-2516951823 parallel_union_find
[seqwish::transclosure] 22354.967 77.29% 2465135655-2516951823 dset_write
[seqwish::transclosure] 22367.773 77.29% 2465135655-2516951823 dset_compression
[seqwish::transclosure] 22379.663 77.29% 2465135655-2516951823 dset_sort
[seqwish::transclosure] 22384.260 77.29% 2465135655-2516951823 dset_invert
[seqwish::transclosure] 22392.329 77.29% 2465135655-2516951823 graph_emission
[seqwish::transclosure] 22546.180 78.90% 2516951823-2566951823 overlap_collect
[seqwish::transclosure] 22567.913 78.90% 2516951823-2566951823 rank_build
[seqwish::transclosure] 22611.745 78.90% 2516951823-2566951823 parallel_union_find
[seqwish::transclosure] 22708.959 78.90% 2516951823-2566951823 dset_write
[seqwish::transclosure] 22721.081 78.90% 2516951823-2566951823 dset_compression
[seqwish::transclosure] 22732.482 78.90% 2516951823-2566951823 dset_sort
[seqwish::transclosure] 22737.500 78.90% 2516951823-2566951823 dset_invert
[seqwish::transclosure] 22748.199 78.90% 2516951823-2566951823 graph_emission
[seqwish::transclosure] 22921.966 80.46% 2566951823-2616951823 overlap_collect
[seqwish::transclosure] 22944.890 80.46% 2566951823-2616951823 rank_build
[seqwish::transclosure] 22984.363 80.46% 2566951823-2616951823 parallel_union_find
[seqwish::transclosure] 23081.117 80.46% 2566951823-2616951823 dset_write
[seqwish::transclosure] 23092.874 80.46% 2566951823-2616951823 dset_compression
[seqwish::transclosure] 23106.624 80.46% 2566951823-2616951823 dset_sort
[seqwish::transclosure] 23112.530 80.46% 2566951823-2616951823 dset_invert
[seqwish::transclosure] 23125.259 80.46% 2566951823-2616951823 graph_emission
[seqwish::transclosure] 23307.559 81.95% 2616951823-2666951823 overlap_collect
[seqwish::transclosure] 23331.894 81.95% 2616951823-2666951823 rank_build
[seqwish::transclosure] 23374.804 81.95% 2616951823-2666951823 parallel_union_find
[seqwish::transclosure] 23495.262 81.95% 2616951823-2666951823 dset_write
[seqwish::transclosure] 23507.533 81.95% 2616951823-2666951823 dset_compression
[seqwish::transclosure] 23519.086 81.95% 2616951823-2666951823 dset_sort
[seqwish::transclosure] 23524.290 81.95% 2616951823-2666951823 dset_invert
[seqwish::transclosure] 23536.169 81.95% 2616951823-2666951823 graph_emission
[seqwish::transclosure] 23684.180 83.59% 2666951823-2717120382 overlap_collect
[seqwish::transclosure] 23706.041 83.59% 2666951823-2717120382 rank_build
[seqwish::transclosure] 23747.407 83.59% 2666951823-2717120382 parallel_union_find
[seqwish::transclosure] 23831.098 83.59% 2666951823-2717120382 dset_write
[seqwish::transclosure] 23842.157 83.59% 2666951823-2717120382 dset_compression
[seqwish::transclosure] 23853.678 83.59% 2666951823-2717120382 dset_sort
[seqwish::transclosure] 23857.931 83.59% 2666951823-2717120382 dset_invert
[seqwish::transclosure] 23867.432 83.59% 2666951823-2717120382 graph_emission
[seqwish::transclosure] 24055.617 85.08% 2717120382-2767120382 overlap_collect
[seqwish::transclosure] 24078.851 85.08% 2717120382-2767120382 rank_build
[seqwish::transclosure] 24123.784 85.08% 2717120382-2767120382 parallel_union_find
[seqwish::transclosure] 24214.316 85.08% 2717120382-2767120382 dset_write
[seqwish::transclosure] 24226.823 85.08% 2717120382-2767120382 dset_compression
[seqwish::transclosure] 24239.273 85.08% 2717120382-2767120382 dset_sort
[seqwish::transclosure] 24243.716 85.08% 2717120382-2767120382 dset_invert
[seqwish::transclosure] 24255.201 85.08% 2717120382-2767120382 graph_emission
[seqwish::transclosure] 24416.176 86.64% 2767120382-2823648404 overlap_collect
[seqwish::transclosure] 24438.859 86.64% 2767120382-2823648404 rank_build
[seqwish::transclosure] 24481.500 86.64% 2767120382-2823648404 parallel_union_find
[seqwish::transclosure] 24590.465 86.64% 2767120382-2823648404 dset_write
[seqwish::transclosure] 24601.528 86.64% 2767120382-2823648404 dset_compression
[seqwish::transclosure] 24612.837 86.64% 2767120382-2823648404 dset_sort
[seqwish::transclosure] 24617.023 86.64% 2767120382-2823648404 dset_invert
[seqwish::transclosure] 24626.620 86.64% 2767120382-2823648404 graph_emission
[seqwish::transclosure] 24795.530 88.12% 2823648415-2879596665 overlap_collect
[seqwish::transclosure] 24818.519 88.12% 2823648415-2879596665 rank_build
[seqwish::transclosure] 24860.819 88.12% 2823648415-2879596665 parallel_union_find
[seqwish::transclosure] 24950.875 88.12% 2823648415-2879596665 dset_write
[seqwish::transclosure] 24961.783 88.12% 2823648415-2879596665 dset_compression
[seqwish::transclosure] 24972.027 88.12% 2823648415-2879596665 dset_sort
[seqwish::transclosure] 24976.100 88.12% 2823648415-2879596665 dset_invert
[seqwish::transclosure] 24984.125 88.12% 2823648415-2879596665 graph_emission
[seqwish::transclosure] 25140.351 89.52% 2879596665-2929596665 overlap_collect
[seqwish::transclosure] 25159.067 89.52% 2879596665-2929596665 rank_build
[seqwish::transclosure] 25196.537 89.52% 2879596665-2929596665 parallel_union_find
[seqwish::transclosure] 25278.013 89.52% 2879596665-2929596665 dset_write
[seqwish::transclosure] 25289.588 89.52% 2879596665-2929596665 dset_compression
[seqwish::transclosure] 25301.230 89.52% 2879596665-2929596665 dset_sort
[seqwish::transclosure] 25308.484 89.52% 2879596665-2929596665 dset_invert
[seqwish::transclosure] 25318.882 89.52% 2879596665-2929596665 graph_emission
[seqwish::transclosure] 25473.048 90.96% 2929596665-2979596665 overlap_collect
[seqwish::transclosure] 25486.649 90.96% 2929596665-2979596665 rank_build
[seqwish::transclosure] 25524.188 90.96% 2929596665-2979596665 parallel_union_find
[seqwish::transclosure] 25588.169 90.96% 2929596665-2979596665 dset_write
[seqwish::transclosure] 25597.418 90.96% 2929596665-2979596665 dset_compression
[seqwish::transclosure] 25606.584 90.96% 2929596665-2979596665 dset_sort
[seqwish::transclosure] 25612.930 90.96% 2929596665-2979596665 dset_invert
[seqwish::transclosure] 25622.944 90.96% 2929596665-2979596665 graph_emission
[seqwish::transclosure] 25799.813 92.20% 2979596665-3029596665 overlap_collect
[seqwish::transclosure] 25814.657 92.20% 2979596665-3029596665 rank_build
[seqwish::transclosure] 25852.603 92.20% 2979596665-3029596665 parallel_union_find
[seqwish::transclosure] 25911.851 92.20% 2979596665-3029596665 dset_write
[seqwish::transclosure] 25922.489 92.20% 2979596665-3029596665 dset_compression
[seqwish::transclosure] 25935.955 92.20% 2979596665-3029596665 dset_sort
[seqwish::transclosure] 25939.687 92.20% 2979596665-3029596665 dset_invert
[seqwish::transclosure] 25952.661 92.20% 2979596665-3029596665 graph_emission
[seqwish::transclosure] 26088.070 93.51% 3029596665-3277300524 overlap_collect
[seqwish::transclosure] 26107.130 93.51% 3029596665-3277300524 rank_build
[seqwish::transclosure] 26140.320 93.51% 3029596665-3277300524 parallel_union_find
[seqwish::transclosure] 26170.608 93.51% 3029596665-3277300524 dset_write
[seqwish::transclosure] 26176.192 93.51% 3029596665-3277300524 dset_compression
[seqwish::transclosure] 26181.177 93.51% 3029596665-3277300524 dset_sort
[seqwish::transclosure] 26183.314 93.51% 3029596665-3277300524 dset_invert
[seqwish::transclosure] 26186.380 93.51% 3029596665-3277300524 graph_emission
[seqwish::transclosure] 26355.091 94.22% 3277300524-4643080880 overlap_collect
[seqwish::transclosure] 26466.982 94.22% 3277300524-4643080880 rank_build
[seqwish::transclosure] 26494.559 94.22% 3277300524-4643080880 parallel_union_find
[seqwish::transclosure] 26502.010 94.22% 3277300524-4643080880 dset_write
[seqwish::transclosure] 26504.661 94.22% 3277300524-4643080880 dset_compression
[seqwish::transclosure] 26507.217 94.22% 3277300524-4643080880 dset_sort
[seqwish::transclosure] 26508.537 94.22% 3277300524-4643080880 dset_invert
[seqwish::transclosure] 26511.032 94.22% 3277300524-4643080880 graph_emission
[seqwish::transclosure] 26520.692 94.57% 4643080880-5246650481 overlap_collect
[seqwish::transclosure] 26571.802 94.57% 4643080880-5246650481 rank_build
[seqwish::transclosure] 26596.999 94.57% 4643080880-5246650481 parallel_union_find
[seqwish::transclosure] 26602.851 94.57% 4643080880-5246650481 dset_write
[seqwish::transclosure] 26604.237 94.57% 4643080880-5246650481 dset_compression
[seqwish::transclosure] 26605.465 94.57% 4643080880-5246650481 dset_sort
[seqwish::transclosure] 26606.201 94.57% 4643080880-5246650481 dset_invert
[seqwish::transclosure] 26607.332 94.57% 4643080880-5246650481 graph_emission
[seqwish::transclosure] 26628.252 94.74% 5246650481-5499825790 overlap_collect
[seqwish::transclosure] 26649.617 94.74% 5246650481-5499825790 rank_build
[seqwish::transclosure] 26674.546 94.74% 5246650481-5499825790 parallel_union_find
[seqwish::transclosure] 26675.266 94.74% 5246650481-5499825790 dset_write
[seqwish::transclosure] 26675.910 94.74% 5246650481-5499825790 dset_compression
[seqwish::transclosure] 26676.483 94.74% 5246650481-5499825790 dset_sort
[seqwish::transclosure] 26677.278 94.74% 5246650481-5499825790 dset_invert
[seqwish::transclosure] 26677.912 94.74% 5246650481-5499825790 graph_emission
[seqwish::transclosure] 26684.060 94.83% 5499825790-5894113816 overlap_collect
[seqwish::transclosure] 26714.361 94.83% 5499825790-5894113816 rank_build
[seqwish::transclosure] 26738.695 94.83% 5499825790-5894113816 parallel_union_find
[seqwish::transclosure] 26740.780 94.83% 5499825790-5894113816 dset_write
[seqwish::transclosure] 26741.740 94.83% 5499825790-5894113816 dset_compression
[seqwish::transclosure] 26742.606 94.83% 5499825790-5894113816 dset_sort
[seqwish::transclosure] 26743.237 94.83% 5499825790-5894113816 dset_invert
[seqwish::transclosure] 26744.094 94.83% 5499825790-5894113816 graph_emission
[seqwish::transclosure] 26750.050 94.96% 5894113816-6129175888 overlap_collect
[seqwish::transclosure] 26759.375 94.96% 5894113816-6129175888 rank_build
[seqwish::transclosure] 26786.855 94.96% 5894113816-6129175888 parallel_union_find
[seqwish::transclosure] 26788.701 94.96% 5894113816-6129175888 dset_write
[seqwish::transclosure] 26790.313 94.96% 5894113816-6129175888 dset_compression
[seqwish::transclosure] 26791.882 94.96% 5894113816-6129175888 dset_sort
[seqwish::transclosure] 26792.678 94.96% 5894113816-6129175888 dset_invert
[seqwish::transclosure] 26794.074 94.96% 5894113816-6129175888 graph_emission
[seqwish::transclosure] 26802.254 95.17% 6129175888-7859265538 overlap_collect
[seqwish::transclosure] 26844.292 95.17% 6129175888-7859265538 rank_build
[seqwish::transclosure] 26869.825 95.17% 6129175888-7859265538 parallel_union_find
[seqwish::transclosure] 26871.600 95.17% 6129175888-7859265538 dset_write
[seqwish::transclosure] 26873.138 95.17% 6129175888-7859265538 dset_compression
[seqwish::transclosure] 26874.669 95.17% 6129175888-7859265538 dset_sort
[seqwish::transclosure] 26875.487 95.17% 6129175888-7859265538 dset_invert
[seqwish::transclosure] 26876.832 95.17% 6129175888-7859265538 graph_emission
[seqwish::transclosure] 26886.539 95.39% 7859265538-8976166197 overlap_collect
[seqwish::transclosure] 26913.621 95.39% 7859265538-8976166197 rank_build
[seqwish::transclosure] 26940.864 95.39% 7859265538-8976166197 parallel_union_find
[seqwish::transclosure] 26942.355 95.39% 7859265538-8976166197 dset_write
[seqwish::transclosure] 26943.973 95.39% 7859265538-8976166197 dset_compression
[seqwish::transclosure] 26945.578 95.39% 7859265538-8976166197 dset_sort
[seqwish::transclosure] 26946.420 95.39% 7859265538-8976166197 dset_invert
[seqwish::transclosure] 26947.951 95.39% 7859265538-8976166197 graph_emission
[seqwish::transclosure] 26955.544 95.61% 8976166197-9440014016 overlap_collect
[seqwish::transclosure] 26962.032 95.61% 8976166197-9440014016 rank_build
[seqwish::transclosure] 26987.216 95.61% 8976166197-9440014016 parallel_union_find
[seqwish::transclosure] 26988.510 95.61% 8976166197-9440014016 dset_write
[seqwish::transclosure] 26989.322 95.61% 8976166197-9440014016 dset_compression
[seqwish::transclosure] 26990.092 95.61% 8976166197-9440014016 dset_sort
[seqwish::transclosure] 26990.697 95.61% 8976166197-9440014016 dset_invert
[seqwish::transclosure] 26991.586 95.61% 8976166197-9440014016 graph_emission
[seqwish::transclosure] 27004.476 95.72% 9440014016-11048898501 overlap_collect
[seqwish::transclosure] 27023.749 95.72% 9440014016-11048898501 rank_build
[seqwish::transclosure] 27050.028 95.72% 9440014016-11048898501 parallel_union_find
[seqwish::transclosure] 27051.039 95.72% 9440014016-11048898501 dset_write
[seqwish::transclosure] 27052.357 95.72% 9440014016-11048898501 dset_compression
[seqwish::transclosure] 27053.592 95.72% 9440014016-11048898501 dset_sort
[seqwish::transclosure] 27054.600 95.72% 9440014016-11048898501 dset_invert
[seqwish::transclosure] 27055.807 95.72% 9440014016-11048898501 graph_emission
[seqwish::transclosure] 27064.701 95.90% 11048898685-12027577213 overlap_collect
[seqwish::transclosure] 27076.464 95.90% 11048898685-12027577213 rank_build
[seqwish::transclosure] 27101.496 95.90% 11048898685-12027577213 parallel_union_find
[seqwish::transclosure] 27102.226 95.90% 11048898685-12027577213 dset_write
[seqwish::transclosure] 27103.424 95.90% 11048898685-12027577213 dset_compression
[seqwish::transclosure] 27105.739 95.90% 11048898685-12027577213 dset_sort
[seqwish::transclosure] 27106.443 95.90% 11048898685-12027577213 dset_invert
[seqwish::transclosure] 27108.410 95.90% 11048898685-12027577213 graph_emission
[seqwish::transclosure] 27116.091 96.05% 12027577213-12981344797 overlap_collect
[seqwish::transclosure] 27124.325 96.05% 12027577213-12981344797 rank_build
[seqwish::transclosure] 27149.957 96.05% 12027577213-12981344797 parallel_union_find
[seqwish::transclosure] 27150.533 96.05% 12027577213-12981344797 dset_write
[seqwish::transclosure] 27151.391 96.05% 12027577213-12981344797 dset_compression
[seqwish::transclosure] 27152.177 96.05% 12027577213-12981344797 dset_sort
[seqwish::transclosure] 27152.780 96.05% 12027577213-12981344797 dset_invert
[seqwish::transclosure] 27153.651 96.05% 12027577213-12981344797 graph_emission
[seqwish::transclosure] 27163.039 96.16% 12981344797-15072327508 overlap_collect
[seqwish::transclosure] 27181.194 96.16% 12981344797-15072327508 rank_build
[seqwish::transclosure] 27205.334 96.16% 12981344797-15072327508 parallel_union_find
[seqwish::transclosure] 27205.940 96.16% 12981344797-15072327508 dset_write
[seqwish::transclosure] 27206.809 96.16% 12981344797-15072327508 dset_compression
[seqwish::transclosure] 27207.593 96.16% 12981344797-15072327508 dset_sort
[seqwish::transclosure] 27208.185 96.16% 12981344797-15072327508 dset_invert
[seqwish::transclosure] 27209.012 96.16% 12981344797-15072327508 graph_emission
[seqwish::transclosure] 27219.677 96.28% 15072327508-16979323580 overlap_collect
[seqwish::transclosure] 27230.526 96.28% 15072327508-16979323580 rank_build
[seqwish::transclosure] 27254.950 96.28% 15072327508-16979323580 parallel_union_find
[seqwish::transclosure] 27255.295 96.28% 15072327508-16979323580 dset_write
[seqwish::transclosure] 27255.992 96.28% 15072327508-16979323580 dset_compression
[seqwish::transclosure] 27256.656 96.28% 15072327508-16979323580 dset_sort
[seqwish::transclosure] 27257.241 96.28% 15072327508-16979323580 dset_invert
[seqwish::transclosure] 27258.045 96.28% 15072327508-16979323580 graph_emission
[seqwish::transclosure] 27267.001 96.37% 16979323580-17932061526 overlap_collect
[seqwish::transclosure] 27272.612 96.37% 16979323580-17932061526 rank_build
[seqwish::transclosure] 27298.978 96.37% 16979323580-17932061526 parallel_union_find
[seqwish::transclosure] 27299.262 96.37% 16979323580-17932061526 dset_write
[seqwish::transclosure] 27299.906 96.37% 16979323580-17932061526 dset_compression
[seqwish::transclosure] 27300.557 96.37% 16979323580-17932061526 dset_sort
[seqwish::transclosure] 27301.146 96.37% 16979323580-17932061526 dset_invert
[seqwish::transclosure] 27301.876 96.37% 16979323580-17932061526 graph_emission
[seqwish::transclosure] 27308.913 96.47% 17932061526-18537203395 overlap_collect
[seqwish::transclosure] 27312.011 96.47% 17932061526-18537203395 rank_build
[seqwish::transclosure] 27336.965 96.47% 17932061526-18537203395 parallel_union_find
[seqwish::transclosure] 27337.091 96.47% 17932061526-18537203395 dset_write
[seqwish::transclosure] 27337.546 96.47% 17932061526-18537203395 dset_compression
[seqwish::transclosure] 27337.965 96.47% 17932061526-18537203395 dset_sort
[seqwish::transclosure] 27338.493 96.47% 17932061526-18537203395 dset_invert
[seqwish::transclosure] 27339.063 96.47% 17932061526-18537203395 graph_emission
[seqwish::transclosure] 27348.384 96.54% 18537203395-20903884830 overlap_collect
[seqwish::transclosure] 27359.852 96.54% 18537203395-20903884830 rank_build
[seqwish::transclosure] 27383.754 96.54% 18537203395-20903884830 parallel_union_find
[seqwish::transclosure] 27384.219 96.54% 18537203395-20903884830 dset_write
[seqwish::transclosure] 27384.920 96.54% 18537203395-20903884830 dset_compression
[seqwish::transclosure] 27385.551 96.54% 18537203395-20903884830 dset_sort
[seqwish::transclosure] 27386.097 96.54% 18537203395-20903884830 dset_invert
[seqwish::transclosure] 27386.782 96.54% 18537203395-20903884830 graph_emission
[seqwish::transclosure] 27398.284 96.63% 20903884830-23067102068 overlap_collect
[seqwish::transclosure] 27407.209 96.63% 20903884830-23067102068 rank_build
[seqwish::transclosure] 27431.210 96.63% 20903884830-23067102068 parallel_union_find
[seqwish::transclosure] 27431.405 96.63% 20903884830-23067102068 dset_write
[seqwish::transclosure] 27431.980 96.63% 20903884830-23067102068 dset_compression
[seqwish::transclosure] 27432.511 96.63% 20903884830-23067102068 dset_sort
[seqwish::transclosure] 27433.339 96.63% 20903884830-23067102068 dset_invert
[seqwish::transclosure] 27433.999 96.63% 20903884830-23067102068 graph_emission
[seqwish::transclosure] 27443.264 96.71% 23067102068-24120077283 overlap_collect
[seqwish::transclosure] 27447.715 96.71% 23067102068-24120077283 rank_build
[seqwish::transclosure] 27471.595 96.71% 23067102068-24120077283 parallel_union_find
[seqwish::transclosure] 27471.716 96.71% 23067102068-24120077283 dset_write
[seqwish::transclosure] 27472.212 96.71% 23067102068-24120077283 dset_compression
[seqwish::transclosure] 27472.661 96.71% 23067102068-24120077283 dset_sort
[seqwish::transclosure] 27473.182 96.71% 23067102068-24120077283 dset_invert
[seqwish::transclosure] 27473.744 96.71% 23067102068-24120077283 graph_emission
[seqwish::transclosure] 27481.969 96.77% 24120077283-25441307993 overlap_collect
[seqwish::transclosure] 27488.487 96.77% 24120077283-25441307993 rank_build
[seqwish::transclosure] 27513.064 96.77% 24120077283-25441307993 parallel_union_find
[seqwish::transclosure] 27513.274 96.77% 24120077283-25441307993 dset_write
[seqwish::transclosure] 27514.673 96.77% 24120077283-25441307993 dset_compression
[seqwish::transclosure] 27515.284 96.77% 24120077283-25441307993 dset_sort
[seqwish::transclosure] 27515.839 96.77% 24120077283-25441307993 dset_invert
[seqwish::transclosure] 27516.557 96.77% 24120077283-25441307993 graph_emission
[seqwish::transclosure] 27525.311 96.86% 25441307993-26773415590 overlap_collect
[seqwish::transclosure] 27532.216 96.86% 25441307993-26773415590 rank_build
[seqwish::transclosure] 27556.446 96.86% 25441307993-26773415590 parallel_union_find
[seqwish::transclosure] 27556.744 96.86% 25441307993-26773415590 dset_write
[seqwish::transclosure] 27557.345 96.86% 25441307993-26773415590 dset_compression
[seqwish::transclosure] 27557.915 96.86% 25441307993-26773415590 dset_sort
[seqwish::transclosure] 27558.444 96.86% 25441307993-26773415590 dset_invert
[seqwish::transclosure] 27559.056 96.86% 25441307993-26773415590 graph_emission
[seqwish::transclosure] 27567.064 96.94% 26773415590-27571372627 overlap_collect
[seqwish::transclosure] 27570.939 96.94% 26773415590-27571372627 rank_build
[seqwish::transclosure] 27594.977 96.94% 26773415590-27571372627 parallel_union_find
[seqwish::transclosure] 27595.145 96.94% 26773415590-27571372627 dset_write
[seqwish::transclosure] 27595.658 96.94% 26773415590-27571372627 dset_compression
[seqwish::transclosure] 27596.152 96.94% 26773415590-27571372627 dset_sort
[seqwish::transclosure] 27596.943 96.94% 26773415590-27571372627 dset_invert
[seqwish::transclosure] 27597.574 96.94% 26773415590-27571372627 graph_emission
[seqwish::transclosure] 27606.415 97.02% 27571372627-29528484180 overlap_collect
[seqwish::transclosure] 27613.825 97.02% 27571372627-29528484180 rank_build
[seqwish::transclosure] 27638.819 97.02% 27571372627-29528484180 parallel_union_find
[seqwish::transclosure] 27638.957 97.02% 27571372627-29528484180 dset_write
[seqwish::transclosure] 27639.425 97.02% 27571372627-29528484180 dset_compression
[seqwish::transclosure] 27639.822 97.02% 27571372627-29528484180 dset_sort
[seqwish::transclosure] 27640.338 97.02% 27571372627-29528484180 dset_invert
[seqwish::transclosure] 27640.857 97.02% 27571372627-29528484180 graph_emission
[seqwish::transclosure] 27649.902 97.08% 29528484180-30672939153 overlap_collect
[seqwish::transclosure] 27654.498 97.08% 29528484180-30672939153 rank_build
[seqwish::transclosure] 27678.234 97.08% 29528484180-30672939153 parallel_union_find
[seqwish::transclosure] 27678.396 97.08% 29528484180-30672939153 dset_write
[seqwish::transclosure] 27678.826 97.08% 29528484180-30672939153 dset_compression
[seqwish::transclosure] 27679.277 97.08% 29528484180-30672939153 dset_sort
[seqwish::transclosure] 27680.054 97.08% 29528484180-30672939153 dset_invert
[seqwish::transclosure] 27680.654 97.08% 29528484180-30672939153 graph_emission
[seqwish::transclosure] 27689.651 97.15% 30672939153-32455304389 overlap_collect
[seqwish::transclosure] 27696.742 97.15% 30672939153-32455304389 rank_build
[seqwish::transclosure] 27720.755 97.15% 30672939153-32455304389 parallel_union_find
[seqwish::transclosure] 27720.976 97.15% 30672939153-32455304389 dset_write
[seqwish::transclosure] 27721.492 97.15% 30672939153-32455304389 dset_compression
[seqwish::transclosure] 27721.971 97.15% 30672939153-32455304389 dset_sort
[seqwish::transclosure] 27722.467 97.15% 30672939153-32455304389 dset_invert
[seqwish::transclosure] 27723.034 97.15% 30672939153-32455304389 graph_emission
[seqwish::transclosure] 27731.697 97.22% 32455304389-33484831964 overlap_collect
[seqwish::transclosure] 27735.862 97.22% 32455304389-33484831964 rank_build
[seqwish::transclosure] 27761.245 97.22% 32455304389-33484831964 parallel_union_find
[seqwish::transclosure] 27761.378 97.22% 32455304389-33484831964 dset_write
[seqwish::transclosure] 27761.904 97.22% 32455304389-33484831964 dset_compression
[seqwish::transclosure] 27762.363 97.22% 32455304389-33484831964 dset_sort
[seqwish::transclosure] 27762.880 97.22% 32455304389-33484831964 dset_invert
[seqwish::transclosure] 27763.459 97.22% 32455304389-33484831964 graph_emission
[seqwish::transclosure] 27772.313 97.29% 33484831964-35236254224 overlap_collect
[seqwish::transclosure] 27778.798 97.29% 33484831964-35236254224 rank_build
[seqwish::transclosure] 27803.143 97.29% 33484831964-35236254224 parallel_union_find
[seqwish::transclosure] 27803.262 97.29% 33484831964-35236254224 dset_write
[seqwish::transclosure] 27803.821 97.29% 33484831964-35236254224 dset_compression
[seqwish::transclosure] 27804.229 97.29% 33484831964-35236254224 dset_sort
[seqwish::transclosure] 27805.029 97.29% 33484831964-35236254224 dset_invert
[seqwish::transclosure] 27805.570 97.29% 33484831964-35236254224 graph_emission
[seqwish::transclosure] 27814.507 97.35% 35236254224-36458742553 overlap_collect
[seqwish::transclosure] 27818.972 97.35% 35236254224-36458742553 rank_build
[seqwish::transclosure] 27845.263 97.35% 35236254224-36458742553 parallel_union_find
[seqwish::transclosure] 27845.468 97.35% 35236254224-36458742553 dset_write
[seqwish::transclosure] 27845.974 97.35% 35236254224-36458742553 dset_compression
[seqwish::transclosure] 27846.480 97.35% 35236254224-36458742553 dset_sort
[seqwish::transclosure] 27847.023 97.35% 35236254224-36458742553 dset_invert
[seqwish::transclosure] 27847.625 97.35% 35236254224-36458742553 graph_emission
[seqwish::transclosure] 27856.836 97.42% 36458742553-38344988091 overlap_collect
[seqwish::transclosure] 27863.675 97.42% 36458742553-38344988091 rank_build
[seqwish::transclosure] 27888.253 97.42% 36458742553-38344988091 parallel_union_find
[seqwish::transclosure] 27888.419 97.42% 36458742553-38344988091 dset_write
[seqwish::transclosure] 27889.077 97.42% 36458742553-38344988091 dset_compression
[seqwish::transclosure] 27889.978 97.42% 36458742553-38344988091 dset_sort
[seqwish::transclosure] 27890.727 97.42% 36458742553-38344988091 dset_invert
[seqwish::transclosure] 27891.718 97.42% 36458742553-38344988091 graph_emission
[seqwish::transclosure] 27900.968 97.49% 38344988091-39560989454 overlap_collect
[seqwish::transclosure] 27905.545 97.49% 38344988091-39560989454 rank_build
[seqwish::transclosure] 27929.784 97.49% 38344988091-39560989454 parallel_union_find
[seqwish::transclosure] 27929.910 97.49% 38344988091-39560989454 dset_write
[seqwish::transclosure] 27930.436 97.49% 38344988091-39560989454 dset_compression
[seqwish::transclosure] 27930.889 97.49% 38344988091-39560989454 dset_sort
[seqwish::transclosure] 27931.633 97.49% 38344988091-39560989454 dset_invert
[seqwish::transclosure] 27932.166 97.49% 38344988091-39560989454 graph_emission
[seqwish::transclosure] 27941.123 97.56% 39560989454-41294996972 overlap_collect
[seqwish::transclosure] 27947.082 97.56% 39560989454-41294996972 rank_build
[seqwish::transclosure] 27971.105 97.56% 39560989454-41294996972 parallel_union_find
[seqwish::transclosure] 27971.273 97.56% 39560989454-41294996972 dset_write
[seqwish::transclosure] 27971.789 97.56% 39560989454-41294996972 dset_compression
[seqwish::transclosure] 27972.239 97.56% 39560989454-41294996972 dset_sort
[seqwish::transclosure] 27972.998 97.56% 39560989454-41294996972 dset_invert
[seqwish::transclosure] 27973.604 97.56% 39560989454-41294996972 graph_emission
[seqwish::transclosure] 27982.244 97.63% 41294996972-42006486903 overlap_collect
[seqwish::transclosure] 27984.858 97.63% 41294996972-42006486903 rank_build
[seqwish::transclosure] 28009.515 97.63% 41294996972-42006486903 parallel_union_find
[seqwish::transclosure] 28009.613 97.63% 41294996972-42006486903 dset_write
[seqwish::transclosure] 28010.165 97.63% 41294996972-42006486903 dset_compression
[seqwish::transclosure] 28010.557 97.63% 41294996972-42006486903 dset_sort
[seqwish::transclosure] 28011.108 97.63% 41294996972-42006486903 dset_invert
[seqwish::transclosure] 28011.640 97.63% 41294996972-42006486903 graph_emission
[seqwish::transclosure] 28018.536 97.69% 42006486903-42992633855 overlap_collect
[seqwish::transclosure] 28021.775 97.69% 42006486903-42992633855 rank_build
[seqwish::transclosure] 28046.144 97.69% 42006486903-42992633855 parallel_union_find
[seqwish::transclosure] 28046.197 97.69% 42006486903-42992633855 dset_write
[seqwish::transclosure] 28046.662 97.69% 42006486903-42992633855 dset_compression
[seqwish::transclosure] 28047.379 97.69% 42006486903-42992633855 dset_sort
[seqwish::transclosure] 28047.935 97.69% 42006486903-42992633855 dset_invert
[seqwish::transclosure] 28048.751 97.69% 42006486903-42992633855 graph_emission
[seqwish::transclosure] 28057.702 97.74% 42992633855-45025023454 overlap_collect
[seqwish::transclosure] 28064.150 97.74% 42992633855-45025023454 rank_build
[seqwish::transclosure] 28088.313 97.74% 42992633855-45025023454 parallel_union_find
[seqwish::transclosure] 28088.402 97.74% 42992633855-45025023454 dset_write
[seqwish::transclosure] 28088.812 97.74% 42992633855-45025023454 dset_compression
[seqwish::transclosure] 28089.157 97.74% 42992633855-45025023454 dset_sort
[seqwish::transclosure] 28089.965 97.74% 42992633855-45025023454 dset_invert
[seqwish::transclosure] 28090.448 97.74% 42992633855-45025023454 graph_emission
[seqwish::transclosure] 28101.868 97.80% 45025023454-47589328550 overlap_collect
[seqwish::transclosure] 28109.738 97.80% 45025023454-47589328550 rank_build
[seqwish::transclosure] 28134.003 97.80% 45025023454-47589328550 parallel_union_find
[seqwish::transclosure] 28134.038 97.80% 45025023454-47589328550 dset_write
[seqwish::transclosure] 28134.385 97.80% 45025023454-47589328550 dset_compression
[seqwish::transclosure] 28134.701 97.80% 45025023454-47589328550 dset_sort
[seqwish::transclosure] 28135.181 97.80% 45025023454-47589328550 dset_invert
[seqwish::transclosure] 28135.638 97.80% 45025023454-47589328550 graph_emission
[seqwish::transclosure] 28146.845 97.85% 47589328550-49520954864 overlap_collect
[seqwish::transclosure] 28153.063 97.85% 47589328550-49520954864 rank_build
[seqwish::transclosure] 28178.356 97.85% 47589328550-49520954864 parallel_union_find
[seqwish::transclosure] 28178.417 97.85% 47589328550-49520954864 dset_write
[seqwish::transclosure] 28178.800 97.85% 47589328550-49520954864 dset_compression
[seqwish::transclosure] 28179.135 97.85% 47589328550-49520954864 dset_sort
[seqwish::transclosure] 28179.920 97.85% 47589328550-49520954864 dset_invert
[seqwish::transclosure] 28180.439 97.85% 47589328550-49520954864 graph_emission
[seqwish::transclosure] 28189.778 97.90% 49520954864-50928873683 overlap_collect
[seqwish::transclosure] 28194.480 97.90% 49520954864-50928873683 rank_build
[seqwish::transclosure] 28218.536 97.90% 49520954864-50928873683 parallel_union_find
[seqwish::transclosure] 28218.679 97.90% 49520954864-50928873683 dset_write
[seqwish::transclosure] 28219.168 97.90% 49520954864-50928873683 dset_compression
[seqwish::transclosure] 28219.597 97.90% 49520954864-50928873683 dset_sort
[seqwish::transclosure] 28220.130 97.90% 49520954864-50928873683 dset_invert
[seqwish::transclosure] 28220.678 97.90% 49520954864-50928873683 graph_emission
[seqwish::transclosure] 28229.659 97.97% 50928873683-52609176408 overlap_collect
[seqwish::transclosure] 28235.130 97.97% 50928873683-52609176408 rank_build
[seqwish::transclosure] 28259.223 97.97% 50928873683-52609176408 parallel_union_find
[seqwish::transclosure] 28259.278 97.97% 50928873683-52609176408 dset_write
[seqwish::transclosure] 28259.751 97.97% 50928873683-52609176408 dset_compression
[seqwish::transclosure] 28260.118 97.97% 50928873683-52609176408 dset_sort
[seqwish::transclosure] 28260.944 97.97% 50928873683-52609176408 dset_invert
[seqwish::transclosure] 28261.485 97.97% 50928873683-52609176408 graph_emission
[seqwish::transclosure] 28270.131 98.02% 52609176408-53808192204 overlap_collect
[seqwish::transclosure] 28274.099 98.02% 52609176408-53808192204 rank_build
[seqwish::transclosure] 28297.923 98.02% 52609176408-53808192204 parallel_union_find
[seqwish::transclosure] 28297.962 98.02% 52609176408-53808192204 dset_write
[seqwish::transclosure] 28298.313 98.02% 52609176408-53808192204 dset_compression
[seqwish::transclosure] 28298.642 98.02% 52609176408-53808192204 dset_sort
[seqwish::transclosure] 28299.359 98.02% 52609176408-53808192204 dset_invert
[seqwish::transclosure] 28299.820 98.02% 52609176408-53808192204 graph_emission
[seqwish::transclosure] 28306.949 98.07% 53808192204-54447251027 overlap_collect
[seqwish::transclosure] 28309.137 98.07% 53808192204-54447251027 rank_build
[seqwish::transclosure] 28333.198 98.07% 53808192204-54447251027 parallel_union_find
[seqwish::transclosure] 28333.257 98.07% 53808192204-54447251027 dset_write
[seqwish::transclosure] 28333.609 98.07% 53808192204-54447251027 dset_compression
[seqwish::transclosure] 28333.925 98.07% 53808192204-54447251027 dset_sort
[seqwish::transclosure] 28334.413 98.07% 53808192204-54447251027 dset_invert
[seqwish::transclosure] 28334.881 98.07% 53808192204-54447251027 graph_emission
[seqwish::transclosure] 28343.819 98.13% 54447251027-56697229414 overlap_collect
[seqwish::transclosure] 28350.932 98.13% 54447251027-56697229414 rank_build
[seqwish::transclosure] 28374.856 98.13% 54447251027-56697229414 parallel_union_find
[seqwish::transclosure] 28374.925 98.13% 54447251027-56697229414 dset_write
[seqwish::transclosure] 28375.365 98.13% 54447251027-56697229414 dset_compression
[seqwish::transclosure] 28375.734 98.13% 54447251027-56697229414 dset_sort
[seqwish::transclosure] 28376.291 98.13% 54447251027-56697229414 dset_invert
[seqwish::transclosure] 28376.828 98.13% 54447251027-56697229414 graph_emission
[seqwish::transclosure] 28386.232 98.18% 56697229414-57918694722 overlap_collect
[seqwish::transclosure] 28390.116 98.18% 56697229414-57918694722 rank_build
[seqwish::transclosure] 28414.361 98.18% 56697229414-57918694722 parallel_union_find
[seqwish::transclosure] 28414.403 98.18% 56697229414-57918694722 dset_write
[seqwish::transclosure] 28414.778 98.18% 56697229414-57918694722 dset_compression
[seqwish::transclosure] 28415.097 98.18% 56697229414-57918694722 dset_sort
[seqwish::transclosure] 28415.635 98.18% 56697229414-57918694722 dset_invert
[seqwish::transclosure] 28416.103 98.18% 56697229414-57918694722 graph_emission
[seqwish::transclosure] 28425.043 98.24% 57918694722-59746092365 overlap_collect
[seqwish::transclosure] 28430.798 98.24% 57918694722-59746092365 rank_build
[seqwish::transclosure] 28456.172 98.24% 57918694722-59746092365 parallel_union_find
[seqwish::transclosure] 28456.216 98.24% 57918694722-59746092365 dset_write
[seqwish::transclosure] 28456.567 98.24% 57918694722-59746092365 dset_compression
[seqwish::transclosure] 28456.887 98.24% 57918694722-59746092365 dset_sort
[seqwish::transclosure] 28457.407 98.24% 57918694722-59746092365 dset_invert
[seqwish::transclosure] 28457.863 98.24% 57918694722-59746092365 graph_emission
[seqwish::transclosure] 28466.659 98.29% 59746092365-60940482191 overlap_collect
[seqwish::transclosure] 28470.411 98.29% 59746092365-60940482191 rank_build
[seqwish::transclosure] 28494.372 98.29% 59746092365-60940482191 parallel_union_find
[seqwish::transclosure] 28494.423 98.29% 59746092365-60940482191 dset_write
[seqwish::transclosure] 28494.828 98.29% 59746092365-60940482191 dset_compression
[seqwish::transclosure] 28495.625 98.29% 59746092365-60940482191 dset_sort
[seqwish::transclosure] 28496.112 98.29% 59746092365-60940482191 dset_invert
[seqwish::transclosure] 28496.807 98.29% 59746092365-60940482191 graph_emission
[seqwish::transclosure] 28505.059 98.34% 60940482191-62365979491 overlap_collect
[seqwish::transclosure] 28509.685 98.34% 60940482191-62365979491 rank_build
[seqwish::transclosure] 28533.759 98.34% 60940482191-62365979491 parallel_union_find
[seqwish::transclosure] 28533.806 98.34% 60940482191-62365979491 dset_write
[seqwish::transclosure] 28534.181 98.34% 60940482191-62365979491 dset_compression
[seqwish::transclosure] 28534.506 98.34% 60940482191-62365979491 dset_sort
[seqwish::transclosure] 28535.029 98.34% 60940482191-62365979491 dset_invert
[seqwish::transclosure] 28535.498 98.34% 60940482191-62365979491 graph_emission
[seqwish::transclosure] 28542.917 98.39% 62365979491-63066691424 overlap_collect
[seqwish::transclosure] 28545.291 98.39% 62365979491-63066691424 rank_build
[seqwish::transclosure] 28570.921 98.39% 62365979491-63066691424 parallel_union_find
[seqwish::transclosure] 28571.000 98.39% 62365979491-63066691424 dset_write
[seqwish::transclosure] 28571.417 98.39% 62365979491-63066691424 dset_compression
[seqwish::transclosure] 28571.970 98.39% 62365979491-63066691424 dset_sort
[seqwish::transclosure] 28572.484 98.39% 62365979491-63066691424 dset_invert
[seqwish::transclosure] 28573.167 98.39% 62365979491-63066691424 graph_emission
[seqwish::transclosure] 28581.718 98.44% 63066691424-65081514500 overlap_collect
[seqwish::transclosure] 28587.944 98.44% 63066691424-65081514500 rank_build
[seqwish::transclosure] 28611.868 98.44% 63066691424-65081514500 parallel_union_find
[seqwish::transclosure] 28611.931 98.44% 63066691424-65081514500 dset_write
[seqwish::transclosure] 28612.335 98.44% 63066691424-65081514500 dset_compression
[seqwish::transclosure] 28612.698 98.44% 63066691424-65081514500 dset_sort
[seqwish::transclosure] 28613.216 98.44% 63066691424-65081514500 dset_invert
[seqwish::transclosure] 28613.709 98.44% 63066691424-65081514500 graph_emission
[seqwish::transclosure] 28622.711 98.50% 65081514500-66154584242 overlap_collect
[seqwish::transclosure] 28626.265 98.50% 65081514500-66154584242 rank_build
[seqwish::transclosure] 28650.290 98.50% 65081514500-66154584242 parallel_union_find
[seqwish::transclosure] 28650.347 98.50% 65081514500-66154584242 dset_write
[seqwish::transclosure] 28650.729 98.50% 65081514500-66154584242 dset_compression
[seqwish::transclosure] 28651.066 98.50% 65081514500-66154584242 dset_sort
[seqwish::transclosure] 28651.611 98.50% 65081514500-66154584242 dset_invert
[seqwish::transclosure] 28652.097 98.50% 65081514500-66154584242 graph_emission
[seqwish::transclosure] 28660.056 98.55% 66154584242-67539095899 overlap_collect
[seqwish::transclosure] 28664.400 98.55% 66154584242-67539095899 rank_build
[seqwish::transclosure] 28689.707 98.55% 66154584242-67539095899 parallel_union_find
[seqwish::transclosure] 28689.767 98.55% 66154584242-67539095899 dset_write
[seqwish::transclosure] 28690.122 98.55% 66154584242-67539095899 dset_compression
[seqwish::transclosure] 28690.465 98.55% 66154584242-67539095899 dset_sort
[seqwish::transclosure] 28690.963 98.55% 66154584242-67539095899 dset_invert
[seqwish::transclosure] 28691.455 98.55% 66154584242-67539095899 graph_emission
[seqwish::transclosure] 28700.443 98.60% 67539095899-69133847127 overlap_collect
[seqwish::transclosure] 28705.363 98.60% 67539095899-69133847127 rank_build
[seqwish::transclosure] 28729.914 98.60% 67539095899-69133847127 parallel_union_find
[seqwish::transclosure] 28729.969 98.60% 67539095899-69133847127 dset_write
[seqwish::transclosure] 28730.465 98.60% 67539095899-69133847127 dset_compression
[seqwish::transclosure] 28731.206 98.60% 67539095899-69133847127 dset_sort
[seqwish::transclosure] 28731.698 98.60% 67539095899-69133847127 dset_invert
[seqwish::transclosure] 28732.441 98.60% 67539095899-69133847127 graph_emission
[seqwish::transclosure] 28742.016 98.65% 69133847127-70984108569 overlap_collect
[seqwish::transclosure] 28747.671 98.65% 69133847127-70984108569 rank_build
[seqwish::transclosure] 28770.909 98.65% 69133847127-70984108569 parallel_union_find
[seqwish::transclosure] 28770.971 98.65% 69133847127-70984108569 dset_write
[seqwish::transclosure] 28771.281 98.65% 69133847127-70984108569 dset_compression
[seqwish::transclosure] 28771.587 98.65% 69133847127-70984108569 dset_sort
[seqwish::transclosure] 28772.055 98.65% 69133847127-70984108569 dset_invert
[seqwish::transclosure] 28772.485 98.65% 69133847127-70984108569 graph_emission
[seqwish::transclosure] 28781.397 98.70% 70984108569-72263328321 overlap_collect
[seqwish::transclosure] 28785.466 98.70% 70984108569-72263328321 rank_build
[seqwish::transclosure] 28809.289 98.70% 70984108569-72263328321 parallel_union_find
[seqwish::transclosure] 28809.331 98.70% 70984108569-72263328321 dset_write
[seqwish::transclosure] 28809.778 98.70% 70984108569-72263328321 dset_compression
[seqwish::transclosure] 28810.447 98.70% 70984108569-72263328321 dset_sort
[seqwish::transclosure] 28810.984 98.70% 70984108569-72263328321 dset_invert
[seqwish::transclosure] 28811.764 98.70% 70984108569-72263328321 graph_emission
[seqwish::transclosure] 28820.543 98.75% 72263328321-73953988344 overlap_collect
[seqwish::transclosure] 28825.739 98.75% 72263328321-73953988344 rank_build
[seqwish::transclosure] 28851.611 98.75% 72263328321-73953988344 parallel_union_find
[seqwish::transclosure] 28851.667 98.75% 72263328321-73953988344 dset_write
[seqwish::transclosure] 28852.081 98.75% 72263328321-73953988344 dset_compression
[seqwish::transclosure] 28852.727 98.75% 72263328321-73953988344 dset_sort
[seqwish::transclosure] 28853.225 98.75% 72263328321-73953988344 dset_invert
[seqwish::transclosure] 28853.933 98.75% 72263328321-73953988344 graph_emission
[seqwish::transclosure] 28862.472 98.80% 73953988344-75105457682 overlap_collect
[seqwish::transclosure] 28866.071 98.80% 73953988344-75105457682 rank_build
[seqwish::transclosure] 28890.019 98.80% 73953988344-75105457682 parallel_union_find
[seqwish::transclosure] 28890.114 98.80% 73953988344-75105457682 dset_write
[seqwish::transclosure] 28890.606 98.80% 73953988344-75105457682 dset_compression
[seqwish::transclosure] 28891.455 98.80% 73953988344-75105457682 dset_sort
[seqwish::transclosure] 28891.972 98.80% 73953988344-75105457682 dset_invert
[seqwish::transclosure] 28892.793 98.80% 73953988344-75105457682 graph_emission
[seqwish::transclosure] 28900.231 98.86% 75105457682-76063632548 overlap_collect
[seqwish::transclosure] 28903.230 98.86% 75105457682-76063632548 rank_build
[seqwish::transclosure] 28926.852 98.86% 75105457682-76063632548 parallel_union_find
[seqwish::transclosure] 28926.902 98.86% 75105457682-76063632548 dset_write
[seqwish::transclosure] 28927.193 98.86% 75105457682-76063632548 dset_compression
[seqwish::transclosure] 28927.481 98.86% 75105457682-76063632548 dset_sort
[seqwish::transclosure] 28927.960 98.86% 75105457682-76063632548 dset_invert
[seqwish::transclosure] 28928.372 98.86% 75105457682-76063632548 graph_emission
[seqwish::transclosure] 28936.463 98.91% 76063632548-77528934573 overlap_collect
[seqwish::transclosure] 28940.947 98.91% 76063632548-77528934573 rank_build
[seqwish::transclosure] 28965.416 98.91% 76063632548-77528934573 parallel_union_find
[seqwish::transclosure] 28965.465 98.91% 76063632548-77528934573 dset_write
[seqwish::transclosure] 28965.822 98.91% 76063632548-77528934573 dset_compression
[seqwish::transclosure] 28966.094 98.91% 76063632548-77528934573 dset_sort
[seqwish::transclosure] 28966.613 98.91% 76063632548-77528934573 dset_invert
[seqwish::transclosure] 28967.049 98.91% 76063632548-77528934573 graph_emission
[seqwish::transclosure] 28975.246 98.96% 77528934573-78709393208 overlap_collect
[seqwish::transclosure] 28978.895 98.96% 77528934573-78709393208 rank_build
[seqwish::transclosure] 29002.875 98.96% 77528934573-78709393208 parallel_union_find
[seqwish::transclosure] 29002.922 98.96% 77528934573-78709393208 dset_write
[seqwish::transclosure] 29003.317 98.96% 77528934573-78709393208 dset_compression
[seqwish::transclosure] 29004.005 98.96% 77528934573-78709393208 dset_sort
[seqwish::transclosure] 29004.513 98.96% 77528934573-78709393208 dset_invert
[seqwish::transclosure] 29005.214 98.96% 77528934573-78709393208 graph_emission
[seqwish::transclosure] 29014.226 99.01% 78709393208-80521512661 overlap_collect
[seqwish::transclosure] 29019.781 99.01% 78709393208-80521512661 rank_build
[seqwish::transclosure] 29043.900 99.01% 78709393208-80521512661 parallel_union_find
[seqwish::transclosure] 29043.932 99.01% 78709393208-80521512661 dset_write
[seqwish::transclosure] 29044.277 99.01% 78709393208-80521512661 dset_compression
[seqwish::transclosure] 29044.552 99.01% 78709393208-80521512661 dset_sort
[seqwish::transclosure] 29045.076 99.01% 78709393208-80521512661 dset_invert
[seqwish::transclosure] 29045.510 99.01% 78709393208-80521512661 graph_emission
[seqwish::transclosure] 29055.616 99.05% 80521512661-82364564331 overlap_collect
[seqwish::transclosure] 29061.202 99.05% 80521512661-82364564331 rank_build
[seqwish::transclosure] 29085.278 99.05% 80521512661-82364564331 parallel_union_find
[seqwish::transclosure] 29085.327 99.05% 80521512661-82364564331 dset_write
[seqwish::transclosure] 29085.698 99.05% 80521512661-82364564331 dset_compression
[seqwish::transclosure] 29086.020 99.05% 80521512661-82364564331 dset_sort
[seqwish::transclosure] 29086.736 99.05% 80521512661-82364564331 dset_invert
[seqwish::transclosure] 29087.203 99.05% 80521512661-82364564331 graph_emission
[seqwish::transclosure] 29096.865 99.10% 82364564648-84111510467 overlap_collect
[seqwish::transclosure] 29102.277 99.10% 82364564648-84111510467 rank_build
[seqwish::transclosure] 29128.038 99.10% 82364564648-84111510467 parallel_union_find
[seqwish::transclosure] 29128.058 99.10% 82364564648-84111510467 dset_write
[seqwish::transclosure] 29128.390 99.10% 82364564648-84111510467 dset_compression
[seqwish::transclosure] 29128.660 99.10% 82364564648-84111510467 dset_sort
[seqwish::transclosure] 29129.174 99.10% 82364564648-84111510467 dset_invert
[seqwish::transclosure] 29129.603 99.10% 82364564648-84111510467 graph_emission
[seqwish::transclosure] 29140.027 99.15% 84111510467-86331442476 overlap_collect
[seqwish::transclosure] 29146.623 99.15% 84111510467-86331442476 rank_build
[seqwish::transclosure] 29170.914 99.15% 84111510467-86331442476 parallel_union_find
[seqwish::transclosure] 29170.954 99.15% 84111510467-86331442476 dset_write
[seqwish::transclosure] 29171.301 99.15% 84111510467-86331442476 dset_compression
[seqwish::transclosure] 29171.576 99.15% 84111510467-86331442476 dset_sort
[seqwish::transclosure] 29172.071 99.15% 84111510467-86331442476 dset_invert
[seqwish::transclosure] 29172.514 99.15% 84111510467-86331442476 graph_emission
[seqwish::transclosure] 29181.780 99.19% 86331442476-87347718724 overlap_collect
[seqwish::transclosure] 29185.082 99.19% 86331442476-87347718724 rank_build
[seqwish::transclosure] 29208.688 99.19% 86331442476-87347718724 parallel_union_find
[seqwish::transclosure] 29208.740 99.19% 86331442476-87347718724 dset_write
[seqwish::transclosure] 29209.079 99.19% 86331442476-87347718724 dset_compression
[seqwish::transclosure] 29209.380 99.19% 86331442476-87347718724 dset_sort
[seqwish::transclosure] 29210.100 99.19% 86331442476-87347718724 dset_invert
[seqwish::transclosure] 29210.534 99.19% 86331442476-87347718724 graph_emission
[seqwish::transclosure] 29219.983 99.24% 87347718724-89609568618 overlap_collect
[seqwish::transclosure] 29226.888 99.24% 87347718724-89609568618 rank_build
[seqwish::transclosure] 29251.076 99.24% 87347718724-89609568618 parallel_union_find
[seqwish::transclosure] 29251.118 99.24% 87347718724-89609568618 dset_write
[seqwish::transclosure] 29251.463 99.24% 87347718724-89609568618 dset_compression
[seqwish::transclosure] 29251.739 99.24% 87347718724-89609568618 dset_sort
[seqwish::transclosure] 29252.248 99.24% 87347718724-89609568618 dset_invert
[seqwish::transclosure] 29252.675 99.24% 87347718724-89609568618 graph_emission
[seqwish::transclosure] 29262.222 99.29% 89609568618-90863802946 overlap_collect
[seqwish::transclosure] 29266.115 99.29% 89609568618-90863802946 rank_build
[seqwish::transclosure] 29290.183 99.29% 89609568618-90863802946 parallel_union_find
[seqwish::transclosure] 29290.216 99.29% 89609568618-90863802946 dset_write
[seqwish::transclosure] 29290.541 99.29% 89609568618-90863802946 dset_compression
[seqwish::transclosure] 29290.807 99.29% 89609568618-90863802946 dset_sort
[seqwish::transclosure] 29291.525 99.29% 89609568618-90863802946 dset_invert
[seqwish::transclosure] 29291.965 99.29% 89609568618-90863802946 graph_emission
[seqwish::transclosure] 29299.528 99.33% 90863802946-91752171249 overlap_collect
[seqwish::transclosure] 29302.482 99.33% 90863802946-91752171249 rank_build
[seqwish::transclosure] 29327.718 99.33% 90863802946-91752171249 parallel_union_find
[seqwish::transclosure] 29328.027 99.33% 90863802946-91752171249 dset_write
[seqwish::transclosure] 29328.435 99.33% 90863802946-91752171249 dset_compression
[seqwish::transclosure] 29328.772 99.33% 90863802946-91752171249 dset_sort
[seqwish::transclosure] 29329.292 99.33% 90863802946-91752171249 dset_invert
[seqwish::transclosure] 29329.724 99.33% 90863802946-91752171249 graph_emission
[seqwish::transclosure] 29339.159 99.39% 91752171249-94146511988 overlap_collect
[seqwish::transclosure] 29346.319 99.39% 91752171249-94146511988 rank_build
[seqwish::transclosure] 29371.385 99.39% 91752171249-94146511988 parallel_union_find
[seqwish::transclosure] 29371.417 99.39% 91752171249-94146511988 dset_write
[seqwish::transclosure] 29371.787 99.39% 91752171249-94146511988 dset_compression
[seqwish::transclosure] 29372.077 99.39% 91752171249-94146511988 dset_sort
[seqwish::transclosure] 29372.578 99.39% 91752171249-94146511988 dset_invert
[seqwish::transclosure] 29372.980 99.39% 91752171249-94146511988 graph_emission
[seqwish::transclosure] 29383.425 99.43% 94146511988-95721681604 overlap_collect
[seqwish::transclosure] 29388.205 99.43% 94146511988-95721681604 rank_build
[seqwish::transclosure] 29412.009 99.43% 94146511988-95721681604 parallel_union_find
[seqwish::transclosure] 29412.049 99.43% 94146511988-95721681604 dset_write
[seqwish::transclosure] 29412.382 99.43% 94146511988-95721681604 dset_compression
[seqwish::transclosure] 29412.688 99.43% 94146511988-95721681604 dset_sort
[seqwish::transclosure] 29413.214 99.43% 94146511988-95721681604 dset_invert
[seqwish::transclosure] 29413.662 99.43% 94146511988-95721681604 graph_emission
[seqwish::transclosure] 29422.920 99.48% 95721681604-97277550720 overlap_collect
[seqwish::transclosure] 29427.677 99.48% 95721681604-97277550720 rank_build
[seqwish::transclosure] 29452.759 99.48% 95721681604-97277550720 parallel_union_find
[seqwish::transclosure] 29452.802 99.48% 95721681604-97277550720 dset_write
[seqwish::transclosure] 29453.134 99.48% 95721681604-97277550720 dset_compression
[seqwish::transclosure] 29453.462 99.48% 95721681604-97277550720 dset_sort
[seqwish::transclosure] 29453.919 99.48% 95721681604-97277550720 dset_invert
[seqwish::transclosure] 29454.352 99.48% 95721681604-97277550720 graph_emission
[seqwish::transclosure] 29464.293 99.53% 97277550720-99327839921 overlap_collect
[seqwish::transclosure] 29470.390 99.53% 97277550720-99327839921 rank_build
[seqwish::transclosure] 29494.791 99.53% 97277550720-99327839921 parallel_union_find
[seqwish::transclosure] 29494.851 99.53% 97277550720-99327839921 dset_write
[seqwish::transclosure] 29495.199 99.53% 97277550720-99327839921 dset_compression
[seqwish::transclosure] 29495.486 99.53% 97277550720-99327839921 dset_sort
[seqwish::transclosure] 29495.982 99.53% 97277550720-99327839921 dset_invert
[seqwish::transclosure] 29496.380 99.53% 97277550720-99327839921 graph_emission
[seqwish::transclosure] 29506.679 99.58% 99327839921-101201072459 overlap_collect
[seqwish::transclosure] 29512.372 99.58% 99327839921-101201072459 rank_build
[seqwish::transclosure] 29537.717 99.58% 99327839921-101201072459 parallel_union_find
[seqwish::transclosure] 29537.776 99.58% 99327839921-101201072459 dset_write
[seqwish::transclosure] 29538.149 99.58% 99327839921-101201072459 dset_compression
[seqwish::transclosure] 29538.433 99.58% 99327839921-101201072459 dset_sort
[seqwish::transclosure] 29538.936 99.58% 99327839921-101201072459 dset_invert
[seqwish::transclosure] 29539.384 99.58% 99327839921-101201072459 graph_emission
[seqwish::transclosure] 29548.946 99.62% 101201108797-102624445700 overlap_collect
[seqwish::transclosure] 29553.404 99.62% 101201108797-102624445700 rank_build
[seqwish::transclosure] 29578.746 99.62% 101201108797-102624445700 parallel_union_find
[seqwish::transclosure] 29578.765 99.62% 101201108797-102624445700 dset_write
[seqwish::transclosure] 29579.063 99.62% 101201108797-102624445700 dset_compression
[seqwish::transclosure] 29579.322 99.62% 101201108797-102624445700 dset_sort
[seqwish::transclosure] 29579.803 99.62% 101201108797-102624445700 dset_invert
[seqwish::transclosure] 29580.185 99.62% 101201108797-102624445700 graph_emission
[seqwish::transclosure] 29590.090 99.67% 102624445700-104770070073 overlap_collect
[seqwish::transclosure] 29596.690 99.67% 102624445700-104770070073 rank_build
[seqwish::transclosure] 29620.960 99.67% 102624445700-104770070073 parallel_union_find
[seqwish::transclosure] 29620.988 99.67% 102624445700-104770070073 dset_write
[seqwish::transclosure] 29621.308 99.67% 102624445700-104770070073 dset_compression
[seqwish::transclosure] 29621.558 99.67% 102624445700-104770070073 dset_sort
[seqwish::transclosure] 29622.047 99.67% 102624445700-104770070073 dset_invert
[seqwish::transclosure] 29622.478 99.67% 102624445700-104770070073 graph_emission
[seqwish::transclosure] 29632.560 99.71% 104770070073-106379981950 overlap_collect
[seqwish::transclosure] 29637.502 99.71% 104770070073-106379981950 rank_build
[seqwish::transclosure] 29661.833 99.71% 104770070073-106379981950 parallel_union_find
[seqwish::transclosure] 29661.883 99.71% 104770070073-106379981950 dset_write
[seqwish::transclosure] 29662.194 99.71% 104770070073-106379981950 dset_compression
[seqwish::transclosure] 29662.475 99.71% 104770070073-106379981950 dset_sort
[seqwish::transclosure] 29662.945 99.71% 104770070073-106379981950 dset_invert
[seqwish::transclosure] 29663.349 99.71% 104770070073-106379981950 graph_emission
[seqwish::transclosure] 29673.041 99.76% 106379981950-108277724756 overlap_collect
[seqwish::transclosure] 29678.741 99.76% 106379981950-108277724756 rank_build
[seqwish::transclosure] 29702.784 99.76% 106379981950-108277724756 parallel_union_find
[seqwish::transclosure] 29702.802 99.76% 106379981950-108277724756 dset_write
[seqwish::transclosure] 29703.111 99.76% 106379981950-108277724756 dset_compression
[seqwish::transclosure] 29703.348 99.76% 106379981950-108277724756 dset_sort
[seqwish::transclosure] 29703.813 99.76% 106379981950-108277724756 dset_invert
[seqwish::transclosure] 29704.202 99.76% 106379981950-108277724756 graph_emission
[seqwish::transclosure] 29713.595 99.80% 108277724756-109788886617 overlap_collect
[seqwish::transclosure] 29718.129 99.80% 108277724756-109788886617 rank_build
[seqwish::transclosure] 29742.662 99.80% 108277724756-109788886617 parallel_union_find
[seqwish::transclosure] 29742.695 99.80% 108277724756-109788886617 dset_write
[seqwish::transclosure] 29743.039 99.80% 108277724756-109788886617 dset_compression
[seqwish::transclosure] 29743.297 99.80% 108277724756-109788886617 dset_sort
[seqwish::transclosure] 29743.746 99.80% 108277724756-109788886617 dset_invert
[seqwish::transclosure] 29744.158 99.80% 108277724756-109788886617 graph_emission
[seqwish::transclosure] 29753.185 99.84% 109788886617-111351222455 overlap_collect
[seqwish::transclosure] 29757.914 99.84% 109788886617-111351222455 rank_build
[seqwish::transclosure] 29782.244 99.84% 109788886617-111351222455 parallel_union_find
[seqwish::transclosure] 29782.271 99.84% 109788886617-111351222455 dset_write
[seqwish::transclosure] 29782.603 99.84% 109788886617-111351222455 dset_compression
[seqwish::transclosure] 29782.870 99.84% 109788886617-111351222455 dset_sort
[seqwish::transclosure] 29783.345 99.84% 109788886617-111351222455 dset_invert
[seqwish::transclosure] 29783.732 99.84% 109788886617-111351222455 graph_emission
[seqwish::transclosure] 29792.697 99.89% 111351222455-112913422485 overlap_collect
[seqwish::transclosure] 29797.402 99.89% 111351222455-112913422485 rank_build
[seqwish::transclosure] 29822.880 99.89% 111351222455-112913422485 parallel_union_find
[seqwish::transclosure] 29822.946 99.89% 111351222455-112913422485 dset_write
[seqwish::transclosure] 29823.361 99.89% 111351222455-112913422485 dset_compression
[seqwish::transclosure] 29823.645 99.89% 111351222455-112913422485 dset_sort
[seqwish::transclosure] 29824.109 99.89% 111351222455-112913422485 dset_invert
[seqwish::transclosure] 29824.485 99.89% 111351222455-112913422485 graph_emission
[seqwish::transclosure] 29833.379 99.93% 112913422485-114288987492 overlap_collect
[seqwish::transclosure] 29837.663 99.93% 112913422485-114288987492 rank_build
[seqwish::transclosure] 29863.218 99.93% 112913422485-114288987492 parallel_union_find
[seqwish::transclosure] 29863.247 99.93% 112913422485-114288987492 dset_write
[seqwish::transclosure] 29863.581 99.93% 112913422485-114288987492 dset_compression
[seqwish::transclosure] 29863.842 99.93% 112913422485-114288987492 dset_sort
[seqwish::transclosure] 29864.312 99.93% 112913422485-114288987492 dset_invert
[seqwish::transclosure] 29864.716 99.93% 112913422485-114288987492 graph_emission
[seqwish::transclosure] 29871.680 99.98% 114288987492-114627039076 overlap_collect
[seqwish::transclosure] 29872.802 99.98% 114288987492-114627039076 rank_build
[seqwish::transclosure] 29896.532 99.98% 114288987492-114627039076 parallel_union_find
[seqwish::transclosure] 29896.546 99.98% 114288987492-114627039076 dset_write
[seqwish::transclosure] 29896.691 99.98% 114288987492-114627039076 dset_compression
[seqwish::transclosure] 29896.808 99.98% 114288987492-114627039076 dset_sort
[seqwish::transclosure] 29897.037 99.98% 114288987492-114627039076 dset_invert
[seqwish::transclosure] 29897.216 99.98% 114288987492-114627039076 graph_emission
[seqwish::transclosure] 29900.285 100.00% building node_iitree and path_iitree indexes
[seqwish::transclosure] 30237.727 100.00% done
[seqwish::transclosure] 30238.377 done with transitive closures
[seqwish::compact] 30238.378 compacting nodes
[seqwish::compact] 30590.346 done compacting
[seqwish::compact] 30592.232 built node index
[seqwish::links] 30592.232 finding graph links
[seqwish::links] 31783.900 links derived
[seqwish::gfa] 31783.900 writing graph
[seqwish::gfa] 36254.650 done
	Command being timed: "/home/guarracino/tools/seqwish/bin/seqwish-ccfefb016fcfc9937817ce61dc06bbcf382be75e -t 48 -s /lizardfs/guarracino/seqwish-paper/hprc_plus/assemblies/HPRC_plus.fa.gz -p /lizardfs/guarracino/seqwish-paper/hprc_plus/alignment/HPRC_plus.s100k.l300k.p98.n90.k16.chunk_0.paf.gz,/lizardfs/guarracino/seqwish-paper/hprc_plus/alignment/HPRC_plus.s100k.l300k.p98.n90.k16.chunk_1.paf.gz,/lizardfs/guarracino/seqwish-paper/hprc_plus/alignment/HPRC_plus.s100k.l300k.p98.n90.k16.chunk_2.paf.gz,/lizardfs/guarracino/seqwish-paper/hprc_plus/alignment/HPRC_plus.s100k.l300k.p98.n90.k16.chunk_3.paf.gz,/lizardfs/guarracino/seqwish-paper/hprc_plus/alignment/HPRC_plus.s100k.l300k.p98.n90.k16.chunk_4.paf.gz -k 179 -B 50M -g HPRC_plus.s100k.l300k.p98.n90.k16.seqwish.k179.B50M.gfa -P"
	User time (seconds): 621942.23
	System time (seconds): 12643.48
	Percent of CPU this job got: 1748%
	Elapsed (wall clock) time (h:mm:ss or m:ss): 10:04:47
	Average shared text size (kbytes): 0
	Average unshared data size (kbytes): 0
	Average stack size (kbytes): 0
	Average total size (kbytes): 0
	Maximum resident set size (kbytes): 338231188
	Average resident set size (kbytes): 0
	Major (requiring I/O) page faults: 1409714
	Minor (reclaiming a frame) page faults: 5346779206
	Voluntary context switches: 1217696814
	Involuntary context switches: 543755267
	Swaps: 0
	File system inputs: 255438728
	File system outputs: 3286450520
	Socket messages sent: 0
	Socket messages received: 0
	Signals delivered: 0
	Page size (bytes): 4096
	Exit status: 0
