octopus06
[seqwish::seqidx] 0.004 indexing sequences
[seqwish::seqidx] 925.442 index built
[seqwish::alignments] 925.443 processing alignments
[seqwish::alignments] 1704.635 indexing
[seqwish::alignments] 3597.613 index built
[seqwish::transclosure] 3597.615 computing transitive closures
[seqwish::transclosure] 3604.742 0.00% 0-50000000 overlap_collect
[seqwish::transclosure] 3628.235 0.00% 0-50000000 rank_build
[seqwish::transclosure] 3673.402 0.00% 0-50000000 parallel_union_find
[seqwish::transclosure] 3709.403 0.00% 0-50000000 dset_write
[seqwish::transclosure] 3722.171 0.00% 0-50000000 dset_compression
[seqwish::transclosure] 3735.360 0.00% 0-50000000 dset_sort
[seqwish::transclosure] 3740.626 0.00% 0-50000000 dset_invert
[seqwish::transclosure] 3749.375 0.00% 0-50000000 graph_emission
[seqwish::transclosure] 3759.563 1.64% 50000000-100000000 overlap_collect
[seqwish::transclosure] 3782.705 1.64% 50000000-100000000 rank_build
[seqwish::transclosure] 3824.612 1.64% 50000000-100000000 parallel_union_find
[seqwish::transclosure] 3861.527 1.64% 50000000-100000000 dset_write
[seqwish::transclosure] 3874.179 1.64% 50000000-100000000 dset_compression
[seqwish::transclosure] 3884.092 1.64% 50000000-100000000 dset_sort
[seqwish::transclosure] 3888.682 1.64% 50000000-100000000 dset_invert
[seqwish::transclosure] 3896.958 1.64% 50000000-100000000 graph_emission
[seqwish::transclosure] 4083.533 3.27% 100000000-150000000 overlap_collect
[seqwish::transclosure] 4100.526 3.27% 100000000-150000000 rank_build
[seqwish::transclosure] 4135.881 3.27% 100000000-150000000 parallel_union_find
[seqwish::transclosure] 4161.390 3.27% 100000000-150000000 dset_write
[seqwish::transclosure] 4169.107 3.27% 100000000-150000000 dset_compression
[seqwish::transclosure] 4177.280 3.27% 100000000-150000000 dset_sort
[seqwish::transclosure] 4180.797 3.27% 100000000-150000000 dset_invert
[seqwish::transclosure] 4187.239 3.27% 100000000-150000000 graph_emission
[seqwish::transclosure] 4396.227 4.32% 150000000-200000000 overlap_collect
[seqwish::transclosure] 4419.024 4.32% 150000000-200000000 rank_build
[seqwish::transclosure] 4463.704 4.32% 150000000-200000000 parallel_union_find
[seqwish::transclosure] 4501.132 4.32% 150000000-200000000 dset_write
[seqwish::transclosure] 4512.864 4.32% 150000000-200000000 dset_compression
[seqwish::transclosure] 4522.957 4.32% 150000000-200000000 dset_sort
[seqwish::transclosure] 4527.529 4.32% 150000000-200000000 dset_invert
[seqwish::transclosure] 4535.524 4.32% 150000000-200000000 graph_emission
[seqwish::transclosure] 4616.761 5.94% 200000000-250000000 overlap_collect
[seqwish::transclosure] 4640.790 5.94% 200000000-250000000 rank_build
[seqwish::transclosure] 4682.640 5.94% 200000000-250000000 parallel_union_find
[seqwish::transclosure] 4720.580 5.94% 200000000-250000000 dset_write
[seqwish::transclosure] 4731.399 5.94% 200000000-250000000 dset_compression
[seqwish::transclosure] 4743.068 5.94% 200000000-250000000 dset_sort
[seqwish::transclosure] 4747.572 5.94% 200000000-250000000 dset_invert
[seqwish::transclosure] 4757.873 5.94% 200000000-250000000 graph_emission
[seqwish::transclosure] 4923.653 7.56% 250000000-300000000 overlap_collect
[seqwish::transclosure] 4947.240 7.56% 250000000-300000000 rank_build
[seqwish::transclosure] 4991.330 7.56% 250000000-300000000 parallel_union_find
[seqwish::transclosure] 5033.391 7.56% 250000000-300000000 dset_write
[seqwish::transclosure] 5045.532 7.56% 250000000-300000000 dset_compression
[seqwish::transclosure] 5055.073 7.56% 250000000-300000000 dset_sort
[seqwish::transclosure] 5059.604 7.56% 250000000-300000000 dset_invert
[seqwish::transclosure] 5067.394 7.56% 250000000-300000000 graph_emission
[seqwish::transclosure] 5244.690 9.18% 300000000-350208714 overlap_collect
[seqwish::transclosure] 5265.978 9.18% 300000000-350208714 rank_build
[seqwish::transclosure] 5310.204 9.18% 300000000-350208714 parallel_union_find
[seqwish::transclosure] 5346.089 9.18% 300000000-350208714 dset_write
[seqwish::transclosure] 5357.846 9.18% 300000000-350208714 dset_compression
[seqwish::transclosure] 5367.278 9.18% 300000000-350208714 dset_sort
[seqwish::transclosure] 5371.627 9.18% 300000000-350208714 dset_invert
[seqwish::transclosure] 5378.795 9.18% 300000000-350208714 graph_emission
[seqwish::transclosure] 5554.681 10.72% 350208714-400208714 overlap_collect
[seqwish::transclosure] 5577.959 10.72% 350208714-400208714 rank_build
[seqwish::transclosure] 5637.423 10.72% 350208714-400208714 parallel_union_find
[seqwish::transclosure] 5674.404 10.72% 350208714-400208714 dset_write
[seqwish::transclosure] 5687.505 10.72% 350208714-400208714 dset_compression
[seqwish::transclosure] 5697.158 10.72% 350208714-400208714 dset_sort
[seqwish::transclosure] 5702.244 10.72% 350208714-400208714 dset_invert
[seqwish::transclosure] 5709.866 10.72% 350208714-400208714 graph_emission
[seqwish::transclosure] 5853.433 12.35% 400208714-450208714 overlap_collect
[seqwish::transclosure] 5876.212 12.35% 400208714-450208714 rank_build
[seqwish::transclosure] 5921.443 12.35% 400208714-450208714 parallel_union_find
[seqwish::transclosure] 5959.047 12.35% 400208714-450208714 dset_write
[seqwish::transclosure] 5971.645 12.35% 400208714-450208714 dset_compression
[seqwish::transclosure] 5987.346 12.35% 400208714-450208714 dset_sort
[seqwish::transclosure] 5992.208 12.35% 400208714-450208714 dset_invert
[seqwish::transclosure] 6006.139 12.35% 400208714-450208714 graph_emission
[seqwish::transclosure] 6168.663 13.98% 450208714-500208714 overlap_collect
[seqwish::transclosure] 6191.866 13.98% 450208714-500208714 rank_build
[seqwish::transclosure] 6234.004 13.98% 450208714-500208714 parallel_union_find
[seqwish::transclosure] 6270.281 13.98% 450208714-500208714 dset_write
[seqwish::transclosure] 6280.925 13.98% 450208714-500208714 dset_compression
[seqwish::transclosure] 6293.061 13.98% 450208714-500208714 dset_sort
[seqwish::transclosure] 6297.593 13.98% 450208714-500208714 dset_invert
[seqwish::transclosure] 6308.589 13.98% 450208714-500208714 graph_emission
[seqwish::transclosure] 6470.090 15.60% 500208714-550208714 overlap_collect
[seqwish::transclosure] 6494.069 15.60% 500208714-550208714 rank_build
[seqwish::transclosure] 6536.084 15.60% 500208714-550208714 parallel_union_find
[seqwish::transclosure] 6578.375 15.60% 500208714-550208714 dset_write
[seqwish::transclosure] 6591.840 15.60% 500208714-550208714 dset_compression
[seqwish::transclosure] 6603.032 15.60% 500208714-550208714 dset_sort
[seqwish::transclosure] 6612.995 15.60% 500208714-550208714 dset_invert
[seqwish::transclosure] 6622.324 15.60% 500208714-550208714 graph_emission
[seqwish::transclosure] 6792.117 17.23% 550208714-600208714 overlap_collect
[seqwish::transclosure] 6814.501 17.23% 550208714-600208714 rank_build
[seqwish::transclosure] 6860.331 17.23% 550208714-600208714 parallel_union_find
[seqwish::transclosure] 6894.847 17.23% 550208714-600208714 dset_write
[seqwish::transclosure] 6905.321 17.23% 550208714-600208714 dset_compression
[seqwish::transclosure] 6917.135 17.23% 550208714-600208714 dset_sort
[seqwish::transclosure] 6922.221 17.23% 550208714-600208714 dset_invert
[seqwish::transclosure] 6935.493 17.23% 550208714-600208714 graph_emission
[seqwish::transclosure] 7100.248 18.80% 600208714-650208714 overlap_collect
[seqwish::transclosure] 7123.724 18.80% 600208714-650208714 rank_build
[seqwish::transclosure] 7167.249 18.80% 600208714-650208714 parallel_union_find
[seqwish::transclosure] 7208.231 18.80% 600208714-650208714 dset_write
[seqwish::transclosure] 7219.758 18.80% 600208714-650208714 dset_compression
[seqwish::transclosure] 7230.613 18.80% 600208714-650208714 dset_sort
[seqwish::transclosure] 7235.249 18.80% 600208714-650208714 dset_invert
[seqwish::transclosure] 7246.061 18.80% 600208714-650208714 graph_emission
[seqwish::transclosure] 7413.740 20.42% 650208714-700283447 overlap_collect
[seqwish::transclosure] 7438.418 20.42% 650208714-700283447 rank_build
[seqwish::transclosure] 7478.616 20.42% 650208714-700283447 parallel_union_find
[seqwish::transclosure] 7515.082 20.42% 650208714-700283447 dset_write
[seqwish::transclosure] 7529.066 20.42% 650208714-700283447 dset_compression
[seqwish::transclosure] 7543.658 20.42% 650208714-700283447 dset_sort
[seqwish::transclosure] 7548.205 20.42% 650208714-700283447 dset_invert
[seqwish::transclosure] 7561.094 20.42% 650208714-700283447 graph_emission
[seqwish::transclosure] 7724.241 22.04% 700283447-750283447 overlap_collect
[seqwish::transclosure] 7744.680 22.04% 700283447-750283447 rank_build
[seqwish::transclosure] 7787.401 22.04% 700283447-750283447 parallel_union_find
[seqwish::transclosure] 7819.347 22.04% 700283447-750283447 dset_write
[seqwish::transclosure] 7829.826 22.04% 700283447-750283447 dset_compression
[seqwish::transclosure] 7840.957 22.04% 700283447-750283447 dset_sort
[seqwish::transclosure] 7845.388 22.04% 700283447-750283447 dset_invert
[seqwish::transclosure] 7855.289 22.04% 700283447-750283447 graph_emission
[seqwish::transclosure] 8031.471 23.52% 750283447-800283447 overlap_collect
[seqwish::transclosure] 8055.167 23.52% 750283447-800283447 rank_build
[seqwish::transclosure] 8106.612 23.52% 750283447-800283447 parallel_union_find
[seqwish::transclosure] 8143.796 23.52% 750283447-800283447 dset_write
[seqwish::transclosure] 8157.385 23.52% 750283447-800283447 dset_compression
[seqwish::transclosure] 8169.418 23.52% 750283447-800283447 dset_sort
[seqwish::transclosure] 8174.022 23.52% 750283447-800283447 dset_invert
[seqwish::transclosure] 8184.798 23.52% 750283447-800283447 graph_emission
[seqwish::transclosure] 8333.613 25.13% 800283447-850283447 overlap_collect
[seqwish::transclosure] 8356.531 25.13% 800283447-850283447 rank_build
[seqwish::transclosure] 8404.881 25.13% 800283447-850283447 parallel_union_find
[seqwish::transclosure] 8441.694 25.13% 800283447-850283447 dset_write
[seqwish::transclosure] 8453.180 25.13% 800283447-850283447 dset_compression
[seqwish::transclosure] 8464.930 25.13% 800283447-850283447 dset_sort
[seqwish::transclosure] 8469.564 25.13% 800283447-850283447 dset_invert
[seqwish::transclosure] 8480.159 25.13% 800283447-850283447 graph_emission
[seqwish::transclosure] 8640.302 26.76% 850283447-900283447 overlap_collect
[seqwish::transclosure] 8663.038 26.76% 850283447-900283447 rank_build
[seqwish::transclosure] 8708.347 26.76% 850283447-900283447 parallel_union_find
[seqwish::transclosure] 8743.255 26.76% 850283447-900283447 dset_write
[seqwish::transclosure] 8755.374 26.76% 850283447-900283447 dset_compression
[seqwish::transclosure] 8768.475 26.76% 850283447-900283447 dset_sort
[seqwish::transclosure] 8773.062 26.76% 850283447-900283447 dset_invert
[seqwish::transclosure] 8784.752 26.76% 850283447-900283447 graph_emission
[seqwish::transclosure] 8950.744 28.37% 900283447-950283447 overlap_collect
[seqwish::transclosure] 8972.470 28.37% 900283447-950283447 rank_build
[seqwish::transclosure] 9013.281 28.37% 900283447-950283447 parallel_union_find
[seqwish::transclosure] 9047.034 28.37% 900283447-950283447 dset_write
[seqwish::transclosure] 9058.050 28.37% 900283447-950283447 dset_compression
[seqwish::transclosure] 9069.700 28.37% 900283447-950283447 dset_sort
[seqwish::transclosure] 9074.134 28.37% 900283447-950283447 dset_invert
[seqwish::transclosure] 9084.457 28.37% 900283447-950283447 graph_emission
[seqwish::transclosure] 9257.715 29.88% 950283447-1000283447 overlap_collect
[seqwish::transclosure] 9281.177 29.88% 950283447-1000283447 rank_build
[seqwish::transclosure] 9327.196 29.88% 950283447-1000283447 parallel_union_find
[seqwish::transclosure] 9364.465 29.88% 950283447-1000283447 dset_write
[seqwish::transclosure] 9376.605 29.88% 950283447-1000283447 dset_compression
[seqwish::transclosure] 9390.135 29.88% 950283447-1000283447 dset_sort
[seqwish::transclosure] 9394.698 29.88% 950283447-1000283447 dset_invert
[seqwish::transclosure] 9407.171 29.88% 950283447-1000283447 graph_emission
[seqwish::transclosure] 9548.605 31.50% 1000283447-1050283447 overlap_collect
[seqwish::transclosure] 9572.431 31.50% 1000283447-1050283447 rank_build
[seqwish::transclosure] 9616.863 31.50% 1000283447-1050283447 parallel_union_find
[seqwish::transclosure] 9654.613 31.50% 1000283447-1050283447 dset_write
[seqwish::transclosure] 9666.968 31.50% 1000283447-1050283447 dset_compression
[seqwish::transclosure] 9679.486 31.50% 1000283447-1050283447 dset_sort
[seqwish::transclosure] 9684.028 31.50% 1000283447-1050283447 dset_invert
[seqwish::transclosure] 9695.500 31.50% 1000283447-1050283447 graph_emission
[seqwish::transclosure] 9865.595 33.13% 1050283447-1100353039 overlap_collect
[seqwish::transclosure] 9889.332 33.13% 1050283447-1100353039 rank_build
[seqwish::transclosure] 9930.267 33.13% 1050283447-1100353039 parallel_union_find
[seqwish::transclosure] 9968.610 33.13% 1050283447-1100353039 dset_write
[seqwish::transclosure] 9981.120 33.13% 1050283447-1100353039 dset_compression
[seqwish::transclosure] 9992.616 33.13% 1050283447-1100353039 dset_sort
[seqwish::transclosure] 9997.132 33.13% 1050283447-1100353039 dset_invert
[seqwish::transclosure] 10007.072 33.13% 1050283447-1100353039 graph_emission
[seqwish::transclosure] 10174.827 34.73% 1100353039-1150353039 overlap_collect
[seqwish::transclosure] 10198.093 34.73% 1100353039-1150353039 rank_build
[seqwish::transclosure] 10243.797 34.73% 1100353039-1150353039 parallel_union_find
[seqwish::transclosure] 10279.844 34.73% 1100353039-1150353039 dset_write
[seqwish::transclosure] 10291.437 34.73% 1100353039-1150353039 dset_compression
[seqwish::transclosure] 10303.018 34.73% 1100353039-1150353039 dset_sort
[seqwish::transclosure] 10307.656 34.73% 1100353039-1150353039 dset_invert
[seqwish::transclosure] 10317.833 34.73% 1100353039-1150353039 graph_emission
[seqwish::transclosure] 10493.283 36.30% 1150353039-1200353039 overlap_collect
[seqwish::transclosure] 10516.527 36.30% 1150353039-1200353039 rank_build
[seqwish::transclosure] 10558.553 36.30% 1150353039-1200353039 parallel_union_find
[seqwish::transclosure] 10595.980 36.30% 1150353039-1200353039 dset_write
[seqwish::transclosure] 10607.720 36.30% 1150353039-1200353039 dset_compression
[seqwish::transclosure] 10619.899 36.30% 1150353039-1200353039 dset_sort
[seqwish::transclosure] 10624.691 36.30% 1150353039-1200353039 dset_invert
[seqwish::transclosure] 10635.502 36.30% 1150353039-1200353039 graph_emission
[seqwish::transclosure] 10800.787 37.93% 1200353039-1250353039 overlap_collect
[seqwish::transclosure] 10824.829 37.93% 1200353039-1250353039 rank_build
[seqwish::transclosure] 10874.039 37.93% 1200353039-1250353039 parallel_union_find
[seqwish::transclosure] 10909.700 37.93% 1200353039-1250353039 dset_write
[seqwish::transclosure] 10920.884 37.93% 1200353039-1250353039 dset_compression
[seqwish::transclosure] 10932.999 37.93% 1200353039-1250353039 dset_sort
[seqwish::transclosure] 10937.594 37.93% 1200353039-1250353039 dset_invert
[seqwish::transclosure] 10948.475 37.93% 1200353039-1250353039 graph_emission
[seqwish::transclosure] 11103.360 39.53% 1250353039-1300353039 overlap_collect
[seqwish::transclosure] 11126.358 39.53% 1250353039-1300353039 rank_build
[seqwish::transclosure] 11169.981 39.53% 1250353039-1300353039 parallel_union_find
[seqwish::transclosure] 11210.429 39.53% 1250353039-1300353039 dset_write
[seqwish::transclosure] 11222.047 39.53% 1250353039-1300353039 dset_compression
[seqwish::transclosure] 11231.809 39.53% 1250353039-1300353039 dset_sort
[seqwish::transclosure] 11236.347 39.53% 1250353039-1300353039 dset_invert
[seqwish::transclosure] 11244.135 39.53% 1250353039-1300353039 graph_emission
[seqwish::transclosure] 11415.087 41.14% 1300353039-1350581460 overlap_collect
[seqwish::transclosure] 11436.732 41.14% 1300353039-1350581460 rank_build
[seqwish::transclosure] 11479.872 41.14% 1300353039-1350581460 parallel_union_find
[seqwish::transclosure] 11515.916 41.14% 1300353039-1350581460 dset_write
[seqwish::transclosure] 11529.171 41.14% 1300353039-1350581460 dset_compression
[seqwish::transclosure] 11544.451 41.14% 1300353039-1350581460 dset_sort
[seqwish::transclosure] 11548.827 41.14% 1300353039-1350581460 dset_invert
[seqwish::transclosure] 11561.744 41.14% 1300353039-1350581460 graph_emission
[seqwish::transclosure] 11736.608 42.69% 1350581460-1400581460 overlap_collect
[seqwish::transclosure] 11759.450 42.69% 1350581460-1400581460 rank_build
[seqwish::transclosure] 11802.822 42.69% 1350581460-1400581460 parallel_union_find
[seqwish::transclosure] 11839.904 42.69% 1350581460-1400581460 dset_write
[seqwish::transclosure] 11851.940 42.69% 1350581460-1400581460 dset_compression
[seqwish::transclosure] 11863.789 42.69% 1350581460-1400581460 dset_sort
[seqwish::transclosure] 11868.357 42.69% 1350581460-1400581460 dset_invert
[seqwish::transclosure] 11878.452 42.69% 1350581460-1400581460 graph_emission
[seqwish::transclosure] 12038.564 44.32% 1400581460-1450581460 overlap_collect
[seqwish::transclosure] 12061.584 44.32% 1400581460-1450581460 rank_build
[seqwish::transclosure] 12105.006 44.32% 1400581460-1450581460 parallel_union_find
[seqwish::transclosure] 12139.429 44.32% 1400581460-1450581460 dset_write
[seqwish::transclosure] 12151.239 44.32% 1400581460-1450581460 dset_compression
[seqwish::transclosure] 12163.677 44.32% 1400581460-1450581460 dset_sort
[seqwish::transclosure] 12168.188 44.32% 1400581460-1450581460 dset_invert
[seqwish::transclosure] 12178.826 44.32% 1400581460-1450581460 graph_emission
[seqwish::transclosure] 12350.159 45.87% 1450581460-1500581460 overlap_collect
[seqwish::transclosure] 12372.626 45.87% 1450581460-1500581460 rank_build
[seqwish::transclosure] 12413.928 45.87% 1450581460-1500581460 parallel_union_find
[seqwish::transclosure] 12452.447 45.87% 1450581460-1500581460 dset_write
[seqwish::transclosure] 12464.748 45.87% 1450581460-1500581460 dset_compression
[seqwish::transclosure] 12475.265 45.87% 1450581460-1500581460 dset_sort
[seqwish::transclosure] 12479.861 45.87% 1450581460-1500581460 dset_invert
[seqwish::transclosure] 12487.442 45.87% 1450581460-1500581460 graph_emission
[seqwish::transclosure] 12663.928 47.49% 1500581460-1550581460 overlap_collect
[seqwish::transclosure] 12688.432 47.49% 1500581460-1550581460 rank_build
[seqwish::transclosure] 12732.141 47.49% 1500581460-1550581460 parallel_union_find
[seqwish::transclosure] 12771.379 47.49% 1500581460-1550581460 dset_write
[seqwish::transclosure] 12784.105 47.49% 1500581460-1550581460 dset_compression
[seqwish::transclosure] 12795.091 47.49% 1500581460-1550581460 dset_sort
[seqwish::transclosure] 12799.639 47.49% 1500581460-1550581460 dset_invert
[seqwish::transclosure] 12809.599 47.49% 1500581460-1550581460 graph_emission
[seqwish::transclosure] 12974.761 49.11% 1550581460-1600581460 overlap_collect
[seqwish::transclosure] 13001.346 49.11% 1550581460-1600581460 rank_build
[seqwish::transclosure] 13046.271 49.11% 1550581460-1600581460 parallel_union_find
[seqwish::transclosure] 13081.941 49.11% 1550581460-1600581460 dset_write
[seqwish::transclosure] 13092.704 49.11% 1550581460-1600581460 dset_compression
[seqwish::transclosure] 13104.137 49.11% 1550581460-1600581460 dset_sort
[seqwish::transclosure] 13110.788 49.11% 1550581460-1600581460 dset_invert
[seqwish::transclosure] 13119.185 49.11% 1550581460-1600581460 graph_emission
[seqwish::transclosure] 13286.260 50.58% 1600581460-1653407579 overlap_collect
[seqwish::transclosure] 13301.685 50.58% 1600581460-1653407579 rank_build
[seqwish::transclosure] 13333.926 50.58% 1600581460-1653407579 parallel_union_find
[seqwish::transclosure] 13354.435 50.58% 1600581460-1653407579 dset_write
[seqwish::transclosure] 13361.958 50.58% 1600581460-1653407579 dset_compression
[seqwish::transclosure] 13375.364 50.58% 1600581460-1653407579 dset_sort
[seqwish::transclosure] 13378.094 50.58% 1600581460-1653407579 dset_invert
[seqwish::transclosure] 13390.051 50.58% 1600581460-1653407579 graph_emission
[seqwish::transclosure] 13567.186 51.51% 1653407579-1703445045 overlap_collect
[seqwish::transclosure] 13590.548 51.51% 1653407579-1703445045 rank_build
[seqwish::transclosure] 13634.085 51.51% 1653407579-1703445045 parallel_union_find
[seqwish::transclosure] 13671.489 51.51% 1653407579-1703445045 dset_write
[seqwish::transclosure] 13683.254 51.51% 1653407579-1703445045 dset_compression
[seqwish::transclosure] 13696.182 51.51% 1653407579-1703445045 dset_sort
[seqwish::transclosure] 13700.741 51.51% 1653407579-1703445045 dset_invert
[seqwish::transclosure] 13709.480 51.51% 1653407579-1703445045 graph_emission
[seqwish::transclosure] 13758.382 53.13% 1703445045-1753445045 overlap_collect
[seqwish::transclosure] 13781.308 53.13% 1703445045-1753445045 rank_build
[seqwish::transclosure] 13821.030 53.13% 1703445045-1753445045 parallel_union_find
[seqwish::transclosure] 13856.155 53.13% 1703445045-1753445045 dset_write
[seqwish::transclosure] 13866.537 53.13% 1703445045-1753445045 dset_compression
[seqwish::transclosure] 13877.623 53.13% 1703445045-1753445045 dset_sort
[seqwish::transclosure] 13881.940 53.13% 1703445045-1753445045 dset_invert
[seqwish::transclosure] 13891.773 53.13% 1703445045-1753445045 graph_emission
[seqwish::transclosure] 14066.393 54.65% 1753445045-1803445045 overlap_collect
[seqwish::transclosure] 14090.194 54.65% 1753445045-1803445045 rank_build
[seqwish::transclosure] 14132.955 54.65% 1753445045-1803445045 parallel_union_find
[seqwish::transclosure] 14173.879 54.65% 1753445045-1803445045 dset_write
[seqwish::transclosure] 14185.519 54.65% 1753445045-1803445045 dset_compression
[seqwish::transclosure] 14195.014 54.65% 1753445045-1803445045 dset_sort
[seqwish::transclosure] 14199.646 54.65% 1753445045-1803445045 dset_invert
[seqwish::transclosure] 14207.100 54.65% 1753445045-1803445045 graph_emission
[seqwish::transclosure] 14355.649 56.28% 1803445045-1853651939 overlap_collect
[seqwish::transclosure] 14379.672 56.28% 1803445045-1853651939 rank_build
[seqwish::transclosure] 14423.296 56.28% 1803445045-1853651939 parallel_union_find
[seqwish::transclosure] 14460.540 56.28% 1803445045-1853651939 dset_write
[seqwish::transclosure] 14473.762 56.28% 1803445045-1853651939 dset_compression
[seqwish::transclosure] 14487.951 56.28% 1803445045-1853651939 dset_sort
[seqwish::transclosure] 14492.516 56.28% 1803445045-1853651939 dset_invert
[seqwish::transclosure] 14504.847 56.28% 1803445045-1853651939 graph_emission
[seqwish::transclosure] 14677.376 57.89% 1853651939-1903651939 overlap_collect
[seqwish::transclosure] 14698.882 57.89% 1853651939-1903651939 rank_build
[seqwish::transclosure] 14738.991 57.89% 1853651939-1903651939 parallel_union_find
[seqwish::transclosure] 14775.385 57.89% 1853651939-1903651939 dset_write
[seqwish::transclosure] 14786.682 57.89% 1853651939-1903651939 dset_compression
[seqwish::transclosure] 14798.048 57.89% 1853651939-1903651939 dset_sort
[seqwish::transclosure] 14802.493 57.89% 1853651939-1903651939 dset_invert
[seqwish::transclosure] 14812.894 57.89% 1853651939-1903651939 graph_emission
[seqwish::transclosure] 15006.111 59.40% 1903651939-1953651939 overlap_collect
[seqwish::transclosure] 15029.266 59.40% 1903651939-1953651939 rank_build
[seqwish::transclosure] 15074.354 59.40% 1903651939-1953651939 parallel_union_find
[seqwish::transclosure] 15111.442 59.40% 1903651939-1953651939 dset_write
[seqwish::transclosure] 15123.707 59.40% 1903651939-1953651939 dset_compression
[seqwish::transclosure] 15139.398 59.40% 1903651939-1953651939 dset_sort
[seqwish::transclosure] 15144.833 59.40% 1903651939-1953651939 dset_invert
[seqwish::transclosure] 15157.056 59.40% 1903651939-1953651939 graph_emission
[seqwish::transclosure] 15300.466 61.03% 1953651939-2003651939 overlap_collect
[seqwish::transclosure] 15324.142 61.03% 1953651939-2003651939 rank_build
[seqwish::transclosure] 15366.107 61.03% 1953651939-2003651939 parallel_union_find
[seqwish::transclosure] 15404.760 61.03% 1953651939-2003651939 dset_write
[seqwish::transclosure] 15415.863 61.03% 1953651939-2003651939 dset_compression
[seqwish::transclosure] 15426.404 61.03% 1953651939-2003651939 dset_sort
[seqwish::transclosure] 15431.483 61.03% 1953651939-2003651939 dset_invert
[seqwish::transclosure] 15442.353 61.03% 1953651939-2003651939 graph_emission
[seqwish::transclosure] 15615.869 62.59% 2003651939-2053651939 overlap_collect
[seqwish::transclosure] 15639.195 62.59% 2003651939-2053651939 rank_build
[seqwish::transclosure] 15681.268 62.59% 2003651939-2053651939 parallel_union_find
[seqwish::transclosure] 15720.315 62.59% 2003651939-2053651939 dset_write
[seqwish::transclosure] 15731.235 62.59% 2003651939-2053651939 dset_compression
[seqwish::transclosure] 15742.332 62.59% 2003651939-2053651939 dset_sort
[seqwish::transclosure] 15746.744 62.59% 2003651939-2053651939 dset_invert
[seqwish::transclosure] 15756.133 62.59% 2003651939-2053651939 graph_emission
[seqwish::transclosure] 15906.413 64.19% 2053651939-2103651939 overlap_collect
[seqwish::transclosure] 15928.858 64.19% 2053651939-2103651939 rank_build
[seqwish::transclosure] 15992.851 64.19% 2053651939-2103651939 parallel_union_find
[seqwish::transclosure] 16027.754 64.19% 2053651939-2103651939 dset_write
[seqwish::transclosure] 16039.183 64.19% 2053651939-2103651939 dset_compression
[seqwish::transclosure] 16049.907 64.19% 2053651939-2103651939 dset_sort
[seqwish::transclosure] 16054.267 64.19% 2053651939-2103651939 dset_invert
[seqwish::transclosure] 16063.407 64.19% 2053651939-2103651939 graph_emission
[seqwish::transclosure] 16217.981 65.72% 2103651939-2154047826 overlap_collect
[seqwish::transclosure] 16248.933 65.72% 2103651939-2154047826 rank_build
[seqwish::transclosure] 16298.023 65.72% 2103651939-2154047826 parallel_union_find
[seqwish::transclosure] 16337.259 65.72% 2103651939-2154047826 dset_write
[seqwish::transclosure] 16350.289 65.72% 2103651939-2154047826 dset_compression
[seqwish::transclosure] 16361.431 65.72% 2103651939-2154047826 dset_sort
[seqwish::transclosure] 16366.459 65.72% 2103651939-2154047826 dset_invert
[seqwish::transclosure] 16375.310 65.72% 2103651939-2154047826 graph_emission
[seqwish::transclosure] 16520.250 67.39% 2154047826-2204047826 overlap_collect
[seqwish::transclosure] 16547.036 67.39% 2154047826-2204047826 rank_build
[seqwish::transclosure] 16587.942 67.39% 2154047826-2204047826 parallel_union_find
[seqwish::transclosure] 16625.767 67.39% 2154047826-2204047826 dset_write
[seqwish::transclosure] 16637.698 67.39% 2154047826-2204047826 dset_compression
[seqwish::transclosure] 16647.578 67.39% 2154047826-2204047826 dset_sort
[seqwish::transclosure] 16655.449 67.39% 2154047826-2204047826 dset_invert
[seqwish::transclosure] 16664.476 67.39% 2154047826-2204047826 graph_emission
[seqwish::transclosure] 16921.699 69.01% 2204047826-2257991809 overlap_collect
[seqwish::transclosure] 16950.291 69.01% 2204047826-2257991809 rank_build
[seqwish::transclosure] 16992.532 69.01% 2204047826-2257991809 parallel_union_find
[seqwish::transclosure] 17029.882 69.01% 2204047826-2257991809 dset_write
[seqwish::transclosure] 17042.919 69.01% 2204047826-2257991809 dset_compression
[seqwish::transclosure] 17055.526 69.01% 2204047826-2257991809 dset_sort
[seqwish::transclosure] 17060.166 69.01% 2204047826-2257991809 dset_invert
[seqwish::transclosure] 17070.519 69.01% 2204047826-2257991809 graph_emission
[seqwish::transclosure] 17232.335 70.63% 2257991809-2307991809 overlap_collect
[seqwish::transclosure] 17259.336 70.63% 2257991809-2307991809 rank_build
[seqwish::transclosure] 17306.301 70.63% 2257991809-2307991809 parallel_union_find
[seqwish::transclosure] 17343.989 70.63% 2257991809-2307991809 dset_write
[seqwish::transclosure] 17355.691 70.63% 2257991809-2307991809 dset_compression
[seqwish::transclosure] 17366.122 70.63% 2257991809-2307991809 dset_sort
[seqwish::transclosure] 17370.816 70.63% 2257991809-2307991809 dset_invert
[seqwish::transclosure] 17379.744 70.63% 2257991809-2307991809 graph_emission
[seqwish::transclosure] 17567.958 72.25% 2307991809-2361497485 overlap_collect
[seqwish::transclosure] 17587.333 72.25% 2307991809-2361497485 rank_build
[seqwish::transclosure] 17631.713 72.25% 2307991809-2361497485 parallel_union_find
[seqwish::transclosure] 17661.556 72.25% 2307991809-2361497485 dset_write
[seqwish::transclosure] 17670.357 72.25% 2307991809-2361497485 dset_compression
[seqwish::transclosure] 17682.539 72.25% 2307991809-2361497485 dset_sort
[seqwish::transclosure] 17687.021 72.25% 2307991809-2361497485 dset_invert
[seqwish::transclosure] 17695.843 72.25% 2307991809-2361497485 graph_emission
[seqwish::transclosure] 17864.857 73.59% 2361497485-2411497485 overlap_collect
[seqwish::transclosure] 17888.325 73.59% 2361497485-2411497485 rank_build
[seqwish::transclosure] 17930.058 73.59% 2361497485-2411497485 parallel_union_find
[seqwish::transclosure] 17971.476 73.59% 2361497485-2411497485 dset_write
[seqwish::transclosure] 17983.505 73.59% 2361497485-2411497485 dset_compression
[seqwish::transclosure] 17994.371 73.59% 2361497485-2411497485 dset_sort
[seqwish::transclosure] 17998.931 73.59% 2361497485-2411497485 dset_invert
[seqwish::transclosure] 18008.216 73.59% 2361497485-2411497485 graph_emission
[seqwish::transclosure] 18147.769 75.22% 2411497485-2461497485 overlap_collect
[seqwish::transclosure] 18168.676 75.22% 2411497485-2461497485 rank_build
[seqwish::transclosure] 18212.538 75.22% 2411497485-2461497485 parallel_union_find
[seqwish::transclosure] 18243.252 75.22% 2411497485-2461497485 dset_write
[seqwish::transclosure] 18256.562 75.22% 2411497485-2461497485 dset_compression
[seqwish::transclosure] 18268.731 75.22% 2411497485-2461497485 dset_sort
[seqwish::transclosure] 18273.254 75.22% 2411497485-2461497485 dset_invert
[seqwish::transclosure] 18283.633 75.22% 2411497485-2461497485 graph_emission
[seqwish::transclosure] 18458.595 76.67% 2461497485-2513832563 overlap_collect
[seqwish::transclosure] 18480.835 76.67% 2461497485-2513832563 rank_build
[seqwish::transclosure] 18538.854 76.67% 2461497485-2513832563 parallel_union_find
[seqwish::transclosure] 18574.574 76.67% 2461497485-2513832563 dset_write
[seqwish::transclosure] 18585.372 76.67% 2461497485-2513832563 dset_compression
[seqwish::transclosure] 18594.742 76.67% 2461497485-2513832563 dset_sort
[seqwish::transclosure] 18598.995 76.67% 2461497485-2513832563 dset_invert
[seqwish::transclosure] 18606.162 76.67% 2461497485-2513832563 graph_emission
[seqwish::transclosure] 18764.155 78.17% 2513832563-2563832563 overlap_collect
[seqwish::transclosure] 18784.981 78.17% 2513832563-2563832563 rank_build
[seqwish::transclosure] 18826.255 78.17% 2513832563-2563832563 parallel_union_find
[seqwish::transclosure] 18864.506 78.17% 2513832563-2563832563 dset_write
[seqwish::transclosure] 18875.745 78.17% 2513832563-2563832563 dset_compression
[seqwish::transclosure] 18885.792 78.17% 2513832563-2563832563 dset_sort
[seqwish::transclosure] 18890.216 78.17% 2513832563-2563832563 dset_invert
[seqwish::transclosure] 18898.662 78.17% 2513832563-2563832563 graph_emission
[seqwish::transclosure] 19067.800 79.72% 2563832563-2613832563 overlap_collect
[seqwish::transclosure] 19090.626 79.72% 2563832563-2613832563 rank_build
[seqwish::transclosure] 19131.082 79.72% 2563832563-2613832563 parallel_union_find
[seqwish::transclosure] 19168.614 79.72% 2563832563-2613832563 dset_write
[seqwish::transclosure] 19180.910 79.72% 2563832563-2613832563 dset_compression
[seqwish::transclosure] 19192.097 79.72% 2563832563-2613832563 dset_sort
[seqwish::transclosure] 19196.824 79.72% 2563832563-2613832563 dset_invert
[seqwish::transclosure] 19205.144 79.72% 2563832563-2613832563 graph_emission
[seqwish::transclosure] 19377.221 81.28% 2613832586-2665179494 overlap_collect
[seqwish::transclosure] 19399.568 81.28% 2613832586-2665179494 rank_build
[seqwish::transclosure] 19444.031 81.28% 2613832586-2665179494 parallel_union_find
[seqwish::transclosure] 19480.195 81.28% 2613832586-2665179494 dset_write
[seqwish::transclosure] 19492.040 81.28% 2613832586-2665179494 dset_compression
[seqwish::transclosure] 19503.029 81.28% 2613832586-2665179494 dset_sort
[seqwish::transclosure] 19507.570 81.28% 2613832586-2665179494 dset_invert
[seqwish::transclosure] 19516.738 81.28% 2613832586-2665179494 graph_emission
[seqwish::transclosure] 19680.665 82.87% 2665179494-2715340006 overlap_collect
[seqwish::transclosure] 19701.741 82.87% 2665179494-2715340006 rank_build
[seqwish::transclosure] 19745.352 82.87% 2665179494-2715340006 parallel_union_find
[seqwish::transclosure] 19778.875 82.87% 2665179494-2715340006 dset_write
[seqwish::transclosure] 19790.652 82.87% 2665179494-2715340006 dset_compression
[seqwish::transclosure] 19800.393 82.87% 2665179494-2715340006 dset_sort
[seqwish::transclosure] 19804.843 82.87% 2665179494-2715340006 dset_invert
[seqwish::transclosure] 19812.456 82.87% 2665179494-2715340006 graph_emission
[seqwish::transclosure] 19996.215 84.34% 2715340006-2765340006 overlap_collect
[seqwish::transclosure] 20019.376 84.34% 2715340006-2765340006 rank_build
[seqwish::transclosure] 20061.841 84.34% 2715340006-2765340006 parallel_union_find
[seqwish::transclosure] 20100.801 84.34% 2715340006-2765340006 dset_write
[seqwish::transclosure] 20111.898 84.34% 2715340006-2765340006 dset_compression
[seqwish::transclosure] 20122.335 84.34% 2715340006-2765340006 dset_sort
[seqwish::transclosure] 20126.811 84.34% 2715340006-2765340006 dset_invert
[seqwish::transclosure] 20137.669 84.34% 2715340006-2765340006 graph_emission
[seqwish::transclosure] 20295.824 85.92% 2765340006-2821611204 overlap_collect
[seqwish::transclosure] 20316.663 85.92% 2765340006-2821611204 rank_build
[seqwish::transclosure] 20360.239 85.92% 2765340006-2821611204 parallel_union_find
[seqwish::transclosure] 20391.251 85.92% 2765340006-2821611204 dset_write
[seqwish::transclosure] 20401.122 85.92% 2765340006-2821611204 dset_compression
[seqwish::transclosure] 20411.657 85.92% 2765340006-2821611204 dset_sort
[seqwish::transclosure] 20415.714 85.92% 2765340006-2821611204 dset_invert
[seqwish::transclosure] 20423.692 85.92% 2765340006-2821611204 graph_emission
[seqwish::transclosure] 20601.286 87.35% 2821611204-2877157541 overlap_collect
[seqwish::transclosure] 20623.346 87.35% 2821611204-2877157541 rank_build
[seqwish::transclosure] 20663.707 87.35% 2821611204-2877157541 parallel_union_find
[seqwish::transclosure] 20694.215 87.35% 2821611204-2877157541 dset_write
[seqwish::transclosure] 20703.735 87.35% 2821611204-2877157541 dset_compression
[seqwish::transclosure] 20713.887 87.35% 2821611204-2877157541 dset_sort
[seqwish::transclosure] 20717.884 87.35% 2821611204-2877157541 dset_invert
[seqwish::transclosure] 20725.640 87.35% 2821611204-2877157541 graph_emission
[seqwish::transclosure] 20886.372 88.73% 2877157541-2927157541 overlap_collect
[seqwish::transclosure] 20905.863 88.73% 2877157541-2927157541 rank_build
[seqwish::transclosure] 20945.232 88.73% 2877157541-2927157541 parallel_union_find
[seqwish::transclosure] 20975.490 88.73% 2877157541-2927157541 dset_write
[seqwish::transclosure] 20985.620 88.73% 2877157541-2927157541 dset_compression
[seqwish::transclosure] 20996.305 88.73% 2877157541-2927157541 dset_sort
[seqwish::transclosure] 21000.343 88.73% 2877157541-2927157541 dset_invert
[seqwish::transclosure] 21009.994 88.73% 2877157541-2927157541 graph_emission
[seqwish::transclosure] 21167.501 90.18% 2927157541-2977157541 overlap_collect
[seqwish::transclosure] 21180.719 90.18% 2927157541-2977157541 rank_build
[seqwish::transclosure] 21224.878 90.18% 2927157541-2977157541 parallel_union_find
[seqwish::transclosure] 21247.434 90.18% 2927157541-2977157541 dset_write
[seqwish::transclosure] 21256.067 90.18% 2927157541-2977157541 dset_compression
[seqwish::transclosure] 21263.717 90.18% 2927157541-2977157541 dset_sort
[seqwish::transclosure] 21267.069 90.18% 2927157541-2977157541 dset_invert
[seqwish::transclosure] 21273.682 90.18% 2927157541-2977157541 graph_emission
[seqwish::transclosure] 21443.782 91.41% 2977157541-3027157541 overlap_collect
[seqwish::transclosure] 21458.872 91.41% 2977157541-3027157541 rank_build
[seqwish::transclosure] 21500.405 91.41% 2977157541-3027157541 parallel_union_find
[seqwish::transclosure] 21524.542 91.41% 2977157541-3027157541 dset_write
[seqwish::transclosure] 21534.092 91.41% 2977157541-3027157541 dset_compression
[seqwish::transclosure] 21542.899 91.41% 2977157541-3027157541 dset_sort
[seqwish::transclosure] 21547.242 91.41% 2977157541-3027157541 dset_invert
[seqwish::transclosure] 21555.293 91.41% 2977157541-3027157541 graph_emission
[seqwish::transclosure] 21687.993 92.70% 3027157541-3196092792 overlap_collect
[seqwish::transclosure] 21702.046 92.70% 3027157541-3196092792 rank_build
[seqwish::transclosure] 21738.250 92.70% 3027157541-3196092792 parallel_union_find
[seqwish::transclosure] 21751.143 92.70% 3027157541-3196092792 dset_write
[seqwish::transclosure] 21757.031 92.70% 3027157541-3196092792 dset_compression
[seqwish::transclosure] 21762.892 92.70% 3027157541-3196092792 dset_sort
[seqwish::transclosure] 21765.102 92.70% 3027157541-3196092792 dset_invert
[seqwish::transclosure] 21769.472 92.70% 3027157541-3196092792 graph_emission
[seqwish::transclosure] 21930.430 93.47% 3196092792-4491523400 overlap_collect
[seqwish::transclosure] 22034.269 93.47% 3196092792-4491523400 rank_build
[seqwish::transclosure] 22063.612 93.47% 3196092792-4491523400 parallel_union_find
[seqwish::transclosure] 22072.143 93.47% 3196092792-4491523400 dset_write
[seqwish::transclosure] 22075.763 93.47% 3196092792-4491523400 dset_compression
[seqwish::transclosure] 22078.969 93.47% 3196092792-4491523400 dset_sort
[seqwish::transclosure] 22080.389 93.47% 3196092792-4491523400 dset_invert
[seqwish::transclosure] 22083.394 93.47% 3196092792-4491523400 graph_emission
[seqwish::transclosure] 22092.874 93.92% 4491523400-5137484397 overlap_collect
[seqwish::transclosure] 22147.277 93.92% 4491523400-5137484397 rank_build
[seqwish::transclosure] 22173.818 93.92% 4491523400-5137484397 parallel_union_find
[seqwish::transclosure] 22177.640 93.92% 4491523400-5137484397 dset_write
[seqwish::transclosure] 22179.634 93.92% 4491523400-5137484397 dset_compression
[seqwish::transclosure] 22183.098 93.92% 4491523400-5137484397 dset_sort
[seqwish::transclosure] 22184.012 93.92% 4491523400-5137484397 dset_invert
[seqwish::transclosure] 22187.002 93.92% 4491523400-5137484397 graph_emission
[seqwish::transclosure] 22229.524 94.16% 5137484397-5367422470 overlap_collect
[seqwish::transclosure] 22246.026 94.16% 5137484397-5367422470 rank_build
[seqwish::transclosure] 22272.583 94.16% 5137484397-5367422470 parallel_union_find
[seqwish::transclosure] 22273.939 94.16% 5137484397-5367422470 dset_write
[seqwish::transclosure] 22274.642 94.16% 5137484397-5367422470 dset_compression
[seqwish::transclosure] 22275.269 94.16% 5137484397-5367422470 dset_sort
[seqwish::transclosure] 22275.935 94.16% 5137484397-5367422470 dset_invert
[seqwish::transclosure] 22276.633 94.16% 5137484397-5367422470 graph_emission
[seqwish::transclosure] 22283.824 94.26% 5367422470-5840968530 overlap_collect
[seqwish::transclosure] 22324.302 94.26% 5367422470-5840968530 rank_build
[seqwish::transclosure] 22349.223 94.26% 5367422470-5840968530 parallel_union_find
[seqwish::transclosure] 22351.121 94.26% 5367422470-5840968530 dset_write
[seqwish::transclosure] 22352.410 94.26% 5367422470-5840968530 dset_compression
[seqwish::transclosure] 22353.607 94.26% 5367422470-5840968530 dset_sort
[seqwish::transclosure] 22354.361 94.26% 5367422470-5840968530 dset_invert
[seqwish::transclosure] 22355.513 94.26% 5367422470-5840968530 graph_emission
[seqwish::transclosure] 22361.985 94.43% 5840968530-6108775378 overlap_collect
[seqwish::transclosure] 22374.081 94.43% 5840968530-6108775378 rank_build
[seqwish::transclosure] 22401.456 94.43% 5840968530-6108775378 parallel_union_find
[seqwish::transclosure] 22403.306 94.43% 5840968530-6108775378 dset_write
[seqwish::transclosure] 22404.983 94.43% 5840968530-6108775378 dset_compression
[seqwish::transclosure] 22406.573 94.43% 5840968530-6108775378 dset_sort
[seqwish::transclosure] 22407.417 94.43% 5840968530-6108775378 dset_invert
[seqwish::transclosure] 22408.846 94.43% 5840968530-6108775378 graph_emission
[seqwish::transclosure] 22415.973 94.66% 6108775378-7132833878 overlap_collect
[seqwish::transclosure] 22438.917 94.66% 6108775378-7132833878 rank_build
[seqwish::transclosure] 22466.818 94.66% 6108775378-7132833878 parallel_union_find
[seqwish::transclosure] 22468.265 94.66% 6108775378-7132833878 dset_write
[seqwish::transclosure] 22469.650 94.66% 6108775378-7132833878 dset_compression
[seqwish::transclosure] 22470.975 94.66% 6108775378-7132833878 dset_sort
[seqwish::transclosure] 22471.768 94.66% 6108775378-7132833878 dset_invert
[seqwish::transclosure] 22473.003 94.66% 6108775378-7132833878 graph_emission
[seqwish::transclosure] 22481.702 94.84% 7132833878-8429151554 overlap_collect
[seqwish::transclosure] 22513.625 94.84% 7132833878-8429151554 rank_build
[seqwish::transclosure] 22539.823 94.84% 7132833878-8429151554 parallel_union_find
[seqwish::transclosure] 22542.020 94.84% 7132833878-8429151554 dset_write
[seqwish::transclosure] 22544.003 94.84% 7132833878-8429151554 dset_compression
[seqwish::transclosure] 22546.055 94.84% 7132833878-8429151554 dset_sort
[seqwish::transclosure] 22547.234 94.84% 7132833878-8429151554 dset_invert
[seqwish::transclosure] 22549.054 94.84% 7132833878-8429151554 graph_emission
[seqwish::transclosure] 22558.038 95.12% 8429151554-9134258007 overlap_collect
[seqwish::transclosure] 22573.313 95.12% 8429151554-9134258007 rank_build
[seqwish::transclosure] 22601.016 95.12% 8429151554-9134258007 parallel_union_find
[seqwish::transclosure] 22601.996 95.12% 8429151554-9134258007 dset_write
[seqwish::transclosure] 22603.149 95.12% 8429151554-9134258007 dset_compression
[seqwish::transclosure] 22604.197 95.12% 8429151554-9134258007 dset_sort
[seqwish::transclosure] 22604.946 95.12% 8429151554-9134258007 dset_invert
[seqwish::transclosure] 22605.941 95.12% 8429151554-9134258007 graph_emission
[seqwish::transclosure] 22618.921 95.28% 9134258007-10389665822 overlap_collect
[seqwish::transclosure] 22633.337 95.28% 9134258007-10389665822 rank_build
[seqwish::transclosure] 22659.092 95.28% 9134258007-10389665822 parallel_union_find
[seqwish::transclosure] 22660.123 95.28% 9134258007-10389665822 dset_write
[seqwish::transclosure] 22661.393 95.28% 9134258007-10389665822 dset_compression
[seqwish::transclosure] 22662.617 95.28% 9134258007-10389665822 dset_sort
[seqwish::transclosure] 22663.336 95.28% 9134258007-10389665822 dset_invert
[seqwish::transclosure] 22664.566 95.28% 9134258007-10389665822 graph_emission
[seqwish::transclosure] 22673.519 95.45% 10389665822-11299690370 overlap_collect
[seqwish::transclosure] 22684.065 95.45% 10389665822-11299690370 rank_build
[seqwish::transclosure] 22711.530 95.45% 10389665822-11299690370 parallel_union_find
[seqwish::transclosure] 22712.160 95.45% 10389665822-11299690370 dset_write
[seqwish::transclosure] 22713.019 95.45% 10389665822-11299690370 dset_compression
[seqwish::transclosure] 22713.944 95.45% 10389665822-11299690370 dset_sort
[seqwish::transclosure] 22714.609 95.45% 10389665822-11299690370 dset_invert
[seqwish::transclosure] 22715.617 95.45% 10389665822-11299690370 graph_emission
[seqwish::transclosure] 22723.764 95.59% 11299690370-12091295939 overlap_collect
[seqwish::transclosure] 22733.527 95.59% 11299690370-12091295939 rank_build
[seqwish::transclosure] 22759.104 95.59% 11299690370-12091295939 parallel_union_find
[seqwish::transclosure] 22760.091 95.59% 11299690370-12091295939 dset_write
[seqwish::transclosure] 22761.230 95.59% 11299690370-12091295939 dset_compression
[seqwish::transclosure] 22762.207 95.59% 11299690370-12091295939 dset_sort
[seqwish::transclosure] 22762.923 95.59% 11299690370-12091295939 dset_invert
[seqwish::transclosure] 22763.887 95.59% 11299690370-12091295939 graph_emission
[seqwish::transclosure] 22772.026 95.75% 12091295939-13419900873 overlap_collect
[seqwish::transclosure] 22782.601 95.75% 12091295939-13419900873 rank_build
[seqwish::transclosure] 22809.447 95.75% 12091295939-13419900873 parallel_union_find
[seqwish::transclosure] 22809.989 95.75% 12091295939-13419900873 dset_write
[seqwish::transclosure] 22810.891 95.75% 12091295939-13419900873 dset_compression
[seqwish::transclosure] 22811.707 95.75% 12091295939-13419900873 dset_sort
[seqwish::transclosure] 22812.355 95.75% 12091295939-13419900873 dset_invert
[seqwish::transclosure] 22813.304 95.75% 12091295939-13419900873 graph_emission
[seqwish::transclosure] 22823.449 95.87% 13419900873-15073503900 overlap_collect
[seqwish::transclosure] 22837.672 95.87% 13419900873-15073503900 rank_build
[seqwish::transclosure] 22862.359 95.87% 13419900873-15073503900 parallel_union_find
[seqwish::transclosure] 22863.023 95.87% 13419900873-15073503900 dset_write
[seqwish::transclosure] 22863.823 95.87% 13419900873-15073503900 dset_compression
[seqwish::transclosure] 22864.670 95.87% 13419900873-15073503900 dset_sort
[seqwish::transclosure] 22865.287 95.87% 13419900873-15073503900 dset_invert
[seqwish::transclosure] 22866.153 95.87% 13419900873-15073503900 graph_emission
[seqwish::transclosure] 22876.358 96.00% 15073503900-16603385773 overlap_collect
[seqwish::transclosure] 22885.242 96.00% 15073503900-16603385773 rank_build
[seqwish::transclosure] 22912.091 96.00% 15073503900-16603385773 parallel_union_find
[seqwish::transclosure] 22912.421 96.00% 15073503900-16603385773 dset_write
[seqwish::transclosure] 22913.190 96.00% 15073503900-16603385773 dset_compression
[seqwish::transclosure] 22913.889 96.00% 15073503900-16603385773 dset_sort
[seqwish::transclosure] 22914.728 96.00% 15073503900-16603385773 dset_invert
[seqwish::transclosure] 22915.567 96.00% 15073503900-16603385773 graph_emission
[seqwish::transclosure] 22924.550 96.10% 16603385773-17834901666 overlap_collect
[seqwish::transclosure] 22931.394 96.10% 16603385773-17834901666 rank_build
[seqwish::transclosure] 22957.139 96.10% 16603385773-17834901666 parallel_union_find
[seqwish::transclosure] 22957.503 96.10% 16603385773-17834901666 dset_write
[seqwish::transclosure] 22958.303 96.10% 16603385773-17834901666 dset_compression
[seqwish::transclosure] 22959.013 96.10% 16603385773-17834901666 dset_sort
[seqwish::transclosure] 22959.603 96.10% 16603385773-17834901666 dset_invert
[seqwish::transclosure] 22960.371 96.10% 16603385773-17834901666 graph_emission
[seqwish::transclosure] 22968.045 96.20% 17834901666-18528388319 overlap_collect
[seqwish::transclosure] 22971.793 96.20% 17834901666-18528388319 rank_build
[seqwish::transclosure] 22996.957 96.20% 17834901666-18528388319 parallel_union_find
[seqwish::transclosure] 22997.128 96.20% 17834901666-18528388319 dset_write
[seqwish::transclosure] 22997.651 96.20% 17834901666-18528388319 dset_compression
[seqwish::transclosure] 22998.134 96.20% 17834901666-18528388319 dset_sort
[seqwish::transclosure] 22998.913 96.20% 17834901666-18528388319 dset_invert
[seqwish::transclosure] 22999.532 96.20% 17834901666-18528388319 graph_emission
[seqwish::transclosure] 23008.303 96.27% 18528388319-20466388223 overlap_collect
[seqwish::transclosure] 23017.553 96.27% 18528388319-20466388223 rank_build
[seqwish::transclosure] 23044.118 96.27% 18528388319-20466388223 parallel_union_find
[seqwish::transclosure] 23044.377 96.27% 18528388319-20466388223 dset_write
[seqwish::transclosure] 23045.025 96.27% 18528388319-20466388223 dset_compression
[seqwish::transclosure] 23045.588 96.27% 18528388319-20466388223 dset_sort
[seqwish::transclosure] 23046.363 96.27% 18528388319-20466388223 dset_invert
[seqwish::transclosure] 23047.000 96.27% 18528388319-20466388223 graph_emission
[seqwish::transclosure] 23056.457 96.36% 20466388223-21734648834 overlap_collect
[seqwish::transclosure] 23062.353 96.36% 20466388223-21734648834 rank_build
[seqwish::transclosure] 23086.829 96.36% 20466388223-21734648834 parallel_union_find
[seqwish::transclosure] 23087.179 96.36% 20466388223-21734648834 dset_write
[seqwish::transclosure] 23088.088 96.36% 20466388223-21734648834 dset_compression
[seqwish::transclosure] 23089.365 96.36% 20466388223-21734648834 dset_sort
[seqwish::transclosure] 23090.167 96.36% 20466388223-21734648834 dset_invert
[seqwish::transclosure] 23091.527 96.36% 20466388223-21734648834 graph_emission
[seqwish::transclosure] 23101.589 96.45% 21734649874-24028277672 overlap_collect
[seqwish::transclosure] 23110.708 96.45% 21734649874-24028277672 rank_build
[seqwish::transclosure] 23134.647 96.45% 21734649874-24028277672 parallel_union_find
[seqwish::transclosure] 23134.863 96.45% 21734649874-24028277672 dset_write
[seqwish::transclosure] 23135.372 96.45% 21734649874-24028277672 dset_compression
[seqwish::transclosure] 23135.873 96.45% 21734649874-24028277672 dset_sort
[seqwish::transclosure] 23136.463 96.45% 21734649874-24028277672 dset_invert
[seqwish::transclosure] 23137.145 96.45% 21734649874-24028277672 graph_emission
[seqwish::transclosure] 23145.902 96.53% 24028277672-24557274836 overlap_collect
[seqwish::transclosure] 23148.508 96.53% 24028277672-24557274836 rank_build
[seqwish::transclosure] 23172.321 96.53% 24028277672-24557274836 parallel_union_find
[seqwish::transclosure] 23172.443 96.53% 24028277672-24557274836 dset_write
[seqwish::transclosure] 23172.948 96.53% 24028277672-24557274836 dset_compression
[seqwish::transclosure] 23173.425 96.53% 24028277672-24557274836 dset_sort
[seqwish::transclosure] 23173.979 96.53% 24028277672-24557274836 dset_invert
[seqwish::transclosure] 23174.579 96.53% 24028277672-24557274836 graph_emission
[seqwish::transclosure] 23182.979 96.59% 24557274836-26487599751 overlap_collect
[seqwish::transclosure] 23192.644 96.59% 24557274836-26487599751 rank_build
[seqwish::transclosure] 23217.076 96.59% 24557274836-26487599751 parallel_union_find
[seqwish::transclosure] 23217.440 96.59% 24557274836-26487599751 dset_write
[seqwish::transclosure] 23218.224 96.59% 24557274836-26487599751 dset_compression
[seqwish::transclosure] 23218.958 96.59% 24557274836-26487599751 dset_sort
[seqwish::transclosure] 23219.528 96.59% 24557274836-26487599751 dset_invert
[seqwish::transclosure] 23220.311 96.59% 24557274836-26487599751 graph_emission
[seqwish::transclosure] 23228.883 96.70% 26487599751-27110849218 overlap_collect
[seqwish::transclosure] 23232.349 96.70% 26487599751-27110849218 rank_build
[seqwish::transclosure] 23256.565 96.70% 26487599751-27110849218 parallel_union_find
[seqwish::transclosure] 23256.753 96.70% 26487599751-27110849218 dset_write
[seqwish::transclosure] 23257.321 96.70% 26487599751-27110849218 dset_compression
[seqwish::transclosure] 23257.865 96.70% 26487599751-27110849218 dset_sort
[seqwish::transclosure] 23258.662 96.70% 26487599751-27110849218 dset_invert
[seqwish::transclosure] 23259.328 96.70% 26487599751-27110849218 graph_emission
[seqwish::transclosure] 23267.334 96.79% 27110849218-28653987506 overlap_collect
[seqwish::transclosure] 23273.455 96.79% 27110849218-28653987506 rank_build
[seqwish::transclosure] 23296.903 96.79% 27110849218-28653987506 parallel_union_find
[seqwish::transclosure] 23297.068 96.79% 27110849218-28653987506 dset_write
[seqwish::transclosure] 23297.570 96.79% 27110849218-28653987506 dset_compression
[seqwish::transclosure] 23298.042 96.79% 27110849218-28653987506 dset_sort
[seqwish::transclosure] 23298.568 96.79% 27110849218-28653987506 dset_invert
[seqwish::transclosure] 23299.128 96.79% 27110849218-28653987506 graph_emission
[seqwish::transclosure] 23307.987 96.86% 28653987506-30043654756 overlap_collect
[seqwish::transclosure] 23313.384 96.86% 28653987506-30043654756 rank_build
[seqwish::transclosure] 23338.789 96.86% 28653987506-30043654756 parallel_union_find
[seqwish::transclosure] 23338.944 96.86% 28653987506-30043654756 dset_write
[seqwish::transclosure] 23339.483 96.86% 28653987506-30043654756 dset_compression
[seqwish::transclosure] 23340.378 96.86% 28653987506-30043654756 dset_sort
[seqwish::transclosure] 23340.886 96.86% 28653987506-30043654756 dset_invert
[seqwish::transclosure] 23341.850 96.86% 28653987506-30043654756 graph_emission
[seqwish::transclosure] 23349.637 96.92% 30043654756-30827813133 overlap_collect
[seqwish::transclosure] 23352.891 96.92% 30043654756-30827813133 rank_build
[seqwish::transclosure] 23377.405 96.92% 30043654756-30827813133 parallel_union_find
[seqwish::transclosure] 23377.551 96.92% 30043654756-30827813133 dset_write
[seqwish::transclosure] 23378.017 96.92% 30043654756-30827813133 dset_compression
[seqwish::transclosure] 23378.440 96.92% 30043654756-30827813133 dset_sort
[seqwish::transclosure] 23379.254 96.92% 30043654756-30827813133 dset_invert
[seqwish::transclosure] 23379.856 96.92% 30043654756-30827813133 graph_emission
[seqwish::transclosure] 23388.944 96.99% 30827813133-32946085594 overlap_collect
[seqwish::transclosure] 23397.258 96.99% 30827813133-32946085594 rank_build
[seqwish::transclosure] 23421.639 96.99% 30827813133-32946085594 parallel_union_find
[seqwish::transclosure] 23421.831 96.99% 30827813133-32946085594 dset_write
[seqwish::transclosure] 23422.475 96.99% 30827813133-32946085594 dset_compression
[seqwish::transclosure] 23423.578 96.99% 30827813133-32946085594 dset_sort
[seqwish::transclosure] 23424.347 96.99% 30827813133-32946085594 dset_invert
[seqwish::transclosure] 23425.368 96.99% 30827813133-32946085594 graph_emission
[seqwish::transclosure] 23434.718 97.07% 32946085594-33761147672 overlap_collect
[seqwish::transclosure] 23438.013 97.07% 32946085594-33761147672 rank_build
[seqwish::transclosure] 23462.030 97.07% 32946085594-33761147672 parallel_union_find
[seqwish::transclosure] 23462.145 97.07% 32946085594-33761147672 dset_write
[seqwish::transclosure] 23462.636 97.07% 32946085594-33761147672 dset_compression
[seqwish::transclosure] 23463.087 97.07% 32946085594-33761147672 dset_sort
[seqwish::transclosure] 23463.616 97.07% 32946085594-33761147672 dset_invert
[seqwish::transclosure] 23464.216 97.07% 32946085594-33761147672 graph_emission
[seqwish::transclosure] 23473.077 97.14% 33761147672-35760801352 overlap_collect
[seqwish::transclosure] 23480.684 97.14% 33761147672-35760801352 rank_build
[seqwish::transclosure] 23504.491 97.14% 33761147672-35760801352 parallel_union_find
[seqwish::transclosure] 23504.629 97.14% 33761147672-35760801352 dset_write
[seqwish::transclosure] 23505.170 97.14% 33761147672-35760801352 dset_compression
[seqwish::transclosure] 23506.047 97.14% 33761147672-35760801352 dset_sort
[seqwish::transclosure] 23506.552 97.14% 33761147672-35760801352 dset_invert
[seqwish::transclosure] 23507.477 97.14% 33761147672-35760801352 graph_emission
[seqwish::transclosure] 23516.301 97.21% 35760801352-36626655251 overlap_collect
[seqwish::transclosure] 23519.588 97.21% 35760801352-36626655251 rank_build
[seqwish::transclosure] 23543.497 97.21% 35760801352-36626655251 parallel_union_find
[seqwish::transclosure] 23543.665 97.21% 35760801352-36626655251 dset_write
[seqwish::transclosure] 23544.092 97.21% 35760801352-36626655251 dset_compression
[seqwish::transclosure] 23544.542 97.21% 35760801352-36626655251 dset_sort
[seqwish::transclosure] 23545.092 97.21% 35760801352-36626655251 dset_invert
[seqwish::transclosure] 23545.675 97.21% 35760801352-36626655251 graph_emission
[seqwish::transclosure] 23554.081 97.28% 36626655251-38345733759 overlap_collect
[seqwish::transclosure] 23560.617 97.28% 36626655251-38345733759 rank_build
[seqwish::transclosure] 23584.453 97.28% 36626655251-38345733759 parallel_union_find
[seqwish::transclosure] 23584.586 97.28% 36626655251-38345733759 dset_write
[seqwish::transclosure] 23585.139 97.28% 36626655251-38345733759 dset_compression
[seqwish::transclosure] 23586.074 97.28% 36626655251-38345733759 dset_sort
[seqwish::transclosure] 23586.831 97.28% 36626655251-38345733759 dset_invert
[seqwish::transclosure] 23587.787 97.28% 36626655251-38345733759 graph_emission
[seqwish::transclosure] 23596.686 97.35% 38345733759-39473700018 overlap_collect
[seqwish::transclosure] 23600.919 97.35% 38345733759-39473700018 rank_build
[seqwish::transclosure] 23626.007 97.35% 38345733759-39473700018 parallel_union_find
[seqwish::transclosure] 23626.127 97.35% 38345733759-39473700018 dset_write
[seqwish::transclosure] 23626.632 97.35% 38345733759-39473700018 dset_compression
[seqwish::transclosure] 23627.098 97.35% 38345733759-39473700018 dset_sort
[seqwish::transclosure] 23627.608 97.35% 38345733759-39473700018 dset_invert
[seqwish::transclosure] 23628.195 97.35% 38345733759-39473700018 graph_emission
[seqwish::transclosure] 23637.152 97.42% 39473700018-41235481588 overlap_collect
[seqwish::transclosure] 23643.209 97.42% 39473700018-41235481588 rank_build
[seqwish::transclosure] 23666.713 97.42% 39473700018-41235481588 parallel_union_find
[seqwish::transclosure] 23666.848 97.42% 39473700018-41235481588 dset_write
[seqwish::transclosure] 23667.551 97.42% 39473700018-41235481588 dset_compression
[seqwish::transclosure] 23668.698 97.42% 39473700018-41235481588 dset_sort
[seqwish::transclosure] 23669.213 97.42% 39473700018-41235481588 dset_invert
[seqwish::transclosure] 23670.269 97.42% 39473700018-41235481588 graph_emission
[seqwish::transclosure] 23678.398 97.49% 41235481588-41977448879 overlap_collect
[seqwish::transclosure] 23681.181 97.49% 41235481588-41977448879 rank_build
[seqwish::transclosure] 23705.811 97.49% 41235481588-41977448879 parallel_union_find
[seqwish::transclosure] 23705.973 97.49% 41235481588-41977448879 dset_write
[seqwish::transclosure] 23706.747 97.49% 41235481588-41977448879 dset_compression
[seqwish::transclosure] 23707.587 97.49% 41235481588-41977448879 dset_sort
[seqwish::transclosure] 23708.123 97.49% 41235481588-41977448879 dset_invert
[seqwish::transclosure] 23709.107 97.49% 41235481588-41977448879 graph_emission
[seqwish::transclosure] 23716.339 97.55% 41977448879-42974723689 overlap_collect
[seqwish::transclosure] 23719.554 97.55% 41977448879-42974723689 rank_build
[seqwish::transclosure] 23744.209 97.55% 41977448879-42974723689 parallel_union_find
[seqwish::transclosure] 23744.298 97.55% 41977448879-42974723689 dset_write
[seqwish::transclosure] 23744.666 97.55% 41977448879-42974723689 dset_compression
[seqwish::transclosure] 23745.039 97.55% 41977448879-42974723689 dset_sort
[seqwish::transclosure] 23745.822 97.55% 41977448879-42974723689 dset_invert
[seqwish::transclosure] 23746.352 97.55% 41977448879-42974723689 graph_emission
[seqwish::transclosure] 23755.031 97.61% 42974723689-44700350728 overlap_collect
[seqwish::transclosure] 23760.525 97.61% 42974723689-44700350728 rank_build
[seqwish::transclosure] 23791.831 97.61% 42974723689-44700350728 parallel_union_find
[seqwish::transclosure] 23791.887 97.61% 42974723689-44700350728 dset_write
[seqwish::transclosure] 23792.284 97.61% 42974723689-44700350728 dset_compression
[seqwish::transclosure] 23792.622 97.61% 42974723689-44700350728 dset_sort
[seqwish::transclosure] 23793.154 97.61% 42974723689-44700350728 dset_invert
[seqwish::transclosure] 23793.641 97.61% 42974723689-44700350728 graph_emission
[seqwish::transclosure] 23803.731 97.67% 44700350728-46584972001 overlap_collect
[seqwish::transclosure] 23809.487 97.67% 44700350728-46584972001 rank_build
[seqwish::transclosure] 23833.068 97.67% 44700350728-46584972001 parallel_union_find
[seqwish::transclosure] 23833.117 97.67% 44700350728-46584972001 dset_write
[seqwish::transclosure] 23833.476 97.67% 44700350728-46584972001 dset_compression
[seqwish::transclosure] 23833.794 97.67% 44700350728-46584972001 dset_sort
[seqwish::transclosure] 23834.573 97.67% 44700350728-46584972001 dset_invert
[seqwish::transclosure] 23835.083 97.67% 44700350728-46584972001 graph_emission
[seqwish::transclosure] 23845.195 97.72% 46584972001-48307032905 overlap_collect
[seqwish::transclosure] 23850.752 97.72% 46584972001-48307032905 rank_build
[seqwish::transclosure] 23875.970 97.72% 46584972001-48307032905 parallel_union_find
[seqwish::transclosure] 23876.004 97.72% 46584972001-48307032905 dset_write
[seqwish::transclosure] 23876.391 97.72% 46584972001-48307032905 dset_compression
[seqwish::transclosure] 23877.006 97.72% 46584972001-48307032905 dset_sort
[seqwish::transclosure] 23877.505 97.72% 46584972001-48307032905 dset_invert
[seqwish::transclosure] 23878.263 97.72% 46584972001-48307032905 graph_emission
[seqwish::transclosure] 23888.798 97.77% 48307032905-50549212875 overlap_collect
[seqwish::transclosure] 23896.187 97.77% 48307032905-50549212875 rank_build
[seqwish::transclosure] 23919.921 97.77% 48307032905-50549212875 parallel_union_find
[seqwish::transclosure] 23920.092 97.77% 48307032905-50549212875 dset_write
[seqwish::transclosure] 23920.602 97.77% 48307032905-50549212875 dset_compression
[seqwish::transclosure] 23921.076 97.77% 48307032905-50549212875 dset_sort
[seqwish::transclosure] 23921.605 97.77% 48307032905-50549212875 dset_invert
[seqwish::transclosure] 23922.204 97.77% 48307032905-50549212875 graph_emission
[seqwish::transclosure] 23931.879 97.84% 50549212875-51389648075 overlap_collect
[seqwish::transclosure] 23934.792 97.84% 50549212875-51389648075 rank_build
[seqwish::transclosure] 23958.980 97.84% 50549212875-51389648075 parallel_union_find
[seqwish::transclosure] 23959.034 97.84% 50549212875-51389648075 dset_write
[seqwish::transclosure] 23959.388 97.84% 50549212875-51389648075 dset_compression
[seqwish::transclosure] 23959.747 97.84% 50549212875-51389648075 dset_sort
[seqwish::transclosure] 23960.270 97.84% 50549212875-51389648075 dset_invert
[seqwish::transclosure] 23960.769 97.84% 50549212875-51389648075 graph_emission
[seqwish::transclosure] 23969.607 97.89% 51389648075-53017471568 overlap_collect
[seqwish::transclosure] 23974.989 97.89% 51389648075-53017471568 rank_build
[seqwish::transclosure] 23999.931 97.89% 51389648075-53017471568 parallel_union_find
[seqwish::transclosure] 23999.976 97.89% 51389648075-53017471568 dset_write
[seqwish::transclosure] 24000.342 97.89% 51389648075-53017471568 dset_compression
[seqwish::transclosure] 24000.703 97.89% 51389648075-53017471568 dset_sort
[seqwish::transclosure] 24001.209 97.89% 51389648075-53017471568 dset_invert
[seqwish::transclosure] 24001.705 97.89% 51389648075-53017471568 graph_emission
[seqwish::transclosure] 24010.859 97.95% 53017471568-54103163823 overlap_collect
[seqwish::transclosure] 24014.632 97.95% 53017471568-54103163823 rank_build
[seqwish::transclosure] 24038.500 97.95% 53017471568-54103163823 parallel_union_find
[seqwish::transclosure] 24038.549 97.95% 53017471568-54103163823 dset_write
[seqwish::transclosure] 24038.936 97.95% 53017471568-54103163823 dset_compression
[seqwish::transclosure] 24039.272 97.95% 53017471568-54103163823 dset_sort
[seqwish::transclosure] 24039.791 97.95% 53017471568-54103163823 dset_invert
[seqwish::transclosure] 24040.271 97.95% 53017471568-54103163823 graph_emission
[seqwish::transclosure] 24048.064 98.00% 54103163823-55185961077 overlap_collect
[seqwish::transclosure] 24051.644 98.00% 54103163823-55185961077 rank_build
[seqwish::transclosure] 24075.329 98.00% 54103163823-55185961077 parallel_union_find
[seqwish::transclosure] 24075.400 98.00% 54103163823-55185961077 dset_write
[seqwish::transclosure] 24075.842 98.00% 54103163823-55185961077 dset_compression
[seqwish::transclosure] 24076.570 98.00% 54103163823-55185961077 dset_sort
[seqwish::transclosure] 24077.061 98.00% 54103163823-55185961077 dset_invert
[seqwish::transclosure] 24077.907 98.00% 54103163823-55185961077 graph_emission
[seqwish::transclosure] 24086.820 98.06% 55185961077-57053668824 overlap_collect
[seqwish::transclosure] 24092.877 98.06% 55185961077-57053668824 rank_build
[seqwish::transclosure] 24118.351 98.06% 55185961077-57053668824 parallel_union_find
[seqwish::transclosure] 24118.425 98.06% 55185961077-57053668824 dset_write
[seqwish::transclosure] 24118.819 98.06% 55185961077-57053668824 dset_compression
[seqwish::transclosure] 24119.164 98.06% 55185961077-57053668824 dset_sort
[seqwish::transclosure] 24119.681 98.06% 55185961077-57053668824 dset_invert
[seqwish::transclosure] 24120.179 98.06% 55185961077-57053668824 graph_emission
[seqwish::transclosure] 24130.374 98.11% 57053668824-58609477514 overlap_collect
[seqwish::transclosure] 24135.236 98.11% 57053668824-58609477514 rank_build
[seqwish::transclosure] 24158.825 98.11% 57053668824-58609477514 parallel_union_find
[seqwish::transclosure] 24158.870 98.11% 57053668824-58609477514 dset_write
[seqwish::transclosure] 24159.309 98.11% 57053668824-58609477514 dset_compression
[seqwish::transclosure] 24159.948 98.11% 57053668824-58609477514 dset_sort
[seqwish::transclosure] 24160.756 98.11% 57053668824-58609477514 dset_invert
[seqwish::transclosure] 24161.593 98.11% 57053668824-58609477514 graph_emission
[seqwish::transclosure] 24170.409 98.17% 58609477514-59879621578 overlap_collect
[seqwish::transclosure] 24174.465 98.17% 58609477514-59879621578 rank_build
[seqwish::transclosure] 24198.573 98.17% 58609477514-59879621578 parallel_union_find
[seqwish::transclosure] 24198.612 98.17% 58609477514-59879621578 dset_write
[seqwish::transclosure] 24198.976 98.17% 58609477514-59879621578 dset_compression
[seqwish::transclosure] 24199.284 98.17% 58609477514-59879621578 dset_sort
[seqwish::transclosure] 24200.071 98.17% 58609477514-59879621578 dset_invert
[seqwish::transclosure] 24200.559 98.17% 58609477514-59879621578 graph_emission
[seqwish::transclosure] 24209.120 98.22% 59879621578-61312175989 overlap_collect
[seqwish::transclosure] 24213.589 98.22% 59879621578-61312175989 rank_build
[seqwish::transclosure] 24237.131 98.22% 59879621578-61312175989 parallel_union_find
[seqwish::transclosure] 24237.201 98.22% 59879621578-61312175989 dset_write
[seqwish::transclosure] 24237.640 98.22% 59879621578-61312175989 dset_compression
[seqwish::transclosure] 24238.290 98.22% 59879621578-61312175989 dset_sort
[seqwish::transclosure] 24238.804 98.22% 59879621578-61312175989 dset_invert
[seqwish::transclosure] 24239.595 98.22% 59879621578-61312175989 graph_emission
[seqwish::transclosure] 24248.194 98.27% 61312175989-62659802223 overlap_collect
[seqwish::transclosure] 24252.475 98.27% 61312175989-62659802223 rank_build
[seqwish::transclosure] 24276.530 98.27% 61312175989-62659802223 parallel_union_find
[seqwish::transclosure] 24276.590 98.27% 61312175989-62659802223 dset_write
[seqwish::transclosure] 24276.968 98.27% 61312175989-62659802223 dset_compression
[seqwish::transclosure] 24277.299 98.27% 61312175989-62659802223 dset_sort
[seqwish::transclosure] 24277.811 98.27% 61312175989-62659802223 dset_invert
[seqwish::transclosure] 24278.285 98.27% 61312175989-62659802223 graph_emission
[seqwish::transclosure] 24286.081 98.32% 62659802223-63169142606 overlap_collect
[seqwish::transclosure] 24287.919 98.32% 62659802223-63169142606 rank_build
[seqwish::transclosure] 24311.807 98.32% 62659802223-63169142606 parallel_union_find
[seqwish::transclosure] 24311.871 98.32% 62659802223-63169142606 dset_write
[seqwish::transclosure] 24312.323 98.32% 62659802223-63169142606 dset_compression
[seqwish::transclosure] 24313.004 98.32% 62659802223-63169142606 dset_sort
[seqwish::transclosure] 24313.826 98.32% 62659802223-63169142606 dset_invert
[seqwish::transclosure] 24314.673 98.32% 62659802223-63169142606 graph_emission
[seqwish::transclosure] 24323.592 98.37% 63169142606-65486890942 overlap_collect
[seqwish::transclosure] 24330.773 98.37% 63169142606-65486890942 rank_build
[seqwish::transclosure] 24355.030 98.37% 63169142606-65486890942 parallel_union_find
[seqwish::transclosure] 24355.106 98.37% 63169142606-65486890942 dset_write
[seqwish::transclosure] 24355.518 98.37% 63169142606-65486890942 dset_compression
[seqwish::transclosure] 24355.888 98.37% 63169142606-65486890942 dset_sort
[seqwish::transclosure] 24356.408 98.37% 63169142606-65486890942 dset_invert
[seqwish::transclosure] 24356.935 98.37% 63169142606-65486890942 graph_emission
[seqwish::transclosure] 24365.945 98.43% 65486890942-66155402928 overlap_collect
[seqwish::transclosure] 24368.244 98.43% 65486890942-66155402928 rank_build
[seqwish::transclosure] 24391.699 98.43% 65486890942-66155402928 parallel_union_find
[seqwish::transclosure] 24391.782 98.43% 65486890942-66155402928 dset_write
[seqwish::transclosure] 24392.130 98.43% 65486890942-66155402928 dset_compression
[seqwish::transclosure] 24392.445 98.43% 65486890942-66155402928 dset_sort
[seqwish::transclosure] 24392.949 98.43% 65486890942-66155402928 dset_invert
[seqwish::transclosure] 24393.421 98.43% 65486890942-66155402928 graph_emission
[seqwish::transclosure] 24400.614 98.48% 66155402928-67327276961 overlap_collect
[seqwish::transclosure] 24404.398 98.48% 66155402928-67327276961 rank_build
[seqwish::transclosure] 24430.220 98.48% 66155402928-67327276961 parallel_union_find
[seqwish::transclosure] 24430.269 98.48% 66155402928-67327276961 dset_write
[seqwish::transclosure] 24430.678 98.48% 66155402928-67327276961 dset_compression
[seqwish::transclosure] 24431.365 98.48% 66155402928-67327276961 dset_sort
[seqwish::transclosure] 24432.184 98.48% 66155402928-67327276961 dset_invert
[seqwish::transclosure] 24432.933 98.48% 66155402928-67327276961 graph_emission
[seqwish::transclosure] 24442.032 98.54% 67327276961-69121039050 overlap_collect
[seqwish::transclosure] 24447.517 98.54% 67327276961-69121039050 rank_build
[seqwish::transclosure] 24472.457 98.54% 67327276961-69121039050 parallel_union_find
[seqwish::transclosure] 24472.504 98.54% 67327276961-69121039050 dset_write
[seqwish::transclosure] 24472.841 98.54% 67327276961-69121039050 dset_compression
[seqwish::transclosure] 24473.169 98.54% 67327276961-69121039050 dset_sort
[seqwish::transclosure] 24473.686 98.54% 67327276961-69121039050 dset_invert
[seqwish::transclosure] 24474.428 98.54% 67327276961-69121039050 graph_emission
[seqwish::transclosure] 24484.528 98.59% 69121039050-70975526684 overlap_collect
[seqwish::transclosure] 24490.276 98.59% 69121039050-70975526684 rank_build
[seqwish::transclosure] 24515.699 98.59% 69121039050-70975526684 parallel_union_find
[seqwish::transclosure] 24515.749 98.59% 69121039050-70975526684 dset_write
[seqwish::transclosure] 24516.145 98.59% 69121039050-70975526684 dset_compression
[seqwish::transclosure] 24516.757 98.59% 69121039050-70975526684 dset_sort
[seqwish::transclosure] 24517.225 98.59% 69121039050-70975526684 dset_invert
[seqwish::transclosure] 24517.945 98.59% 69121039050-70975526684 graph_emission
[seqwish::transclosure] 24527.536 98.64% 70975526684-72163244320 overlap_collect
[seqwish::transclosure] 24531.256 98.64% 70975526684-72163244320 rank_build
[seqwish::transclosure] 24554.805 98.64% 70975526684-72163244320 parallel_union_find
[seqwish::transclosure] 24554.847 98.64% 70975526684-72163244320 dset_write
[seqwish::transclosure] 24555.168 98.64% 70975526684-72163244320 dset_compression
[seqwish::transclosure] 24555.486 98.64% 70975526684-72163244320 dset_sort
[seqwish::transclosure] 24555.968 98.64% 70975526684-72163244320 dset_invert
[seqwish::transclosure] 24556.408 98.64% 70975526684-72163244320 graph_emission
[seqwish::transclosure] 24565.112 98.69% 72163244320-73724464732 overlap_collect
[seqwish::transclosure] 24570.018 98.69% 72163244320-73724464732 rank_build
[seqwish::transclosure] 24593.535 98.69% 72163244320-73724464732 parallel_union_find
[seqwish::transclosure] 24593.642 98.69% 72163244320-73724464732 dset_write
[seqwish::transclosure] 24594.030 98.69% 72163244320-73724464732 dset_compression
[seqwish::transclosure] 24594.367 98.69% 72163244320-73724464732 dset_sort
[seqwish::transclosure] 24594.855 98.69% 72163244320-73724464732 dset_invert
[seqwish::transclosure] 24595.366 98.69% 72163244320-73724464732 graph_emission
[seqwish::transclosure] 24604.409 98.74% 73724464732-74897562080 overlap_collect
[seqwish::transclosure] 24608.084 98.74% 73724464732-74897562080 rank_build
[seqwish::transclosure] 24632.144 98.74% 73724464732-74897562080 parallel_union_find
[seqwish::transclosure] 24632.244 98.74% 73724464732-74897562080 dset_write
[seqwish::transclosure] 24632.701 98.74% 73724464732-74897562080 dset_compression
[seqwish::transclosure] 24633.411 98.74% 73724464732-74897562080 dset_sort
[seqwish::transclosure] 24633.918 98.74% 73724464732-74897562080 dset_invert
[seqwish::transclosure] 24634.729 98.74% 73724464732-74897562080 graph_emission
[seqwish::transclosure] 24642.330 98.80% 74897562080-75678966888 overlap_collect
[seqwish::transclosure] 24644.882 98.80% 74897562080-75678966888 rank_build
[seqwish::transclosure] 24669.006 98.80% 74897562080-75678966888 parallel_union_find
[seqwish::transclosure] 24669.055 98.80% 74897562080-75678966888 dset_write
[seqwish::transclosure] 24669.384 98.80% 74897562080-75678966888 dset_compression
[seqwish::transclosure] 24669.685 98.80% 74897562080-75678966888 dset_sort
[seqwish::transclosure] 24670.184 98.80% 74897562080-75678966888 dset_invert
[seqwish::transclosure] 24670.639 98.80% 74897562080-75678966888 graph_emission
[seqwish::transclosure] 24678.252 98.84% 75678966888-76881729967 overlap_collect
[seqwish::transclosure] 24682.047 98.84% 75678966888-76881729967 rank_build
[seqwish::transclosure] 24705.452 98.84% 75678966888-76881729967 parallel_union_find
[seqwish::transclosure] 24705.497 98.84% 75678966888-76881729967 dset_write
[seqwish::transclosure] 24705.829 98.84% 75678966888-76881729967 dset_compression
[seqwish::transclosure] 24706.138 98.84% 75678966888-76881729967 dset_sort
[seqwish::transclosure] 24706.858 98.84% 75678966888-76881729967 dset_invert
[seqwish::transclosure] 24707.331 98.84% 75678966888-76881729967 graph_emission
[seqwish::transclosure] 24715.609 98.89% 76881729967-78221317006 overlap_collect
[seqwish::transclosure] 24719.764 98.89% 76881729967-78221317006 rank_build
[seqwish::transclosure] 24743.239 98.89% 76881729967-78221317006 parallel_union_find
[seqwish::transclosure] 24743.278 98.89% 76881729967-78221317006 dset_write
[seqwish::transclosure] 24743.577 98.89% 76881729967-78221317006 dset_compression
[seqwish::transclosure] 24743.872 98.89% 76881729967-78221317006 dset_sort
[seqwish::transclosure] 24744.351 98.89% 76881729967-78221317006 dset_invert
[seqwish::transclosure] 24744.785 98.89% 76881729967-78221317006 graph_emission
[seqwish::transclosure] 24753.234 98.94% 78221317006-79511683565 overlap_collect
[seqwish::transclosure] 24757.300 98.94% 78221317006-79511683565 rank_build
[seqwish::transclosure] 24782.748 98.94% 78221317006-79511683565 parallel_union_find
[seqwish::transclosure] 24782.782 98.94% 78221317006-79511683565 dset_write
[seqwish::transclosure] 24783.106 98.94% 78221317006-79511683565 dset_compression
[seqwish::transclosure] 24783.388 98.94% 78221317006-79511683565 dset_sort
[seqwish::transclosure] 24784.109 98.94% 78221317006-79511683565 dset_invert
[seqwish::transclosure] 24784.528 98.94% 78221317006-79511683565 graph_emission
[seqwish::transclosure] 24793.738 98.99% 79511683565-81294469718 overlap_collect
[seqwish::transclosure] 24799.125 98.99% 79511683565-81294469718 rank_build
[seqwish::transclosure] 24822.476 98.99% 79511683565-81294469718 parallel_union_find
[seqwish::transclosure] 24822.525 98.99% 79511683565-81294469718 dset_write
[seqwish::transclosure] 24822.865 98.99% 79511683565-81294469718 dset_compression
[seqwish::transclosure] 24823.172 98.99% 79511683565-81294469718 dset_sort
[seqwish::transclosure] 24823.931 98.99% 79511683565-81294469718 dset_invert
[seqwish::transclosure] 24824.382 98.99% 79511683565-81294469718 graph_emission
[seqwish::transclosure] 24835.072 99.04% 81294469718-83597449247 overlap_collect
[seqwish::transclosure] 24842.104 99.04% 81294469718-83597449247 rank_build
[seqwish::transclosure] 24867.480 99.04% 81294469718-83597449247 parallel_union_find
[seqwish::transclosure] 24867.532 99.04% 81294469718-83597449247 dset_write
[seqwish::transclosure] 24867.934 99.04% 81294469718-83597449247 dset_compression
[seqwish::transclosure] 24868.516 99.04% 81294469718-83597449247 dset_sort
[seqwish::transclosure] 24869.225 99.04% 81294469718-83597449247 dset_invert
[seqwish::transclosure] 24869.959 99.04% 81294469718-83597449247 graph_emission
[seqwish::transclosure] 24879.707 99.09% 83597449247-84321757949 overlap_collect
[seqwish::transclosure] 24882.091 99.09% 83597449247-84321757949 rank_build
[seqwish::transclosure] 24905.913 99.09% 83597449247-84321757949 parallel_union_find
[seqwish::transclosure] 24905.942 99.09% 83597449247-84321757949 dset_write
[seqwish::transclosure] 24906.268 99.09% 83597449247-84321757949 dset_compression
[seqwish::transclosure] 24906.540 99.09% 83597449247-84321757949 dset_sort
[seqwish::transclosure] 24907.020 99.09% 83597449247-84321757949 dset_invert
[seqwish::transclosure] 24907.423 99.09% 83597449247-84321757949 graph_emission
[seqwish::transclosure] 24916.447 99.13% 84321757949-86485535556 overlap_collect
[seqwish::transclosure] 24923.042 99.13% 84321757949-86485535556 rank_build
[seqwish::transclosure] 24946.550 99.13% 84321757949-86485535556 parallel_union_find
[seqwish::transclosure] 24946.583 99.13% 84321757949-86485535556 dset_write
[seqwish::transclosure] 24946.906 99.13% 84321757949-86485535556 dset_compression
[seqwish::transclosure] 24947.182 99.13% 84321757949-86485535556 dset_sort
[seqwish::transclosure] 24947.901 99.13% 84321757949-86485535556 dset_invert
[seqwish::transclosure] 24948.308 99.13% 84321757949-86485535556 graph_emission
[seqwish::transclosure] 24957.416 99.18% 86485535556-87520465814 overlap_collect
[seqwish::transclosure] 24960.836 99.18% 86485535556-87520465814 rank_build
[seqwish::transclosure] 24984.359 99.18% 86485535556-87520465814 parallel_union_find
[seqwish::transclosure] 24984.423 99.18% 86485535556-87520465814 dset_write
[seqwish::transclosure] 24984.749 99.18% 86485535556-87520465814 dset_compression
[seqwish::transclosure] 24985.053 99.18% 86485535556-87520465814 dset_sort
[seqwish::transclosure] 24985.525 99.18% 86485535556-87520465814 dset_invert
[seqwish::transclosure] 24985.940 99.18% 86485535556-87520465814 graph_emission
[seqwish::transclosure] 24995.889 99.23% 87520465814-90053673245 overlap_collect
[seqwish::transclosure] 25003.335 99.23% 87520465814-90053673245 rank_build
[seqwish::transclosure] 25028.767 99.23% 87520465814-90053673245 parallel_union_find
[seqwish::transclosure] 25028.786 99.23% 87520465814-90053673245 dset_write
[seqwish::transclosure] 25029.094 99.23% 87520465814-90053673245 dset_compression
[seqwish::transclosure] 25029.358 99.23% 87520465814-90053673245 dset_sort
[seqwish::transclosure] 25029.820 99.23% 87520465814-90053673245 dset_invert
[seqwish::transclosure] 25030.197 99.23% 87520465814-90053673245 graph_emission
[seqwish::transclosure] 25039.965 99.27% 90053673245-91024975741 overlap_collect
[seqwish::transclosure] 25043.141 99.27% 90053673245-91024975741 rank_build
[seqwish::transclosure] 25066.461 99.27% 90053673245-91024975741 parallel_union_find
[seqwish::transclosure] 25066.491 99.27% 90053673245-91024975741 dset_write
[seqwish::transclosure] 25066.808 99.27% 90053673245-91024975741 dset_compression
[seqwish::transclosure] 25067.073 99.27% 90053673245-91024975741 dset_sort
[seqwish::transclosure] 25067.542 99.27% 90053673245-91024975741 dset_invert
[seqwish::transclosure] 25067.939 99.27% 90053673245-91024975741 graph_emission
[seqwish::transclosure] 25075.866 99.32% 91024975741-92421790087 overlap_collect
[seqwish::transclosure] 25080.347 99.32% 91024975741-92421790087 rank_build
[seqwish::transclosure] 25105.977 99.32% 91024975741-92421790087 parallel_union_find
[seqwish::transclosure] 25106.291 99.32% 91024975741-92421790087 dset_write
[seqwish::transclosure] 25106.707 99.32% 91024975741-92421790087 dset_compression
[seqwish::transclosure] 25107.087 99.32% 91024975741-92421790087 dset_sort
[seqwish::transclosure] 25107.838 99.32% 91024975741-92421790087 dset_invert
[seqwish::transclosure] 25108.318 99.32% 91024975741-92421790087 graph_emission
[seqwish::transclosure] 25118.024 99.37% 92421790087-94391959607 overlap_collect
[seqwish::transclosure] 25124.025 99.37% 92421790087-94391959607 rank_build
[seqwish::transclosure] 25147.383 99.37% 92421790087-94391959607 parallel_union_find
[seqwish::transclosure] 25147.405 99.37% 92421790087-94391959607 dset_write
[seqwish::transclosure] 25147.715 99.37% 92421790087-94391959607 dset_compression
[seqwish::transclosure] 25147.985 99.37% 92421790087-94391959607 dset_sort
[seqwish::transclosure] 25148.436 99.37% 92421790087-94391959607 dset_invert
[seqwish::transclosure] 25148.821 99.37% 92421790087-94391959607 graph_emission
[seqwish::transclosure] 25158.934 99.42% 94391959607-95906668606 overlap_collect
[seqwish::transclosure] 25163.573 99.42% 94391959607-95906668606 rank_build
[seqwish::transclosure] 25187.017 99.42% 94391959607-95906668606 parallel_union_find
[seqwish::transclosure] 25187.068 99.42% 94391959607-95906668606 dset_write
[seqwish::transclosure] 25187.401 99.42% 94391959607-95906668606 dset_compression
[seqwish::transclosure] 25187.697 99.42% 94391959607-95906668606 dset_sort
[seqwish::transclosure] 25188.181 99.42% 94391959607-95906668606 dset_invert
[seqwish::transclosure] 25188.628 99.42% 94391959607-95906668606 graph_emission
[seqwish::transclosure] 25197.822 99.47% 95906668606-97478183608 overlap_collect
[seqwish::transclosure] 25202.628 99.47% 95906668606-97478183608 rank_build
[seqwish::transclosure] 25226.144 99.47% 95906668606-97478183608 parallel_union_find
[seqwish::transclosure] 25226.204 99.47% 95906668606-97478183608 dset_write
[seqwish::transclosure] 25226.524 99.47% 95906668606-97478183608 dset_compression
[seqwish::transclosure] 25226.812 99.47% 95906668606-97478183608 dset_sort
[seqwish::transclosure] 25227.278 99.47% 95906668606-97478183608 dset_invert
[seqwish::transclosure] 25227.685 99.47% 95906668606-97478183608 graph_emission
[seqwish::transclosure] 25237.871 99.51% 97478183608-99384777144 overlap_collect
[seqwish::transclosure] 25243.562 99.51% 97478183608-99384777144 rank_build
[seqwish::transclosure] 25267.276 99.51% 97478183608-99384777144 parallel_union_find
[seqwish::transclosure] 25267.331 99.51% 97478183608-99384777144 dset_write
[seqwish::transclosure] 25267.666 99.51% 97478183608-99384777144 dset_compression
[seqwish::transclosure] 25267.946 99.51% 97478183608-99384777144 dset_sort
[seqwish::transclosure] 25268.408 99.51% 97478183608-99384777144 dset_invert
[seqwish::transclosure] 25268.815 99.51% 97478183608-99384777144 graph_emission
[seqwish::transclosure] 25279.567 99.56% 99384777144-101202244382 overlap_collect
[seqwish::transclosure] 25285.039 99.56% 99384777144-101202244382 rank_build
[seqwish::transclosure] 25308.481 99.56% 99384777144-101202244382 parallel_union_find
[seqwish::transclosure] 25308.559 99.56% 99384777144-101202244382 dset_write
[seqwish::transclosure] 25308.892 99.56% 99384777144-101202244382 dset_compression
[seqwish::transclosure] 25309.174 99.56% 99384777144-101202244382 dset_sort
[seqwish::transclosure] 25309.911 99.56% 99384777144-101202244382 dset_invert
[seqwish::transclosure] 25310.408 99.56% 99384777144-101202244382 graph_emission
[seqwish::transclosure] 25319.723 99.61% 101202244382-102622624326 overlap_collect
[seqwish::transclosure] 25324.096 99.61% 101202244382-102622624326 rank_build
[seqwish::transclosure] 25347.618 99.61% 101202244382-102622624326 parallel_union_find
[seqwish::transclosure] 25347.639 99.61% 101202244382-102622624326 dset_write
[seqwish::transclosure] 25347.945 99.61% 101202244382-102622624326 dset_compression
[seqwish::transclosure] 25348.202 99.61% 101202244382-102622624326 dset_sort
[seqwish::transclosure] 25348.690 99.61% 101202244382-102622624326 dset_invert
[seqwish::transclosure] 25349.094 99.61% 101202244382-102622624326 graph_emission
[seqwish::transclosure] 25359.494 99.65% 102622624326-104765864321 overlap_collect
[seqwish::transclosure] 25365.789 99.65% 102622624326-104765864321 rank_build
[seqwish::transclosure] 25392.299 99.65% 102622624326-104765864321 parallel_union_find
[seqwish::transclosure] 25392.324 99.65% 102622624326-104765864321 dset_write
[seqwish::transclosure] 25392.731 99.65% 102622624326-104765864321 dset_compression
[seqwish::transclosure] 25393.237 99.65% 102622624326-104765864321 dset_sort
[seqwish::transclosure] 25393.745 99.65% 102622624326-104765864321 dset_invert
[seqwish::transclosure] 25394.412 99.65% 102622624326-104765864321 graph_emission
[seqwish::transclosure] 25403.899 99.70% 104765864321-105878601084 overlap_collect
[seqwish::transclosure] 25407.412 99.70% 104765864321-105878601084 rank_build
[seqwish::transclosure] 25430.728 99.70% 104765864321-105878601084 parallel_union_find
[seqwish::transclosure] 25430.806 99.70% 104765864321-105878601084 dset_write
[seqwish::transclosure] 25431.115 99.70% 104765864321-105878601084 dset_compression
[seqwish::transclosure] 25431.409 99.70% 104765864321-105878601084 dset_sort
[seqwish::transclosure] 25431.899 99.70% 104765864321-105878601084 dset_invert
[seqwish::transclosure] 25432.275 99.70% 104765864321-105878601084 graph_emission
[seqwish::transclosure] 25442.494 99.74% 105878601084-108140431925 overlap_collect
[seqwish::transclosure] 25449.080 99.74% 105878601084-108140431925 rank_build
[seqwish::transclosure] 25472.772 99.74% 105878601084-108140431925 parallel_union_find
[seqwish::transclosure] 25472.791 99.74% 105878601084-108140431925 dset_write
[seqwish::transclosure] 25473.101 99.74% 105878601084-108140431925 dset_compression
[seqwish::transclosure] 25473.345 99.74% 105878601084-108140431925 dset_sort
[seqwish::transclosure] 25473.965 99.74% 105878601084-108140431925 dset_invert
[seqwish::transclosure] 25474.362 99.74% 105878601084-108140431925 graph_emission
[seqwish::transclosure] 25483.882 99.78% 108140431925-109230851856 overlap_collect
[seqwish::transclosure] 25487.371 99.78% 108140431925-109230851856 rank_build
[seqwish::transclosure] 25511.062 99.78% 108140431925-109230851856 parallel_union_find
[seqwish::transclosure] 25511.090 99.78% 108140431925-109230851856 dset_write
[seqwish::transclosure] 25511.396 99.78% 108140431925-109230851856 dset_compression
[seqwish::transclosure] 25511.634 99.78% 108140431925-109230851856 dset_sort
[seqwish::transclosure] 25512.329 99.78% 108140431925-109230851856 dset_invert
[seqwish::transclosure] 25512.739 99.78% 108140431925-109230851856 graph_emission
[seqwish::transclosure] 25521.714 99.83% 109230851856-111167420013 overlap_collect
[seqwish::transclosure] 25527.627 99.83% 109230851856-111167420013 rank_build
[seqwish::transclosure] 25551.878 99.83% 109230851856-111167420013 parallel_union_find
[seqwish::transclosure] 25551.906 99.83% 109230851856-111167420013 dset_write
[seqwish::transclosure] 25552.244 99.83% 109230851856-111167420013 dset_compression
[seqwish::transclosure] 25552.514 99.83% 109230851856-111167420013 dset_sort
[seqwish::transclosure] 25552.971 99.83% 109230851856-111167420013 dset_invert
[seqwish::transclosure] 25553.361 99.83% 109230851856-111167420013 graph_emission
[seqwish::transclosure] 25562.828 99.87% 111167420013-112566321203 overlap_collect
[seqwish::transclosure] 25567.104 99.87% 111167420013-112566321203 rank_build
[seqwish::transclosure] 25592.503 99.87% 111167420013-112566321203 parallel_union_find
[seqwish::transclosure] 25592.576 99.87% 111167420013-112566321203 dset_write
[seqwish::transclosure] 25592.910 99.87% 111167420013-112566321203 dset_compression
[seqwish::transclosure] 25593.204 99.87% 111167420013-112566321203 dset_sort
[seqwish::transclosure] 25593.813 99.87% 111167420013-112566321203 dset_invert
[seqwish::transclosure] 25594.368 99.87% 111167420013-112566321203 graph_emission
[seqwish::transclosure] 25603.305 99.92% 112566321203-114104467481 overlap_collect
[seqwish::transclosure] 25607.917 99.92% 112566321203-114104467481 rank_build
[seqwish::transclosure] 25631.396 99.92% 112566321203-114104467481 parallel_union_find
[seqwish::transclosure] 25631.425 99.92% 112566321203-114104467481 dset_write
[seqwish::transclosure] 25631.979 99.92% 112566321203-114104467481 dset_compression
[seqwish::transclosure] 25632.208 99.92% 112566321203-114104467481 dset_sort
[seqwish::transclosure] 25632.914 99.92% 112566321203-114104467481 dset_invert
[seqwish::transclosure] 25633.294 99.92% 112566321203-114104467481 graph_emission
[seqwish::transclosure] 25640.903 99.96% 114104467481-114627039076 overlap_collect
[seqwish::transclosure] 25642.646 99.96% 114104467481-114627039076 rank_build
[seqwish::transclosure] 25666.574 99.96% 114104467481-114627039076 parallel_union_find
[seqwish::transclosure] 25666.589 99.96% 114104467481-114627039076 dset_write
[seqwish::transclosure] 25666.849 99.96% 114104467481-114627039076 dset_compression
[seqwish::transclosure] 25667.030 99.96% 114104467481-114627039076 dset_sort
[seqwish::transclosure] 25667.411 99.96% 114104467481-114627039076 dset_invert
[seqwish::transclosure] 25667.711 99.96% 114104467481-114627039076 graph_emission
[seqwish::transclosure] 25672.730 100.00% building node_iitree and path_iitree indexes
[seqwish::transclosure] 25989.182 100.00% done
[seqwish::transclosure] 25989.919 done with transitive closures
[seqwish::compact] 25989.919 compacting nodes
[seqwish::compact] 26317.054 done compacting
[seqwish::compact] 26318.973 built node index
[seqwish::links] 26318.973 finding graph links
[seqwish::links] 27361.733 links derived
[seqwish::gfa] 27361.734 writing graph
[seqwish::gfa] 31649.050 done
	Command being timed: "/home/guarracino/tools/seqwish/bin/seqwish-ccfefb016fcfc9937817ce61dc06bbcf382be75e -t 48 -s /lizardfs/guarracino/seqwish-paper/hprc_plus/assemblies/HPRC_plus.fa.gz -p /lizardfs/guarracino/seqwish-paper/hprc_plus/alignment/HPRC_plus.s100k.l300k.p98.n90.k16.chunk_0.paf.gz,/lizardfs/guarracino/seqwish-paper/hprc_plus/alignment/HPRC_plus.s100k.l300k.p98.n90.k16.chunk_1.paf.gz,/lizardfs/guarracino/seqwish-paper/hprc_plus/alignment/HPRC_plus.s100k.l300k.p98.n90.k16.chunk_2.paf.gz,/lizardfs/guarracino/seqwish-paper/hprc_plus/alignment/HPRC_plus.s100k.l300k.p98.n90.k16.chunk_3.paf.gz,/lizardfs/guarracino/seqwish-paper/hprc_plus/alignment/HPRC_plus.s100k.l300k.p98.n90.k16.chunk_4.paf.gz -k 229 -B 50M -g HPRC_plus.s100k.l300k.p98.n90.k16.seqwish.k229.B50M.gfa -P"
	User time (seconds): 426245.54
	System time (seconds): 12091.47
	Percent of CPU this job got: 1383%
	Elapsed (wall clock) time (h:mm:ss or m:ss): 8:47:56
	Average shared text size (kbytes): 0
	Average unshared data size (kbytes): 0
	Average stack size (kbytes): 0
	Average total size (kbytes): 0
	Maximum resident set size (kbytes): 325276928
	Average resident set size (kbytes): 0
	Major (requiring I/O) page faults: 1325909
	Minor (reclaiming a frame) page faults: 4829597826
	Voluntary context switches: 991385583
	Involuntary context switches: 313386420
	Swaps: 0
	File system inputs: 312020008
	File system outputs: 2949617120
	Socket messages sent: 0
	Socket messages received: 0
	Signals delivered: 0
	Page size (bytes): 4096
	Exit status: 0
