octopus07
[seqwish::seqidx] 0.004 indexing sequences
[seqwish::seqidx] 877.232 index built
[seqwish::alignments] 877.233 processing alignments
[seqwish::alignments] 1668.523 indexing
[seqwish::alignments] 4150.164 index built
[seqwish::transclosure] 4150.166 computing transitive closures
[seqwish::transclosure] 4158.249 0.00% 0-50000000 overlap_collect
[seqwish::transclosure] 4184.302 0.00% 0-50000000 rank_build
[seqwish::transclosure] 4228.845 0.00% 0-50000000 parallel_union_find
[seqwish::transclosure] 4267.558 0.00% 0-50000000 dset_write
[seqwish::transclosure] 4280.913 0.00% 0-50000000 dset_compression
[seqwish::transclosure] 4291.620 0.00% 0-50000000 dset_sort
[seqwish::transclosure] 4296.321 0.00% 0-50000000 dset_invert
[seqwish::transclosure] 4304.788 0.00% 0-50000000 graph_emission
[seqwish::transclosure] 4315.152 1.66% 50000000-100000000 overlap_collect
[seqwish::transclosure] 4346.771 1.66% 50000000-100000000 rank_build
[seqwish::transclosure] 4395.610 1.66% 50000000-100000000 parallel_union_find
[seqwish::transclosure] 4494.733 1.66% 50000000-100000000 dset_write
[seqwish::transclosure] 4512.432 1.66% 50000000-100000000 dset_compression
[seqwish::transclosure] 4523.610 1.66% 50000000-100000000 dset_sort
[seqwish::transclosure] 4528.244 1.66% 50000000-100000000 dset_invert
[seqwish::transclosure] 4536.703 1.66% 50000000-100000000 graph_emission
[seqwish::transclosure] 4730.095 3.31% 100000000-150000000 overlap_collect
[seqwish::transclosure] 4754.819 3.31% 100000000-150000000 rank_build
[seqwish::transclosure] 4800.809 3.31% 100000000-150000000 parallel_union_find
[seqwish::transclosure] 4863.621 3.31% 100000000-150000000 dset_write
[seqwish::transclosure] 4872.104 3.31% 100000000-150000000 dset_compression
[seqwish::transclosure] 4880.263 3.31% 100000000-150000000 dset_sort
[seqwish::transclosure] 4883.547 3.31% 100000000-150000000 dset_invert
[seqwish::transclosure] 4890.903 3.31% 100000000-150000000 graph_emission
[seqwish::transclosure] 5097.034 4.38% 150000000-200000000 overlap_collect
[seqwish::transclosure] 5131.961 4.38% 150000000-200000000 rank_build
[seqwish::transclosure] 5183.403 4.38% 150000000-200000000 parallel_union_find
[seqwish::transclosure] 5279.595 4.38% 150000000-200000000 dset_write
[seqwish::transclosure] 5292.903 4.38% 150000000-200000000 dset_compression
[seqwish::transclosure] 5304.030 4.38% 150000000-200000000 dset_sort
[seqwish::transclosure] 5308.606 4.38% 150000000-200000000 dset_invert
[seqwish::transclosure] 5318.466 4.38% 150000000-200000000 graph_emission
[seqwish::transclosure] 5413.820 6.03% 200000000-250000000 overlap_collect
[seqwish::transclosure] 5449.669 6.03% 200000000-250000000 rank_build
[seqwish::transclosure] 5497.288 6.03% 200000000-250000000 parallel_union_find
[seqwish::transclosure] 5602.608 6.03% 200000000-250000000 dset_write
[seqwish::transclosure] 5616.722 6.03% 200000000-250000000 dset_compression
[seqwish::transclosure] 5626.751 6.03% 200000000-250000000 dset_sort
[seqwish::transclosure] 5631.367 6.03% 200000000-250000000 dset_invert
[seqwish::transclosure] 5639.244 6.03% 200000000-250000000 graph_emission
[seqwish::transclosure] 5814.705 7.67% 250000000-300000000 overlap_collect
[seqwish::transclosure] 5850.635 7.67% 250000000-300000000 rank_build
[seqwish::transclosure] 5901.431 7.67% 250000000-300000000 parallel_union_find
[seqwish::transclosure] 5986.602 7.67% 250000000-300000000 dset_write
[seqwish::transclosure] 5999.172 7.67% 250000000-300000000 dset_compression
[seqwish::transclosure] 6010.008 7.67% 250000000-300000000 dset_sort
[seqwish::transclosure] 6014.846 7.67% 250000000-300000000 dset_invert
[seqwish::transclosure] 6024.299 7.67% 250000000-300000000 graph_emission
[seqwish::transclosure] 6210.782 9.31% 300000000-350376971 overlap_collect
[seqwish::transclosure] 6243.057 9.31% 300000000-350376971 rank_build
[seqwish::transclosure] 6292.903 9.31% 300000000-350376971 parallel_union_find
[seqwish::transclosure] 6377.687 9.31% 300000000-350376971 dset_write
[seqwish::transclosure] 6389.527 9.31% 300000000-350376971 dset_compression
[seqwish::transclosure] 6400.966 9.31% 300000000-350376971 dset_sort
[seqwish::transclosure] 6405.605 9.31% 300000000-350376971 dset_invert
[seqwish::transclosure] 6413.947 9.31% 300000000-350376971 graph_emission
[seqwish::transclosure] 6602.519 10.87% 350376971-400376972 overlap_collect
[seqwish::transclosure] 6638.784 10.87% 350376971-400376972 rank_build
[seqwish::transclosure] 6692.317 10.87% 350376971-400376972 parallel_union_find
[seqwish::transclosure] 6781.682 10.87% 350376971-400376972 dset_write
[seqwish::transclosure] 6794.966 10.87% 350376971-400376972 dset_compression
[seqwish::transclosure] 6807.090 10.87% 350376971-400376972 dset_sort
[seqwish::transclosure] 6811.750 10.87% 350376971-400376972 dset_invert
[seqwish::transclosure] 6822.693 10.87% 350376971-400376972 graph_emission
[seqwish::transclosure] 6994.025 12.52% 400376972-450376972 overlap_collect
[seqwish::transclosure] 7026.793 12.52% 400376972-450376972 rank_build
[seqwish::transclosure] 7103.279 12.52% 400376972-450376972 parallel_union_find
[seqwish::transclosure] 7207.214 12.52% 400376972-450376972 dset_write
[seqwish::transclosure] 7220.198 12.52% 400376972-450376972 dset_compression
[seqwish::transclosure] 7232.473 12.52% 400376972-450376972 dset_sort
[seqwish::transclosure] 7237.125 12.52% 400376972-450376972 dset_invert
[seqwish::transclosure] 7247.375 12.52% 400376972-450376972 graph_emission
[seqwish::transclosure] 7413.801 14.17% 450376972-500376972 overlap_collect
[seqwish::transclosure] 7450.405 14.17% 450376972-500376972 rank_build
[seqwish::transclosure] 7502.893 14.17% 450376972-500376972 parallel_union_find
[seqwish::transclosure] 7599.671 14.17% 450376972-500376972 dset_write
[seqwish::transclosure] 7612.940 14.17% 450376972-500376972 dset_compression
[seqwish::transclosure] 7625.472 14.17% 450376972-500376972 dset_sort
[seqwish::transclosure] 7630.086 14.17% 450376972-500376972 dset_invert
[seqwish::transclosure] 7641.319 14.17% 450376972-500376972 graph_emission
[seqwish::transclosure] 7819.417 15.81% 500376972-550376972 overlap_collect
[seqwish::transclosure] 7855.069 15.81% 500376972-550376972 rank_build
[seqwish::transclosure] 7911.979 15.81% 500376972-550376972 parallel_union_find
[seqwish::transclosure] 8013.647 15.81% 500376972-550376972 dset_write
[seqwish::transclosure] 8026.585 15.81% 500376972-550376972 dset_compression
[seqwish::transclosure] 8039.977 15.81% 500376972-550376972 dset_sort
[seqwish::transclosure] 8044.878 15.81% 500376972-550376972 dset_invert
[seqwish::transclosure] 8056.710 15.81% 500376972-550376972 graph_emission
[seqwish::transclosure] 8221.982 17.45% 550376972-600376972 overlap_collect
[seqwish::transclosure] 8257.106 17.45% 550376972-600376972 rank_build
[seqwish::transclosure] 8307.063 17.45% 550376972-600376972 parallel_union_find
[seqwish::transclosure] 8393.413 17.45% 550376972-600376972 dset_write
[seqwish::transclosure] 8405.725 17.45% 550376972-600376972 dset_compression
[seqwish::transclosure] 8417.071 17.45% 550376972-600376972 dset_sort
[seqwish::transclosure] 8421.970 17.45% 550376972-600376972 dset_invert
[seqwish::transclosure] 8431.738 17.45% 550376972-600376972 graph_emission
[seqwish::transclosure] 8610.716 19.06% 600376972-650376972 overlap_collect
[seqwish::transclosure] 8646.042 19.06% 600376972-650376972 rank_build
[seqwish::transclosure] 8699.814 19.06% 600376972-650376972 parallel_union_find
[seqwish::transclosure] 8795.916 19.06% 600376972-650376972 dset_write
[seqwish::transclosure] 8809.088 19.06% 600376972-650376972 dset_compression
[seqwish::transclosure] 8819.960 19.06% 600376972-650376972 dset_sort
[seqwish::transclosure] 8824.605 19.06% 600376972-650376972 dset_invert
[seqwish::transclosure] 8832.303 19.06% 600376972-650376972 graph_emission
[seqwish::transclosure] 9021.801 20.71% 650376972-700466330 overlap_collect
[seqwish::transclosure] 9056.968 20.71% 650376972-700466330 rank_build
[seqwish::transclosure] 9108.201 20.71% 650376972-700466330 parallel_union_find
[seqwish::transclosure] 9200.376 20.71% 650376972-700466330 dset_write
[seqwish::transclosure] 9213.040 20.71% 650376972-700466330 dset_compression
[seqwish::transclosure] 9224.102 20.71% 650376972-700466330 dset_sort
[seqwish::transclosure] 9228.661 20.71% 650376972-700466330 dset_invert
[seqwish::transclosure] 9236.076 20.71% 650376972-700466330 graph_emission
[seqwish::transclosure] 9415.265 22.35% 700466330-750466330 overlap_collect
[seqwish::transclosure] 9447.213 22.35% 700466330-750466330 rank_build
[seqwish::transclosure] 9497.284 22.35% 700466330-750466330 parallel_union_find
[seqwish::transclosure] 9578.716 22.35% 700466330-750466330 dset_write
[seqwish::transclosure] 9590.210 22.35% 700466330-750466330 dset_compression
[seqwish::transclosure] 9600.353 22.35% 700466330-750466330 dset_sort
[seqwish::transclosure] 9604.899 22.35% 700466330-750466330 dset_invert
[seqwish::transclosure] 9614.275 22.35% 700466330-750466330 graph_emission
[seqwish::transclosure] 9802.322 23.85% 750466330-800466330 overlap_collect
[seqwish::transclosure] 9838.588 23.85% 750466330-800466330 rank_build
[seqwish::transclosure] 9894.486 23.85% 750466330-800466330 parallel_union_find
[seqwish::transclosure] 9987.260 23.85% 750466330-800466330 dset_write
[seqwish::transclosure] 9999.999 23.85% 750466330-800466330 dset_compression
[seqwish::transclosure] 10012.799 23.85% 750466330-800466330 dset_sort
[seqwish::transclosure] 10021.667 23.85% 750466330-800466330 dset_invert
[seqwish::transclosure] 10032.416 23.85% 750466330-800466330 graph_emission
[seqwish::transclosure] 10191.021 25.49% 800466330-850466330 overlap_collect
[seqwish::transclosure] 10226.569 25.49% 800466330-850466330 rank_build
[seqwish::transclosure] 10277.644 25.49% 800466330-850466330 parallel_union_find
[seqwish::transclosure] 10372.425 25.49% 800466330-850466330 dset_write
[seqwish::transclosure] 10386.946 25.49% 800466330-850466330 dset_compression
[seqwish::transclosure] 10399.092 25.49% 800466330-850466330 dset_sort
[seqwish::transclosure] 10403.676 25.49% 800466330-850466330 dset_invert
[seqwish::transclosure] 10413.974 25.49% 800466330-850466330 graph_emission
[seqwish::transclosure] 10589.549 27.14% 850466330-900466330 overlap_collect
[seqwish::transclosure] 10624.904 27.14% 850466330-900466330 rank_build
[seqwish::transclosure] 10675.841 27.14% 850466330-900466330 parallel_union_find
[seqwish::transclosure] 10764.816 27.14% 850466330-900466330 dset_write
[seqwish::transclosure] 10776.757 27.14% 850466330-900466330 dset_compression
[seqwish::transclosure] 10789.585 27.14% 850466330-900466330 dset_sort
[seqwish::transclosure] 10794.543 27.14% 850466330-900466330 dset_invert
[seqwish::transclosure] 10805.558 27.14% 850466330-900466330 graph_emission
[seqwish::transclosure] 10984.861 28.78% 900466330-950466330 overlap_collect
[seqwish::transclosure] 11017.858 28.78% 900466330-950466330 rank_build
[seqwish::transclosure] 11069.790 28.78% 900466330-950466330 parallel_union_find
[seqwish::transclosure] 11157.580 28.78% 900466330-950466330 dset_write
[seqwish::transclosure] 11170.087 28.78% 900466330-950466330 dset_compression
[seqwish::transclosure] 11181.850 28.78% 900466330-950466330 dset_sort
[seqwish::transclosure] 11186.324 28.78% 900466330-950466330 dset_invert
[seqwish::transclosure] 11196.622 28.78% 900466330-950466330 graph_emission
[seqwish::transclosure] 11384.520 30.31% 950466330-1000466330 overlap_collect
[seqwish::transclosure] 11417.654 30.31% 950466330-1000466330 rank_build
[seqwish::transclosure] 11471.469 30.31% 950466330-1000466330 parallel_union_find
[seqwish::transclosure] 11565.225 30.31% 950466330-1000466330 dset_write
[seqwish::transclosure] 11579.269 30.31% 950466330-1000466330 dset_compression
[seqwish::transclosure] 11591.816 30.31% 950466330-1000466330 dset_sort
[seqwish::transclosure] 11596.452 30.31% 950466330-1000466330 dset_invert
[seqwish::transclosure] 11607.380 30.31% 950466330-1000466330 graph_emission
[seqwish::transclosure] 11765.767 31.95% 1000466330-1050466330 overlap_collect
[seqwish::transclosure] 11801.853 31.95% 1000466330-1050466330 rank_build
[seqwish::transclosure] 11850.405 31.95% 1000466330-1050466330 parallel_union_find
[seqwish::transclosure] 11944.644 31.95% 1000466330-1050466330 dset_write
[seqwish::transclosure] 11957.672 31.95% 1000466330-1050466330 dset_compression
[seqwish::transclosure] 11971.903 31.95% 1000466330-1050466330 dset_sort
[seqwish::transclosure] 11978.668 31.95% 1000466330-1050466330 dset_invert
[seqwish::transclosure] 11989.137 31.95% 1000466330-1050466330 graph_emission
[seqwish::transclosure] 12171.091 33.60% 1050466330-1100551096 overlap_collect
[seqwish::transclosure] 12207.712 33.60% 1050466330-1100551096 rank_build
[seqwish::transclosure] 12263.552 33.60% 1050466330-1100551096 parallel_union_find
[seqwish::transclosure] 12358.016 33.60% 1050466330-1100551096 dset_write
[seqwish::transclosure] 12369.971 33.60% 1050466330-1100551096 dset_compression
[seqwish::transclosure] 12380.238 33.60% 1050466330-1100551096 dset_sort
[seqwish::transclosure] 12384.843 33.60% 1050466330-1100551096 dset_invert
[seqwish::transclosure] 12395.941 33.60% 1050466330-1100551096 graph_emission
[seqwish::transclosure] 12572.852 35.23% 1100551096-1150551096 overlap_collect
[seqwish::transclosure] 12607.558 35.23% 1100551096-1150551096 rank_build
[seqwish::transclosure] 12661.453 35.23% 1100551096-1150551096 parallel_union_find
[seqwish::transclosure] 12754.780 35.23% 1100551096-1150551096 dset_write
[seqwish::transclosure] 12767.092 35.23% 1100551096-1150551096 dset_compression
[seqwish::transclosure] 12776.971 35.23% 1100551096-1150551096 dset_sort
[seqwish::transclosure] 12781.632 35.23% 1100551096-1150551096 dset_invert
[seqwish::transclosure] 12789.352 35.23% 1100551096-1150551096 graph_emission
[seqwish::transclosure] 12973.428 36.82% 1150551096-1200551096 overlap_collect
[seqwish::transclosure] 13009.011 36.82% 1150551096-1200551096 rank_build
[seqwish::transclosure] 13061.821 36.82% 1150551096-1200551096 parallel_union_find
[seqwish::transclosure] 13138.627 36.82% 1150551096-1200551096 dset_write
[seqwish::transclosure] 13151.308 36.82% 1150551096-1200551096 dset_compression
[seqwish::transclosure] 13162.298 36.82% 1150551096-1200551096 dset_sort
[seqwish::transclosure] 13167.015 36.82% 1150551096-1200551096 dset_invert
[seqwish::transclosure] 13175.977 36.82% 1150551096-1200551096 graph_emission
[seqwish::transclosure] 13368.938 38.47% 1200551096-1250551096 overlap_collect
[seqwish::transclosure] 13407.074 38.47% 1200551096-1250551096 rank_build
[seqwish::transclosure] 13460.324 38.47% 1200551096-1250551096 parallel_union_find
[seqwish::transclosure] 13549.558 38.47% 1200551096-1250551096 dset_write
[seqwish::transclosure] 13562.609 38.47% 1200551096-1250551096 dset_compression
[seqwish::transclosure] 13574.617 38.47% 1200551096-1250551096 dset_sort
[seqwish::transclosure] 13579.254 38.47% 1200551096-1250551096 dset_invert
[seqwish::transclosure] 13590.996 38.47% 1200551096-1250551096 graph_emission
[seqwish::transclosure] 13760.358 40.10% 1250551096-1300551096 overlap_collect
[seqwish::transclosure] 13798.663 40.10% 1250551096-1300551096 rank_build
[seqwish::transclosure] 13850.411 40.10% 1250551096-1300551096 parallel_union_find
[seqwish::transclosure] 13946.422 40.10% 1250551096-1300551096 dset_write
[seqwish::transclosure] 13959.309 40.10% 1250551096-1300551096 dset_compression
[seqwish::transclosure] 13969.848 40.10% 1250551096-1300551096 dset_sort
[seqwish::transclosure] 13974.581 40.10% 1250551096-1300551096 dset_invert
[seqwish::transclosure] 13983.260 40.10% 1250551096-1300551096 graph_emission
[seqwish::transclosure] 14163.114 41.77% 1300551389-1353213142 overlap_collect
[seqwish::transclosure] 14198.769 41.77% 1300551389-1353213142 rank_build
[seqwish::transclosure] 14251.345 41.77% 1300551389-1353213142 parallel_union_find
[seqwish::transclosure] 14340.964 41.77% 1300551389-1353213142 dset_write
[seqwish::transclosure] 14353.048 41.77% 1300551389-1353213142 dset_compression
[seqwish::transclosure] 14363.737 41.77% 1300551389-1353213142 dset_sort
[seqwish::transclosure] 14368.341 41.77% 1300551389-1353213142 dset_invert
[seqwish::transclosure] 14379.161 41.77% 1300551389-1353213142 graph_emission
[seqwish::transclosure] 14571.323 43.39% 1353213142-1403213142 overlap_collect
[seqwish::transclosure] 14607.082 43.39% 1353213142-1403213142 rank_build
[seqwish::transclosure] 14661.095 43.39% 1353213142-1403213142 parallel_union_find
[seqwish::transclosure] 14765.223 43.39% 1353213142-1403213142 dset_write
[seqwish::transclosure] 14777.510 43.39% 1353213142-1403213142 dset_compression
[seqwish::transclosure] 14787.840 43.39% 1353213142-1403213142 dset_sort
[seqwish::transclosure] 14792.438 43.39% 1353213142-1403213142 dset_invert
[seqwish::transclosure] 14800.966 43.39% 1353213142-1403213142 graph_emission
[seqwish::transclosure] 14978.305 45.03% 1403213142-1453213142 overlap_collect
[seqwish::transclosure] 15015.753 45.03% 1403213142-1453213142 rank_build
[seqwish::transclosure] 15067.457 45.03% 1403213142-1453213142 parallel_union_find
[seqwish::transclosure] 15147.221 45.03% 1403213142-1453213142 dset_write
[seqwish::transclosure] 15159.701 45.03% 1403213142-1453213142 dset_compression
[seqwish::transclosure] 15171.864 45.03% 1403213142-1453213142 dset_sort
[seqwish::transclosure] 15176.329 45.03% 1403213142-1453213142 dset_invert
[seqwish::transclosure] 15186.734 45.03% 1403213142-1453213142 graph_emission
[seqwish::transclosure] 15368.491 46.63% 1453213142-1503213142 overlap_collect
[seqwish::transclosure] 15406.631 46.63% 1453213142-1503213142 rank_build
[seqwish::transclosure] 15460.879 46.63% 1453213142-1503213142 parallel_union_find
[seqwish::transclosure] 15563.278 46.63% 1453213142-1503213142 dset_write
[seqwish::transclosure] 15576.014 46.63% 1453213142-1503213142 dset_compression
[seqwish::transclosure] 15586.987 46.63% 1453213142-1503213142 dset_sort
[seqwish::transclosure] 15591.604 46.63% 1453213142-1503213142 dset_invert
[seqwish::transclosure] 15600.935 46.63% 1453213142-1503213142 graph_emission
[seqwish::transclosure] 15776.647 48.26% 1503213142-1553213142 overlap_collect
[seqwish::transclosure] 15814.019 48.26% 1503213142-1553213142 rank_build
[seqwish::transclosure] 15868.697 48.26% 1503213142-1553213142 parallel_union_find
[seqwish::transclosure] 15969.011 48.26% 1503213142-1553213142 dset_write
[seqwish::transclosure] 15981.395 48.26% 1503213142-1553213142 dset_compression
[seqwish::transclosure] 15991.851 48.26% 1503213142-1553213142 dset_sort
[seqwish::transclosure] 15996.453 48.26% 1503213142-1553213142 dset_invert
[seqwish::transclosure] 16005.233 48.26% 1503213142-1553213142 graph_emission
[seqwish::transclosure] 16182.857 49.91% 1553213142-1603213142 overlap_collect
[seqwish::transclosure] 16224.795 49.91% 1553213142-1603213142 rank_build
[seqwish::transclosure] 16278.980 49.91% 1553213142-1603213142 parallel_union_find
[seqwish::transclosure] 16377.727 49.91% 1553213142-1603213142 dset_write
[seqwish::transclosure] 16388.294 49.91% 1553213142-1603213142 dset_compression
[seqwish::transclosure] 16397.466 49.91% 1553213142-1603213142 dset_sort
[seqwish::transclosure] 16401.722 49.91% 1553213142-1603213142 dset_invert
[seqwish::transclosure] 16408.897 49.91% 1553213142-1603213142 graph_emission
[seqwish::transclosure] 16587.095 51.33% 1603213142-1656366845 overlap_collect
[seqwish::transclosure] 16612.823 51.33% 1603213142-1656366845 rank_build
[seqwish::transclosure] 16658.835 51.33% 1603213142-1656366845 parallel_union_find
[seqwish::transclosure] 16719.984 51.33% 1603213142-1656366845 dset_write
[seqwish::transclosure] 16727.430 51.33% 1603213142-1656366845 dset_compression
[seqwish::transclosure] 16735.070 51.33% 1603213142-1656366845 dset_sort
[seqwish::transclosure] 16738.197 51.33% 1603213142-1656366845 dset_invert
[seqwish::transclosure] 16744.515 51.33% 1603213142-1656366845 graph_emission
[seqwish::transclosure] 16922.629 52.35% 1656366845-1706412318 overlap_collect
[seqwish::transclosure] 16959.746 52.35% 1656366845-1706412318 rank_build
[seqwish::transclosure] 17013.824 52.35% 1656366845-1706412318 parallel_union_find
[seqwish::transclosure] 17094.904 52.35% 1656366845-1706412318 dset_write
[seqwish::transclosure] 17106.907 52.35% 1656366845-1706412318 dset_compression
[seqwish::transclosure] 17116.601 52.35% 1656366845-1706412318 dset_sort
[seqwish::transclosure] 17123.635 52.35% 1656366845-1706412318 dset_invert
[seqwish::transclosure] 17132.750 52.35% 1656366845-1706412318 graph_emission
[seqwish::transclosure] 17210.128 53.99% 1706412318-1756412318 overlap_collect
[seqwish::transclosure] 17247.666 53.99% 1706412318-1756412318 rank_build
[seqwish::transclosure] 17302.735 53.99% 1706412318-1756412318 parallel_union_find
[seqwish::transclosure] 17390.920 53.99% 1706412318-1756412318 dset_write
[seqwish::transclosure] 17403.204 53.99% 1706412318-1756412318 dset_compression
[seqwish::transclosure] 17414.165 53.99% 1706412318-1756412318 dset_sort
[seqwish::transclosure] 17418.562 53.99% 1706412318-1756412318 dset_invert
[seqwish::transclosure] 17428.026 53.99% 1706412318-1756412318 graph_emission
[seqwish::transclosure] 17603.306 55.55% 1756412318-1806412318 overlap_collect
[seqwish::transclosure] 17639.720 55.55% 1756412318-1806412318 rank_build
[seqwish::transclosure] 17695.334 55.55% 1756412318-1806412318 parallel_union_find
[seqwish::transclosure] 17796.721 55.55% 1756412318-1806412318 dset_write
[seqwish::transclosure] 17809.350 55.55% 1756412318-1806412318 dset_compression
[seqwish::transclosure] 17821.489 55.55% 1756412318-1806412318 dset_sort
[seqwish::transclosure] 17826.124 55.55% 1756412318-1806412318 dset_invert
[seqwish::transclosure] 17836.476 55.55% 1756412318-1806412318 graph_emission
[seqwish::transclosure] 17990.201 57.19% 1806412318-1856641353 overlap_collect
[seqwish::transclosure] 18026.541 57.19% 1806412318-1856641353 rank_build
[seqwish::transclosure] 18078.930 57.19% 1806412318-1856641353 parallel_union_find
[seqwish::transclosure] 18172.904 57.19% 1806412318-1856641353 dset_write
[seqwish::transclosure] 18185.043 57.19% 1806412318-1856641353 dset_compression
[seqwish::transclosure] 18196.823 57.19% 1806412318-1856641353 dset_sort
[seqwish::transclosure] 18201.430 57.19% 1806412318-1856641353 dset_invert
[seqwish::transclosure] 18211.085 57.19% 1806412318-1856641353 graph_emission
[seqwish::transclosure] 18389.038 58.83% 1856641353-1906641361 overlap_collect
[seqwish::transclosure] 18423.502 58.83% 1856641353-1906641361 rank_build
[seqwish::transclosure] 18475.722 58.83% 1856641353-1906641361 parallel_union_find
[seqwish::transclosure] 18576.262 58.83% 1856641353-1906641361 dset_write
[seqwish::transclosure] 18588.980 58.83% 1856641353-1906641361 dset_compression
[seqwish::transclosure] 18601.925 58.83% 1856641353-1906641361 dset_sort
[seqwish::transclosure] 18608.677 58.83% 1856641353-1906641361 dset_invert
[seqwish::transclosure] 18618.753 58.83% 1856641353-1906641361 graph_emission
[seqwish::transclosure] 18793.264 60.37% 1906641361-1956641361 overlap_collect
[seqwish::transclosure] 18829.680 60.37% 1906641361-1956641361 rank_build
[seqwish::transclosure] 18882.138 60.37% 1906641361-1956641361 parallel_union_find
[seqwish::transclosure] 18972.171 60.37% 1906641361-1956641361 dset_write
[seqwish::transclosure] 18985.640 60.37% 1906641361-1956641361 dset_compression
[seqwish::transclosure] 18996.223 60.37% 1906641361-1956641361 dset_sort
[seqwish::transclosure] 19000.937 60.37% 1906641361-1956641361 dset_invert
[seqwish::transclosure] 19009.336 60.37% 1906641361-1956641361 graph_emission
[seqwish::transclosure] 19175.921 62.01% 1956641361-2006641361 overlap_collect
[seqwish::transclosure] 19211.709 62.01% 1956641361-2006641361 rank_build
[seqwish::transclosure] 19263.349 62.01% 1956641361-2006641361 parallel_union_find
[seqwish::transclosure] 19353.787 62.01% 1956641361-2006641361 dset_write
[seqwish::transclosure] 19365.429 62.01% 1956641361-2006641361 dset_compression
[seqwish::transclosure] 19377.492 62.01% 1956641361-2006641361 dset_sort
[seqwish::transclosure] 19381.976 62.01% 1956641361-2006641361 dset_invert
[seqwish::transclosure] 19392.658 62.01% 1956641361-2006641361 graph_emission
[seqwish::transclosure] 19572.713 63.57% 2006641361-2056641361 overlap_collect
[seqwish::transclosure] 19609.331 63.57% 2006641361-2056641361 rank_build
[seqwish::transclosure] 19660.422 63.57% 2006641361-2056641361 parallel_union_find
[seqwish::transclosure] 19762.293 63.57% 2006641361-2056641361 dset_write
[seqwish::transclosure] 19778.328 63.57% 2006641361-2056641361 dset_compression
[seqwish::transclosure] 19789.960 63.57% 2006641361-2056641361 dset_sort
[seqwish::transclosure] 19794.600 63.57% 2006641361-2056641361 dset_invert
[seqwish::transclosure] 19804.993 63.57% 2006641361-2056641361 graph_emission
[seqwish::transclosure] 19965.930 65.22% 2056641361-2107022278 overlap_collect
[seqwish::transclosure] 20009.042 65.22% 2056641361-2107022278 rank_build
[seqwish::transclosure] 20064.581 65.22% 2056641361-2107022278 parallel_union_find
[seqwish::transclosure] 20165.325 65.22% 2056641361-2107022278 dset_write
[seqwish::transclosure] 20178.480 65.22% 2056641361-2107022278 dset_compression
[seqwish::transclosure] 20188.720 65.22% 2056641361-2107022278 dset_sort
[seqwish::transclosure] 20194.094 65.22% 2056641361-2107022278 dset_invert
[seqwish::transclosure] 20201.771 65.22% 2056641361-2107022278 graph_emission
[seqwish::transclosure] 20376.847 66.87% 2107022278-2157849369 overlap_collect
[seqwish::transclosure] 20417.943 66.87% 2107022278-2157849369 rank_build
[seqwish::transclosure] 20469.424 66.87% 2107022278-2157849369 parallel_union_find
[seqwish::transclosure] 20560.786 66.87% 2107022278-2157849369 dset_write
[seqwish::transclosure] 20575.356 66.87% 2107022278-2157849369 dset_compression
[seqwish::transclosure] 20586.706 66.87% 2107022278-2157849369 dset_sort
[seqwish::transclosure] 20591.652 66.87% 2107022278-2157849369 dset_invert
[seqwish::transclosure] 20599.797 66.87% 2107022278-2157849369 graph_emission
[seqwish::transclosure] 20834.260 68.54% 2157849369-2207849369 overlap_collect
[seqwish::transclosure] 20864.932 68.54% 2157849369-2207849369 rank_build
[seqwish::transclosure] 20914.821 68.54% 2157849369-2207849369 parallel_union_find
[seqwish::transclosure] 21014.939 68.54% 2157849369-2207849369 dset_write
[seqwish::transclosure] 21028.128 68.54% 2157849369-2207849369 dset_compression
[seqwish::transclosure] 21038.983 68.54% 2157849369-2207849369 dset_sort
[seqwish::transclosure] 21043.683 68.54% 2157849369-2207849369 dset_invert
[seqwish::transclosure] 21052.802 68.54% 2157849369-2207849369 graph_emission
[seqwish::transclosure] 21266.613 70.18% 2207849369-2262187092 overlap_collect
[seqwish::transclosure] 21310.649 70.18% 2207849369-2262187092 rank_build
[seqwish::transclosure] 21362.162 70.18% 2207849369-2262187092 parallel_union_find
[seqwish::transclosure] 21482.678 70.18% 2207849369-2262187092 dset_write
[seqwish::transclosure] 21495.841 70.18% 2207849369-2262187092 dset_compression
[seqwish::transclosure] 21505.809 70.18% 2207849369-2262187092 dset_sort
[seqwish::transclosure] 21510.736 70.18% 2207849369-2262187092 dset_invert
[seqwish::transclosure] 21517.786 70.18% 2207849369-2262187092 graph_emission
[seqwish::transclosure] 21688.831 71.86% 2262187092-2312187092 overlap_collect
[seqwish::transclosure] 21725.787 71.86% 2262187092-2312187092 rank_build
[seqwish::transclosure] 21773.094 71.86% 2262187092-2312187092 parallel_union_find
[seqwish::transclosure] 21876.840 71.86% 2262187092-2312187092 dset_write
[seqwish::transclosure] 21889.193 71.86% 2262187092-2312187092 dset_compression
[seqwish::transclosure] 21901.042 71.86% 2262187092-2312187092 dset_sort
[seqwish::transclosure] 21905.907 71.86% 2262187092-2312187092 dset_invert
[seqwish::transclosure] 21916.392 71.86% 2262187092-2312187092 graph_emission
[seqwish::transclosure] 22119.575 73.50% 2312187092-2366010801 overlap_collect
[seqwish::transclosure] 22152.872 73.50% 2312187092-2366010801 rank_build
[seqwish::transclosure] 22200.527 73.50% 2312187092-2366010801 parallel_union_find
[seqwish::transclosure] 22289.016 73.50% 2312187092-2366010801 dset_write
[seqwish::transclosure] 22299.319 73.50% 2312187092-2366010801 dset_compression
[seqwish::transclosure] 22308.665 73.50% 2312187092-2366010801 dset_sort
[seqwish::transclosure] 22313.265 73.50% 2312187092-2366010801 dset_invert
[seqwish::transclosure] 22323.147 73.50% 2312187092-2366010801 graph_emission
[seqwish::transclosure] 22504.840 74.88% 2366010801-2416010801 overlap_collect
[seqwish::transclosure] 22537.789 74.88% 2366010801-2416010801 rank_build
[seqwish::transclosure] 22588.101 74.88% 2366010801-2416010801 parallel_union_find
[seqwish::transclosure] 22683.498 74.88% 2366010801-2416010801 dset_write
[seqwish::transclosure] 22695.557 74.88% 2366010801-2416010801 dset_compression
[seqwish::transclosure] 22707.513 74.88% 2366010801-2416010801 dset_sort
[seqwish::transclosure] 22713.515 74.88% 2366010801-2416010801 dset_invert
[seqwish::transclosure] 22725.022 74.88% 2366010801-2416010801 graph_emission
[seqwish::transclosure] 22873.908 76.52% 2416010801-2466010801 overlap_collect
[seqwish::transclosure] 22904.163 76.52% 2416010801-2466010801 rank_build
[seqwish::transclosure] 22952.416 76.52% 2416010801-2466010801 parallel_union_find
[seqwish::transclosure] 23042.819 76.52% 2416010801-2466010801 dset_write
[seqwish::transclosure] 23053.182 76.52% 2416010801-2466010801 dset_compression
[seqwish::transclosure] 23062.147 76.52% 2416010801-2466010801 dset_sort
[seqwish::transclosure] 23066.269 76.52% 2416010801-2466010801 dset_invert
[seqwish::transclosure] 23075.317 76.52% 2416010801-2466010801 graph_emission
[seqwish::transclosure] 23260.184 77.88% 2466011470-2517517566 overlap_collect
[seqwish::transclosure] 23294.944 77.88% 2466011470-2517517566 rank_build
[seqwish::transclosure] 23345.206 77.88% 2466011470-2517517566 parallel_union_find
[seqwish::transclosure] 23446.736 77.88% 2466011470-2517517566 dset_write
[seqwish::transclosure] 23459.489 77.88% 2466011470-2517517566 dset_compression
[seqwish::transclosure] 23471.138 77.88% 2466011470-2517517566 dset_sort
[seqwish::transclosure] 23475.722 77.88% 2466011470-2517517566 dset_invert
[seqwish::transclosure] 23484.854 77.88% 2466011470-2517517566 graph_emission
[seqwish::transclosure] 23653.155 79.51% 2517517566-2567517571 overlap_collect
[seqwish::transclosure] 23686.477 79.51% 2517517566-2567517571 rank_build
[seqwish::transclosure] 23741.631 79.51% 2517517566-2567517571 parallel_union_find
[seqwish::transclosure] 23842.279 79.51% 2517517566-2567517571 dset_write
[seqwish::transclosure] 23854.224 79.51% 2517517566-2567517571 dset_compression
[seqwish::transclosure] 23863.340 79.51% 2517517566-2567517571 dset_sort
[seqwish::transclosure] 23867.901 79.51% 2517517566-2567517571 dset_invert
[seqwish::transclosure] 23875.171 79.51% 2517517566-2567517571 graph_emission
[seqwish::transclosure] 24054.002 81.09% 2567517571-2617517571 overlap_collect
[seqwish::transclosure] 24088.182 81.09% 2567517571-2617517571 rank_build
[seqwish::transclosure] 24146.675 81.09% 2567517571-2617517571 parallel_union_find
[seqwish::transclosure] 24246.290 81.09% 2567517571-2617517571 dset_write
[seqwish::transclosure] 24257.938 81.09% 2567517571-2617517571 dset_compression
[seqwish::transclosure] 24268.325 81.09% 2567517571-2617517571 dset_sort
[seqwish::transclosure] 24272.707 81.09% 2567517571-2617517571 dset_invert
[seqwish::transclosure] 24281.767 81.09% 2567517571-2617517571 graph_emission
[seqwish::transclosure] 24464.347 82.59% 2617517571-2667517571 overlap_collect
[seqwish::transclosure] 24500.662 82.59% 2617517571-2667517571 rank_build
[seqwish::transclosure] 24550.853 82.59% 2617517571-2667517571 parallel_union_find
[seqwish::transclosure] 24642.081 82.59% 2617517571-2667517571 dset_write
[seqwish::transclosure] 24654.583 82.59% 2617517571-2667517571 dset_compression
[seqwish::transclosure] 24664.423 82.59% 2617517571-2667517571 dset_sort
[seqwish::transclosure] 24669.218 82.59% 2617517571-2667517571 dset_invert
[seqwish::transclosure] 24677.203 82.59% 2617517571-2667517571 graph_emission
[seqwish::transclosure] 24848.659 84.24% 2667517571-2717697124 overlap_collect
[seqwish::transclosure] 24880.585 84.24% 2667517571-2717697124 rank_build
[seqwish::transclosure] 24934.594 84.24% 2667517571-2717697124 parallel_union_find
[seqwish::transclosure] 25007.141 84.24% 2667517571-2717697124 dset_write
[seqwish::transclosure] 25018.606 84.24% 2667517571-2717697124 dset_compression
[seqwish::transclosure] 25027.966 84.24% 2667517571-2717697124 dset_sort
[seqwish::transclosure] 25032.466 84.24% 2667517571-2717697124 dset_invert
[seqwish::transclosure] 25039.740 84.24% 2667517571-2717697124 graph_emission
[seqwish::transclosure] 25229.336 85.74% 2717697124-2767697124 overlap_collect
[seqwish::transclosure] 25264.349 85.74% 2717697124-2767697124 rank_build
[seqwish::transclosure] 25313.653 85.74% 2717697124-2767697124 parallel_union_find
[seqwish::transclosure] 25401.343 85.74% 2717697124-2767697124 dset_write
[seqwish::transclosure] 25413.055 85.74% 2717697124-2767697124 dset_compression
[seqwish::transclosure] 25424.509 85.74% 2717697124-2767697124 dset_sort
[seqwish::transclosure] 25429.042 85.74% 2717697124-2767697124 dset_invert
[seqwish::transclosure] 25438.661 85.74% 2717697124-2767697124 graph_emission
[seqwish::transclosure] 25612.362 87.31% 2767697124-2824527655 overlap_collect
[seqwish::transclosure] 25650.320 87.31% 2767697124-2824527655 rank_build
[seqwish::transclosure] 25699.702 87.31% 2767697124-2824527655 parallel_union_find
[seqwish::transclosure] 25781.066 87.31% 2767697124-2824527655 dset_write
[seqwish::transclosure] 25792.428 87.31% 2767697124-2824527655 dset_compression
[seqwish::transclosure] 25802.705 87.31% 2767697124-2824527655 dset_sort
[seqwish::transclosure] 25807.096 87.31% 2767697124-2824527655 dset_invert
[seqwish::transclosure] 25814.736 87.31% 2767697124-2824527655 graph_emission
[seqwish::transclosure] 25999.897 88.81% 2824527655-2880972359 overlap_collect
[seqwish::transclosure] 26032.285 88.81% 2824527655-2880972359 rank_build
[seqwish::transclosure] 26080.190 88.81% 2824527655-2880972359 parallel_union_find
[seqwish::transclosure] 26154.052 88.81% 2824527655-2880972359 dset_write
[seqwish::transclosure] 26165.083 88.81% 2824527655-2880972359 dset_compression
[seqwish::transclosure] 26175.912 88.81% 2824527655-2880972359 dset_sort
[seqwish::transclosure] 26180.209 88.81% 2824527655-2880972359 dset_invert
[seqwish::transclosure] 26188.372 88.81% 2824527655-2880972359 graph_emission
[seqwish::transclosure] 26366.846 90.24% 2880972359-2930972359 overlap_collect
[seqwish::transclosure] 26396.371 90.24% 2880972359-2930972359 rank_build
[seqwish::transclosure] 26448.354 90.24% 2880972359-2930972359 parallel_union_find
[seqwish::transclosure] 26518.119 90.24% 2880972359-2930972359 dset_write
[seqwish::transclosure] 26528.719 90.24% 2880972359-2930972359 dset_compression
[seqwish::transclosure] 26539.557 90.24% 2880972359-2930972359 dset_sort
[seqwish::transclosure] 26543.529 90.24% 2880972359-2930972359 dset_invert
[seqwish::transclosure] 26553.114 90.24% 2880972359-2930972359 graph_emission
[seqwish::transclosure] 26715.838 91.68% 2930972359-2980972359 overlap_collect
[seqwish::transclosure] 26737.549 91.68% 2930972359-2980972359 rank_build
[seqwish::transclosure] 26783.444 91.68% 2930972359-2980972359 parallel_union_find
[seqwish::transclosure] 26858.311 91.68% 2930972359-2980972359 dset_write
[seqwish::transclosure] 26867.828 91.68% 2930972359-2980972359 dset_compression
[seqwish::transclosure] 26876.935 91.68% 2930972359-2980972359 dset_sort
[seqwish::transclosure] 26880.289 91.68% 2930972359-2980972359 dset_invert
[seqwish::transclosure] 26890.254 91.68% 2930972359-2980972359 graph_emission
[seqwish::transclosure] 27062.475 92.93% 2980972359-3030972359 overlap_collect
[seqwish::transclosure] 27083.390 92.93% 2980972359-3030972359 rank_build
[seqwish::transclosure] 27131.283 92.93% 2980972359-3030972359 parallel_union_find
[seqwish::transclosure] 27207.239 92.93% 2980972359-3030972359 dset_write
[seqwish::transclosure] 27218.020 92.93% 2980972359-3030972359 dset_compression
[seqwish::transclosure] 27227.871 92.93% 2980972359-3030972359 dset_sort
[seqwish::transclosure] 27231.325 92.93% 2980972359-3030972359 dset_invert
[seqwish::transclosure] 27240.400 92.93% 2980972359-3030972359 graph_emission
[seqwish::transclosure] 27372.428 94.24% 3030972359-3395053273 overlap_collect
[seqwish::transclosure] 27402.471 94.24% 3030972359-3395053273 rank_build
[seqwish::transclosure] 27441.692 94.24% 3030972359-3395053273 parallel_union_find
[seqwish::transclosure] 27469.878 94.24% 3030972359-3395053273 dset_write
[seqwish::transclosure] 27475.708 94.24% 3030972359-3395053273 dset_compression
[seqwish::transclosure] 27480.432 94.24% 3030972359-3395053273 dset_sort
[seqwish::transclosure] 27483.999 94.24% 3030972359-3395053273 dset_invert
[seqwish::transclosure] 27488.009 94.24% 3030972359-3395053273 graph_emission
[seqwish::transclosure] 27649.816 94.93% 3395053273-4653097189 overlap_collect
[seqwish::transclosure] 27738.757 94.93% 3395053273-4653097189 rank_build
[seqwish::transclosure] 27773.144 94.93% 3395053273-4653097189 parallel_union_find
[seqwish::transclosure] 27780.783 94.93% 3395053273-4653097189 dset_write
[seqwish::transclosure] 27782.622 94.93% 3395053273-4653097189 dset_compression
[seqwish::transclosure] 27784.256 94.93% 3395053273-4653097189 dset_sort
[seqwish::transclosure] 27785.167 94.93% 3395053273-4653097189 dset_invert
[seqwish::transclosure] 27786.702 94.93% 3395053273-4653097189 graph_emission
[seqwish::transclosure] 27839.292 95.15% 4653097189-5260069738 overlap_collect
[seqwish::transclosure] 27896.576 95.15% 4653097189-5260069738 rank_build
[seqwish::transclosure] 27930.522 95.15% 4653097189-5260069738 parallel_union_find
[seqwish::transclosure] 27935.111 95.15% 4653097189-5260069738 dset_write
[seqwish::transclosure] 27936.101 95.15% 4653097189-5260069738 dset_compression
[seqwish::transclosure] 27936.965 95.15% 4653097189-5260069738 dset_sort
[seqwish::transclosure] 27937.600 95.15% 4653097189-5260069738 dset_invert
[seqwish::transclosure] 27938.446 95.15% 4653097189-5260069738 graph_emission
[seqwish::transclosure] 27945.386 95.28% 5260069738-5734273430 overlap_collect
[seqwish::transclosure] 27989.961 95.28% 5260069738-5734273430 rank_build
[seqwish::transclosure] 28014.760 95.28% 5260069738-5734273430 parallel_union_find
[seqwish::transclosure] 28015.739 95.28% 5260069738-5734273430 dset_write
[seqwish::transclosure] 28016.598 95.28% 5260069738-5734273430 dset_compression
[seqwish::transclosure] 28017.284 95.28% 5260069738-5734273430 dset_sort
[seqwish::transclosure] 28017.858 95.28% 5260069738-5734273430 dset_invert
[seqwish::transclosure] 28018.570 95.28% 5260069738-5734273430 graph_emission
[seqwish::transclosure] 28024.976 95.38% 5734273430-6096861269 overlap_collect
[seqwish::transclosure] 28048.601 95.38% 5734273430-6096861269 rank_build
[seqwish::transclosure] 28076.284 95.38% 5734273430-6096861269 parallel_union_find
[seqwish::transclosure] 28077.389 95.38% 5734273430-6096861269 dset_write
[seqwish::transclosure] 28078.344 95.38% 5734273430-6096861269 dset_compression
[seqwish::transclosure] 28079.294 95.38% 5734273430-6096861269 dset_sort
[seqwish::transclosure] 28079.930 95.38% 5734273430-6096861269 dset_invert
[seqwish::transclosure] 28080.852 95.38% 5734273430-6096861269 graph_emission
[seqwish::transclosure] 28087.015 95.51% 6096861269-6607495074 overlap_collect
[seqwish::transclosure] 28099.866 95.51% 6096861269-6607495074 rank_build
[seqwish::transclosure] 28136.576 95.51% 6096861269-6607495074 parallel_union_find
[seqwish::transclosure] 28137.807 95.51% 6096861269-6607495074 dset_write
[seqwish::transclosure] 28139.016 95.51% 6096861269-6607495074 dset_compression
[seqwish::transclosure] 28140.186 95.51% 6096861269-6607495074 dset_sort
[seqwish::transclosure] 28141.075 95.51% 6096861269-6607495074 dset_invert
[seqwish::transclosure] 28142.194 95.51% 6096861269-6607495074 graph_emission
[seqwish::transclosure] 28151.191 95.68% 6607495074-8595747874 overlap_collect
[seqwish::transclosure] 28204.165 95.68% 6607495074-8595747874 rank_build
[seqwish::transclosure] 28230.471 95.68% 6607495074-8595747874 parallel_union_find
[seqwish::transclosure] 28232.252 95.68% 6607495074-8595747874 dset_write
[seqwish::transclosure] 28234.014 95.68% 6607495074-8595747874 dset_compression
[seqwish::transclosure] 28235.722 95.68% 6607495074-8595747874 dset_sort
[seqwish::transclosure] 28236.598 95.68% 6607495074-8595747874 dset_invert
[seqwish::transclosure] 28238.153 95.68% 6607495074-8595747874 graph_emission
[seqwish::transclosure] 28247.463 95.92% 8595747874-9156628003 overlap_collect
[seqwish::transclosure] 28262.008 95.92% 8595747874-9156628003 rank_build
[seqwish::transclosure] 28295.301 95.92% 8595747874-9156628003 parallel_union_find
[seqwish::transclosure] 28296.875 95.92% 8595747874-9156628003 dset_write
[seqwish::transclosure] 28297.742 95.92% 8595747874-9156628003 dset_compression
[seqwish::transclosure] 28298.527 95.92% 8595747874-9156628003 dset_sort
[seqwish::transclosure] 28299.247 95.92% 8595747874-9156628003 dset_invert
[seqwish::transclosure] 28300.160 95.92% 8595747874-9156628003 graph_emission
[seqwish::transclosure] 28318.028 96.03% 9156628003-10535702617 overlap_collect
[seqwish::transclosure] 28335.796 96.03% 9156628003-10535702617 rank_build
[seqwish::transclosure] 28362.571 96.03% 9156628003-10535702617 parallel_union_find
[seqwish::transclosure] 28363.217 96.03% 9156628003-10535702617 dset_write
[seqwish::transclosure] 28364.205 96.03% 9156628003-10535702617 dset_compression
[seqwish::transclosure] 28365.118 96.03% 9156628003-10535702617 dset_sort
[seqwish::transclosure] 28365.764 96.03% 9156628003-10535702617 dset_invert
[seqwish::transclosure] 28366.794 96.03% 9156628003-10535702617 graph_emission
[seqwish::transclosure] 28376.109 96.17% 10535702617-11940742765 overlap_collect
[seqwish::transclosure] 28395.271 96.17% 10535702617-11940742765 rank_build
[seqwish::transclosure] 28430.104 96.17% 10535702617-11940742765 parallel_union_find
[seqwish::transclosure] 28430.816 96.17% 10535702617-11940742765 dset_write
[seqwish::transclosure] 28431.803 96.17% 10535702617-11940742765 dset_compression
[seqwish::transclosure] 28432.895 96.17% 10535702617-11940742765 dset_sort
[seqwish::transclosure] 28433.616 96.17% 10535702617-11940742765 dset_invert
[seqwish::transclosure] 28434.708 96.17% 10535702617-11940742765 graph_emission
[seqwish::transclosure] 28443.642 96.32% 11940742765-12969165549 overlap_collect
[seqwish::transclosure] 28453.637 96.32% 11940742765-12969165549 rank_build
[seqwish::transclosure] 28492.048 96.32% 11940742765-12969165549 parallel_union_find
[seqwish::transclosure] 28492.564 96.32% 11940742765-12969165549 dset_write
[seqwish::transclosure] 28493.537 96.32% 11940742765-12969165549 dset_compression
[seqwish::transclosure] 28494.404 96.32% 11940742765-12969165549 dset_sort
[seqwish::transclosure] 28495.034 96.32% 11940742765-12969165549 dset_invert
[seqwish::transclosure] 28496.029 96.32% 11940742765-12969165549 graph_emission
[seqwish::transclosure] 28505.467 96.45% 12969165549-14929656112 overlap_collect
[seqwish::transclosure] 28523.655 96.45% 12969165549-14929656112 rank_build
[seqwish::transclosure] 28550.072 96.45% 12969165549-14929656112 parallel_union_find
[seqwish::transclosure] 28550.509 96.45% 12969165549-14929656112 dset_write
[seqwish::transclosure] 28551.184 96.45% 12969165549-14929656112 dset_compression
[seqwish::transclosure] 28551.897 96.45% 12969165549-14929656112 dset_sort
[seqwish::transclosure] 28552.466 96.45% 12969165549-14929656112 dset_invert
[seqwish::transclosure] 28553.227 96.45% 12969165549-14929656112 graph_emission
[seqwish::transclosure] 28564.322 96.55% 14929656112-16995146768 overlap_collect
[seqwish::transclosure] 28576.308 96.55% 14929656112-16995146768 rank_build
[seqwish::transclosure] 28601.350 96.55% 14929656112-16995146768 parallel_union_find
[seqwish::transclosure] 28601.646 96.55% 14929656112-16995146768 dset_write
[seqwish::transclosure] 28602.337 96.55% 14929656112-16995146768 dset_compression
[seqwish::transclosure] 28602.922 96.55% 14929656112-16995146768 dset_sort
[seqwish::transclosure] 28603.465 96.55% 14929656112-16995146768 dset_invert
[seqwish::transclosure] 28604.183 96.55% 14929656112-16995146768 graph_emission
[seqwish::transclosure] 28613.531 96.64% 16995146768-17980017092 overlap_collect
[seqwish::transclosure] 28619.829 96.64% 16995146768-17980017092 rank_build
[seqwish::transclosure] 28650.248 96.64% 16995146768-17980017092 parallel_union_find
[seqwish::transclosure] 28650.550 96.64% 16995146768-17980017092 dset_write
[seqwish::transclosure] 28651.285 96.64% 16995146768-17980017092 dset_compression
[seqwish::transclosure] 28651.981 96.64% 16995146768-17980017092 dset_sort
[seqwish::transclosure] 28652.562 96.64% 16995146768-17980017092 dset_invert
[seqwish::transclosure] 28653.293 96.64% 16995146768-17980017092 graph_emission
[seqwish::transclosure] 28661.102 96.74% 17980017092-18947421580 overlap_collect
[seqwish::transclosure] 28665.969 96.74% 17980017092-18947421580 rank_build
[seqwish::transclosure] 28697.818 96.74% 17980017092-18947421580 parallel_union_find
[seqwish::transclosure] 28697.974 96.74% 17980017092-18947421580 dset_write
[seqwish::transclosure] 28698.450 96.74% 17980017092-18947421580 dset_compression
[seqwish::transclosure] 28698.915 96.74% 17980017092-18947421580 dset_sort
[seqwish::transclosure] 28699.436 96.74% 17980017092-18947421580 dset_invert
[seqwish::transclosure] 28700.043 96.74% 17980017092-18947421580 graph_emission
[seqwish::transclosure] 28709.299 96.81% 18947421580-21019835864 overlap_collect
[seqwish::transclosure] 28720.115 96.81% 18947421580-21019835864 rank_build
[seqwish::transclosure] 28744.051 96.81% 18947421580-21019835864 parallel_union_find
[seqwish::transclosure] 28744.272 96.81% 18947421580-21019835864 dset_write
[seqwish::transclosure] 28744.860 96.81% 18947421580-21019835864 dset_compression
[seqwish::transclosure] 28745.417 96.81% 18947421580-21019835864 dset_sort
[seqwish::transclosure] 28745.943 96.81% 18947421580-21019835864 dset_invert
[seqwish::transclosure] 28746.547 96.81% 18947421580-21019835864 graph_emission
[seqwish::transclosure] 28759.066 96.89% 21019835864-23952963575 overlap_collect
[seqwish::transclosure] 28771.156 96.89% 21019835864-23952963575 rank_build
[seqwish::transclosure] 28795.044 96.89% 21019835864-23952963575 parallel_union_find
[seqwish::transclosure] 28795.260 96.89% 21019835864-23952963575 dset_write
[seqwish::transclosure] 28795.778 96.89% 21019835864-23952963575 dset_compression
[seqwish::transclosure] 28796.258 96.89% 21019835864-23952963575 dset_sort
[seqwish::transclosure] 28796.768 96.89% 21019835864-23952963575 dset_invert
[seqwish::transclosure] 28797.355 96.89% 21019835864-23952963575 graph_emission
[seqwish::transclosure] 28807.060 96.96% 23952963575-24187865227 overlap_collect
[seqwish::transclosure] 28808.499 96.96% 23952963575-24187865227 rank_build
[seqwish::transclosure] 28839.501 96.96% 23952963575-24187865227 parallel_union_find
[seqwish::transclosure] 28839.562 96.96% 23952963575-24187865227 dset_write
[seqwish::transclosure] 28839.967 96.96% 23952963575-24187865227 dset_compression
[seqwish::transclosure] 28840.348 96.96% 23952963575-24187865227 dset_sort
[seqwish::transclosure] 28841.036 96.96% 23952963575-24187865227 dset_invert
[seqwish::transclosure] 28841.569 96.96% 23952963575-24187865227 graph_emission
[seqwish::transclosure] 28849.707 97.02% 24187865227-26180764586 overlap_collect
[seqwish::transclosure] 28859.730 97.02% 24187865227-26180764586 rank_build
[seqwish::transclosure] 28883.409 97.02% 24187865227-26180764586 parallel_union_find
[seqwish::transclosure] 28883.632 97.02% 24187865227-26180764586 dset_write
[seqwish::transclosure] 28884.345 97.02% 24187865227-26180764586 dset_compression
[seqwish::transclosure] 28885.467 97.02% 24187865227-26180764586 dset_sort
[seqwish::transclosure] 28886.042 97.02% 24187865227-26180764586 dset_invert
[seqwish::transclosure] 28887.160 97.02% 24187865227-26180764586 graph_emission
[seqwish::transclosure] 28896.466 97.11% 26180764586-27131261875 overlap_collect
[seqwish::transclosure] 28902.137 97.11% 26180764586-27131261875 rank_build
[seqwish::transclosure] 28931.818 97.11% 26180764586-27131261875 parallel_union_find
[seqwish::transclosure] 28931.995 97.11% 26180764586-27131261875 dset_write
[seqwish::transclosure] 28932.588 97.11% 26180764586-27131261875 dset_compression
[seqwish::transclosure] 28933.096 97.11% 26180764586-27131261875 dset_sort
[seqwish::transclosure] 28933.634 97.11% 26180764586-27131261875 dset_invert
[seqwish::transclosure] 28934.242 97.11% 26180764586-27131261875 graph_emission
[seqwish::transclosure] 28943.489 97.18% 27131261875-28889695792 overlap_collect
[seqwish::transclosure] 28950.242 97.18% 27131261875-28889695792 rank_build
[seqwish::transclosure] 28973.820 97.18% 27131261875-28889695792 parallel_union_find
[seqwish::transclosure] 28973.916 97.18% 27131261875-28889695792 dset_write
[seqwish::transclosure] 28974.315 97.18% 27131261875-28889695792 dset_compression
[seqwish::transclosure] 28974.709 97.18% 27131261875-28889695792 dset_sort
[seqwish::transclosure] 28975.236 97.18% 27131261875-28889695792 dset_invert
[seqwish::transclosure] 28975.766 97.18% 27131261875-28889695792 graph_emission
[seqwish::transclosure] 28984.888 97.24% 28889695792-30122404019 overlap_collect
[seqwish::transclosure] 28989.760 97.24% 28889695792-30122404019 rank_build
[seqwish::transclosure] 29013.142 97.24% 28889695792-30122404019 parallel_union_find
[seqwish::transclosure] 29013.246 97.24% 28889695792-30122404019 dset_write
[seqwish::transclosure] 29013.671 97.24% 28889695792-30122404019 dset_compression
[seqwish::transclosure] 29014.043 97.24% 28889695792-30122404019 dset_sort
[seqwish::transclosure] 29014.514 97.24% 28889695792-30122404019 dset_invert
[seqwish::transclosure] 29014.984 97.24% 28889695792-30122404019 graph_emission
[seqwish::transclosure] 29023.974 97.30% 30122404019-31965464122 overlap_collect
[seqwish::transclosure] 29031.295 97.30% 30122404019-31965464122 rank_build
[seqwish::transclosure] 29056.129 97.30% 30122404019-31965464122 parallel_union_find
[seqwish::transclosure] 29056.268 97.30% 30122404019-31965464122 dset_write
[seqwish::transclosure] 29056.781 97.30% 30122404019-31965464122 dset_compression
[seqwish::transclosure] 29057.147 97.30% 30122404019-31965464122 dset_sort
[seqwish::transclosure] 29057.713 97.30% 30122404019-31965464122 dset_invert
[seqwish::transclosure] 29058.205 97.30% 30122404019-31965464122 graph_emission
[seqwish::transclosure] 29067.852 97.38% 31965464122-33189763260 overlap_collect
[seqwish::transclosure] 29072.972 97.38% 31965464122-33189763260 rank_build
[seqwish::transclosure] 29096.884 97.38% 31965464122-33189763260 parallel_union_find
[seqwish::transclosure] 29097.010 97.38% 31965464122-33189763260 dset_write
[seqwish::transclosure] 29097.454 97.38% 31965464122-33189763260 dset_compression
[seqwish::transclosure] 29097.864 97.38% 31965464122-33189763260 dset_sort
[seqwish::transclosure] 29098.348 97.38% 31965464122-33189763260 dset_invert
[seqwish::transclosure] 29098.865 97.38% 31965464122-33189763260 graph_emission
[seqwish::transclosure] 29108.431 97.44% 33189763260-35117680287 overlap_collect
[seqwish::transclosure] 29115.760 97.44% 33189763260-35117680287 rank_build
[seqwish::transclosure] 29139.338 97.44% 33189763260-35117680287 parallel_union_find
[seqwish::transclosure] 29139.446 97.44% 33189763260-35117680287 dset_write
[seqwish::transclosure] 29139.918 97.44% 33189763260-35117680287 dset_compression
[seqwish::transclosure] 29140.351 97.44% 33189763260-35117680287 dset_sort
[seqwish::transclosure] 29140.893 97.44% 33189763260-35117680287 dset_invert
[seqwish::transclosure] 29141.461 97.44% 33189763260-35117680287 graph_emission
[seqwish::transclosure] 29151.060 97.50% 35117680287-36458374858 overlap_collect
[seqwish::transclosure] 29155.950 97.50% 35117680287-36458374858 rank_build
[seqwish::transclosure] 29179.536 97.50% 35117680287-36458374858 parallel_union_find
[seqwish::transclosure] 29179.719 97.50% 35117680287-36458374858 dset_write
[seqwish::transclosure] 29180.137 97.50% 35117680287-36458374858 dset_compression
[seqwish::transclosure] 29180.580 97.50% 35117680287-36458374858 dset_sort
[seqwish::transclosure] 29181.074 97.50% 35117680287-36458374858 dset_invert
[seqwish::transclosure] 29181.635 97.50% 35117680287-36458374858 graph_emission
[seqwish::transclosure] 29191.089 97.57% 36458374858-38347816927 overlap_collect
[seqwish::transclosure] 29198.246 97.57% 36458374858-38347816927 rank_build
[seqwish::transclosure] 29221.681 97.57% 36458374858-38347816927 parallel_union_find
[seqwish::transclosure] 29221.781 97.57% 36458374858-38347816927 dset_write
[seqwish::transclosure] 29222.234 97.57% 36458374858-38347816927 dset_compression
[seqwish::transclosure] 29222.648 97.57% 36458374858-38347816927 dset_sort
[seqwish::transclosure] 29223.135 97.57% 36458374858-38347816927 dset_invert
[seqwish::transclosure] 29223.655 97.57% 36458374858-38347816927 graph_emission
[seqwish::transclosure] 29233.458 97.63% 38347816927-39869425187 overlap_collect
[seqwish::transclosure] 29238.931 97.63% 38347816927-39869425187 rank_build
[seqwish::transclosure] 29262.776 97.63% 38347816927-39869425187 parallel_union_find
[seqwish::transclosure] 29262.897 97.63% 38347816927-39869425187 dset_write
[seqwish::transclosure] 29263.381 97.63% 38347816927-39869425187 dset_compression
[seqwish::transclosure] 29263.819 97.63% 38347816927-39869425187 dset_sort
[seqwish::transclosure] 29264.324 97.63% 38347816927-39869425187 dset_invert
[seqwish::transclosure] 29264.882 97.63% 38347816927-39869425187 graph_emission
[seqwish::transclosure] 29274.140 97.70% 39869425187-41376051139 overlap_collect
[seqwish::transclosure] 29279.426 97.70% 39869425187-41376051139 rank_build
[seqwish::transclosure] 29303.992 97.70% 39869425187-41376051139 parallel_union_find
[seqwish::transclosure] 29304.149 97.70% 39869425187-41376051139 dset_write
[seqwish::transclosure] 29304.637 97.70% 39869425187-41376051139 dset_compression
[seqwish::transclosure] 29305.074 97.70% 39869425187-41376051139 dset_sort
[seqwish::transclosure] 29305.596 97.70% 39869425187-41376051139 dset_invert
[seqwish::transclosure] 29306.169 97.70% 39869425187-41376051139 graph_emission
[seqwish::transclosure] 29314.068 97.77% 41376051139-42043867526 overlap_collect
[seqwish::transclosure] 29316.733 97.77% 41376051139-42043867526 rank_build
[seqwish::transclosure] 29340.184 97.77% 41376051139-42043867526 parallel_union_find
[seqwish::transclosure] 29340.259 97.77% 41376051139-42043867526 dset_write
[seqwish::transclosure] 29340.739 97.77% 41376051139-42043867526 dset_compression
[seqwish::transclosure] 29341.464 97.77% 41376051139-42043867526 dset_sort
[seqwish::transclosure] 29341.979 97.77% 41376051139-42043867526 dset_invert
[seqwish::transclosure] 29342.792 97.77% 41376051139-42043867526 graph_emission
[seqwish::transclosure] 29351.170 97.83% 42043867609-44011243099 overlap_collect
[seqwish::transclosure] 29357.240 97.83% 42043867609-44011243099 rank_build
[seqwish::transclosure] 29381.595 97.83% 42043867609-44011243099 parallel_union_find
[seqwish::transclosure] 29381.643 97.83% 42043867609-44011243099 dset_write
[seqwish::transclosure] 29382.035 97.83% 42043867609-44011243099 dset_compression
[seqwish::transclosure] 29382.380 97.83% 42043867609-44011243099 dset_sort
[seqwish::transclosure] 29382.949 97.83% 42043867609-44011243099 dset_invert
[seqwish::transclosure] 29383.477 97.83% 42043867609-44011243099 graph_emission
[seqwish::transclosure] 29394.701 97.88% 44011243099-46447585772 overlap_collect
[seqwish::transclosure] 29401.980 97.88% 44011243099-46447585772 rank_build
[seqwish::transclosure] 29425.313 97.88% 44011243099-46447585772 parallel_union_find
[seqwish::transclosure] 29425.375 97.88% 44011243099-46447585772 dset_write
[seqwish::transclosure] 29425.855 97.88% 44011243099-46447585772 dset_compression
[seqwish::transclosure] 29426.509 97.88% 44011243099-46447585772 dset_sort
[seqwish::transclosure] 29427.013 97.88% 44011243099-46447585772 dset_invert
[seqwish::transclosure] 29427.831 97.88% 44011243099-46447585772 graph_emission
[seqwish::transclosure] 29438.556 97.94% 46447585772-48070698789 overlap_collect
[seqwish::transclosure] 29443.516 97.94% 46447585772-48070698789 rank_build
[seqwish::transclosure] 29467.149 97.94% 46447585772-48070698789 parallel_union_find
[seqwish::transclosure] 29467.185 97.94% 46447585772-48070698789 dset_write
[seqwish::transclosure] 29467.518 97.94% 46447585772-48070698789 dset_compression
[seqwish::transclosure] 29467.818 97.94% 46447585772-48070698789 dset_sort
[seqwish::transclosure] 29468.297 97.94% 46447585772-48070698789 dset_invert
[seqwish::transclosure] 29468.738 97.94% 46447585772-48070698789 graph_emission
[seqwish::transclosure] 29479.590 97.99% 48070698789-50548218446 overlap_collect
[seqwish::transclosure] 29487.495 97.99% 48070698789-50548218446 rank_build
[seqwish::transclosure] 29511.675 97.99% 48070698789-50548218446 parallel_union_find
[seqwish::transclosure] 29511.813 97.99% 48070698789-50548218446 dset_write
[seqwish::transclosure] 29512.297 97.99% 48070698789-50548218446 dset_compression
[seqwish::transclosure] 29512.729 97.99% 48070698789-50548218446 dset_sort
[seqwish::transclosure] 29513.223 97.99% 48070698789-50548218446 dset_invert
[seqwish::transclosure] 29513.729 97.99% 48070698789-50548218446 graph_emission
[seqwish::transclosure] 29523.833 98.05% 50548218446-51622531958 overlap_collect
[seqwish::transclosure] 29527.573 98.05% 50548218446-51622531958 rank_build
[seqwish::transclosure] 29550.912 98.05% 50548218446-51622531958 parallel_union_find
[seqwish::transclosure] 29550.964 98.05% 50548218446-51622531958 dset_write
[seqwish::transclosure] 29551.343 98.05% 50548218446-51622531958 dset_compression
[seqwish::transclosure] 29551.681 98.05% 50548218446-51622531958 dset_sort
[seqwish::transclosure] 29552.177 98.05% 50548218446-51622531958 dset_invert
[seqwish::transclosure] 29552.679 98.05% 50548218446-51622531958 graph_emission
[seqwish::transclosure] 29561.794 98.10% 51622531958-53514851822 overlap_collect
[seqwish::transclosure] 29567.970 98.10% 51622531958-53514851822 rank_build
[seqwish::transclosure] 29592.280 98.10% 51622531958-53514851822 parallel_union_find
[seqwish::transclosure] 29592.328 98.10% 51622531958-53514851822 dset_write
[seqwish::transclosure] 29592.686 98.10% 51622531958-53514851822 dset_compression
[seqwish::transclosure] 29593.002 98.10% 51622531958-53514851822 dset_sort
[seqwish::transclosure] 29593.481 98.10% 51622531958-53514851822 dset_invert
[seqwish::transclosure] 29593.945 98.10% 51622531958-53514851822 graph_emission
[seqwish::transclosure] 29602.234 98.16% 53514851822-54180176417 overlap_collect
[seqwish::transclosure] 29604.533 98.16% 53514851822-54180176417 rank_build
[seqwish::transclosure] 29627.753 98.16% 53514851822-54180176417 parallel_union_find
[seqwish::transclosure] 29627.782 98.16% 53514851822-54180176417 dset_write
[seqwish::transclosure] 29628.100 98.16% 53514851822-54180176417 dset_compression
[seqwish::transclosure] 29628.405 98.16% 53514851822-54180176417 dset_sort
[seqwish::transclosure] 29628.899 98.16% 53514851822-54180176417 dset_invert
[seqwish::transclosure] 29629.345 98.16% 53514851822-54180176417 graph_emission
[seqwish::transclosure] 29638.206 98.20% 54180176417-56314520832 overlap_collect
[seqwish::transclosure] 29644.886 98.20% 54180176417-56314520832 rank_build
[seqwish::transclosure] 29668.225 98.20% 54180176417-56314520832 parallel_union_find
[seqwish::transclosure] 29668.297 98.20% 54180176417-56314520832 dset_write
[seqwish::transclosure] 29668.683 98.20% 54180176417-56314520832 dset_compression
[seqwish::transclosure] 29669.067 98.20% 54180176417-56314520832 dset_sort
[seqwish::transclosure] 29669.579 98.20% 54180176417-56314520832 dset_invert
[seqwish::transclosure] 29670.100 98.20% 54180176417-56314520832 graph_emission
[seqwish::transclosure] 29679.609 98.26% 56314520832-57449606350 overlap_collect
[seqwish::transclosure] 29683.229 98.26% 56314520832-57449606350 rank_build
[seqwish::transclosure] 29707.502 98.26% 56314520832-57449606350 parallel_union_find
[seqwish::transclosure] 29707.549 98.26% 56314520832-57449606350 dset_write
[seqwish::transclosure] 29707.949 98.26% 56314520832-57449606350 dset_compression
[seqwish::transclosure] 29708.262 98.26% 56314520832-57449606350 dset_sort
[seqwish::transclosure] 29708.767 98.26% 56314520832-57449606350 dset_invert
[seqwish::transclosure] 29709.270 98.26% 56314520832-57449606350 graph_emission
[seqwish::transclosure] 29718.654 98.31% 57449606350-59517981078 overlap_collect
[seqwish::transclosure] 29725.152 98.31% 57449606350-59517981078 rank_build
[seqwish::transclosure] 29749.955 98.31% 57449606350-59517981078 parallel_union_find
[seqwish::transclosure] 29749.995 98.31% 57449606350-59517981078 dset_write
[seqwish::transclosure] 29750.367 98.31% 57449606350-59517981078 dset_compression
[seqwish::transclosure] 29750.689 98.31% 57449606350-59517981078 dset_sort
[seqwish::transclosure] 29751.203 98.31% 57449606350-59517981078 dset_invert
[seqwish::transclosure] 29751.656 98.31% 57449606350-59517981078 graph_emission
[seqwish::transclosure] 29759.914 98.36% 59517981078-60137668554 overlap_collect
[seqwish::transclosure] 29762.029 98.36% 59517981078-60137668554 rank_build
[seqwish::transclosure] 29785.577 98.36% 59517981078-60137668554 parallel_union_find
[seqwish::transclosure] 29785.620 98.36% 59517981078-60137668554 dset_write
[seqwish::transclosure] 29785.961 98.36% 59517981078-60137668554 dset_compression
[seqwish::transclosure] 29786.259 98.36% 59517981078-60137668554 dset_sort
[seqwish::transclosure] 29786.726 98.36% 59517981078-60137668554 dset_invert
[seqwish::transclosure] 29787.185 98.36% 59517981078-60137668554 graph_emission
[seqwish::transclosure] 29796.173 98.41% 60137668554-62364250345 overlap_collect
[seqwish::transclosure] 29802.907 98.41% 60137668554-62364250345 rank_build
[seqwish::transclosure] 29826.798 98.41% 60137668554-62364250345 parallel_union_find
[seqwish::transclosure] 29826.853 98.41% 60137668554-62364250345 dset_write
[seqwish::transclosure] 29827.297 98.41% 60137668554-62364250345 dset_compression
[seqwish::transclosure] 29827.639 98.41% 60137668554-62364250345 dset_sort
[seqwish::transclosure] 29828.157 98.41% 60137668554-62364250345 dset_invert
[seqwish::transclosure] 29828.650 98.41% 60137668554-62364250345 graph_emission
[seqwish::transclosure] 29837.249 98.47% 62364250345-63066429184 overlap_collect
[seqwish::transclosure] 29839.596 98.47% 62364250345-63066429184 rank_build
[seqwish::transclosure] 29865.920 98.47% 62364250345-63066429184 parallel_union_find
[seqwish::transclosure] 29865.983 98.47% 62364250345-63066429184 dset_write
[seqwish::transclosure] 29866.302 98.47% 62364250345-63066429184 dset_compression
[seqwish::transclosure] 29866.632 98.47% 62364250345-63066429184 dset_sort
[seqwish::transclosure] 29867.124 98.47% 62364250345-63066429184 dset_invert
[seqwish::transclosure] 29867.578 98.47% 62364250345-63066429184 graph_emission
[seqwish::transclosure] 29877.076 98.52% 63066429184-65466924736 overlap_collect
[seqwish::transclosure] 29884.595 98.52% 63066429184-65466924736 rank_build
[seqwish::transclosure] 29908.217 98.52% 63066429184-65466924736 parallel_union_find
[seqwish::transclosure] 29908.276 98.52% 63066429184-65466924736 dset_write
[seqwish::transclosure] 29908.677 98.52% 63066429184-65466924736 dset_compression
[seqwish::transclosure] 29909.038 98.52% 63066429184-65466924736 dset_sort
[seqwish::transclosure] 29909.542 98.52% 63066429184-65466924736 dset_invert
[seqwish::transclosure] 29910.026 98.52% 63066429184-65466924736 graph_emission
[seqwish::transclosure] 29919.101 98.57% 65466924736-66169763931 overlap_collect
[seqwish::transclosure] 29921.468 98.57% 65466924736-66169763931 rank_build
[seqwish::transclosure] 29944.932 98.57% 65466924736-66169763931 parallel_union_find
[seqwish::transclosure] 29944.989 98.57% 65466924736-66169763931 dset_write
[seqwish::transclosure] 29945.444 98.57% 65466924736-66169763931 dset_compression
[seqwish::transclosure] 29945.759 98.57% 65466924736-66169763931 dset_sort
[seqwish::transclosure] 29946.269 98.57% 65466924736-66169763931 dset_invert
[seqwish::transclosure] 29946.730 98.57% 65466924736-66169763931 graph_emission
[seqwish::transclosure] 29954.572 98.63% 66169763931-67635926797 overlap_collect
[seqwish::transclosure] 29959.089 98.63% 66169763931-67635926797 rank_build
[seqwish::transclosure] 29982.862 98.63% 66169763931-67635926797 parallel_union_find
[seqwish::transclosure] 29982.920 98.63% 66169763931-67635926797 dset_write
[seqwish::transclosure] 29983.289 98.63% 66169763931-67635926797 dset_compression
[seqwish::transclosure] 29983.642 98.63% 66169763931-67635926797 dset_sort
[seqwish::transclosure] 29984.166 98.63% 66169763931-67635926797 dset_invert
[seqwish::transclosure] 29984.681 98.63% 66169763931-67635926797 graph_emission
[seqwish::transclosure] 29993.966 98.68% 67635926797-69229409754 overlap_collect
[seqwish::transclosure] 29998.848 98.68% 67635926797-69229409754 rank_build
[seqwish::transclosure] 30022.246 98.68% 67635926797-69229409754 parallel_union_find
[seqwish::transclosure] 30022.310 98.68% 67635926797-69229409754 dset_write
[seqwish::transclosure] 30022.648 98.68% 67635926797-69229409754 dset_compression
[seqwish::transclosure] 30022.954 98.68% 67635926797-69229409754 dset_sort
[seqwish::transclosure] 30023.443 98.68% 67635926797-69229409754 dset_invert
[seqwish::transclosure] 30023.901 98.68% 67635926797-69229409754 graph_emission
[seqwish::transclosure] 30033.867 98.73% 69229409754-71148830858 overlap_collect
[seqwish::transclosure] 30039.642 98.73% 69229409754-71148830858 rank_build
[seqwish::transclosure] 30063.735 98.73% 69229409754-71148830858 parallel_union_find
[seqwish::transclosure] 30063.782 98.73% 69229409754-71148830858 dset_write
[seqwish::transclosure] 30064.139 98.73% 69229409754-71148830858 dset_compression
[seqwish::transclosure] 30064.440 98.73% 69229409754-71148830858 dset_sort
[seqwish::transclosure] 30064.940 98.73% 69229409754-71148830858 dset_invert
[seqwish::transclosure] 30065.411 98.73% 69229409754-71148830858 graph_emission
[seqwish::transclosure] 30075.386 98.78% 71148830858-72749489189 overlap_collect
[seqwish::transclosure] 30080.381 98.78% 71148830858-72749489189 rank_build
[seqwish::transclosure] 30104.318 98.78% 71148830858-72749489189 parallel_union_find
[seqwish::transclosure] 30104.357 98.78% 71148830858-72749489189 dset_write
[seqwish::transclosure] 30104.723 98.78% 71148830858-72749489189 dset_compression
[seqwish::transclosure] 30105.043 98.78% 71148830858-72749489189 dset_sort
[seqwish::transclosure] 30105.528 98.78% 71148830858-72749489189 dset_invert
[seqwish::transclosure] 30105.983 98.78% 71148830858-72749489189 graph_emission
[seqwish::transclosure] 30115.395 98.83% 72749489189-74235344329 overlap_collect
[seqwish::transclosure] 30119.922 98.83% 72749489189-74235344329 rank_build
[seqwish::transclosure] 30144.215 98.83% 72749489189-74235344329 parallel_union_find
[seqwish::transclosure] 30144.255 98.83% 72749489189-74235344329 dset_write
[seqwish::transclosure] 30144.595 98.83% 72749489189-74235344329 dset_compression
[seqwish::transclosure] 30144.932 98.83% 72749489189-74235344329 dset_sort
[seqwish::transclosure] 30145.457 98.83% 72749489189-74235344329 dset_invert
[seqwish::transclosure] 30145.938 98.83% 72749489189-74235344329 graph_emission
[seqwish::transclosure] 30154.285 98.88% 74235344329-75279260962 overlap_collect
[seqwish::transclosure] 30157.627 98.88% 74235344329-75279260962 rank_build
[seqwish::transclosure] 30181.333 98.88% 74235344329-75279260962 parallel_union_find
[seqwish::transclosure] 30181.419 98.88% 74235344329-75279260962 dset_write
[seqwish::transclosure] 30181.820 98.88% 74235344329-75279260962 dset_compression
[seqwish::transclosure] 30182.181 98.88% 74235344329-75279260962 dset_sort
[seqwish::transclosure] 30182.697 98.88% 74235344329-75279260962 dset_invert
[seqwish::transclosure] 30183.205 98.88% 74235344329-75279260962 graph_emission
[seqwish::transclosure] 30191.267 98.93% 75279260962-76309035329 overlap_collect
[seqwish::transclosure] 30194.664 98.93% 75279260962-76309035329 rank_build
[seqwish::transclosure] 30218.498 98.93% 75279260962-76309035329 parallel_union_find
[seqwish::transclosure] 30218.562 98.93% 75279260962-76309035329 dset_write
[seqwish::transclosure] 30218.911 98.93% 75279260962-76309035329 dset_compression
[seqwish::transclosure] 30219.211 98.93% 75279260962-76309035329 dset_sort
[seqwish::transclosure] 30219.694 98.93% 75279260962-76309035329 dset_invert
[seqwish::transclosure] 30220.131 98.93% 75279260962-76309035329 graph_emission
[seqwish::transclosure] 30228.960 98.98% 76309035329-78175292336 overlap_collect
[seqwish::transclosure] 30234.710 98.98% 76309035329-78175292336 rank_build
[seqwish::transclosure] 30258.765 98.98% 76309035329-78175292336 parallel_union_find
[seqwish::transclosure] 30258.798 98.98% 76309035329-78175292336 dset_write
[seqwish::transclosure] 30259.164 98.98% 76309035329-78175292336 dset_compression
[seqwish::transclosure] 30259.479 98.98% 76309035329-78175292336 dset_sort
[seqwish::transclosure] 30259.990 98.98% 76309035329-78175292336 dset_invert
[seqwish::transclosure] 30260.417 98.98% 76309035329-78175292336 graph_emission
[seqwish::transclosure] 30269.776 99.03% 78175292336-79510222063 overlap_collect
[seqwish::transclosure] 30273.912 99.03% 78175292336-79510222063 rank_build
[seqwish::transclosure] 30297.534 99.03% 78175292336-79510222063 parallel_union_find
[seqwish::transclosure] 30297.561 99.03% 78175292336-79510222063 dset_write
[seqwish::transclosure] 30297.853 99.03% 78175292336-79510222063 dset_compression
[seqwish::transclosure] 30298.138 99.03% 78175292336-79510222063 dset_sort
[seqwish::transclosure] 30298.602 99.03% 78175292336-79510222063 dset_invert
[seqwish::transclosure] 30299.013 99.03% 78175292336-79510222063 graph_emission
[seqwish::transclosure] 30308.309 99.08% 79510222063-81314389303 overlap_collect
[seqwish::transclosure] 30313.965 99.08% 79510222063-81314389303 rank_build
[seqwish::transclosure] 30338.230 99.08% 79510222063-81314389303 parallel_union_find
[seqwish::transclosure] 30338.270 99.08% 79510222063-81314389303 dset_write
[seqwish::transclosure] 30338.602 99.08% 79510222063-81314389303 dset_compression
[seqwish::transclosure] 30338.885 99.08% 79510222063-81314389303 dset_sort
[seqwish::transclosure] 30339.370 99.08% 79510222063-81314389303 dset_invert
[seqwish::transclosure] 30339.782 99.08% 79510222063-81314389303 graph_emission
[seqwish::transclosure] 30350.782 99.13% 81314389303-83607274371 overlap_collect
[seqwish::transclosure] 30357.740 99.13% 81314389303-83607274371 rank_build
[seqwish::transclosure] 30382.855 99.13% 81314389303-83607274371 parallel_union_find
[seqwish::transclosure] 30382.886 99.13% 81314389303-83607274371 dset_write
[seqwish::transclosure] 30383.193 99.13% 81314389303-83607274371 dset_compression
[seqwish::transclosure] 30383.493 99.13% 81314389303-83607274371 dset_sort
[seqwish::transclosure] 30383.961 99.13% 81314389303-83607274371 dset_invert
[seqwish::transclosure] 30384.370 99.13% 81314389303-83607274371 graph_emission
[seqwish::transclosure] 30395.125 99.17% 83607274371-85464291072 overlap_collect
[seqwish::transclosure] 30400.863 99.17% 83607274371-85464291072 rank_build
[seqwish::transclosure] 30424.392 99.17% 83607274371-85464291072 parallel_union_find
[seqwish::transclosure] 30424.429 99.17% 83607274371-85464291072 dset_write
[seqwish::transclosure] 30424.742 99.17% 83607274371-85464291072 dset_compression
[seqwish::transclosure] 30425.031 99.17% 83607274371-85464291072 dset_sort
[seqwish::transclosure] 30425.508 99.17% 83607274371-85464291072 dset_invert
[seqwish::transclosure] 30425.926 99.17% 83607274371-85464291072 graph_emission
[seqwish::transclosure] 30436.177 99.22% 85464292789-87239290875 overlap_collect
[seqwish::transclosure] 30441.657 99.22% 85464292789-87239290875 rank_build
[seqwish::transclosure] 30465.080 99.22% 85464292789-87239290875 parallel_union_find
[seqwish::transclosure] 30465.112 99.22% 85464292789-87239290875 dset_write
[seqwish::transclosure] 30465.442 99.22% 85464292789-87239290875 dset_compression
[seqwish::transclosure] 30465.728 99.22% 85464292789-87239290875 dset_sort
[seqwish::transclosure] 30466.194 99.22% 85464292789-87239290875 dset_invert
[seqwish::transclosure] 30466.630 99.22% 85464292789-87239290875 graph_emission
[seqwish::transclosure] 30477.154 99.27% 87239290875-89448566709 overlap_collect
[seqwish::transclosure] 30483.902 99.27% 87239290875-89448566709 rank_build
[seqwish::transclosure] 30508.056 99.27% 87239290875-89448566709 parallel_union_find
[seqwish::transclosure] 30508.117 99.27% 87239290875-89448566709 dset_write
[seqwish::transclosure] 30508.449 99.27% 87239290875-89448566709 dset_compression
[seqwish::transclosure] 30508.736 99.27% 87239290875-89448566709 dset_sort
[seqwish::transclosure] 30509.201 99.27% 87239290875-89448566709 dset_invert
[seqwish::transclosure] 30509.605 99.27% 87239290875-89448566709 graph_emission
[seqwish::transclosure] 30519.493 99.31% 89448566709-90859380792 overlap_collect
[seqwish::transclosure] 30523.967 99.31% 89448566709-90859380792 rank_build
[seqwish::transclosure] 30550.151 99.31% 89448566709-90859380792 parallel_union_find
[seqwish::transclosure] 30550.173 99.31% 89448566709-90859380792 dset_write
[seqwish::transclosure] 30550.493 99.31% 89448566709-90859380792 dset_compression
[seqwish::transclosure] 30550.751 99.31% 89448566709-90859380792 dset_sort
[seqwish::transclosure] 30551.210 99.31% 89448566709-90859380792 dset_invert
[seqwish::transclosure] 30551.605 99.31% 89448566709-90859380792 graph_emission
[seqwish::transclosure] 30559.284 99.36% 90859380792-91657739436 overlap_collect
[seqwish::transclosure] 30562.013 99.36% 90859380792-91657739436 rank_build
[seqwish::transclosure] 30585.478 99.36% 90859380792-91657739436 parallel_union_find
[seqwish::transclosure] 30585.809 99.36% 90859380792-91657739436 dset_write
[seqwish::transclosure] 30586.207 99.36% 90859380792-91657739436 dset_compression
[seqwish::transclosure] 30586.563 99.36% 90859380792-91657739436 dset_sort
[seqwish::transclosure] 30587.035 99.36% 90859380792-91657739436 dset_invert
[seqwish::transclosure] 30587.488 99.36% 90859380792-91657739436 graph_emission
[seqwish::transclosure] 30597.357 99.41% 91657739436-94146565837 overlap_collect
[seqwish::transclosure] 30604.763 99.41% 91657739436-94146565837 rank_build
[seqwish::transclosure] 30628.245 99.41% 91657739436-94146565837 parallel_union_find
[seqwish::transclosure] 30628.273 99.41% 91657739436-94146565837 dset_write
[seqwish::transclosure] 30628.610 99.41% 91657739436-94146565837 dset_compression
[seqwish::transclosure] 30628.893 99.41% 91657739436-94146565837 dset_sort
[seqwish::transclosure] 30629.354 99.41% 91657739436-94146565837 dset_invert
[seqwish::transclosure] 30629.752 99.41% 91657739436-94146565837 graph_emission
[seqwish::transclosure] 30640.348 99.46% 94146565837-95723532946 overlap_collect
[seqwish::transclosure] 30645.162 99.46% 94146565837-95723532946 rank_build
[seqwish::transclosure] 30668.862 99.46% 94146565837-95723532946 parallel_union_find
[seqwish::transclosure] 30668.912 99.46% 94146565837-95723532946 dset_write
[seqwish::transclosure] 30669.242 99.46% 94146565837-95723532946 dset_compression
[seqwish::transclosure] 30669.554 99.46% 94146565837-95723532946 dset_sort
[seqwish::transclosure] 30670.077 99.46% 94146565837-95723532946 dset_invert
[seqwish::transclosure] 30670.536 99.46% 94146565837-95723532946 graph_emission
[seqwish::transclosure] 30679.501 99.51% 95723532946-97287120868 overlap_collect
[seqwish::transclosure] 30684.333 99.51% 95723532946-97287120868 rank_build
[seqwish::transclosure] 30708.020 99.51% 95723532946-97287120868 parallel_union_find
[seqwish::transclosure] 30708.066 99.51% 95723532946-97287120868 dset_write
[seqwish::transclosure] 30708.405 99.51% 95723532946-97287120868 dset_compression
[seqwish::transclosure] 30708.692 99.51% 95723532946-97287120868 dset_sort
[seqwish::transclosure] 30709.163 99.51% 95723532946-97287120868 dset_invert
[seqwish::transclosure] 30709.595 99.51% 95723532946-97287120868 graph_emission
[seqwish::transclosure] 30719.667 99.55% 97287120868-99416099685 overlap_collect
[seqwish::transclosure] 30726.196 99.55% 97287120868-99416099685 rank_build
[seqwish::transclosure] 30750.718 99.55% 97287120868-99416099685 parallel_union_find
[seqwish::transclosure] 30750.783 99.55% 97287120868-99416099685 dset_write
[seqwish::transclosure] 30751.102 99.55% 97287120868-99416099685 dset_compression
[seqwish::transclosure] 30751.392 99.55% 97287120868-99416099685 dset_sort
[seqwish::transclosure] 30751.858 99.55% 97287120868-99416099685 dset_invert
[seqwish::transclosure] 30752.257 99.55% 97287120868-99416099685 graph_emission
[seqwish::transclosure] 30763.859 99.60% 99416099685-101972423705 overlap_collect
[seqwish::transclosure] 30771.742 99.60% 99416099685-101972423705 rank_build
[seqwish::transclosure] 30796.466 99.60% 99416099685-101972423705 parallel_union_find
[seqwish::transclosure] 30796.508 99.60% 99416099685-101972423705 dset_write
[seqwish::transclosure] 30796.856 99.60% 99416099685-101972423705 dset_compression
[seqwish::transclosure] 30797.121 99.60% 99416099685-101972423705 dset_sort
[seqwish::transclosure] 30797.593 99.60% 99416099685-101972423705 dset_invert
[seqwish::transclosure] 30798.022 99.60% 99416099685-101972423705 graph_emission
[seqwish::transclosure] 30807.239 99.65% 101972423705-102641335007 overlap_collect
[seqwish::transclosure] 30809.489 99.65% 101972423705-102641335007 rank_build
[seqwish::transclosure] 30832.658 99.65% 101972423705-102641335007 parallel_union_find
[seqwish::transclosure] 30832.677 99.65% 101972423705-102641335007 dset_write
[seqwish::transclosure] 30832.972 99.65% 101972423705-102641335007 dset_compression
[seqwish::transclosure] 30833.220 99.65% 101972423705-102641335007 dset_sort
[seqwish::transclosure] 30833.673 99.65% 101972423705-102641335007 dset_invert
[seqwish::transclosure] 30834.057 99.65% 101972423705-102641335007 graph_emission
[seqwish::transclosure] 30843.981 99.69% 102641335007-105444597014 overlap_collect
[seqwish::transclosure] 30852.518 99.69% 102641335007-105444597014 rank_build
[seqwish::transclosure] 30876.882 99.69% 102641335007-105444597014 parallel_union_find
[seqwish::transclosure] 30876.928 99.69% 102641335007-105444597014 dset_write
[seqwish::transclosure] 30877.250 99.69% 102641335007-105444597014 dset_compression
[seqwish::transclosure] 30877.525 99.69% 102641335007-105444597014 dset_sort
[seqwish::transclosure] 30878.017 99.69% 102641335007-105444597014 dset_invert
[seqwish::transclosure] 30878.456 99.69% 102641335007-105444597014 graph_emission
[seqwish::transclosure] 30889.690 99.74% 105444597014-107275457815 overlap_collect
[seqwish::transclosure] 30895.243 99.74% 105444597014-107275457815 rank_build
[seqwish::transclosure] 30920.125 99.74% 105444597014-107275457815 parallel_union_find
[seqwish::transclosure] 30920.156 99.74% 105444597014-107275457815 dset_write
[seqwish::transclosure] 30920.475 99.74% 105444597014-107275457815 dset_compression
[seqwish::transclosure] 30920.745 99.74% 105444597014-107275457815 dset_sort
[seqwish::transclosure] 30921.222 99.74% 105444597014-107275457815 dset_invert
[seqwish::transclosure] 30921.597 99.74% 105444597014-107275457815 graph_emission
[seqwish::transclosure] 30930.906 99.78% 107275457815-108541525555 overlap_collect
[seqwish::transclosure] 30934.872 99.78% 107275457815-108541525555 rank_build
[seqwish::transclosure] 30959.535 99.78% 107275457815-108541525555 parallel_union_find
[seqwish::transclosure] 30959.551 99.78% 107275457815-108541525555 dset_write
[seqwish::transclosure] 30959.851 99.78% 107275457815-108541525555 dset_compression
[seqwish::transclosure] 30960.104 99.78% 107275457815-108541525555 dset_sort
[seqwish::transclosure] 30960.589 99.78% 107275457815-108541525555 dset_invert
[seqwish::transclosure] 30960.982 99.78% 107275457815-108541525555 graph_emission
[seqwish::transclosure] 30970.151 99.83% 108541525555-110360748953 overlap_collect
[seqwish::transclosure] 30975.631 99.83% 108541525555-110360748953 rank_build
[seqwish::transclosure] 30999.027 99.83% 108541525555-110360748953 parallel_union_find
[seqwish::transclosure] 30999.058 99.83% 108541525555-110360748953 dset_write
[seqwish::transclosure] 30999.366 99.83% 108541525555-110360748953 dset_compression
[seqwish::transclosure] 30999.631 99.83% 108541525555-110360748953 dset_sort
[seqwish::transclosure] 31000.078 99.83% 108541525555-110360748953 dset_invert
[seqwish::transclosure] 31000.449 99.83% 108541525555-110360748953 graph_emission
[seqwish::transclosure] 31009.816 99.87% 110360748953-111843309235 overlap_collect
[seqwish::transclosure] 31014.279 99.87% 110360748953-111843309235 rank_build
[seqwish::transclosure] 31038.209 99.87% 110360748953-111843309235 parallel_union_find
[seqwish::transclosure] 31038.262 99.87% 110360748953-111843309235 dset_write
[seqwish::transclosure] 31038.601 99.87% 110360748953-111843309235 dset_compression
[seqwish::transclosure] 31038.912 99.87% 110360748953-111843309235 dset_sort
[seqwish::transclosure] 31039.399 99.87% 110360748953-111843309235 dset_invert
[seqwish::transclosure] 31039.837 99.87% 110360748953-111843309235 graph_emission
[seqwish::transclosure] 31050.003 99.92% 111843309235-113917553453 overlap_collect
[seqwish::transclosure] 31056.273 99.92% 111843309235-113917553453 rank_build
[seqwish::transclosure] 31079.685 99.92% 111843309235-113917553453 parallel_union_find
[seqwish::transclosure] 31079.708 99.92% 111843309235-113917553453 dset_write
[seqwish::transclosure] 31080.012 99.92% 111843309235-113917553453 dset_compression
[seqwish::transclosure] 31080.239 99.92% 111843309235-113917553453 dset_sort
[seqwish::transclosure] 31080.699 99.92% 111843309235-113917553453 dset_invert
[seqwish::transclosure] 31081.075 99.92% 111843309235-113917553453 graph_emission
[seqwish::transclosure] 31089.826 99.96% 113917553453-114627039076 overlap_collect
[seqwish::transclosure] 31092.113 99.96% 113917553453-114627039076 rank_build
[seqwish::transclosure] 31117.448 99.96% 113917553453-114627039076 parallel_union_find
[seqwish::transclosure] 31117.468 99.96% 113917553453-114627039076 dset_write
[seqwish::transclosure] 31117.760 99.96% 113917553453-114627039076 dset_compression
[seqwish::transclosure] 31117.990 99.96% 113917553453-114627039076 dset_sort
[seqwish::transclosure] 31118.408 99.96% 113917553453-114627039076 dset_invert
[seqwish::transclosure] 31118.756 99.96% 113917553453-114627039076 graph_emission
[seqwish::transclosure] 31124.085 100.00% building node_iitree and path_iitree indexes
[seqwish::transclosure] 31508.243 100.00% done
[seqwish::transclosure] 31508.935 done with transitive closures
[seqwish::compact] 31508.935 compacting nodes
[seqwish::compact] 31911.099 done compacting
[seqwish::compact] 31912.995 built node index
[seqwish::links] 31912.996 finding graph links
[seqwish::links] 33265.691 links derived
[seqwish::gfa] 33265.691 writing graph
[seqwish::gfa] 37954.997 done
	Command being timed: "/home/guarracino/tools/seqwish/bin/seqwish-ccfefb016fcfc9937817ce61dc06bbcf382be75e -t 48 -s /lizardfs/guarracino/seqwish-paper/hprc_plus/assemblies/HPRC_plus.fa.gz -p /lizardfs/guarracino/seqwish-paper/hprc_plus/alignment/HPRC_plus.s100k.l300k.p98.n90.k16.chunk_0.paf.gz,/lizardfs/guarracino/seqwish-paper/hprc_plus/alignment/HPRC_plus.s100k.l300k.p98.n90.k16.chunk_1.paf.gz,/lizardfs/guarracino/seqwish-paper/hprc_plus/alignment/HPRC_plus.s100k.l300k.p98.n90.k16.chunk_2.paf.gz,/lizardfs/guarracino/seqwish-paper/hprc_plus/alignment/HPRC_plus.s100k.l300k.p98.n90.k16.chunk_3.paf.gz,/lizardfs/guarracino/seqwish-paper/hprc_plus/alignment/HPRC_plus.s100k.l300k.p98.n90.k16.chunk_4.paf.gz -k 127 -B 50M -g HPRC_plus.s100k.l300k.p98.n90.k16.seqwish.k127.B50M.gfa -P"
	User time (seconds): 648706.58
	System time (seconds): 12775.40
	Percent of CPU this job got: 1741%
	Elapsed (wall clock) time (h:mm:ss or m:ss): 10:33:04
	Average shared text size (kbytes): 0
	Average unshared data size (kbytes): 0
	Average stack size (kbytes): 0
	Average total size (kbytes): 0
	Maximum resident set size (kbytes): 353281384
	Average resident set size (kbytes): 0
	Major (requiring I/O) page faults: 2849138
	Minor (reclaiming a frame) page faults: 5196799066
	Voluntary context switches: 1247520832
	Involuntary context switches: 541672960
	Swaps: 0
	File system inputs: 486042528
	File system outputs: 3700816376
	Socket messages sent: 0
	Socket messages received: 0
	Signals delivered: 0
	Page size (bytes): 4096
	Exit status: 0
