octopus09
[seqwish::seqidx] 0.005 indexing sequences
[seqwish::seqidx] 881.780 index built
[seqwish::alignments] 881.781 processing alignments
[seqwish::alignments] 2296.912 indexing
[seqwish::alignments] 6346.971 index built
[seqwish::transclosure] 6346.973 computing transitive closures
[seqwish::transclosure] 6355.522 0.00% 0-50000000 overlap_collect
[seqwish::transclosure] 6388.622 0.00% 0-50000000 rank_build
[seqwish::transclosure] 6434.470 0.00% 0-50000000 parallel_union_find
[seqwish::transclosure] 6472.374 0.00% 0-50000000 dset_write
[seqwish::transclosure] 6485.034 0.00% 0-50000000 dset_compression
[seqwish::transclosure] 6495.635 0.00% 0-50000000 dset_sort
[seqwish::transclosure] 6500.395 0.00% 0-50000000 dset_invert
[seqwish::transclosure] 6508.372 0.00% 0-50000000 graph_emission
[seqwish::transclosure] 6518.935 1.68% 50000000-100000000 overlap_collect
[seqwish::transclosure] 6554.139 1.68% 50000000-100000000 rank_build
[seqwish::transclosure] 6608.338 1.68% 50000000-100000000 parallel_union_find
[seqwish::transclosure] 6712.885 1.68% 50000000-100000000 dset_write
[seqwish::transclosure] 6726.838 1.68% 50000000-100000000 dset_compression
[seqwish::transclosure] 6739.589 1.68% 50000000-100000000 dset_sort
[seqwish::transclosure] 6744.421 1.68% 50000000-100000000 dset_invert
[seqwish::transclosure] 6753.224 1.68% 50000000-100000000 graph_emission
[seqwish::transclosure] 6947.623 3.34% 100000000-150000000 overlap_collect
[seqwish::transclosure] 6991.491 3.34% 100000000-150000000 rank_build
[seqwish::transclosure] 7037.213 3.34% 100000000-150000000 parallel_union_find
[seqwish::transclosure] 7115.694 3.34% 100000000-150000000 dset_write
[seqwish::transclosure] 7124.144 3.34% 100000000-150000000 dset_compression
[seqwish::transclosure] 7131.588 3.34% 100000000-150000000 dset_sort
[seqwish::transclosure] 7135.126 3.34% 100000000-150000000 dset_invert
[seqwish::transclosure] 7141.730 3.34% 100000000-150000000 graph_emission
[seqwish::transclosure] 7328.652 4.44% 150000000-200000000 overlap_collect
[seqwish::transclosure] 7367.821 4.44% 150000000-200000000 rank_build
[seqwish::transclosure] 7424.728 4.44% 150000000-200000000 parallel_union_find
[seqwish::transclosure] 7534.402 4.44% 150000000-200000000 dset_write
[seqwish::transclosure] 7547.546 4.44% 150000000-200000000 dset_compression
[seqwish::transclosure] 7561.972 4.44% 150000000-200000000 dset_sort
[seqwish::transclosure] 7568.028 4.44% 150000000-200000000 dset_invert
[seqwish::transclosure] 7578.501 4.44% 150000000-200000000 graph_emission
[seqwish::transclosure] 7676.853 6.10% 200000000-250000000 overlap_collect
[seqwish::transclosure] 7719.683 6.10% 200000000-250000000 rank_build
[seqwish::transclosure] 7773.244 6.10% 200000000-250000000 parallel_union_find
[seqwish::transclosure] 7879.756 6.10% 200000000-250000000 dset_write
[seqwish::transclosure] 7893.263 6.10% 200000000-250000000 dset_compression
[seqwish::transclosure] 7903.957 6.10% 200000000-250000000 dset_sort
[seqwish::transclosure] 7908.613 6.10% 200000000-250000000 dset_invert
[seqwish::transclosure] 7916.784 6.10% 200000000-250000000 graph_emission
[seqwish::transclosure] 8085.569 7.75% 250000000-300000000 overlap_collect
[seqwish::transclosure] 8128.724 7.75% 250000000-300000000 rank_build
[seqwish::transclosure] 8185.666 7.75% 250000000-300000000 parallel_union_find
[seqwish::transclosure] 8296.946 7.75% 250000000-300000000 dset_write
[seqwish::transclosure] 8310.281 7.75% 250000000-300000000 dset_compression
[seqwish::transclosure] 8323.094 7.75% 250000000-300000000 dset_sort
[seqwish::transclosure] 8327.727 7.75% 250000000-300000000 dset_invert
[seqwish::transclosure] 8338.725 7.75% 250000000-300000000 graph_emission
[seqwish::transclosure] 8508.519 9.41% 300000000-350796129 overlap_collect
[seqwish::transclosure] 8549.895 9.41% 300000000-350796129 rank_build
[seqwish::transclosure] 8606.001 9.41% 300000000-350796129 parallel_union_find
[seqwish::transclosure] 8690.564 9.41% 300000000-350796129 dset_write
[seqwish::transclosure] 8703.076 9.41% 300000000-350796129 dset_compression
[seqwish::transclosure] 8713.578 9.41% 300000000-350796129 dset_sort
[seqwish::transclosure] 8718.234 9.41% 300000000-350796129 dset_invert
[seqwish::transclosure] 8725.898 9.41% 300000000-350796129 graph_emission
[seqwish::transclosure] 8905.496 10.99% 350796129-400796129 overlap_collect
[seqwish::transclosure] 8946.534 10.99% 350796129-400796129 rank_build
[seqwish::transclosure] 8998.925 10.99% 350796129-400796129 parallel_union_find
[seqwish::transclosure] 9104.692 10.99% 350796129-400796129 dset_write
[seqwish::transclosure] 9118.000 10.99% 350796129-400796129 dset_compression
[seqwish::transclosure] 9129.906 10.99% 350796129-400796129 dset_sort
[seqwish::transclosure] 9134.622 10.99% 350796129-400796129 dset_invert
[seqwish::transclosure] 9144.962 10.99% 350796129-400796129 graph_emission
[seqwish::transclosure] 9325.565 12.65% 400796129-450796129 overlap_collect
[seqwish::transclosure] 9363.662 12.65% 400796129-450796129 rank_build
[seqwish::transclosure] 9418.966 12.65% 400796129-450796129 parallel_union_find
[seqwish::transclosure] 9531.508 12.65% 400796129-450796129 dset_write
[seqwish::transclosure] 9544.474 12.65% 400796129-450796129 dset_compression
[seqwish::transclosure] 9556.715 12.65% 400796129-450796129 dset_sort
[seqwish::transclosure] 9561.433 12.65% 400796129-450796129 dset_invert
[seqwish::transclosure] 9571.960 12.65% 400796129-450796129 graph_emission
[seqwish::transclosure] 9744.032 14.31% 450796129-500796129 overlap_collect
[seqwish::transclosure] 9788.050 14.31% 450796129-500796129 rank_build
[seqwish::transclosure] 9839.709 14.31% 450796129-500796129 parallel_union_find
[seqwish::transclosure] 9937.180 14.31% 450796129-500796129 dset_write
[seqwish::transclosure] 9949.892 14.31% 450796129-500796129 dset_compression
[seqwish::transclosure] 9961.760 14.31% 450796129-500796129 dset_sort
[seqwish::transclosure] 9966.425 14.31% 450796129-500796129 dset_invert
[seqwish::transclosure] 9976.283 14.31% 450796129-500796129 graph_emission
[seqwish::transclosure] 10146.923 15.96% 500796129-550796129 overlap_collect
[seqwish::transclosure] 10187.695 15.96% 500796129-550796129 rank_build
[seqwish::transclosure] 10241.645 15.96% 500796129-550796129 parallel_union_find
[seqwish::transclosure] 10364.311 15.96% 500796129-550796129 dset_write
[seqwish::transclosure] 10377.204 15.96% 500796129-550796129 dset_compression
[seqwish::transclosure] 10386.829 15.96% 500796129-550796129 dset_sort
[seqwish::transclosure] 10391.423 15.96% 500796129-550796129 dset_invert
[seqwish::transclosure] 10398.842 15.96% 500796129-550796129 graph_emission
[seqwish::transclosure] 10563.589 17.62% 550796129-600796129 overlap_collect
[seqwish::transclosure] 10623.998 17.62% 550796129-600796129 rank_build
[seqwish::transclosure] 10686.806 17.62% 550796129-600796129 parallel_union_find
[seqwish::transclosure] 10785.793 17.62% 550796129-600796129 dset_write
[seqwish::transclosure] 10799.101 17.62% 550796129-600796129 dset_compression
[seqwish::transclosure] 10810.532 17.62% 550796129-600796129 dset_sort
[seqwish::transclosure] 10815.350 17.62% 550796129-600796129 dset_invert
[seqwish::transclosure] 10824.995 17.62% 550796129-600796129 graph_emission
[seqwish::transclosure] 10981.492 19.28% 600796129-650796129 overlap_collect
[seqwish::transclosure] 11023.399 19.28% 600796129-650796129 rank_build
[seqwish::transclosure] 11077.154 19.28% 600796129-650796129 parallel_union_find
[seqwish::transclosure] 11191.324 19.28% 600796129-650796129 dset_write
[seqwish::transclosure] 11203.892 19.28% 600796129-650796129 dset_compression
[seqwish::transclosure] 11215.392 19.28% 600796129-650796129 dset_sort
[seqwish::transclosure] 11220.534 19.28% 600796129-650796129 dset_invert
[seqwish::transclosure] 11230.466 19.28% 600796129-650796129 graph_emission
[seqwish::transclosure] 11455.699 20.94% 650796129-700893342 overlap_collect
[seqwish::transclosure] 11498.456 20.94% 650796129-700893342 rank_build
[seqwish::transclosure] 11567.592 20.94% 650796129-700893342 parallel_union_find
[seqwish::transclosure] 11675.109 20.94% 650796129-700893342 dset_write
[seqwish::transclosure] 11688.809 20.94% 650796129-700893342 dset_compression
[seqwish::transclosure] 11699.620 20.94% 650796129-700893342 dset_sort
[seqwish::transclosure] 11704.434 20.94% 650796129-700893342 dset_invert
[seqwish::transclosure] 11712.765 20.94% 650796129-700893342 graph_emission
[seqwish::transclosure] 11871.479 22.60% 700893342-750893342 overlap_collect
[seqwish::transclosure] 11909.130 22.60% 700893342-750893342 rank_build
[seqwish::transclosure] 11964.020 22.60% 700893342-750893342 parallel_union_find
[seqwish::transclosure] 12047.093 22.60% 700893342-750893342 dset_write
[seqwish::transclosure] 12059.308 22.60% 700893342-750893342 dset_compression
[seqwish::transclosure] 12071.165 22.60% 700893342-750893342 dset_sort
[seqwish::transclosure] 12075.735 22.60% 700893342-750893342 dset_invert
[seqwish::transclosure] 12087.205 22.60% 700893342-750893342 graph_emission
[seqwish::transclosure] 12280.401 24.12% 750893342-800893342 overlap_collect
[seqwish::transclosure] 12322.376 24.12% 750893342-800893342 rank_build
[seqwish::transclosure] 12386.321 24.12% 750893342-800893342 parallel_union_find
[seqwish::transclosure] 12491.149 24.12% 750893342-800893342 dset_write
[seqwish::transclosure] 12503.968 24.12% 750893342-800893342 dset_compression
[seqwish::transclosure] 12514.957 24.12% 750893342-800893342 dset_sort
[seqwish::transclosure] 12520.211 24.12% 750893342-800893342 dset_invert
[seqwish::transclosure] 12530.970 24.12% 750893342-800893342 graph_emission
[seqwish::transclosure] 12695.786 25.78% 800893342-850893342 overlap_collect
[seqwish::transclosure] 12737.677 25.78% 800893342-850893342 rank_build
[seqwish::transclosure] 12793.913 25.78% 800893342-850893342 parallel_union_find
[seqwish::transclosure] 12918.949 25.78% 800893342-850893342 dset_write
[seqwish::transclosure] 12931.813 25.78% 800893342-850893342 dset_compression
[seqwish::transclosure] 12943.361 25.78% 800893342-850893342 dset_sort
[seqwish::transclosure] 12948.006 25.78% 800893342-850893342 dset_invert
[seqwish::transclosure] 12958.260 25.78% 800893342-850893342 graph_emission
[seqwish::transclosure] 13118.457 27.43% 850893342-900893342 overlap_collect
[seqwish::transclosure] 13160.129 27.43% 850893342-900893342 rank_build
[seqwish::transclosure] 13210.570 27.43% 850893342-900893342 parallel_union_find
[seqwish::transclosure] 13299.276 27.43% 850893342-900893342 dset_write
[seqwish::transclosure] 13311.987 27.43% 850893342-900893342 dset_compression
[seqwish::transclosure] 13323.786 27.43% 850893342-900893342 dset_sort
[seqwish::transclosure] 13328.643 27.43% 850893342-900893342 dset_invert
[seqwish::transclosure] 13338.412 27.43% 850893342-900893342 graph_emission
[seqwish::transclosure] 13514.561 29.09% 900893342-950893342 overlap_collect
[seqwish::transclosure] 13554.574 29.09% 900893342-950893342 rank_build
[seqwish::transclosure] 13606.688 29.09% 900893342-950893342 parallel_union_find
[seqwish::transclosure] 13708.075 29.09% 900893342-950893342 dset_write
[seqwish::transclosure] 13719.421 29.09% 900893342-950893342 dset_compression
[seqwish::transclosure] 13730.509 29.09% 900893342-950893342 dset_sort
[seqwish::transclosure] 13735.160 29.09% 900893342-950893342 dset_invert
[seqwish::transclosure] 13744.758 29.09% 900893342-950893342 graph_emission
[seqwish::transclosure] 13932.715 30.64% 950893342-1000893342 overlap_collect
[seqwish::transclosure] 13971.987 30.64% 950893342-1000893342 rank_build
[seqwish::transclosure] 14025.398 30.64% 950893342-1000893342 parallel_union_find
[seqwish::transclosure] 14122.258 30.64% 950893342-1000893342 dset_write
[seqwish::transclosure] 14136.321 30.64% 950893342-1000893342 dset_compression
[seqwish::transclosure] 14153.238 30.64% 950893342-1000893342 dset_sort
[seqwish::transclosure] 14157.892 30.64% 950893342-1000893342 dset_invert
[seqwish::transclosure] 14173.301 30.64% 950893342-1000893342 graph_emission
[seqwish::transclosure] 14331.481 32.30% 1000893342-1050893342 overlap_collect
[seqwish::transclosure] 14373.166 32.30% 1000893342-1050893342 rank_build
[seqwish::transclosure] 14420.875 32.30% 1000893342-1050893342 parallel_union_find
[seqwish::transclosure] 14534.186 32.30% 1000893342-1050893342 dset_write
[seqwish::transclosure] 14546.434 32.30% 1000893342-1050893342 dset_compression
[seqwish::transclosure] 14558.816 32.30% 1000893342-1050893342 dset_sort
[seqwish::transclosure] 14563.477 32.30% 1000893342-1050893342 dset_invert
[seqwish::transclosure] 14574.162 32.30% 1000893342-1050893342 graph_emission
[seqwish::transclosure] 14748.371 33.95% 1050893342-1100993373 overlap_collect
[seqwish::transclosure] 14791.662 33.95% 1050893342-1100993373 rank_build
[seqwish::transclosure] 14842.385 33.95% 1050893342-1100993373 parallel_union_find
[seqwish::transclosure] 14950.877 33.95% 1050893342-1100993373 dset_write
[seqwish::transclosure] 14963.323 33.95% 1050893342-1100993373 dset_compression
[seqwish::transclosure] 14974.674 33.95% 1050893342-1100993373 dset_sort
[seqwish::transclosure] 14981.850 33.95% 1050893342-1100993373 dset_invert
[seqwish::transclosure] 14991.847 33.95% 1050893342-1100993373 graph_emission
[seqwish::transclosure] 15158.838 35.60% 1100993373-1150993373 overlap_collect
[seqwish::transclosure] 15199.680 35.60% 1100993373-1150993373 rank_build
[seqwish::transclosure] 15251.679 35.60% 1100993373-1150993373 parallel_union_find
[seqwish::transclosure] 15364.648 35.60% 1100993373-1150993373 dset_write
[seqwish::transclosure] 15376.996 35.60% 1100993373-1150993373 dset_compression
[seqwish::transclosure] 15388.273 35.60% 1100993373-1150993373 dset_sort
[seqwish::transclosure] 15392.877 35.60% 1100993373-1150993373 dset_invert
[seqwish::transclosure] 15402.034 35.60% 1100993373-1150993373 graph_emission
[seqwish::transclosure] 15573.748 37.22% 1150993373-1200993373 overlap_collect
[seqwish::transclosure] 15613.313 37.22% 1150993373-1200993373 rank_build
[seqwish::transclosure] 15667.113 37.22% 1150993373-1200993373 parallel_union_find
[seqwish::transclosure] 15787.005 37.22% 1150993373-1200993373 dset_write
[seqwish::transclosure] 15799.729 37.22% 1150993373-1200993373 dset_compression
[seqwish::transclosure] 15810.796 37.22% 1150993373-1200993373 dset_sort
[seqwish::transclosure] 15815.461 37.22% 1150993373-1200993373 dset_invert
[seqwish::transclosure] 15824.457 37.22% 1150993373-1200993373 graph_emission
[seqwish::transclosure] 16017.868 38.87% 1200993373-1250993373 overlap_collect
[seqwish::transclosure] 16061.752 38.87% 1200993373-1250993373 rank_build
[seqwish::transclosure] 16120.293 38.87% 1200993373-1250993373 parallel_union_find
[seqwish::transclosure] 16230.954 38.87% 1200993373-1250993373 dset_write
[seqwish::transclosure] 16243.984 38.87% 1200993373-1250993373 dset_compression
[seqwish::transclosure] 16255.703 38.87% 1200993373-1250993373 dset_sort
[seqwish::transclosure] 16260.436 38.87% 1200993373-1250993373 dset_invert
[seqwish::transclosure] 16270.680 38.87% 1200993373-1250993373 graph_emission
[seqwish::transclosure] 16432.196 40.52% 1250993373-1300993373 overlap_collect
[seqwish::transclosure] 16477.200 40.52% 1250993373-1300993373 rank_build
[seqwish::transclosure] 16532.658 40.52% 1250993373-1300993373 parallel_union_find
[seqwish::transclosure] 16640.694 40.52% 1250993373-1300993373 dset_write
[seqwish::transclosure] 16653.965 40.52% 1250993373-1300993373 dset_compression
[seqwish::transclosure] 16669.717 40.52% 1250993373-1300993373 dset_sort
[seqwish::transclosure] 16674.569 40.52% 1250993373-1300993373 dset_invert
[seqwish::transclosure] 16685.772 40.52% 1250993373-1300993373 graph_emission
[seqwish::transclosure] 16859.566 42.20% 1300993373-1353726122 overlap_collect
[seqwish::transclosure] 16902.023 42.20% 1300993373-1353726122 rank_build
[seqwish::transclosure] 16960.355 42.20% 1300993373-1353726122 parallel_union_find
[seqwish::transclosure] 17060.185 42.20% 1300993373-1353726122 dset_write
[seqwish::transclosure] 17072.393 42.20% 1300993373-1353726122 dset_compression
[seqwish::transclosure] 17086.668 42.20% 1300993373-1353726122 dset_sort
[seqwish::transclosure] 17091.410 42.20% 1300993373-1353726122 dset_invert
[seqwish::transclosure] 17100.411 42.20% 1300993373-1353726122 graph_emission
[seqwish::transclosure] 17302.222 43.85% 1353726122-1403726122 overlap_collect
[seqwish::transclosure] 17346.174 43.85% 1353726122-1403726122 rank_build
[seqwish::transclosure] 17406.521 43.85% 1353726122-1403726122 parallel_union_find
[seqwish::transclosure] 17537.148 43.85% 1353726122-1403726122 dset_write
[seqwish::transclosure] 17550.126 43.85% 1353726122-1403726122 dset_compression
[seqwish::transclosure] 17560.060 43.85% 1353726122-1403726122 dset_sort
[seqwish::transclosure] 17564.793 43.85% 1353726122-1403726122 dset_invert
[seqwish::transclosure] 17572.691 43.85% 1353726122-1403726122 graph_emission
[seqwish::transclosure] 17747.374 45.51% 1403726122-1453726122 overlap_collect
[seqwish::transclosure] 17801.191 45.51% 1403726122-1453726122 rank_build
[seqwish::transclosure] 17857.709 45.51% 1403726122-1453726122 parallel_union_find
[seqwish::transclosure] 17958.406 45.51% 1403726122-1453726122 dset_write
[seqwish::transclosure] 17971.570 45.51% 1403726122-1453726122 dset_compression
[seqwish::transclosure] 17983.747 45.51% 1403726122-1453726122 dset_sort
[seqwish::transclosure] 17988.321 45.51% 1403726122-1453726122 dset_invert
[seqwish::transclosure] 17997.863 45.51% 1403726122-1453726122 graph_emission
[seqwish::transclosure] 18166.016 47.13% 1453726122-1503726122 overlap_collect
[seqwish::transclosure] 18204.235 47.13% 1453726122-1503726122 rank_build
[seqwish::transclosure] 18256.383 47.13% 1453726122-1503726122 parallel_union_find
[seqwish::transclosure] 18361.897 47.13% 1453726122-1503726122 dset_write
[seqwish::transclosure] 18374.893 47.13% 1453726122-1503726122 dset_compression
[seqwish::transclosure] 18386.999 47.13% 1453726122-1503726122 dset_sort
[seqwish::transclosure] 18391.682 47.13% 1453726122-1503726122 dset_invert
[seqwish::transclosure] 18402.194 47.13% 1453726122-1503726122 graph_emission
[seqwish::transclosure] 18592.596 48.78% 1503726122-1553726122 overlap_collect
[seqwish::transclosure] 18635.754 48.78% 1503726122-1553726122 rank_build
[seqwish::transclosure] 18686.646 48.78% 1503726122-1553726122 parallel_union_find
[seqwish::transclosure] 18773.233 48.78% 1503726122-1553726122 dset_write
[seqwish::transclosure] 18786.294 48.78% 1503726122-1553726122 dset_compression
[seqwish::transclosure] 18796.839 48.78% 1503726122-1553726122 dset_sort
[seqwish::transclosure] 18805.779 48.78% 1503726122-1553726122 dset_invert
[seqwish::transclosure] 18814.293 48.78% 1503726122-1553726122 graph_emission
[seqwish::transclosure] 19003.140 50.43% 1553726122-1603726122 overlap_collect
[seqwish::transclosure] 19073.741 50.43% 1553726122-1603726122 rank_build
[seqwish::transclosure] 19124.479 50.43% 1553726122-1603726122 parallel_union_find
[seqwish::transclosure] 19241.609 50.43% 1553726122-1603726122 dset_write
[seqwish::transclosure] 19253.277 50.43% 1553726122-1603726122 dset_compression
[seqwish::transclosure] 19263.147 50.43% 1553726122-1603726122 dset_sort
[seqwish::transclosure] 19267.873 50.43% 1553726122-1603726122 dset_invert
[seqwish::transclosure] 19279.120 50.43% 1553726122-1603726122 graph_emission
[seqwish::transclosure] 19436.755 51.87% 1603726122-1657115684 overlap_collect
[seqwish::transclosure] 19466.509 51.87% 1603726122-1657115684 rank_build
[seqwish::transclosure] 19511.030 51.87% 1603726122-1657115684 parallel_union_find
[seqwish::transclosure] 19570.778 51.87% 1603726122-1657115684 dset_write
[seqwish::transclosure] 19579.120 51.87% 1603726122-1657115684 dset_compression
[seqwish::transclosure] 19587.284 51.87% 1603726122-1657115684 dset_sort
[seqwish::transclosure] 19590.294 51.87% 1603726122-1657115684 dset_invert
[seqwish::transclosure] 19596.830 51.87% 1603726122-1657115684 graph_emission
[seqwish::transclosure] 19783.417 52.92% 1657115684-1707173056 overlap_collect
[seqwish::transclosure] 19824.723 52.92% 1657115684-1707173056 rank_build
[seqwish::transclosure] 19877.974 52.92% 1657115684-1707173056 parallel_union_find
[seqwish::transclosure] 19975.422 52.92% 1657115684-1707173056 dset_write
[seqwish::transclosure] 19988.014 52.92% 1657115684-1707173056 dset_compression
[seqwish::transclosure] 19997.995 52.92% 1657115684-1707173056 dset_sort
[seqwish::transclosure] 20002.634 52.92% 1657115684-1707173056 dset_invert
[seqwish::transclosure] 20009.990 52.92% 1657115684-1707173056 graph_emission
[seqwish::transclosure] 20086.217 54.58% 1707173056-1757173056 overlap_collect
[seqwish::transclosure] 20129.561 54.58% 1707173056-1757173056 rank_build
[seqwish::transclosure] 20183.504 54.58% 1707173056-1757173056 parallel_union_find
[seqwish::transclosure] 20291.005 54.58% 1707173056-1757173056 dset_write
[seqwish::transclosure] 20303.512 54.58% 1707173056-1757173056 dset_compression
[seqwish::transclosure] 20313.920 54.58% 1707173056-1757173056 dset_sort
[seqwish::transclosure] 20318.456 54.58% 1707173056-1757173056 dset_invert
[seqwish::transclosure] 20327.034 54.58% 1707173056-1757173056 graph_emission
[seqwish::transclosure] 20497.195 56.15% 1757173056-1807173056 overlap_collect
[seqwish::transclosure] 20536.645 56.15% 1757173056-1807173056 rank_build
[seqwish::transclosure] 20590.299 56.15% 1757173056-1807173056 parallel_union_find
[seqwish::transclosure] 20692.330 56.15% 1757173056-1807173056 dset_write
[seqwish::transclosure] 20704.620 56.15% 1757173056-1807173056 dset_compression
[seqwish::transclosure] 20716.908 56.15% 1757173056-1807173056 dset_sort
[seqwish::transclosure] 20721.991 56.15% 1757173056-1807173056 dset_invert
[seqwish::transclosure] 20732.725 56.15% 1757173056-1807173056 graph_emission
[seqwish::transclosure] 20898.867 57.80% 1807173056-1857435974 overlap_collect
[seqwish::transclosure] 20939.762 57.80% 1807173056-1857435974 rank_build
[seqwish::transclosure] 20992.417 57.80% 1807173056-1857435974 parallel_union_find
[seqwish::transclosure] 21114.636 57.80% 1807173056-1857435974 dset_write
[seqwish::transclosure] 21127.939 57.80% 1807173056-1857435974 dset_compression
[seqwish::transclosure] 21140.168 57.80% 1807173056-1857435974 dset_sort
[seqwish::transclosure] 21144.801 57.80% 1807173056-1857435974 dset_invert
[seqwish::transclosure] 21154.381 57.80% 1807173056-1857435974 graph_emission
[seqwish::transclosure] 21317.514 59.46% 1857435974-1907435974 overlap_collect
[seqwish::transclosure] 21357.167 59.46% 1857435974-1907435974 rank_build
[seqwish::transclosure] 21406.931 59.46% 1857435974-1907435974 parallel_union_find
[seqwish::transclosure] 21517.230 59.46% 1857435974-1907435974 dset_write
[seqwish::transclosure] 21529.035 59.46% 1857435974-1907435974 dset_compression
[seqwish::transclosure] 21543.298 59.46% 1857435974-1907435974 dset_sort
[seqwish::transclosure] 21548.191 59.46% 1857435974-1907435974 dset_invert
[seqwish::transclosure] 21555.254 59.46% 1857435974-1907435974 graph_emission
[seqwish::transclosure] 21734.531 61.02% 1907435974-1957435974 overlap_collect
[seqwish::transclosure] 21777.533 61.02% 1907435974-1957435974 rank_build
[seqwish::transclosure] 21834.615 61.02% 1907435974-1957435974 parallel_union_find
[seqwish::transclosure] 21925.702 61.02% 1907435974-1957435974 dset_write
[seqwish::transclosure] 21938.672 61.02% 1907435974-1957435974 dset_compression
[seqwish::transclosure] 21954.144 61.02% 1907435974-1957435974 dset_sort
[seqwish::transclosure] 21960.491 61.02% 1907435974-1957435974 dset_invert
[seqwish::transclosure] 21973.294 61.02% 1907435974-1957435974 graph_emission
[seqwish::transclosure] 22125.038 62.67% 1957435974-2007435974 overlap_collect
[seqwish::transclosure] 22171.576 62.67% 1957435974-2007435974 rank_build
[seqwish::transclosure] 22222.868 62.67% 1957435974-2007435974 parallel_union_find
[seqwish::transclosure] 22329.749 62.67% 1957435974-2007435974 dset_write
[seqwish::transclosure] 22341.376 62.67% 1957435974-2007435974 dset_compression
[seqwish::transclosure] 22353.400 62.67% 1957435974-2007435974 dset_sort
[seqwish::transclosure] 22358.228 62.67% 1957435974-2007435974 dset_invert
[seqwish::transclosure] 22368.847 62.67% 1957435974-2007435974 graph_emission
[seqwish::transclosure] 22540.426 64.26% 2007435974-2057435974 overlap_collect
[seqwish::transclosure] 22581.437 64.26% 2007435974-2057435974 rank_build
[seqwish::transclosure] 22635.151 64.26% 2007435974-2057435974 parallel_union_find
[seqwish::transclosure] 22735.239 64.26% 2007435974-2057435974 dset_write
[seqwish::transclosure] 22747.783 64.26% 2007435974-2057435974 dset_compression
[seqwish::transclosure] 22760.573 64.26% 2007435974-2057435974 dset_sort
[seqwish::transclosure] 22765.248 64.26% 2007435974-2057435974 dset_invert
[seqwish::transclosure] 22776.334 64.26% 2007435974-2057435974 graph_emission
[seqwish::transclosure] 22942.475 65.91% 2057435974-2107932692 overlap_collect
[seqwish::transclosure] 23018.031 65.91% 2057435974-2107932692 rank_build
[seqwish::transclosure] 23066.705 65.91% 2057435974-2107932692 parallel_union_find
[seqwish::transclosure] 23194.298 65.91% 2057435974-2107932692 dset_write
[seqwish::transclosure] 23207.159 65.91% 2057435974-2107932692 dset_compression
[seqwish::transclosure] 23218.392 65.91% 2057435974-2107932692 dset_sort
[seqwish::transclosure] 23223.222 65.91% 2057435974-2107932692 dset_invert
[seqwish::transclosure] 23231.837 65.91% 2057435974-2107932692 graph_emission
[seqwish::transclosure] 23386.717 67.56% 2107932692-2158836185 overlap_collect
[seqwish::transclosure] 23454.661 67.56% 2107932692-2158836185 rank_build
[seqwish::transclosure] 23504.990 67.56% 2107932692-2158836185 parallel_union_find
[seqwish::transclosure] 23609.339 67.56% 2107932692-2158836185 dset_write
[seqwish::transclosure] 23623.357 67.56% 2107932692-2158836185 dset_compression
[seqwish::transclosure] 23636.569 67.56% 2107932692-2158836185 dset_sort
[seqwish::transclosure] 23641.859 67.56% 2107932692-2158836185 dset_invert
[seqwish::transclosure] 23650.348 67.56% 2107932692-2158836185 graph_emission
[seqwish::transclosure] 23893.339 69.34% 2158836185-2208836185 overlap_collect
[seqwish::transclosure] 23926.723 69.34% 2158836185-2208836185 rank_build
[seqwish::transclosure] 23975.222 69.34% 2158836185-2208836185 parallel_union_find
[seqwish::transclosure] 24073.713 69.34% 2158836185-2208836185 dset_write
[seqwish::transclosure] 24086.270 69.34% 2158836185-2208836185 dset_compression
[seqwish::transclosure] 24099.277 69.34% 2158836185-2208836185 dset_sort
[seqwish::transclosure] 24104.236 69.34% 2158836185-2208836185 dset_invert
[seqwish::transclosure] 24113.901 69.34% 2158836185-2208836185 graph_emission
[seqwish::transclosure] 24384.871 70.99% 2208836185-2263524844 overlap_collect
[seqwish::transclosure] 24459.790 70.99% 2208836185-2263524844 rank_build
[seqwish::transclosure] 24517.311 70.99% 2208836185-2263524844 parallel_union_find
[seqwish::transclosure] 24645.163 70.99% 2208836185-2263524844 dset_write
[seqwish::transclosure] 24658.603 70.99% 2208836185-2263524844 dset_compression
[seqwish::transclosure] 24669.741 70.99% 2208836185-2263524844 dset_sort
[seqwish::transclosure] 24674.808 70.99% 2208836185-2263524844 dset_invert
[seqwish::transclosure] 24682.439 70.99% 2208836185-2263524844 graph_emission
[seqwish::transclosure] 24830.401 72.73% 2263524844-2313524844 overlap_collect
[seqwish::transclosure] 24872.458 72.73% 2263524844-2313524844 rank_build
[seqwish::transclosure] 24922.534 72.73% 2263524844-2313524844 parallel_union_find
[seqwish::transclosure] 25019.988 72.73% 2263524844-2313524844 dset_write
[seqwish::transclosure] 25031.598 72.73% 2263524844-2313524844 dset_compression
[seqwish::transclosure] 25044.737 72.73% 2263524844-2313524844 dset_sort
[seqwish::transclosure] 25052.930 72.73% 2263524844-2313524844 dset_invert
[seqwish::transclosure] 25063.679 72.73% 2263524844-2313524844 graph_emission
[seqwish::transclosure] 25296.248 74.38% 2313524844-2368120690 overlap_collect
[seqwish::transclosure] 25339.147 74.38% 2313524844-2368120690 rank_build
[seqwish::transclosure] 25388.246 74.38% 2313524844-2368120690 parallel_union_find
[seqwish::transclosure] 25490.629 74.38% 2313524844-2368120690 dset_write
[seqwish::transclosure] 25501.601 74.38% 2313524844-2368120690 dset_compression
[seqwish::transclosure] 25511.427 74.38% 2313524844-2368120690 dset_sort
[seqwish::transclosure] 25515.517 74.38% 2313524844-2368120690 dset_invert
[seqwish::transclosure] 25523.066 74.38% 2313524844-2368120690 graph_emission
[seqwish::transclosure] 25696.819 75.78% 2368120690-2418120690 overlap_collect
[seqwish::transclosure] 25734.703 75.78% 2368120690-2418120690 rank_build
[seqwish::transclosure] 25783.927 75.78% 2368120690-2418120690 parallel_union_find
[seqwish::transclosure] 25885.058 75.78% 2368120690-2418120690 dset_write
[seqwish::transclosure] 25897.309 75.78% 2368120690-2418120690 dset_compression
[seqwish::transclosure] 25911.178 75.78% 2368120690-2418120690 dset_sort
[seqwish::transclosure] 25916.937 75.78% 2368120690-2418120690 dset_invert
[seqwish::transclosure] 25926.856 75.78% 2368120690-2418120690 graph_emission
[seqwish::transclosure] 26089.829 77.44% 2418120690-2468120690 overlap_collect
[seqwish::transclosure] 26133.238 77.44% 2418120690-2468120690 rank_build
[seqwish::transclosure] 26184.289 77.44% 2418120690-2468120690 parallel_union_find
[seqwish::transclosure] 26271.338 77.44% 2418120690-2468120690 dset_write
[seqwish::transclosure] 26281.784 77.44% 2418120690-2468120690 dset_compression
[seqwish::transclosure] 26292.097 77.44% 2418120690-2468120690 dset_sort
[seqwish::transclosure] 26296.188 77.44% 2418120690-2468120690 dset_invert
[seqwish::transclosure] 26305.177 77.44% 2418120690-2468120690 graph_emission
[seqwish::transclosure] 26486.805 78.80% 2468120690-2518551473 overlap_collect
[seqwish::transclosure] 26527.684 78.80% 2468120690-2518551473 rank_build
[seqwish::transclosure] 26583.848 78.80% 2468120690-2518551473 parallel_union_find
[seqwish::transclosure] 26710.054 78.80% 2468120690-2518551473 dset_write
[seqwish::transclosure] 26722.304 78.80% 2468120690-2518551473 dset_compression
[seqwish::transclosure] 26734.240 78.80% 2468120690-2518551473 dset_sort
[seqwish::transclosure] 26738.871 78.80% 2468120690-2518551473 dset_invert
[seqwish::transclosure] 26747.766 78.80% 2468120690-2518551473 graph_emission
[seqwish::transclosure] 26970.012 80.45% 2518551473-2568551473 overlap_collect
[seqwish::transclosure] 27007.981 80.45% 2518551473-2568551473 rank_build
[seqwish::transclosure] 27059.896 80.45% 2518551473-2568551473 parallel_union_find
[seqwish::transclosure] 27157.428 80.45% 2518551473-2568551473 dset_write
[seqwish::transclosure] 27169.872 80.45% 2518551473-2568551473 dset_compression
[seqwish::transclosure] 27180.113 80.45% 2518551473-2568551473 dset_sort
[seqwish::transclosure] 27184.775 80.45% 2518551473-2568551473 dset_invert
[seqwish::transclosure] 27193.060 80.45% 2518551473-2568551473 graph_emission
[seqwish::transclosure] 27378.284 82.05% 2568551473-2618551473 overlap_collect
[seqwish::transclosure] 27420.354 82.05% 2568551473-2618551473 rank_build
[seqwish::transclosure] 27472.241 82.05% 2568551473-2618551473 parallel_union_find
[seqwish::transclosure] 27559.350 82.05% 2568551473-2618551473 dset_write
[seqwish::transclosure] 27571.627 82.05% 2568551473-2618551473 dset_compression
[seqwish::transclosure] 27583.344 82.05% 2568551473-2618551473 dset_sort
[seqwish::transclosure] 27587.711 82.05% 2568551473-2618551473 dset_invert
[seqwish::transclosure] 27597.656 82.05% 2568551473-2618551473 graph_emission
[seqwish::transclosure] 27810.847 83.58% 2618551473-2668551473 overlap_collect
[seqwish::transclosure] 27850.725 83.58% 2618551473-2668551473 rank_build
[seqwish::transclosure] 27905.434 83.58% 2618551473-2668551473 parallel_union_find
[seqwish::transclosure] 28001.716 83.58% 2618551473-2668551473 dset_write
[seqwish::transclosure] 28014.912 83.58% 2618551473-2668551473 dset_compression
[seqwish::transclosure] 28027.065 83.58% 2618551473-2668551473 dset_sort
[seqwish::transclosure] 28031.721 83.58% 2618551473-2668551473 dset_invert
[seqwish::transclosure] 28042.087 83.58% 2618551473-2668551473 graph_emission
[seqwish::transclosure] 28223.986 85.24% 2668551473-2718764489 overlap_collect
[seqwish::transclosure] 28262.226 85.24% 2668551473-2718764489 rank_build
[seqwish::transclosure] 28315.948 85.24% 2668551473-2718764489 parallel_union_find
[seqwish::transclosure] 28405.282 85.24% 2668551473-2718764489 dset_write
[seqwish::transclosure] 28416.449 85.24% 2668551473-2718764489 dset_compression
[seqwish::transclosure] 28427.720 85.24% 2668551473-2718764489 dset_sort
[seqwish::transclosure] 28432.027 85.24% 2668551473-2718764489 dset_invert
[seqwish::transclosure] 28440.898 85.24% 2668551473-2718764489 graph_emission
[seqwish::transclosure] 28626.439 86.76% 2718764489-2768764489 overlap_collect
[seqwish::transclosure] 28669.133 86.76% 2718764489-2768764489 rank_build
[seqwish::transclosure] 28717.203 86.76% 2718764489-2768764489 parallel_union_find
[seqwish::transclosure] 28801.531 86.76% 2718764489-2768764489 dset_write
[seqwish::transclosure] 28813.737 86.76% 2718764489-2768764489 dset_compression
[seqwish::transclosure] 28824.506 86.76% 2718764489-2768764489 dset_sort
[seqwish::transclosure] 28829.052 86.76% 2718764489-2768764489 dset_invert
[seqwish::transclosure] 28839.034 86.76% 2718764489-2768764489 graph_emission
[seqwish::transclosure] 29029.546 88.34% 2768764489-2826442782 overlap_collect
[seqwish::transclosure] 29069.834 88.34% 2768764489-2826442782 rank_build
[seqwish::transclosure] 29118.491 88.34% 2768764489-2826442782 parallel_union_find
[seqwish::transclosure] 29212.394 88.34% 2768764489-2826442782 dset_write
[seqwish::transclosure] 29224.081 88.34% 2768764489-2826442782 dset_compression
[seqwish::transclosure] 29236.279 88.34% 2768764489-2826442782 dset_sort
[seqwish::transclosure] 29241.457 88.34% 2768764489-2826442782 dset_invert
[seqwish::transclosure] 29250.013 88.34% 2768764489-2826442782 graph_emission
[seqwish::transclosure] 29433.328 89.89% 2826442782-2884005555 overlap_collect
[seqwish::transclosure] 29476.541 89.89% 2826442782-2884005555 rank_build
[seqwish::transclosure] 29530.424 89.89% 2826442782-2884005555 parallel_union_find
[seqwish::transclosure] 29613.667 89.89% 2826442782-2884005555 dset_write
[seqwish::transclosure] 29626.248 89.89% 2826442782-2884005555 dset_compression
[seqwish::transclosure] 29637.079 89.89% 2826442782-2884005555 dset_sort
[seqwish::transclosure] 29641.325 89.89% 2826442782-2884005555 dset_invert
[seqwish::transclosure] 29649.077 89.89% 2826442782-2884005555 graph_emission
[seqwish::transclosure] 29814.293 91.36% 2884005555-2934005555 overlap_collect
[seqwish::transclosure] 29845.899 91.36% 2884005555-2934005555 rank_build
[seqwish::transclosure] 29896.518 91.36% 2884005555-2934005555 parallel_union_find
[seqwish::transclosure] 29993.553 91.36% 2884005555-2934005555 dset_write
[seqwish::transclosure] 30004.300 91.36% 2884005555-2934005555 dset_compression
[seqwish::transclosure] 30017.588 91.36% 2884005555-2934005555 dset_sort
[seqwish::transclosure] 30021.528 91.36% 2884005555-2934005555 dset_invert
[seqwish::transclosure] 30030.282 91.36% 2884005555-2934005555 graph_emission
[seqwish::transclosure] 30206.502 92.79% 2934005555-2984005555 overlap_collect
[seqwish::transclosure] 30228.303 92.79% 2934005555-2984005555 rank_build
[seqwish::transclosure] 30277.912 92.79% 2934005555-2984005555 parallel_union_find
[seqwish::transclosure] 30341.169 92.79% 2934005555-2984005555 dset_write
[seqwish::transclosure] 30350.664 92.79% 2934005555-2984005555 dset_compression
[seqwish::transclosure] 30359.746 92.79% 2934005555-2984005555 dset_sort
[seqwish::transclosure] 30363.295 92.79% 2934005555-2984005555 dset_invert
[seqwish::transclosure] 30371.467 92.79% 2934005555-2984005555 graph_emission
[seqwish::transclosure] 30548.164 94.06% 2984005555-3034005555 overlap_collect
[seqwish::transclosure] 30570.691 94.06% 2984005555-3034005555 rank_build
[seqwish::transclosure] 30618.347 94.06% 2984005555-3034005555 parallel_union_find
[seqwish::transclosure] 30697.636 94.06% 2984005555-3034005555 dset_write
[seqwish::transclosure] 30707.557 94.06% 2984005555-3034005555 dset_compression
[seqwish::transclosure] 30717.714 94.06% 2984005555-3034005555 dset_sort
[seqwish::transclosure] 30721.280 94.06% 2984005555-3034005555 dset_invert
[seqwish::transclosure] 30730.529 94.06% 2984005555-3034005555 graph_emission
[seqwish::transclosure] 30870.591 95.38% 3034005555-3639341406 overlap_collect
[seqwish::transclosure] 30936.991 95.38% 3034005555-3639341406 rank_build
[seqwish::transclosure] 30971.282 95.38% 3034005555-3639341406 parallel_union_find
[seqwish::transclosure] 30998.904 95.38% 3034005555-3639341406 dset_write
[seqwish::transclosure] 31003.173 95.38% 3034005555-3639341406 dset_compression
[seqwish::transclosure] 31007.582 95.38% 3034005555-3639341406 dset_sort
[seqwish::transclosure] 31009.333 95.38% 3034005555-3639341406 dset_invert
[seqwish::transclosure] 31012.602 95.38% 3034005555-3639341406 graph_emission
[seqwish::transclosure] 31159.237 95.97% 3639341406-5133623016 overlap_collect
[seqwish::transclosure] 31294.678 95.97% 3639341406-5133623016 rank_build
[seqwish::transclosure] 31322.718 95.97% 3639341406-5133623016 parallel_union_find
[seqwish::transclosure] 31324.167 95.97% 3639341406-5133623016 dset_write
[seqwish::transclosure] 31324.965 95.97% 3639341406-5133623016 dset_compression
[seqwish::transclosure] 31325.732 95.97% 3639341406-5133623016 dset_sort
[seqwish::transclosure] 31326.356 95.97% 3639341406-5133623016 dset_invert
[seqwish::transclosure] 31327.128 95.97% 3639341406-5133623016 graph_emission
[seqwish::transclosure] 31335.873 96.08% 5133623016-5367342493 overlap_collect
[seqwish::transclosure] 31352.479 96.08% 5133623016-5367342493 rank_build
[seqwish::transclosure] 31379.599 96.08% 5133623016-5367342493 parallel_union_find
[seqwish::transclosure] 31379.811 96.08% 5133623016-5367342493 dset_write
[seqwish::transclosure] 31380.184 96.08% 5133623016-5367342493 dset_compression
[seqwish::transclosure] 31380.476 96.08% 5133623016-5367342493 dset_sort
[seqwish::transclosure] 31380.953 96.08% 5133623016-5367342493 dset_invert
[seqwish::transclosure] 31381.381 96.08% 5133623016-5367342493 graph_emission
[seqwish::transclosure] 31436.605 96.13% 5367342493-5884077176 overlap_collect
[seqwish::transclosure] 31478.883 96.13% 5367342493-5884077176 rank_build
[seqwish::transclosure] 31502.799 96.13% 5367342493-5884077176 parallel_union_find
[seqwish::transclosure] 31503.871 96.13% 5367342493-5884077176 dset_write
[seqwish::transclosure] 31504.308 96.13% 5367342493-5884077176 dset_compression
[seqwish::transclosure] 31504.645 96.13% 5367342493-5884077176 dset_sort
[seqwish::transclosure] 31505.136 96.13% 5367342493-5884077176 dset_invert
[seqwish::transclosure] 31505.562 96.13% 5367342493-5884077176 graph_emission
[seqwish::transclosure] 31511.509 96.19% 5884077176-6122290474 overlap_collect
[seqwish::transclosure] 31524.640 96.19% 5884077176-6122290474 rank_build
[seqwish::transclosure] 31557.016 96.19% 5884077176-6122290474 parallel_union_find
[seqwish::transclosure] 31558.462 96.19% 5884077176-6122290474 dset_write
[seqwish::transclosure] 31560.004 96.19% 5884077176-6122290474 dset_compression
[seqwish::transclosure] 31561.145 96.19% 5884077176-6122290474 dset_sort
[seqwish::transclosure] 31561.924 96.19% 5884077176-6122290474 dset_invert
[seqwish::transclosure] 31563.128 96.19% 5884077176-6122290474 graph_emission
[seqwish::transclosure] 31571.465 96.38% 6122290474-8152060215 overlap_collect
[seqwish::transclosure] 31627.949 96.38% 6122290474-8152060215 rank_build
[seqwish::transclosure] 31652.498 96.38% 6122290474-8152060215 parallel_union_find
[seqwish::transclosure] 31653.045 96.38% 6122290474-8152060215 dset_write
[seqwish::transclosure] 31654.026 96.38% 6122290474-8152060215 dset_compression
[seqwish::transclosure] 31654.639 96.38% 6122290474-8152060215 dset_sort
[seqwish::transclosure] 31655.393 96.38% 6122290474-8152060215 dset_invert
[seqwish::transclosure] 31656.064 96.38% 6122290474-8152060215 graph_emission
[seqwish::transclosure] 31665.513 96.49% 8152060215-9140745696 overlap_collect
[seqwish::transclosure] 31694.088 96.49% 8152060215-9140745696 rank_build
[seqwish::transclosure] 31721.532 96.49% 8152060215-9140745696 parallel_union_find
[seqwish::transclosure] 31722.122 96.49% 8152060215-9140745696 dset_write
[seqwish::transclosure] 31723.136 96.49% 8152060215-9140745696 dset_compression
[seqwish::transclosure] 31723.927 96.49% 8152060215-9140745696 dset_sort
[seqwish::transclosure] 31724.629 96.49% 8152060215-9140745696 dset_invert
[seqwish::transclosure] 31725.489 96.49% 8152060215-9140745696 graph_emission
[seqwish::transclosure] 31734.018 96.63% 9140745696-10538926531 overlap_collect
[seqwish::transclosure] 31752.346 96.63% 9140745696-10538926531 rank_build
[seqwish::transclosure] 31788.217 96.63% 9140745696-10538926531 parallel_union_find
[seqwish::transclosure] 31788.653 96.63% 9140745696-10538926531 dset_write
[seqwish::transclosure] 31789.422 96.63% 9140745696-10538926531 dset_compression
[seqwish::transclosure] 31790.094 96.63% 9140745696-10538926531 dset_sort
[seqwish::transclosure] 31790.701 96.63% 9140745696-10538926531 dset_invert
[seqwish::transclosure] 31791.496 96.63% 9140745696-10538926531 graph_emission
[seqwish::transclosure] 31800.545 96.73% 10538926531-12010080026 overlap_collect
[seqwish::transclosure] 31823.597 96.73% 10538926531-12010080026 rank_build
[seqwish::transclosure] 31852.953 96.73% 10538926531-12010080026 parallel_union_find
[seqwish::transclosure] 31853.601 96.73% 10538926531-12010080026 dset_write
[seqwish::transclosure] 31854.889 96.73% 10538926531-12010080026 dset_compression
[seqwish::transclosure] 31855.814 96.73% 10538926531-12010080026 dset_sort
[seqwish::transclosure] 31856.576 96.73% 10538926531-12010080026 dset_invert
[seqwish::transclosure] 31857.503 96.73% 10538926531-12010080026 graph_emission
[seqwish::transclosure] 31868.512 96.89% 12010080328-14554718687 overlap_collect
[seqwish::transclosure] 31893.453 96.89% 12010080328-14554718687 rank_build
[seqwish::transclosure] 31925.963 96.89% 12010080328-14554718687 parallel_union_find
[seqwish::transclosure] 31926.446 96.89% 12010080328-14554718687 dset_write
[seqwish::transclosure] 31927.294 96.89% 12010080328-14554718687 dset_compression
[seqwish::transclosure] 31928.106 96.89% 12010080328-14554718687 dset_sort
[seqwish::transclosure] 31928.728 96.89% 12010080328-14554718687 dset_invert
[seqwish::transclosure] 31929.580 96.89% 12010080328-14554718687 graph_emission
[seqwish::transclosure] 31939.557 97.01% 14554718687-15322263517 overlap_collect
[seqwish::transclosure] 31946.342 97.01% 14554718687-15322263517 rank_build
[seqwish::transclosure] 31980.684 97.01% 14554718687-15322263517 parallel_union_find
[seqwish::transclosure] 31980.836 97.01% 14554718687-15322263517 dset_write
[seqwish::transclosure] 31981.325 97.01% 14554718687-15322263517 dset_compression
[seqwish::transclosure] 31981.791 97.01% 14554718687-15322263517 dset_sort
[seqwish::transclosure] 31982.319 97.01% 14554718687-15322263517 dset_invert
[seqwish::transclosure] 31982.880 97.01% 14554718687-15322263517 graph_emission
[seqwish::transclosure] 31992.347 97.08% 15322263517-17685599394 overlap_collect
[seqwish::transclosure] 32006.207 97.08% 15322263517-17685599394 rank_build
[seqwish::transclosure] 32030.067 97.08% 15322263517-17685599394 parallel_union_find
[seqwish::transclosure] 32030.352 97.08% 15322263517-17685599394 dset_write
[seqwish::transclosure] 32030.983 97.08% 15322263517-17685599394 dset_compression
[seqwish::transclosure] 32031.504 97.08% 15322263517-17685599394 dset_sort
[seqwish::transclosure] 32032.089 97.08% 15322263517-17685599394 dset_invert
[seqwish::transclosure] 32032.671 97.08% 15322263517-17685599394 graph_emission
[seqwish::transclosure] 32042.028 97.17% 17685599642-18539651777 overlap_collect
[seqwish::transclosure] 32046.880 97.17% 17685599642-18539651777 rank_build
[seqwish::transclosure] 32080.672 97.17% 17685599642-18539651777 parallel_union_find
[seqwish::transclosure] 32080.782 97.17% 17685599642-18539651777 dset_write
[seqwish::transclosure] 32081.223 97.17% 17685599642-18539651777 dset_compression
[seqwish::transclosure] 32081.627 97.17% 17685599642-18539651777 dset_sort
[seqwish::transclosure] 32082.117 97.17% 17685599642-18539651777 dset_invert
[seqwish::transclosure] 32082.625 97.17% 17685599642-18539651777 graph_emission
[seqwish::transclosure] 32092.413 97.24% 18539651777-21039365309 overlap_collect
[seqwish::transclosure] 32105.015 97.24% 18539651777-21039365309 rank_build
[seqwish::transclosure] 32128.641 97.24% 18539651777-21039365309 parallel_union_find
[seqwish::transclosure] 32128.771 97.24% 18539651777-21039365309 dset_write
[seqwish::transclosure] 32129.387 97.24% 18539651777-21039365309 dset_compression
[seqwish::transclosure] 32129.865 97.24% 18539651777-21039365309 dset_sort
[seqwish::transclosure] 32130.356 97.24% 18539651777-21039365309 dset_invert
[seqwish::transclosure] 32130.926 97.24% 18539651777-21039365309 graph_emission
[seqwish::transclosure] 32143.779 97.31% 21039365309-24016284639 overlap_collect
[seqwish::transclosure] 32156.131 97.31% 21039365309-24016284639 rank_build
[seqwish::transclosure] 32179.791 97.31% 21039365309-24016284639 parallel_union_find
[seqwish::transclosure] 32179.881 97.31% 21039365309-24016284639 dset_write
[seqwish::transclosure] 32180.323 97.31% 21039365309-24016284639 dset_compression
[seqwish::transclosure] 32180.690 97.31% 21039365309-24016284639 dset_sort
[seqwish::transclosure] 32181.172 97.31% 21039365309-24016284639 dset_invert
[seqwish::transclosure] 32181.655 97.31% 21039365309-24016284639 graph_emission
[seqwish::transclosure] 32191.650 97.37% 24016284639-24876538902 overlap_collect
[seqwish::transclosure] 32196.328 97.37% 24016284639-24876538902 rank_build
[seqwish::transclosure] 32220.221 97.37% 24016284639-24876538902 parallel_union_find
[seqwish::transclosure] 32220.324 97.37% 24016284639-24876538902 dset_write
[seqwish::transclosure] 32220.876 97.37% 24016284639-24876538902 dset_compression
[seqwish::transclosure] 32221.334 97.37% 24016284639-24876538902 dset_sort
[seqwish::transclosure] 32221.868 97.37% 24016284639-24876538902 dset_invert
[seqwish::transclosure] 32222.458 97.37% 24016284639-24876538902 graph_emission
[seqwish::transclosure] 32231.392 97.44% 24876538902-26863400632 overlap_collect
[seqwish::transclosure] 32242.127 97.44% 24876538902-26863400632 rank_build
[seqwish::transclosure] 32266.082 97.44% 24876538902-26863400632 parallel_union_find
[seqwish::transclosure] 32266.242 97.44% 24876538902-26863400632 dset_write
[seqwish::transclosure] 32266.741 97.44% 24876538902-26863400632 dset_compression
[seqwish::transclosure] 32267.141 97.44% 24876538902-26863400632 dset_sort
[seqwish::transclosure] 32267.637 97.44% 24876538902-26863400632 dset_invert
[seqwish::transclosure] 32268.105 97.44% 24876538902-26863400632 graph_emission
[seqwish::transclosure] 32276.693 97.51% 26863400632-27678241684 overlap_collect
[seqwish::transclosure] 32280.741 97.51% 26863400632-27678241684 rank_build
[seqwish::transclosure] 32306.656 97.51% 26863400632-27678241684 parallel_union_find
[seqwish::transclosure] 32306.754 97.51% 26863400632-27678241684 dset_write
[seqwish::transclosure] 32307.208 97.51% 26863400632-27678241684 dset_compression
[seqwish::transclosure] 32307.560 97.51% 26863400632-27678241684 dset_sort
[seqwish::transclosure] 32308.038 97.51% 26863400632-27678241684 dset_invert
[seqwish::transclosure] 32308.471 97.51% 26863400632-27678241684 graph_emission
[seqwish::transclosure] 32317.853 97.57% 27678241684-30060865753 overlap_collect
[seqwish::transclosure] 32326.757 97.57% 27678241684-30060865753 rank_build
[seqwish::transclosure] 32350.193 97.57% 27678241684-30060865753 parallel_union_find
[seqwish::transclosure] 32350.261 97.57% 27678241684-30060865753 dset_write
[seqwish::transclosure] 32350.622 97.57% 27678241684-30060865753 dset_compression
[seqwish::transclosure] 32350.959 97.57% 27678241684-30060865753 dset_sort
[seqwish::transclosure] 32351.429 97.57% 27678241684-30060865753 dset_invert
[seqwish::transclosure] 32351.864 97.57% 27678241684-30060865753 graph_emission
[seqwish::transclosure] 32362.754 97.62% 30060865753-32042746023 overlap_collect
[seqwish::transclosure] 32370.852 97.62% 30060865753-32042746023 rank_build
[seqwish::transclosure] 32394.252 97.62% 30060865753-32042746023 parallel_union_find
[seqwish::transclosure] 32394.343 97.62% 30060865753-32042746023 dset_write
[seqwish::transclosure] 32394.786 97.62% 30060865753-32042746023 dset_compression
[seqwish::transclosure] 32395.204 97.62% 30060865753-32042746023 dset_sort
[seqwish::transclosure] 32395.713 97.62% 30060865753-32042746023 dset_invert
[seqwish::transclosure] 32396.246 97.62% 30060865753-32042746023 graph_emission
[seqwish::transclosure] 32406.491 97.69% 32042746023-33616076927 overlap_collect
[seqwish::transclosure] 32412.816 97.69% 32042746023-33616076927 rank_build
[seqwish::transclosure] 32436.442 97.69% 32042746023-33616076927 parallel_union_find
[seqwish::transclosure] 32436.540 97.69% 32042746023-33616076927 dset_write
[seqwish::transclosure] 32437.008 97.69% 32042746023-33616076927 dset_compression
[seqwish::transclosure] 32437.456 97.69% 32042746023-33616076927 dset_sort
[seqwish::transclosure] 32437.970 97.69% 32042746023-33616076927 dset_invert
[seqwish::transclosure] 32438.497 97.69% 32042746023-33616076927 graph_emission
[seqwish::transclosure] 32448.706 97.75% 33616076927-35877356952 overlap_collect
[seqwish::transclosure] 32457.025 97.75% 33616076927-35877356952 rank_build
[seqwish::transclosure] 32480.698 97.75% 33616076927-35877356952 parallel_union_find
[seqwish::transclosure] 32480.804 97.75% 33616076927-35877356952 dset_write
[seqwish::transclosure] 32481.194 97.75% 33616076927-35877356952 dset_compression
[seqwish::transclosure] 32481.478 97.75% 33616076927-35877356952 dset_sort
[seqwish::transclosure] 32481.957 97.75% 33616076927-35877356952 dset_invert
[seqwish::transclosure] 32482.336 97.75% 33616076927-35877356952 graph_emission
[seqwish::transclosure] 32491.706 97.81% 35877356952-36993699932 overlap_collect
[seqwish::transclosure] 32495.950 97.81% 35877356952-36993699932 rank_build
[seqwish::transclosure] 32519.706 97.81% 35877356952-36993699932 parallel_union_find
[seqwish::transclosure] 32519.830 97.81% 35877356952-36993699932 dset_write
[seqwish::transclosure] 32520.288 97.81% 35877356952-36993699932 dset_compression
[seqwish::transclosure] 32520.727 97.81% 35877356952-36993699932 dset_sort
[seqwish::transclosure] 32521.221 97.81% 35877356952-36993699932 dset_invert
[seqwish::transclosure] 32521.750 97.81% 35877356952-36993699932 graph_emission
[seqwish::transclosure] 32531.086 97.87% 36993699932-39161083723 overlap_collect
[seqwish::transclosure] 32539.097 97.87% 36993699932-39161083723 rank_build
[seqwish::transclosure] 32563.349 97.87% 36993699932-39161083723 parallel_union_find
[seqwish::transclosure] 32563.432 97.87% 36993699932-39161083723 dset_write
[seqwish::transclosure] 32563.872 97.87% 36993699932-39161083723 dset_compression
[seqwish::transclosure] 32564.264 97.87% 36993699932-39161083723 dset_sort
[seqwish::transclosure] 32564.734 97.87% 36993699932-39161083723 dset_invert
[seqwish::transclosure] 32565.231 97.87% 36993699932-39161083723 graph_emission
[seqwish::transclosure] 32576.425 97.93% 39161083723-41295053801 overlap_collect
[seqwish::transclosure] 32583.842 97.93% 39161083723-41295053801 rank_build
[seqwish::transclosure] 32608.875 97.93% 39161083723-41295053801 parallel_union_find
[seqwish::transclosure] 32608.996 97.93% 39161083723-41295053801 dset_write
[seqwish::transclosure] 32609.483 97.93% 39161083723-41295053801 dset_compression
[seqwish::transclosure] 32609.928 97.93% 39161083723-41295053801 dset_sort
[seqwish::transclosure] 32610.438 97.93% 39161083723-41295053801 dset_invert
[seqwish::transclosure] 32611.000 97.93% 39161083723-41295053801 graph_emission
[seqwish::transclosure] 32619.691 98.00% 41295053997-42032402315 overlap_collect
[seqwish::transclosure] 32622.633 98.00% 41295053997-42032402315 rank_build
[seqwish::transclosure] 32646.640 98.00% 41295053997-42032402315 parallel_union_find
[seqwish::transclosure] 32646.700 98.00% 41295053997-42032402315 dset_write
[seqwish::transclosure] 32647.096 98.00% 41295053997-42032402315 dset_compression
[seqwish::transclosure] 32647.383 98.00% 41295053997-42032402315 dset_sort
[seqwish::transclosure] 32648.155 98.00% 41295053997-42032402315 dset_invert
[seqwish::transclosure] 32648.624 98.00% 41295053997-42032402315 graph_emission
[seqwish::transclosure] 32657.311 98.06% 42032402315-44120484309 overlap_collect
[seqwish::transclosure] 32663.935 98.06% 42032402315-44120484309 rank_build
[seqwish::transclosure] 32687.575 98.06% 42032402315-44120484309 parallel_union_find
[seqwish::transclosure] 32687.623 98.06% 42032402315-44120484309 dset_write
[seqwish::transclosure] 32688.161 98.06% 42032402315-44120484309 dset_compression
[seqwish::transclosure] 32688.546 98.06% 42032402315-44120484309 dset_sort
[seqwish::transclosure] 32689.054 98.06% 42032402315-44120484309 dset_invert
[seqwish::transclosure] 32689.618 98.06% 42032402315-44120484309 graph_emission
[seqwish::transclosure] 32700.699 98.11% 44120484309-46462530624 overlap_collect
[seqwish::transclosure] 32707.959 98.11% 44120484309-46462530624 rank_build
[seqwish::transclosure] 32731.681 98.11% 44120484309-46462530624 parallel_union_find
[seqwish::transclosure] 32731.731 98.11% 44120484309-46462530624 dset_write
[seqwish::transclosure] 32732.157 98.11% 44120484309-46462530624 dset_compression
[seqwish::transclosure] 32732.525 98.11% 44120484309-46462530624 dset_sort
[seqwish::transclosure] 32733.029 98.11% 44120484309-46462530624 dset_invert
[seqwish::transclosure] 32733.547 98.11% 44120484309-46462530624 graph_emission
[seqwish::transclosure] 32745.730 98.17% 46462530624-49134214219 overlap_collect
[seqwish::transclosure] 32753.956 98.17% 46462530624-49134214219 rank_build
[seqwish::transclosure] 32777.644 98.17% 46462530624-49134214219 parallel_union_find
[seqwish::transclosure] 32777.683 98.17% 46462530624-49134214219 dset_write
[seqwish::transclosure] 32778.053 98.17% 46462530624-49134214219 dset_compression
[seqwish::transclosure] 32778.381 98.17% 46462530624-49134214219 dset_sort
[seqwish::transclosure] 32778.876 98.17% 46462530624-49134214219 dset_invert
[seqwish::transclosure] 32779.315 98.17% 46462530624-49134214219 graph_emission
[seqwish::transclosure] 32790.189 98.22% 49134214219-50945952258 overlap_collect
[seqwish::transclosure] 32796.401 98.22% 49134214219-50945952258 rank_build
[seqwish::transclosure] 32820.934 98.22% 49134214219-50945952258 parallel_union_find
[seqwish::transclosure] 32821.021 98.22% 49134214219-50945952258 dset_write
[seqwish::transclosure] 32821.442 98.22% 49134214219-50945952258 dset_compression
[seqwish::transclosure] 32821.820 98.22% 49134214219-50945952258 dset_sort
[seqwish::transclosure] 32822.300 98.22% 49134214219-50945952258 dset_invert
[seqwish::transclosure] 32822.768 98.22% 49134214219-50945952258 graph_emission
[seqwish::transclosure] 32832.825 98.28% 50945952258-52926929873 overlap_collect
[seqwish::transclosure] 32839.138 98.28% 50945952258-52926929873 rank_build
[seqwish::transclosure] 32863.074 98.28% 50945952258-52926929873 parallel_union_find
[seqwish::transclosure] 32863.121 98.28% 50945952258-52926929873 dset_write
[seqwish::transclosure] 32863.467 98.28% 50945952258-52926929873 dset_compression
[seqwish::transclosure] 32863.781 98.28% 50945952258-52926929873 dset_sort
[seqwish::transclosure] 32864.281 98.28% 50945952258-52926929873 dset_invert
[seqwish::transclosure] 32864.783 98.28% 50945952258-52926929873 graph_emission
[seqwish::transclosure] 32873.750 98.33% 52926929873-54117339571 overlap_collect
[seqwish::transclosure] 32877.623 98.33% 52926929873-54117339571 rank_build
[seqwish::transclosure] 32902.628 98.33% 52926929873-54117339571 parallel_union_find
[seqwish::transclosure] 32902.658 98.33% 52926929873-54117339571 dset_write
[seqwish::transclosure] 32903.062 98.33% 52926929873-54117339571 dset_compression
[seqwish::transclosure] 32903.659 98.33% 52926929873-54117339571 dset_sort
[seqwish::transclosure] 32904.128 98.33% 52926929873-54117339571 dset_invert
[seqwish::transclosure] 32904.840 98.33% 52926929873-54117339571 graph_emission
[seqwish::transclosure] 32913.165 98.38% 54117339571-55556595352 overlap_collect
[seqwish::transclosure] 32917.862 98.38% 54117339571-55556595352 rank_build
[seqwish::transclosure] 32941.543 98.38% 54117339571-55556595352 parallel_union_find
[seqwish::transclosure] 32941.588 98.38% 54117339571-55556595352 dset_write
[seqwish::transclosure] 32941.988 98.38% 54117339571-55556595352 dset_compression
[seqwish::transclosure] 32942.304 98.38% 54117339571-55556595352 dset_sort
[seqwish::transclosure] 32943.039 98.38% 54117339571-55556595352 dset_invert
[seqwish::transclosure] 32943.501 98.38% 54117339571-55556595352 graph_emission
[seqwish::transclosure] 32953.106 98.43% 55556595352-57578432504 overlap_collect
[seqwish::transclosure] 32959.422 98.43% 55556595352-57578432504 rank_build
[seqwish::transclosure] 32982.940 98.43% 55556595352-57578432504 parallel_union_find
[seqwish::transclosure] 32982.975 98.43% 55556595352-57578432504 dset_write
[seqwish::transclosure] 32983.324 98.43% 55556595352-57578432504 dset_compression
[seqwish::transclosure] 32983.627 98.43% 55556595352-57578432504 dset_sort
[seqwish::transclosure] 32984.117 98.43% 55556595352-57578432504 dset_invert
[seqwish::transclosure] 32984.564 98.43% 55556595352-57578432504 graph_emission
[seqwish::transclosure] 32995.058 98.48% 57578432504-59651030005 overlap_collect
[seqwish::transclosure] 33001.556 98.48% 57578432504-59651030005 rank_build
[seqwish::transclosure] 33025.987 98.48% 57578432504-59651030005 parallel_union_find
[seqwish::transclosure] 33026.023 98.48% 57578432504-59651030005 dset_write
[seqwish::transclosure] 33026.382 98.48% 57578432504-59651030005 dset_compression
[seqwish::transclosure] 33026.696 98.48% 57578432504-59651030005 dset_sort
[seqwish::transclosure] 33027.209 98.48% 57578432504-59651030005 dset_invert
[seqwish::transclosure] 33027.685 98.48% 57578432504-59651030005 graph_emission
[seqwish::transclosure] 33037.766 98.53% 59651030005-61314007855 overlap_collect
[seqwish::transclosure] 33043.163 98.53% 59651030005-61314007855 rank_build
[seqwish::transclosure] 33066.876 98.53% 59651030005-61314007855 parallel_union_find
[seqwish::transclosure] 33066.916 98.53% 59651030005-61314007855 dset_write
[seqwish::transclosure] 33067.275 98.53% 59651030005-61314007855 dset_compression
[seqwish::transclosure] 33067.539 98.53% 59651030005-61314007855 dset_sort
[seqwish::transclosure] 33068.031 98.53% 59651030005-61314007855 dset_invert
[seqwish::transclosure] 33068.440 98.53% 59651030005-61314007855 graph_emission
[seqwish::transclosure] 33077.633 98.58% 61314007855-62812483529 overlap_collect
[seqwish::transclosure] 33082.483 98.58% 61314007855-62812483529 rank_build
[seqwish::transclosure] 33107.028 98.58% 61314007855-62812483529 parallel_union_find
[seqwish::transclosure] 33107.062 98.58% 61314007855-62812483529 dset_write
[seqwish::transclosure] 33107.445 98.58% 61314007855-62812483529 dset_compression
[seqwish::transclosure] 33107.740 98.58% 61314007855-62812483529 dset_sort
[seqwish::transclosure] 33108.218 98.58% 61314007855-62812483529 dset_invert
[seqwish::transclosure] 33108.628 98.58% 61314007855-62812483529 graph_emission
[seqwish::transclosure] 33117.057 98.64% 62812483529-64007027979 overlap_collect
[seqwish::transclosure] 33120.924 98.64% 62812483529-64007027979 rank_build
[seqwish::transclosure] 33144.682 98.64% 62812483529-64007027979 parallel_union_find
[seqwish::transclosure] 33144.738 98.64% 62812483529-64007027979 dset_write
[seqwish::transclosure] 33145.136 98.64% 62812483529-64007027979 dset_compression
[seqwish::transclosure] 33145.429 98.64% 62812483529-64007027979 dset_sort
[seqwish::transclosure] 33145.904 98.64% 62812483529-64007027979 dset_invert
[seqwish::transclosure] 33146.294 98.64% 62812483529-64007027979 graph_emission
[seqwish::transclosure] 33155.443 98.69% 64007027979-65992395819 overlap_collect
[seqwish::transclosure] 33161.548 98.69% 64007027979-65992395819 rank_build
[seqwish::transclosure] 33185.994 98.69% 64007027979-65992395819 parallel_union_find
[seqwish::transclosure] 33186.027 98.69% 64007027979-65992395819 dset_write
[seqwish::transclosure] 33186.420 98.69% 64007027979-65992395819 dset_compression
[seqwish::transclosure] 33186.738 98.69% 64007027979-65992395819 dset_sort
[seqwish::transclosure] 33187.258 98.69% 64007027979-65992395819 dset_invert
[seqwish::transclosure] 33187.747 98.69% 64007027979-65992395819 graph_emission
[seqwish::transclosure] 33196.120 98.74% 65992395819-66711901660 overlap_collect
[seqwish::transclosure] 33198.624 98.74% 65992395819-66711901660 rank_build
[seqwish::transclosure] 33222.338 98.74% 65992395819-66711901660 parallel_union_find
[seqwish::transclosure] 33222.394 98.74% 65992395819-66711901660 dset_write
[seqwish::transclosure] 33222.785 98.74% 65992395819-66711901660 dset_compression
[seqwish::transclosure] 33223.129 98.74% 65992395819-66711901660 dset_sort
[seqwish::transclosure] 33223.630 98.74% 65992395819-66711901660 dset_invert
[seqwish::transclosure] 33224.127 98.74% 65992395819-66711901660 graph_emission
[seqwish::transclosure] 33233.383 98.79% 66711901660-69133004498 overlap_collect
[seqwish::transclosure] 33241.018 98.79% 66711901660-69133004498 rank_build
[seqwish::transclosure] 33264.835 98.79% 66711901660-69133004498 parallel_union_find
[seqwish::transclosure] 33264.873 98.79% 66711901660-69133004498 dset_write
[seqwish::transclosure] 33265.226 98.79% 66711901660-69133004498 dset_compression
[seqwish::transclosure] 33265.481 98.79% 66711901660-69133004498 dset_sort
[seqwish::transclosure] 33265.960 98.79% 66711901660-69133004498 dset_invert
[seqwish::transclosure] 33266.347 98.79% 66711901660-69133004498 graph_emission
[seqwish::transclosure] 33277.360 98.84% 69133004498-71139644065 overlap_collect
[seqwish::transclosure] 33283.607 98.84% 69133004498-71139644065 rank_build
[seqwish::transclosure] 33307.390 98.84% 69133004498-71139644065 parallel_union_find
[seqwish::transclosure] 33307.439 98.84% 69133004498-71139644065 dset_write
[seqwish::transclosure] 33307.788 98.84% 69133004498-71139644065 dset_compression
[seqwish::transclosure] 33308.105 98.84% 69133004498-71139644065 dset_sort
[seqwish::transclosure] 33308.807 98.84% 69133004498-71139644065 dset_invert
[seqwish::transclosure] 33309.259 98.84% 69133004498-71139644065 graph_emission
[seqwish::transclosure] 33318.939 98.89% 71139644065-72748394696 overlap_collect
[seqwish::transclosure] 33323.923 98.89% 71139644065-72748394696 rank_build
[seqwish::transclosure] 33347.499 98.89% 71139644065-72748394696 parallel_union_find
[seqwish::transclosure] 33347.534 98.89% 71139644065-72748394696 dset_write
[seqwish::transclosure] 33347.952 98.89% 71139644065-72748394696 dset_compression
[seqwish::transclosure] 33348.327 98.89% 71139644065-72748394696 dset_sort
[seqwish::transclosure] 33349.038 98.89% 71139644065-72748394696 dset_invert
[seqwish::transclosure] 33349.590 98.89% 71139644065-72748394696 graph_emission
[seqwish::transclosure] 33359.092 98.94% 72748394696-74549712279 overlap_collect
[seqwish::transclosure] 33364.625 98.94% 72748394696-74549712279 rank_build
[seqwish::transclosure] 33389.040 98.94% 72748394696-74549712279 parallel_union_find
[seqwish::transclosure] 33389.080 98.94% 72748394696-74549712279 dset_write
[seqwish::transclosure] 33389.428 98.94% 72748394696-74549712279 dset_compression
[seqwish::transclosure] 33389.728 98.94% 72748394696-74549712279 dset_sort
[seqwish::transclosure] 33390.233 98.94% 72748394696-74549712279 dset_invert
[seqwish::transclosure] 33390.690 98.94% 72748394696-74549712279 graph_emission
[seqwish::transclosure] 33398.928 98.99% 74549712279-75335180316 overlap_collect
[seqwish::transclosure] 33401.636 98.99% 74549712279-75335180316 rank_build
[seqwish::transclosure] 33425.437 98.99% 74549712279-75335180316 parallel_union_find
[seqwish::transclosure] 33425.512 98.99% 74549712279-75335180316 dset_write
[seqwish::transclosure] 33425.939 98.99% 74549712279-75335180316 dset_compression
[seqwish::transclosure] 33426.350 98.99% 74549712279-75335180316 dset_sort
[seqwish::transclosure] 33426.867 98.99% 74549712279-75335180316 dset_invert
[seqwish::transclosure] 33427.421 98.99% 74549712279-75335180316 graph_emission
[seqwish::transclosure] 33435.137 99.05% 75335180316-76777159026 overlap_collect
[seqwish::transclosure] 33439.712 99.05% 75335180316-76777159026 rank_build
[seqwish::transclosure] 33464.427 99.05% 75335180316-76777159026 parallel_union_find
[seqwish::transclosure] 33464.460 99.05% 75335180316-76777159026 dset_write
[seqwish::transclosure] 33464.854 99.05% 75335180316-76777159026 dset_compression
[seqwish::transclosure] 33465.157 99.05% 75335180316-76777159026 dset_sort
[seqwish::transclosure] 33465.668 99.05% 75335180316-76777159026 dset_invert
[seqwish::transclosure] 33466.113 99.05% 75335180316-76777159026 graph_emission
[seqwish::transclosure] 33475.579 99.10% 76777159026-78703491477 overlap_collect
[seqwish::transclosure] 33481.543 99.10% 76777159026-78703491477 rank_build
[seqwish::transclosure] 33505.441 99.10% 76777159026-78703491477 parallel_union_find
[seqwish::transclosure] 33505.470 99.10% 76777159026-78703491477 dset_write
[seqwish::transclosure] 33505.823 99.10% 76777159026-78703491477 dset_compression
[seqwish::transclosure] 33506.156 99.10% 76777159026-78703491477 dset_sort
[seqwish::transclosure] 33506.854 99.10% 76777159026-78703491477 dset_invert
[seqwish::transclosure] 33507.406 99.10% 76777159026-78703491477 graph_emission
[seqwish::transclosure] 33517.523 99.15% 78703491477-80640841079 overlap_collect
[seqwish::transclosure] 33523.433 99.15% 78703491477-80640841079 rank_build
[seqwish::transclosure] 33548.002 99.15% 78703491477-80640841079 parallel_union_find
[seqwish::transclosure] 33548.019 99.15% 78703491477-80640841079 dset_write
[seqwish::transclosure] 33548.385 99.15% 78703491477-80640841079 dset_compression
[seqwish::transclosure] 33548.660 99.15% 78703491477-80640841079 dset_sort
[seqwish::transclosure] 33549.117 99.15% 78703491477-80640841079 dset_invert
[seqwish::transclosure] 33549.569 99.15% 78703491477-80640841079 graph_emission
[seqwish::transclosure] 33560.635 99.19% 80640841079-83081848439 overlap_collect
[seqwish::transclosure] 33568.053 99.19% 80640841079-83081848439 rank_build
[seqwish::transclosure] 33592.025 99.19% 80640841079-83081848439 parallel_union_find
[seqwish::transclosure] 33592.060 99.19% 80640841079-83081848439 dset_write
[seqwish::transclosure] 33592.419 99.19% 80640841079-83081848439 dset_compression
[seqwish::transclosure] 33592.709 99.19% 80640841079-83081848439 dset_sort
[seqwish::transclosure] 33593.184 99.19% 80640841079-83081848439 dset_invert
[seqwish::transclosure] 33593.615 99.19% 80640841079-83081848439 graph_emission
[seqwish::transclosure] 33603.807 99.24% 83081848439-84315389625 overlap_collect
[seqwish::transclosure] 33607.676 99.24% 83081848439-84315389625 rank_build
[seqwish::transclosure] 33632.388 99.24% 83081848439-84315389625 parallel_union_find
[seqwish::transclosure] 33632.409 99.24% 83081848439-84315389625 dset_write
[seqwish::transclosure] 33632.738 99.24% 83081848439-84315389625 dset_compression
[seqwish::transclosure] 33633.015 99.24% 83081848439-84315389625 dset_sort
[seqwish::transclosure] 33633.477 99.24% 83081848439-84315389625 dset_invert
[seqwish::transclosure] 33633.870 99.24% 83081848439-84315389625 graph_emission
[seqwish::transclosure] 33644.733 99.29% 84315389625-87125598891 overlap_collect
[seqwish::transclosure] 33653.199 99.29% 84315389625-87125598891 rank_build
[seqwish::transclosure] 33676.876 99.29% 84315389625-87125598891 parallel_union_find
[seqwish::transclosure] 33676.901 99.29% 84315389625-87125598891 dset_write
[seqwish::transclosure] 33677.234 99.29% 84315389625-87125598891 dset_compression
[seqwish::transclosure] 33677.495 99.29% 84315389625-87125598891 dset_sort
[seqwish::transclosure] 33677.949 99.29% 84315389625-87125598891 dset_invert
[seqwish::transclosure] 33678.331 99.29% 84315389625-87125598891 graph_emission
[seqwish::transclosure] 33690.770 99.33% 87125598891-89448662205 overlap_collect
[seqwish::transclosure] 33697.836 99.33% 87125598891-89448662205 rank_build
[seqwish::transclosure] 33722.426 99.33% 87125598891-89448662205 parallel_union_find
[seqwish::transclosure] 33722.470 99.33% 87125598891-89448662205 dset_write
[seqwish::transclosure] 33722.789 99.33% 87125598891-89448662205 dset_compression
[seqwish::transclosure] 33723.075 99.33% 87125598891-89448662205 dset_sort
[seqwish::transclosure] 33723.547 99.33% 87125598891-89448662205 dset_invert
[seqwish::transclosure] 33723.969 99.33% 87125598891-89448662205 graph_emission
[seqwish::transclosure] 33734.131 99.38% 89448662205-91009665790 overlap_collect
[seqwish::transclosure] 33739.029 99.38% 89448662205-91009665790 rank_build
[seqwish::transclosure] 33763.059 99.38% 89448662205-91009665790 parallel_union_find
[seqwish::transclosure] 33763.076 99.38% 89448662205-91009665790 dset_write
[seqwish::transclosure] 33763.462 99.38% 89448662205-91009665790 dset_compression
[seqwish::transclosure] 33763.902 99.38% 89448662205-91009665790 dset_sort
[seqwish::transclosure] 33764.632 99.38% 89448662205-91009665790 dset_invert
[seqwish::transclosure] 33765.275 99.38% 89448662205-91009665790 graph_emission
[seqwish::transclosure] 33773.989 99.42% 91009665790-92404739701 overlap_collect
[seqwish::transclosure] 33778.478 99.42% 91009665790-92404739701 rank_build
[seqwish::transclosure] 33802.239 99.42% 91009665790-92404739701 parallel_union_find
[seqwish::transclosure] 33802.345 99.42% 91009665790-92404739701 dset_write
[seqwish::transclosure] 33802.808 99.42% 91009665790-92404739701 dset_compression
[seqwish::transclosure] 33803.134 99.42% 91009665790-92404739701 dset_sort
[seqwish::transclosure] 33803.722 99.42% 91009665790-92404739701 dset_invert
[seqwish::transclosure] 33804.177 99.42% 91009665790-92404739701 graph_emission
[seqwish::transclosure] 33814.121 99.48% 92404739701-94683113601 overlap_collect
[seqwish::transclosure] 33821.135 99.48% 92404739701-94683113601 rank_build
[seqwish::transclosure] 33844.991 99.48% 92404739701-94683113601 parallel_union_find
[seqwish::transclosure] 33845.043 99.48% 92404739701-94683113601 dset_write
[seqwish::transclosure] 33845.343 99.48% 92404739701-94683113601 dset_compression
[seqwish::transclosure] 33845.638 99.48% 92404739701-94683113601 dset_sort
[seqwish::transclosure] 33846.252 99.48% 92404739701-94683113601 dset_invert
[seqwish::transclosure] 33846.791 99.48% 92404739701-94683113601 graph_emission
[seqwish::transclosure] 33857.501 99.53% 94683113601-96382837551 overlap_collect
[seqwish::transclosure] 33862.752 99.53% 94683113601-96382837551 rank_build
[seqwish::transclosure] 33885.909 99.53% 94683113601-96382837551 parallel_union_find
[seqwish::transclosure] 33885.928 99.53% 94683113601-96382837551 dset_write
[seqwish::transclosure] 33886.233 99.53% 94683113601-96382837551 dset_compression
[seqwish::transclosure] 33886.490 99.53% 94683113601-96382837551 dset_sort
[seqwish::transclosure] 33886.947 99.53% 94683113601-96382837551 dset_invert
[seqwish::transclosure] 33887.345 99.53% 94683113601-96382837551 graph_emission
[seqwish::transclosure] 33898.470 99.57% 96382837551-99087865272 overlap_collect
[seqwish::transclosure] 33906.550 99.57% 96382837551-99087865272 rank_build
[seqwish::transclosure] 33930.425 99.57% 96382837551-99087865272 parallel_union_find
[seqwish::transclosure] 33930.468 99.57% 96382837551-99087865272 dset_write
[seqwish::transclosure] 33930.886 99.57% 96382837551-99087865272 dset_compression
[seqwish::transclosure] 33931.432 99.57% 96382837551-99087865272 dset_sort
[seqwish::transclosure] 33932.023 99.57% 96382837551-99087865272 dset_invert
[seqwish::transclosure] 33932.736 99.57% 96382837551-99087865272 graph_emission
[seqwish::transclosure] 33943.264 99.62% 99087865272-100588374879 overlap_collect
[seqwish::transclosure] 33947.910 99.62% 99087865272-100588374879 rank_build
[seqwish::transclosure] 33973.565 99.62% 99087865272-100588374879 parallel_union_find
[seqwish::transclosure] 33973.600 99.62% 99087865272-100588374879 dset_write
[seqwish::transclosure] 33973.980 99.62% 99087865272-100588374879 dset_compression
[seqwish::transclosure] 33974.506 99.62% 99087865272-100588374879 dset_sort
[seqwish::transclosure] 33974.943 99.62% 99087865272-100588374879 dset_invert
[seqwish::transclosure] 33975.574 99.62% 99087865272-100588374879 graph_emission
[seqwish::transclosure] 33985.292 99.67% 100588374879-102627617280 overlap_collect
[seqwish::transclosure] 33991.582 99.67% 100588374879-102627617280 rank_build
[seqwish::transclosure] 34015.180 99.67% 100588374879-102627617280 parallel_union_find
[seqwish::transclosure] 34015.193 99.67% 100588374879-102627617280 dset_write
[seqwish::transclosure] 34015.535 99.67% 100588374879-102627617280 dset_compression
[seqwish::transclosure] 34015.803 99.67% 100588374879-102627617280 dset_sort
[seqwish::transclosure] 34016.520 99.67% 100588374879-102627617280 dset_invert
[seqwish::transclosure] 34016.948 99.67% 100588374879-102627617280 graph_emission
[seqwish::transclosure] 34028.588 99.71% 102627617280-105411331276 overlap_collect
[seqwish::transclosure] 34036.948 99.71% 102627617280-105411331276 rank_build
[seqwish::transclosure] 34060.867 99.71% 102627617280-105411331276 parallel_union_find
[seqwish::transclosure] 34060.907 99.71% 102627617280-105411331276 dset_write
[seqwish::transclosure] 34061.220 99.71% 102627617280-105411331276 dset_compression
[seqwish::transclosure] 34061.504 99.71% 102627617280-105411331276 dset_sort
[seqwish::transclosure] 34061.981 99.71% 102627617280-105411331276 dset_invert
[seqwish::transclosure] 34062.392 99.71% 102627617280-105411331276 graph_emission
[seqwish::transclosure] 34073.827 99.76% 105411331276-107313730085 overlap_collect
[seqwish::transclosure] 34079.574 99.76% 105411331276-107313730085 rank_build
[seqwish::transclosure] 34103.408 99.76% 105411331276-107313730085 parallel_union_find
[seqwish::transclosure] 34103.437 99.76% 105411331276-107313730085 dset_write
[seqwish::transclosure] 34103.726 99.76% 105411331276-107313730085 dset_compression
[seqwish::transclosure] 34103.999 99.76% 105411331276-107313730085 dset_sort
[seqwish::transclosure] 34104.475 99.76% 105411331276-107313730085 dset_invert
[seqwish::transclosure] 34104.881 99.76% 105411331276-107313730085 graph_emission
[seqwish::transclosure] 34114.119 99.80% 107313730085-108728643280 overlap_collect
[seqwish::transclosure] 34118.503 99.80% 107313730085-108728643280 rank_build
[seqwish::transclosure] 34145.669 99.80% 107313730085-108728643280 parallel_union_find
[seqwish::transclosure] 34145.678 99.80% 107313730085-108728643280 dset_write
[seqwish::transclosure] 34145.983 99.80% 107313730085-108728643280 dset_compression
[seqwish::transclosure] 34146.221 99.80% 107313730085-108728643280 dset_sort
[seqwish::transclosure] 34146.670 99.80% 107313730085-108728643280 dset_invert
[seqwish::transclosure] 34147.039 99.80% 107313730085-108728643280 graph_emission
[seqwish::transclosure] 34157.038 99.85% 108728643280-111010366008 overlap_collect
[seqwish::transclosure] 34163.875 99.85% 108728643280-111010366008 rank_build
[seqwish::transclosure] 34187.871 99.85% 108728643280-111010366008 parallel_union_find
[seqwish::transclosure] 34187.889 99.85% 108728643280-111010366008 dset_write
[seqwish::transclosure] 34188.369 99.85% 108728643280-111010366008 dset_compression
[seqwish::transclosure] 34189.012 99.85% 108728643280-111010366008 dset_sort
[seqwish::transclosure] 34189.780 99.85% 108728643280-111010366008 dset_invert
[seqwish::transclosure] 34190.485 99.85% 108728643280-111010366008 graph_emission
[seqwish::transclosure] 34200.530 99.89% 111010366008-112609392266 overlap_collect
[seqwish::transclosure] 34205.325 99.89% 111010366008-112609392266 rank_build
[seqwish::transclosure] 34233.300 99.89% 111010366008-112609392266 parallel_union_find
[seqwish::transclosure] 34233.345 99.89% 111010366008-112609392266 dset_write
[seqwish::transclosure] 34233.853 99.89% 111010366008-112609392266 dset_compression
[seqwish::transclosure] 34234.109 99.89% 111010366008-112609392266 dset_sort
[seqwish::transclosure] 34234.779 99.89% 111010366008-112609392266 dset_invert
[seqwish::transclosure] 34235.190 99.89% 111010366008-112609392266 graph_emission
[seqwish::transclosure] 34244.386 99.94% 112609392266-114221390104 overlap_collect
[seqwish::transclosure] 34249.377 99.94% 112609392266-114221390104 rank_build
[seqwish::transclosure] 34273.272 99.94% 112609392266-114221390104 parallel_union_find
[seqwish::transclosure] 34273.301 99.94% 112609392266-114221390104 dset_write
[seqwish::transclosure] 34273.728 99.94% 112609392266-114221390104 dset_compression
[seqwish::transclosure] 34274.230 99.94% 112609392266-114221390104 dset_sort
[seqwish::transclosure] 34274.949 99.94% 112609392266-114221390104 dset_invert
[seqwish::transclosure] 34275.579 99.94% 112609392266-114221390104 graph_emission
[seqwish::transclosure] 34282.879 99.98% 114221390104-114627039076 overlap_collect
[seqwish::transclosure] 34284.258 99.98% 114221390104-114627039076 rank_build
[seqwish::transclosure] 34307.777 99.98% 114221390104-114627039076 parallel_union_find
[seqwish::transclosure] 34307.790 99.98% 114221390104-114627039076 dset_write
[seqwish::transclosure] 34307.931 99.98% 114221390104-114627039076 dset_compression
[seqwish::transclosure] 34308.047 99.98% 114221390104-114627039076 dset_sort
[seqwish::transclosure] 34308.237 99.98% 114221390104-114627039076 dset_invert
[seqwish::transclosure] 34308.413 99.98% 114221390104-114627039076 graph_emission
[seqwish::transclosure] 34311.224 100.00% building node_iitree and path_iitree indexes
[seqwish::transclosure] 37646.515 100.00% done
[seqwish::transclosure] 37647.106 done with transitive closures
[seqwish::compact] 37647.107 compacting nodes
[seqwish::compact] 38652.684 done compacting
[seqwish::compact] 38654.909 built node index
[seqwish::links] 38654.910 finding graph links
[seqwish::links] 40471.759 links derived
[seqwish::gfa] 40471.759 writing graph
[seqwish::gfa] 46114.365 done
	Command being timed: "/home/guarracino/tools/seqwish/bin/seqwish-ccfefb016fcfc9937817ce61dc06bbcf382be75e -t 48 -s /lizardfs/guarracino/seqwish-paper/hprc_plus/assemblies/HPRC_plus.fa.gz -p /lizardfs/guarracino/seqwish-paper/hprc_plus/alignment/HPRC_plus.s100k.l300k.p98.n90.k16.chunk_0.paf.gz,/lizardfs/guarracino/seqwish-paper/hprc_plus/alignment/HPRC_plus.s100k.l300k.p98.n90.k16.chunk_1.paf.gz,/lizardfs/guarracino/seqwish-paper/hprc_plus/alignment/HPRC_plus.s100k.l300k.p98.n90.k16.chunk_2.paf.gz,/lizardfs/guarracino/seqwish-paper/hprc_plus/alignment/HPRC_plus.s100k.l300k.p98.n90.k16.chunk_3.paf.gz,/lizardfs/guarracino/seqwish-paper/hprc_plus/alignment/HPRC_plus.s100k.l300k.p98.n90.k16.chunk_4.paf.gz -k 0 -B 50M -g HPRC_plus.s100k.l300k.p98.n90.k16.seqwish.k0.B50M.gfa -P"
	User time (seconds): 743924.78
	System time (seconds): 13139.96
	Percent of CPU this job got: 1640%
	Elapsed (wall clock) time (h:mm:ss or m:ss): 12:49:08
	Average shared text size (kbytes): 0
	Average unshared data size (kbytes): 0
	Average stack size (kbytes): 0
	Average total size (kbytes): 0
	Maximum resident set size (kbytes): 369867116
	Average resident set size (kbytes): 0
	Major (requiring I/O) page faults: 6346047
	Minor (reclaiming a frame) page faults: 5930041904
	Voluntary context switches: 1316997299
	Involuntary context switches: 580278031
	Swaps: 0
	File system inputs: 1131090512
	File system outputs: 8295708608
	Socket messages sent: 0
	Socket messages received: 0
	Signals delivered: 0
	Page size (bytes): 4096
	Exit status: 0
