octopus10
[seqwish::seqidx] 0.007 indexing sequences
[seqwish::seqidx] 851.849 index built
[seqwish::alignments] 851.850 processing alignments
[seqwish::alignments] 1678.023 indexing
[seqwish::alignments] 4512.757 index built
[seqwish::transclosure] 4512.759 computing transitive closures
[seqwish::transclosure] 4518.550 0.00% 0-50000000 overlap_collect
[seqwish::transclosure] 4545.712 0.00% 0-50000000 rank_build
[seqwish::transclosure] 4586.218 0.00% 0-50000000 parallel_union_find
[seqwish::transclosure] 4625.307 0.00% 0-50000000 dset_write
[seqwish::transclosure] 4641.686 0.00% 0-50000000 dset_compression
[seqwish::transclosure] 4652.187 0.00% 0-50000000 dset_sort
[seqwish::transclosure] 4656.889 0.00% 0-50000000 dset_invert
[seqwish::transclosure] 4663.847 0.00% 0-50000000 graph_emission
[seqwish::transclosure] 4672.911 1.67% 50000000-100000000 overlap_collect
[seqwish::transclosure] 4698.299 1.67% 50000000-100000000 rank_build
[seqwish::transclosure] 4738.443 1.67% 50000000-100000000 parallel_union_find
[seqwish::transclosure] 4779.077 1.67% 50000000-100000000 dset_write
[seqwish::transclosure] 4794.498 1.67% 50000000-100000000 dset_compression
[seqwish::transclosure] 4803.652 1.67% 50000000-100000000 dset_sort
[seqwish::transclosure] 4808.283 1.67% 50000000-100000000 dset_invert
[seqwish::transclosure] 4815.635 1.67% 50000000-100000000 graph_emission
[seqwish::transclosure] 5006.577 3.32% 100000000-150000000 overlap_collect
[seqwish::transclosure] 5032.353 3.32% 100000000-150000000 rank_build
[seqwish::transclosure] 5067.568 3.32% 100000000-150000000 parallel_union_find
[seqwish::transclosure] 5095.979 3.32% 100000000-150000000 dset_write
[seqwish::transclosure] 5103.920 3.32% 100000000-150000000 dset_compression
[seqwish::transclosure] 5110.868 3.32% 100000000-150000000 dset_sort
[seqwish::transclosure] 5114.096 3.32% 100000000-150000000 dset_invert
[seqwish::transclosure] 5118.678 3.32% 100000000-150000000 graph_emission
[seqwish::transclosure] 5317.073 4.41% 150000000-200000000 overlap_collect
[seqwish::transclosure] 5343.287 4.41% 150000000-200000000 rank_build
[seqwish::transclosure] 5385.737 4.41% 150000000-200000000 parallel_union_find
[seqwish::transclosure] 5424.381 4.41% 150000000-200000000 dset_write
[seqwish::transclosure] 5434.091 4.41% 150000000-200000000 dset_compression
[seqwish::transclosure] 5443.435 4.41% 150000000-200000000 dset_sort
[seqwish::transclosure] 5447.942 4.41% 150000000-200000000 dset_invert
[seqwish::transclosure] 5455.234 4.41% 150000000-200000000 graph_emission
[seqwish::transclosure] 5543.316 6.06% 200000000-250000000 overlap_collect
[seqwish::transclosure] 5572.364 6.06% 200000000-250000000 rank_build
[seqwish::transclosure] 5615.947 6.06% 200000000-250000000 parallel_union_find
[seqwish::transclosure] 5655.171 6.06% 200000000-250000000 dset_write
[seqwish::transclosure] 5665.684 6.06% 200000000-250000000 dset_compression
[seqwish::transclosure] 5674.473 6.06% 200000000-250000000 dset_sort
[seqwish::transclosure] 5679.037 6.06% 200000000-250000000 dset_invert
[seqwish::transclosure] 5685.906 6.06% 200000000-250000000 graph_emission
[seqwish::transclosure] 5858.148 7.71% 250000000-300000000 overlap_collect
[seqwish::transclosure] 5885.952 7.71% 250000000-300000000 rank_build
[seqwish::transclosure] 5925.351 7.71% 250000000-300000000 parallel_union_find
[seqwish::transclosure] 5964.747 7.71% 250000000-300000000 dset_write
[seqwish::transclosure] 5974.487 7.71% 250000000-300000000 dset_compression
[seqwish::transclosure] 5983.757 7.71% 250000000-300000000 dset_sort
[seqwish::transclosure] 5989.211 7.71% 250000000-300000000 dset_invert
[seqwish::transclosure] 5999.196 7.71% 250000000-300000000 graph_emission
[seqwish::transclosure] 6178.442 9.36% 300000000-350559015 overlap_collect
[seqwish::transclosure] 6204.110 9.36% 300000000-350559015 rank_build
[seqwish::transclosure] 6242.177 9.36% 300000000-350559015 parallel_union_find
[seqwish::transclosure] 6281.278 9.36% 300000000-350559015 dset_write
[seqwish::transclosure] 6290.976 9.36% 300000000-350559015 dset_compression
[seqwish::transclosure] 6299.035 9.36% 300000000-350559015 dset_sort
[seqwish::transclosure] 6303.408 9.36% 300000000-350559015 dset_invert
[seqwish::transclosure] 6309.002 9.36% 300000000-350559015 graph_emission
[seqwish::transclosure] 6495.267 10.93% 350559015-400559015 overlap_collect
[seqwish::transclosure] 6521.040 10.93% 350559015-400559015 rank_build
[seqwish::transclosure] 6565.499 10.93% 350559015-400559015 parallel_union_find
[seqwish::transclosure] 6606.336 10.93% 350559015-400559015 dset_write
[seqwish::transclosure] 6616.361 10.93% 350559015-400559015 dset_compression
[seqwish::transclosure] 6625.416 10.93% 350559015-400559015 dset_sort
[seqwish::transclosure] 6630.029 10.93% 350559015-400559015 dset_invert
[seqwish::transclosure] 6637.294 10.93% 350559015-400559015 graph_emission
[seqwish::transclosure] 6811.826 12.58% 400559015-450559015 overlap_collect
[seqwish::transclosure] 6836.380 12.58% 400559015-450559015 rank_build
[seqwish::transclosure] 6893.035 12.58% 400559015-450559015 parallel_union_find
[seqwish::transclosure] 6934.343 12.58% 400559015-450559015 dset_write
[seqwish::transclosure] 6945.276 12.58% 400559015-450559015 dset_compression
[seqwish::transclosure] 6957.352 12.58% 400559015-450559015 dset_sort
[seqwish::transclosure] 6961.979 12.58% 400559015-450559015 dset_invert
[seqwish::transclosure] 6968.382 12.58% 400559015-450559015 graph_emission
[seqwish::transclosure] 7141.476 14.24% 450559015-500559015 overlap_collect
[seqwish::transclosure] 7170.565 14.24% 450559015-500559015 rank_build
[seqwish::transclosure] 7215.377 14.24% 450559015-500559015 parallel_union_find
[seqwish::transclosure] 7253.956 14.24% 450559015-500559015 dset_write
[seqwish::transclosure] 7264.249 14.24% 450559015-500559015 dset_compression
[seqwish::transclosure] 7273.490 14.24% 450559015-500559015 dset_sort
[seqwish::transclosure] 7278.036 14.24% 450559015-500559015 dset_invert
[seqwish::transclosure] 7285.543 14.24% 450559015-500559015 graph_emission
[seqwish::transclosure] 7459.372 15.89% 500559015-550559015 overlap_collect
[seqwish::transclosure] 7484.684 15.89% 500559015-550559015 rank_build
[seqwish::transclosure] 7524.422 15.89% 500559015-550559015 parallel_union_find
[seqwish::transclosure] 7565.019 15.89% 500559015-550559015 dset_write
[seqwish::transclosure] 7575.102 15.89% 500559015-550559015 dset_compression
[seqwish::transclosure] 7584.405 15.89% 500559015-550559015 dset_sort
[seqwish::transclosure] 7591.766 15.89% 500559015-550559015 dset_invert
[seqwish::transclosure] 7600.925 15.89% 500559015-550559015 graph_emission
[seqwish::transclosure] 7773.225 17.54% 550559015-600559015 overlap_collect
[seqwish::transclosure] 7804.324 17.54% 550559015-600559015 rank_build
[seqwish::transclosure] 7848.826 17.54% 550559015-600559015 parallel_union_find
[seqwish::transclosure] 7886.350 17.54% 550559015-600559015 dset_write
[seqwish::transclosure] 7896.517 17.54% 550559015-600559015 dset_compression
[seqwish::transclosure] 7905.024 17.54% 550559015-600559015 dset_sort
[seqwish::transclosure] 7909.687 17.54% 550559015-600559015 dset_invert
[seqwish::transclosure] 7916.127 17.54% 550559015-600559015 graph_emission
[seqwish::transclosure] 8092.443 19.17% 600559015-650559015 overlap_collect
[seqwish::transclosure] 8117.900 19.17% 600559015-650559015 rank_build
[seqwish::transclosure] 8156.612 19.17% 600559015-650559015 parallel_union_find
[seqwish::transclosure] 8198.367 19.17% 600559015-650559015 dset_write
[seqwish::transclosure] 8208.159 19.17% 600559015-650559015 dset_compression
[seqwish::transclosure] 8217.178 19.17% 600559015-650559015 dset_sort
[seqwish::transclosure] 8221.703 19.17% 600559015-650559015 dset_invert
[seqwish::transclosure] 8229.158 19.17% 600559015-650559015 graph_emission
[seqwish::transclosure] 8430.443 20.82% 650559015-700653120 overlap_collect
[seqwish::transclosure] 8458.407 20.82% 650559015-700653120 rank_build
[seqwish::transclosure] 8502.144 20.82% 650559015-700653120 parallel_union_find
[seqwish::transclosure] 8540.938 20.82% 650559015-700653120 dset_write
[seqwish::transclosure] 8551.196 20.82% 650559015-700653120 dset_compression
[seqwish::transclosure] 8564.241 20.82% 650559015-700653120 dset_sort
[seqwish::transclosure] 8568.847 20.82% 650559015-700653120 dset_invert
[seqwish::transclosure] 8575.200 20.82% 650559015-700653120 graph_emission
[seqwish::transclosure] 8750.988 22.47% 700653120-750653120 overlap_collect
[seqwish::transclosure] 8774.656 22.47% 700653120-750653120 rank_build
[seqwish::transclosure] 8813.838 22.47% 700653120-750653120 parallel_union_find
[seqwish::transclosure] 8846.735 22.47% 700653120-750653120 dset_write
[seqwish::transclosure] 8857.755 22.47% 700653120-750653120 dset_compression
[seqwish::transclosure] 8867.075 22.47% 700653120-750653120 dset_sort
[seqwish::transclosure] 8871.410 22.47% 700653120-750653120 dset_invert
[seqwish::transclosure] 8878.192 22.47% 700653120-750653120 graph_emission
[seqwish::transclosure] 9067.228 23.99% 750653120-800653120 overlap_collect
[seqwish::transclosure] 9092.903 23.99% 750653120-800653120 rank_build
[seqwish::transclosure] 9135.156 23.99% 750653120-800653120 parallel_union_find
[seqwish::transclosure] 9174.297 23.99% 750653120-800653120 dset_write
[seqwish::transclosure] 9184.410 23.99% 750653120-800653120 dset_compression
[seqwish::transclosure] 9193.191 23.99% 750653120-800653120 dset_sort
[seqwish::transclosure] 9197.764 23.99% 750653120-800653120 dset_invert
[seqwish::transclosure] 9204.277 23.99% 750653120-800653120 graph_emission
[seqwish::transclosure] 9372.340 25.63% 800653120-850653120 overlap_collect
[seqwish::transclosure] 9398.363 25.63% 800653120-850653120 rank_build
[seqwish::transclosure] 9442.048 25.63% 800653120-850653120 parallel_union_find
[seqwish::transclosure] 9480.109 25.63% 800653120-850653120 dset_write
[seqwish::transclosure] 9489.952 25.63% 800653120-850653120 dset_compression
[seqwish::transclosure] 9499.351 25.63% 800653120-850653120 dset_sort
[seqwish::transclosure] 9503.927 25.63% 800653120-850653120 dset_invert
[seqwish::transclosure] 9511.500 25.63% 800653120-850653120 graph_emission
[seqwish::transclosure] 9684.205 27.29% 850653120-900653120 overlap_collect
[seqwish::transclosure] 9711.586 27.29% 850653120-900653120 rank_build
[seqwish::transclosure] 9754.348 27.29% 850653120-900653120 parallel_union_find
[seqwish::transclosure] 9790.673 27.29% 850653120-900653120 dset_write
[seqwish::transclosure] 9800.741 27.29% 850653120-900653120 dset_compression
[seqwish::transclosure] 9810.124 27.29% 850653120-900653120 dset_sort
[seqwish::transclosure] 9814.716 27.29% 850653120-900653120 dset_invert
[seqwish::transclosure] 9821.833 27.29% 850653120-900653120 graph_emission
[seqwish::transclosure] 9990.998 28.94% 900653120-950653120 overlap_collect
[seqwish::transclosure] 10015.510 28.94% 900653120-950653120 rank_build
[seqwish::transclosure] 10057.583 28.94% 900653120-950653120 parallel_union_find
[seqwish::transclosure] 10092.927 28.94% 900653120-950653120 dset_write
[seqwish::transclosure] 10102.000 28.94% 900653120-950653120 dset_compression
[seqwish::transclosure] 10110.285 28.94% 900653120-950653120 dset_sort
[seqwish::transclosure] 10114.553 28.94% 900653120-950653120 dset_invert
[seqwish::transclosure] 10121.141 28.94% 900653120-950653120 graph_emission
[seqwish::transclosure] 10308.024 30.48% 950653120-1000653120 overlap_collect
[seqwish::transclosure] 10333.045 30.48% 950653120-1000653120 rank_build
[seqwish::transclosure] 10372.536 30.48% 950653120-1000653120 parallel_union_find
[seqwish::transclosure] 10411.841 30.48% 950653120-1000653120 dset_write
[seqwish::transclosure] 10422.039 30.48% 950653120-1000653120 dset_compression
[seqwish::transclosure] 10431.558 30.48% 950653120-1000653120 dset_sort
[seqwish::transclosure] 10436.156 30.48% 950653120-1000653120 dset_invert
[seqwish::transclosure] 10443.550 30.48% 950653120-1000653120 graph_emission
[seqwish::transclosure] 10605.557 32.13% 1000653120-1050653120 overlap_collect
[seqwish::transclosure] 10630.765 32.13% 1000653120-1050653120 rank_build
[seqwish::transclosure] 10676.455 32.13% 1000653120-1050653120 parallel_union_find
[seqwish::transclosure] 10715.180 32.13% 1000653120-1050653120 dset_write
[seqwish::transclosure] 10725.100 32.13% 1000653120-1050653120 dset_compression
[seqwish::transclosure] 10734.355 32.13% 1000653120-1050653120 dset_sort
[seqwish::transclosure] 10738.907 32.13% 1000653120-1050653120 dset_invert
[seqwish::transclosure] 10746.135 32.13% 1000653120-1050653120 graph_emission
[seqwish::transclosure] 10925.525 33.78% 1050653120-1100746715 overlap_collect
[seqwish::transclosure] 10953.492 33.78% 1050653120-1100746715 rank_build
[seqwish::transclosure] 10995.966 33.78% 1050653120-1100746715 parallel_union_find
[seqwish::transclosure] 11034.828 33.78% 1050653120-1100746715 dset_write
[seqwish::transclosure] 11044.757 33.78% 1050653120-1100746715 dset_compression
[seqwish::transclosure] 11053.875 33.78% 1050653120-1100746715 dset_sort
[seqwish::transclosure] 11058.577 33.78% 1050653120-1100746715 dset_invert
[seqwish::transclosure] 11065.231 33.78% 1050653120-1100746715 graph_emission
[seqwish::transclosure] 11233.346 35.42% 1100746715-1150746715 overlap_collect
[seqwish::transclosure] 11258.145 35.42% 1100746715-1150746715 rank_build
[seqwish::transclosure] 11302.049 35.42% 1100746715-1150746715 parallel_union_find
[seqwish::transclosure] 11338.215 35.42% 1100746715-1150746715 dset_write
[seqwish::transclosure] 11347.210 35.42% 1100746715-1150746715 dset_compression
[seqwish::transclosure] 11356.185 35.42% 1100746715-1150746715 dset_sort
[seqwish::transclosure] 11360.646 35.42% 1100746715-1150746715 dset_invert
[seqwish::transclosure] 11367.516 35.42% 1100746715-1150746715 graph_emission
[seqwish::transclosure] 11548.536 37.02% 1150746715-1200746715 overlap_collect
[seqwish::transclosure] 11572.998 37.02% 1150746715-1200746715 rank_build
[seqwish::transclosure] 11615.366 37.02% 1150746715-1200746715 parallel_union_find
[seqwish::transclosure] 11653.738 37.02% 1150746715-1200746715 dset_write
[seqwish::transclosure] 11663.704 37.02% 1150746715-1200746715 dset_compression
[seqwish::transclosure] 11673.026 37.02% 1150746715-1200746715 dset_sort
[seqwish::transclosure] 11677.570 37.02% 1150746715-1200746715 dset_invert
[seqwish::transclosure] 11684.881 37.02% 1150746715-1200746715 graph_emission
[seqwish::transclosure] 11867.256 38.67% 1200746715-1250746715 overlap_collect
[seqwish::transclosure] 11895.665 38.67% 1200746715-1250746715 rank_build
[seqwish::transclosure] 11938.741 38.67% 1200746715-1250746715 parallel_union_find
[seqwish::transclosure] 11977.012 38.67% 1200746715-1250746715 dset_write
[seqwish::transclosure] 11987.233 38.67% 1200746715-1250746715 dset_compression
[seqwish::transclosure] 11996.316 38.67% 1200746715-1250746715 dset_sort
[seqwish::transclosure] 12000.908 38.67% 1200746715-1250746715 dset_invert
[seqwish::transclosure] 12007.938 38.67% 1200746715-1250746715 graph_emission
[seqwish::transclosure] 12173.995 40.32% 1250746715-1300746715 overlap_collect
[seqwish::transclosure] 12203.147 40.32% 1250746715-1300746715 rank_build
[seqwish::transclosure] 12246.978 40.32% 1250746715-1300746715 parallel_union_find
[seqwish::transclosure] 12285.340 40.32% 1250746715-1300746715 dset_write
[seqwish::transclosure] 12295.807 40.32% 1250746715-1300746715 dset_compression
[seqwish::transclosure] 12304.447 40.32% 1250746715-1300746715 dset_sort
[seqwish::transclosure] 12309.209 40.32% 1250746715-1300746715 dset_invert
[seqwish::transclosure] 12315.822 40.32% 1250746715-1300746715 graph_emission
[seqwish::transclosure] 12498.178 41.99% 1300746866-1353498988 overlap_collect
[seqwish::transclosure] 12523.425 41.99% 1300746866-1353498988 rank_build
[seqwish::transclosure] 12563.703 41.99% 1300746866-1353498988 parallel_union_find
[seqwish::transclosure] 12601.615 41.99% 1300746866-1353498988 dset_write
[seqwish::transclosure] 12611.720 41.99% 1300746866-1353498988 dset_compression
[seqwish::transclosure] 12620.971 41.99% 1300746866-1353498988 dset_sort
[seqwish::transclosure] 12625.862 41.99% 1300746866-1353498988 dset_invert
[seqwish::transclosure] 12632.272 41.99% 1300746866-1353498988 graph_emission
[seqwish::transclosure] 12826.345 43.63% 1353498988-1403498988 overlap_collect
[seqwish::transclosure] 12852.205 43.63% 1353498988-1403498988 rank_build
[seqwish::transclosure] 12895.547 43.63% 1353498988-1403498988 parallel_union_find
[seqwish::transclosure] 12933.734 43.63% 1353498988-1403498988 dset_write
[seqwish::transclosure] 12943.806 43.63% 1353498988-1403498988 dset_compression
[seqwish::transclosure] 12953.054 43.63% 1353498988-1403498988 dset_sort
[seqwish::transclosure] 12957.715 43.63% 1353498988-1403498988 dset_invert
[seqwish::transclosure] 12965.085 43.63% 1353498988-1403498988 graph_emission
[seqwish::transclosure] 13137.721 45.28% 1403498988-1453498988 overlap_collect
[seqwish::transclosure] 13167.201 45.28% 1403498988-1453498988 rank_build
[seqwish::transclosure] 13209.894 45.28% 1403498988-1453498988 parallel_union_find
[seqwish::transclosure] 13246.879 45.28% 1403498988-1453498988 dset_write
[seqwish::transclosure] 13256.622 45.28% 1403498988-1453498988 dset_compression
[seqwish::transclosure] 13265.405 45.28% 1403498988-1453498988 dset_sort
[seqwish::transclosure] 13269.928 45.28% 1403498988-1453498988 dset_invert
[seqwish::transclosure] 13276.642 45.28% 1403498988-1453498988 graph_emission
[seqwish::transclosure] 13452.609 46.88% 1453498988-1503498988 overlap_collect
[seqwish::transclosure] 13476.748 46.88% 1453498988-1503498988 rank_build
[seqwish::transclosure] 13519.819 46.88% 1453498988-1503498988 parallel_union_find
[seqwish::transclosure] 13558.025 46.88% 1453498988-1503498988 dset_write
[seqwish::transclosure] 13567.881 46.88% 1453498988-1503498988 dset_compression
[seqwish::transclosure] 13577.056 46.88% 1453498988-1503498988 dset_sort
[seqwish::transclosure] 13581.631 46.88% 1453498988-1503498988 dset_invert
[seqwish::transclosure] 13588.912 46.88% 1453498988-1503498988 graph_emission
[seqwish::transclosure] 13767.038 48.53% 1503498988-1553498988 overlap_collect
[seqwish::transclosure] 13794.425 48.53% 1503498988-1553498988 rank_build
[seqwish::transclosure] 13837.962 48.53% 1503498988-1553498988 parallel_union_find
[seqwish::transclosure] 13876.778 48.53% 1503498988-1553498988 dset_write
[seqwish::transclosure] 13886.971 48.53% 1503498988-1553498988 dset_compression
[seqwish::transclosure] 13895.744 48.53% 1503498988-1553498988 dset_sort
[seqwish::transclosure] 13900.408 48.53% 1503498988-1553498988 dset_invert
[seqwish::transclosure] 13907.429 48.53% 1503498988-1553498988 graph_emission
[seqwish::transclosure] 14086.711 50.18% 1553498988-1603498988 overlap_collect
[seqwish::transclosure] 14127.380 50.18% 1553498988-1603498988 rank_build
[seqwish::transclosure] 14169.539 50.18% 1553498988-1603498988 parallel_union_find
[seqwish::transclosure] 14207.941 50.18% 1553498988-1603498988 dset_write
[seqwish::transclosure] 14216.426 50.18% 1553498988-1603498988 dset_compression
[seqwish::transclosure] 14224.420 50.18% 1553498988-1603498988 dset_sort
[seqwish::transclosure] 14228.590 50.18% 1553498988-1603498988 dset_invert
[seqwish::transclosure] 14234.780 50.18% 1553498988-1603498988 graph_emission
[seqwish::transclosure] 14404.015 51.61% 1603498988-1656776696 overlap_collect
[seqwish::transclosure] 14423.100 51.61% 1603498988-1656776696 rank_build
[seqwish::transclosure] 14459.598 51.61% 1603498988-1656776696 parallel_union_find
[seqwish::transclosure] 14483.707 51.61% 1603498988-1656776696 dset_write
[seqwish::transclosure] 14490.148 51.61% 1603498988-1656776696 dset_compression
[seqwish::transclosure] 14496.089 51.61% 1603498988-1656776696 dset_sort
[seqwish::transclosure] 14499.170 51.61% 1603498988-1656776696 dset_invert
[seqwish::transclosure] 14503.206 51.61% 1603498988-1656776696 graph_emission
[seqwish::transclosure] 14696.267 52.65% 1656776696-1706824863 overlap_collect
[seqwish::transclosure] 14723.317 52.65% 1656776696-1706824863 rank_build
[seqwish::transclosure] 14761.822 52.65% 1656776696-1706824863 parallel_union_find
[seqwish::transclosure] 14801.315 52.65% 1656776696-1706824863 dset_write
[seqwish::transclosure] 14811.502 52.65% 1656776696-1706824863 dset_compression
[seqwish::transclosure] 14820.596 52.65% 1656776696-1706824863 dset_sort
[seqwish::transclosure] 14825.291 52.65% 1656776696-1706824863 dset_invert
[seqwish::transclosure] 14831.963 52.65% 1656776696-1706824863 graph_emission
[seqwish::transclosure] 14915.217 54.30% 1706824863-1756824863 overlap_collect
[seqwish::transclosure] 14943.241 54.30% 1706824863-1756824863 rank_build
[seqwish::transclosure] 14980.846 54.30% 1706824863-1756824863 parallel_union_find
[seqwish::transclosure] 15021.197 54.30% 1706824863-1756824863 dset_write
[seqwish::transclosure] 15031.118 54.30% 1706824863-1756824863 dset_compression
[seqwish::transclosure] 15039.219 54.30% 1706824863-1756824863 dset_sort
[seqwish::transclosure] 15043.679 54.30% 1706824863-1756824863 dset_invert
[seqwish::transclosure] 15049.819 54.30% 1706824863-1756824863 graph_emission
[seqwish::transclosure] 15233.656 55.86% 1756824863-1806824863 overlap_collect
[seqwish::transclosure] 15258.835 55.86% 1756824863-1806824863 rank_build
[seqwish::transclosure] 15299.368 55.86% 1756824863-1806824863 parallel_union_find
[seqwish::transclosure] 15339.109 55.86% 1756824863-1806824863 dset_write
[seqwish::transclosure] 15349.407 55.86% 1756824863-1806824863 dset_compression
[seqwish::transclosure] 15358.895 55.86% 1756824863-1806824863 dset_sort
[seqwish::transclosure] 15363.468 55.86% 1756824863-1806824863 dset_invert
[seqwish::transclosure] 15371.051 55.86% 1756824863-1806824863 graph_emission
[seqwish::transclosure] 15531.401 57.51% 1806824863-1857072887 overlap_collect
[seqwish::transclosure] 15557.959 57.51% 1806824863-1857072887 rank_build
[seqwish::transclosure] 15597.280 57.51% 1806824863-1857072887 parallel_union_find
[seqwish::transclosure] 15635.203 57.51% 1806824863-1857072887 dset_write
[seqwish::transclosure] 15645.616 57.51% 1806824863-1857072887 dset_compression
[seqwish::transclosure] 15656.106 57.51% 1806824863-1857072887 dset_sort
[seqwish::transclosure] 15660.746 57.51% 1806824863-1857072887 dset_invert
[seqwish::transclosure] 15666.685 57.51% 1806824863-1857072887 graph_emission
[seqwish::transclosure] 15845.108 59.16% 1857072887-1907072887 overlap_collect
[seqwish::transclosure] 15868.570 59.16% 1857072887-1907072887 rank_build
[seqwish::transclosure] 15910.538 59.16% 1857072887-1907072887 parallel_union_find
[seqwish::transclosure] 15945.936 59.16% 1857072887-1907072887 dset_write
[seqwish::transclosure] 15955.533 59.16% 1857072887-1907072887 dset_compression
[seqwish::transclosure] 15964.164 59.16% 1857072887-1907072887 dset_sort
[seqwish::transclosure] 15968.439 59.16% 1857072887-1907072887 dset_invert
[seqwish::transclosure] 15975.200 59.16% 1857072887-1907072887 graph_emission
[seqwish::transclosure] 16157.544 60.70% 1907072887-1957072887 overlap_collect
[seqwish::transclosure] 16182.959 60.70% 1907072887-1957072887 rank_build
[seqwish::transclosure] 16223.807 60.70% 1907072887-1957072887 parallel_union_find
[seqwish::transclosure] 16261.784 60.70% 1907072887-1957072887 dset_write
[seqwish::transclosure] 16272.809 60.70% 1907072887-1957072887 dset_compression
[seqwish::transclosure] 16281.797 60.70% 1907072887-1957072887 dset_sort
[seqwish::transclosure] 16286.471 60.70% 1907072887-1957072887 dset_invert
[seqwish::transclosure] 16294.157 60.70% 1907072887-1957072887 graph_emission
[seqwish::transclosure] 16447.049 62.35% 1957072887-2007072887 overlap_collect
[seqwish::transclosure] 16472.326 62.35% 1957072887-2007072887 rank_build
[seqwish::transclosure] 16513.033 62.35% 1957072887-2007072887 parallel_union_find
[seqwish::transclosure] 16548.895 62.35% 1957072887-2007072887 dset_write
[seqwish::transclosure] 16558.526 62.35% 1957072887-2007072887 dset_compression
[seqwish::transclosure] 16567.122 62.35% 1957072887-2007072887 dset_sort
[seqwish::transclosure] 16571.487 62.35% 1957072887-2007072887 dset_invert
[seqwish::transclosure] 16578.458 62.35% 1957072887-2007072887 graph_emission
[seqwish::transclosure] 16756.792 63.93% 2007072887-2057072887 overlap_collect
[seqwish::transclosure] 16782.000 63.93% 2007072887-2057072887 rank_build
[seqwish::transclosure] 16825.912 63.93% 2007072887-2057072887 parallel_union_find
[seqwish::transclosure] 16866.808 63.93% 2007072887-2057072887 dset_write
[seqwish::transclosure] 16877.228 63.93% 2007072887-2057072887 dset_compression
[seqwish::transclosure] 16886.282 63.93% 2007072887-2057072887 dset_sort
[seqwish::transclosure] 16891.098 63.93% 2007072887-2057072887 dset_invert
[seqwish::transclosure] 16897.913 63.93% 2007072887-2057072887 graph_emission
[seqwish::transclosure] 17067.118 65.58% 2057072887-2107489651 overlap_collect
[seqwish::transclosure] 17107.410 65.58% 2057072887-2107489651 rank_build
[seqwish::transclosure] 17151.620 65.58% 2057072887-2107489651 parallel_union_find
[seqwish::transclosure] 17193.874 65.58% 2057072887-2107489651 dset_write
[seqwish::transclosure] 17204.256 65.58% 2057072887-2107489651 dset_compression
[seqwish::transclosure] 17212.986 65.58% 2057072887-2107489651 dset_sort
[seqwish::transclosure] 17217.861 65.58% 2057072887-2107489651 dset_invert
[seqwish::transclosure] 17224.048 65.58% 2057072887-2107489651 graph_emission
[seqwish::transclosure] 17389.116 67.23% 2107489651-2158354038 overlap_collect
[seqwish::transclosure] 17427.832 67.23% 2107489651-2158354038 rank_build
[seqwish::transclosure] 17468.300 67.23% 2107489651-2158354038 parallel_union_find
[seqwish::transclosure] 17509.353 67.23% 2107489651-2158354038 dset_write
[seqwish::transclosure] 17519.979 67.23% 2107489651-2158354038 dset_compression
[seqwish::transclosure] 17529.450 67.23% 2107489651-2158354038 dset_sort
[seqwish::transclosure] 17534.426 67.23% 2107489651-2158354038 dset_invert
[seqwish::transclosure] 17540.958 67.23% 2107489651-2158354038 graph_emission
[seqwish::transclosure] 17764.905 68.95% 2158354038-2208354038 overlap_collect
[seqwish::transclosure] 17791.110 68.95% 2158354038-2208354038 rank_build
[seqwish::transclosure] 17834.877 68.95% 2158354038-2208354038 parallel_union_find
[seqwish::transclosure] 17874.316 68.95% 2158354038-2208354038 dset_write
[seqwish::transclosure] 17884.247 68.95% 2158354038-2208354038 dset_compression
[seqwish::transclosure] 17893.138 68.95% 2158354038-2208354038 dset_sort
[seqwish::transclosure] 17898.908 68.95% 2158354038-2208354038 dset_invert
[seqwish::transclosure] 17908.884 68.95% 2158354038-2208354038 graph_emission
[seqwish::transclosure] 18142.025 70.60% 2208354038-2262833208 overlap_collect
[seqwish::transclosure] 18186.555 70.60% 2208354038-2262833208 rank_build
[seqwish::transclosure] 18231.061 70.60% 2208354038-2262833208 parallel_union_find
[seqwish::transclosure] 18271.483 70.60% 2208354038-2262833208 dset_write
[seqwish::transclosure] 18282.216 70.60% 2208354038-2262833208 dset_compression
[seqwish::transclosure] 18293.062 70.60% 2208354038-2262833208 dset_sort
[seqwish::transclosure] 18297.907 70.60% 2208354038-2262833208 dset_invert
[seqwish::transclosure] 18304.381 70.60% 2208354038-2262833208 graph_emission
[seqwish::transclosure] 18458.266 72.30% 2262833208-2312833208 overlap_collect
[seqwish::transclosure] 18483.747 72.30% 2262833208-2312833208 rank_build
[seqwish::transclosure] 18523.235 72.30% 2262833208-2312833208 parallel_union_find
[seqwish::transclosure] 18562.460 72.30% 2262833208-2312833208 dset_write
[seqwish::transclosure] 18573.392 72.30% 2262833208-2312833208 dset_compression
[seqwish::transclosure] 18583.836 72.30% 2262833208-2312833208 dset_sort
[seqwish::transclosure] 18588.485 72.30% 2262833208-2312833208 dset_invert
[seqwish::transclosure] 18595.151 72.30% 2262833208-2312833208 graph_emission
[seqwish::transclosure] 18812.607 73.95% 2312833208-2366842899 overlap_collect
[seqwish::transclosure] 18841.496 73.95% 2312833208-2366842899 rank_build
[seqwish::transclosure] 18889.534 73.95% 2312833208-2366842899 parallel_union_find
[seqwish::transclosure] 18922.002 73.95% 2312833208-2366842899 dset_write
[seqwish::transclosure] 18930.284 73.95% 2312833208-2366842899 dset_compression
[seqwish::transclosure] 18938.178 73.95% 2312833208-2366842899 dset_sort
[seqwish::transclosure] 18942.271 73.95% 2312833208-2366842899 dset_invert
[seqwish::transclosure] 18948.448 73.95% 2312833208-2366842899 graph_emission
[seqwish::transclosure] 19114.760 75.33% 2366842899-2416842899 overlap_collect
[seqwish::transclosure] 19142.306 75.33% 2366842899-2416842899 rank_build
[seqwish::transclosure] 19181.057 75.33% 2366842899-2416842899 parallel_union_find
[seqwish::transclosure] 19220.267 75.33% 2366842899-2416842899 dset_write
[seqwish::transclosure] 19230.523 75.33% 2366842899-2416842899 dset_compression
[seqwish::transclosure] 19239.647 75.33% 2366842899-2416842899 dset_sort
[seqwish::transclosure] 19244.180 75.33% 2366842899-2416842899 dset_invert
[seqwish::transclosure] 19251.060 75.33% 2366842899-2416842899 graph_emission
[seqwish::transclosure] 19413.221 76.98% 2416842899-2466842899 overlap_collect
[seqwish::transclosure] 19437.010 76.98% 2416842899-2466842899 rank_build
[seqwish::transclosure] 19478.195 76.98% 2416842899-2466842899 parallel_union_find
[seqwish::transclosure] 19506.822 76.98% 2416842899-2466842899 dset_write
[seqwish::transclosure] 19514.664 76.98% 2416842899-2466842899 dset_compression
[seqwish::transclosure] 19522.302 76.98% 2416842899-2466842899 dset_sort
[seqwish::transclosure] 19526.316 76.98% 2416842899-2466842899 dset_invert
[seqwish::transclosure] 19532.191 76.98% 2416842899-2466842899 graph_emission
[seqwish::transclosure] 19716.921 78.34% 2466842899-2517635776 overlap_collect
[seqwish::transclosure] 19744.838 78.34% 2466842899-2517635776 rank_build
[seqwish::transclosure] 19785.299 78.34% 2466842899-2517635776 parallel_union_find
[seqwish::transclosure] 19825.654 78.34% 2466842899-2517635776 dset_write
[seqwish::transclosure] 19835.618 78.34% 2466842899-2517635776 dset_compression
[seqwish::transclosure] 19844.755 78.34% 2466842899-2517635776 dset_sort
[seqwish::transclosure] 19849.313 78.34% 2466842899-2517635776 dset_invert
[seqwish::transclosure] 19856.071 78.34% 2466842899-2517635776 graph_emission
[seqwish::transclosure] 20021.583 79.98% 2517635776-2567635776 overlap_collect
[seqwish::transclosure] 20044.811 79.98% 2517635776-2567635776 rank_build
[seqwish::transclosure] 20087.294 79.98% 2517635776-2567635776 parallel_union_find
[seqwish::transclosure] 20122.408 79.98% 2517635776-2567635776 dset_write
[seqwish::transclosure] 20132.081 79.98% 2517635776-2567635776 dset_compression
[seqwish::transclosure] 20140.201 79.98% 2517635776-2567635776 dset_sort
[seqwish::transclosure] 20144.737 79.98% 2517635776-2567635776 dset_invert
[seqwish::transclosure] 20150.794 79.98% 2517635776-2567635776 graph_emission
[seqwish::transclosure] 20335.939 81.57% 2567635776-2617635776 overlap_collect
[seqwish::transclosure] 20360.170 81.57% 2567635776-2617635776 rank_build
[seqwish::transclosure] 20403.199 81.57% 2567635776-2617635776 parallel_union_find
[seqwish::transclosure] 20438.678 81.57% 2567635776-2617635776 dset_write
[seqwish::transclosure] 20447.705 81.57% 2567635776-2617635776 dset_compression
[seqwish::transclosure] 20456.296 81.57% 2567635776-2617635776 dset_sort
[seqwish::transclosure] 20460.554 81.57% 2567635776-2617635776 dset_invert
[seqwish::transclosure] 20467.124 81.57% 2567635776-2617635776 graph_emission
[seqwish::transclosure] 20663.788 83.09% 2617635776-2667635776 overlap_collect
[seqwish::transclosure] 20688.854 83.09% 2617635776-2667635776 rank_build
[seqwish::transclosure] 20732.094 83.09% 2617635776-2667635776 parallel_union_find
[seqwish::transclosure] 20771.476 83.09% 2617635776-2667635776 dset_write
[seqwish::transclosure] 20782.019 83.09% 2617635776-2667635776 dset_compression
[seqwish::transclosure] 20790.354 83.09% 2617635776-2667635776 dset_sort
[seqwish::transclosure] 20794.991 83.09% 2617635776-2667635776 dset_invert
[seqwish::transclosure] 20801.389 83.09% 2617635776-2667635776 graph_emission
[seqwish::transclosure] 20974.613 84.74% 2667635776-2717825856 overlap_collect
[seqwish::transclosure] 20998.818 84.74% 2667635776-2717825856 rank_build
[seqwish::transclosure] 21040.020 84.74% 2667635776-2717825856 parallel_union_find
[seqwish::transclosure] 21073.642 84.74% 2667635776-2717825856 dset_write
[seqwish::transclosure] 21082.626 84.74% 2667635776-2717825856 dset_compression
[seqwish::transclosure] 21091.139 84.74% 2667635776-2717825856 dset_sort
[seqwish::transclosure] 21095.352 84.74% 2667635776-2717825856 dset_invert
[seqwish::transclosure] 21101.299 84.74% 2667635776-2717825856 graph_emission
[seqwish::transclosure] 21289.494 86.25% 2717825856-2767825856 overlap_collect
[seqwish::transclosure] 21315.180 86.25% 2717825856-2767825856 rank_build
[seqwish::transclosure] 21359.160 86.25% 2717825856-2767825856 parallel_union_find
[seqwish::transclosure] 21395.555 86.25% 2717825856-2767825856 dset_write
[seqwish::transclosure] 21405.384 86.25% 2717825856-2767825856 dset_compression
[seqwish::transclosure] 21413.589 86.25% 2717825856-2767825856 dset_sort
[seqwish::transclosure] 21417.991 86.25% 2717825856-2767825856 dset_invert
[seqwish::transclosure] 21424.371 86.25% 2717825856-2767825856 graph_emission
[seqwish::transclosure] 21595.274 87.83% 2767825856-2824969492 overlap_collect
[seqwish::transclosure] 21620.373 87.83% 2767825856-2824969492 rank_build
[seqwish::transclosure] 21673.264 87.83% 2767825856-2824969492 parallel_union_find
[seqwish::transclosure] 21708.925 87.83% 2767825856-2824969492 dset_write
[seqwish::transclosure] 21718.866 87.83% 2767825856-2824969492 dset_compression
[seqwish::transclosure] 21729.198 87.83% 2767825856-2824969492 dset_sort
[seqwish::transclosure] 21733.577 87.83% 2767825856-2824969492 dset_invert
[seqwish::transclosure] 21739.353 87.83% 2767825856-2824969492 graph_emission
[seqwish::transclosure] 21914.620 89.35% 2824969492-2881865463 overlap_collect
[seqwish::transclosure] 21943.251 89.35% 2824969492-2881865463 rank_build
[seqwish::transclosure] 21985.114 89.35% 2824969492-2881865463 parallel_union_find
[seqwish::transclosure] 22017.289 89.35% 2824969492-2881865463 dset_write
[seqwish::transclosure] 22026.023 89.35% 2824969492-2881865463 dset_compression
[seqwish::transclosure] 22034.142 89.35% 2824969492-2881865463 dset_sort
[seqwish::transclosure] 22038.163 89.35% 2824969492-2881865463 dset_invert
[seqwish::transclosure] 22044.012 89.35% 2824969492-2881865463 graph_emission
[seqwish::transclosure] 22206.771 90.79% 2881865463-2931865463 overlap_collect
[seqwish::transclosure] 22226.748 90.79% 2881865463-2931865463 rank_build
[seqwish::transclosure] 22264.282 90.79% 2881865463-2931865463 parallel_union_find
[seqwish::transclosure] 22293.755 90.79% 2881865463-2931865463 dset_write
[seqwish::transclosure] 22303.169 90.79% 2881865463-2931865463 dset_compression
[seqwish::transclosure] 22310.905 90.79% 2881865463-2931865463 dset_sort
[seqwish::transclosure] 22314.786 90.79% 2881865463-2931865463 dset_invert
[seqwish::transclosure] 22320.580 90.79% 2881865463-2931865463 graph_emission
[seqwish::transclosure] 22495.336 92.23% 2931865463-2981865463 overlap_collect
[seqwish::transclosure] 22509.312 92.23% 2931865463-2981865463 rank_build
[seqwish::transclosure] 22547.612 92.23% 2931865463-2981865463 parallel_union_find
[seqwish::transclosure] 22571.333 92.23% 2931865463-2981865463 dset_write
[seqwish::transclosure] 22583.028 92.23% 2931865463-2981865463 dset_compression
[seqwish::transclosure] 22590.163 92.23% 2931865463-2981865463 dset_sort
[seqwish::transclosure] 22593.425 92.23% 2931865463-2981865463 dset_invert
[seqwish::transclosure] 22599.129 92.23% 2931865463-2981865463 graph_emission
[seqwish::transclosure] 22776.186 93.49% 2981865463-3031865463 overlap_collect
[seqwish::transclosure] 22792.560 93.49% 2981865463-3031865463 rank_build
[seqwish::transclosure] 22829.259 93.49% 2981865463-3031865463 parallel_union_find
[seqwish::transclosure] 22855.456 93.49% 2981865463-3031865463 dset_write
[seqwish::transclosure] 22864.331 93.49% 2981865463-3031865463 dset_compression
[seqwish::transclosure] 22871.921 93.49% 2981865463-3031865463 dset_sort
[seqwish::transclosure] 22875.453 93.49% 2981865463-3031865463 dset_invert
[seqwish::transclosure] 22881.963 93.49% 2981865463-3031865463 graph_emission
[seqwish::transclosure] 23026.251 94.81% 3031865463-3397869639 overlap_collect
[seqwish::transclosure] 23061.096 94.81% 3031865463-3397869639 rank_build
[seqwish::transclosure] 23092.194 94.81% 3031865463-3397869639 parallel_union_find
[seqwish::transclosure] 23103.255 94.81% 3031865463-3397869639 dset_write
[seqwish::transclosure] 23107.871 94.81% 3031865463-3397869639 dset_compression
[seqwish::transclosure] 23111.431 94.81% 3031865463-3397869639 dset_sort
[seqwish::transclosure] 23113.217 94.81% 3031865463-3397869639 dset_invert
[seqwish::transclosure] 23115.794 94.81% 3031865463-3397869639 graph_emission
[seqwish::transclosure] 23268.339 95.46% 3397869639-4914745482 overlap_collect
[seqwish::transclosure] 23392.971 95.46% 3397869639-4914745482 rank_build
[seqwish::transclosure] 23417.506 95.46% 3397869639-4914745482 parallel_union_find
[seqwish::transclosure] 23419.976 95.46% 3397869639-4914745482 dset_write
[seqwish::transclosure] 23421.120 95.46% 3397869639-4914745482 dset_compression
[seqwish::transclosure] 23422.063 95.46% 3397869639-4914745482 dset_sort
[seqwish::transclosure] 23422.776 95.46% 3397869639-4914745482 dset_invert
[seqwish::transclosure] 23423.656 95.46% 3397869639-4914745482 graph_emission
[seqwish::transclosure] 23432.093 95.63% 4914745482-5357618883 overlap_collect
[seqwish::transclosure] 23470.381 95.63% 4914745482-5357618883 rank_build
[seqwish::transclosure] 23494.666 95.63% 4914745482-5357618883 parallel_union_find
[seqwish::transclosure] 23495.339 95.63% 4914745482-5357618883 dset_write
[seqwish::transclosure] 23495.825 95.63% 4914745482-5357618883 dset_compression
[seqwish::transclosure] 23496.201 95.63% 4914745482-5357618883 dset_sort
[seqwish::transclosure] 23496.690 95.63% 4914745482-5357618883 dset_invert
[seqwish::transclosure] 23497.095 95.63% 4914745482-5357618883 graph_emission
[seqwish::transclosure] 23504.248 95.71% 5357618883-5837504486 overlap_collect
[seqwish::transclosure] 23545.892 95.71% 5357618883-5837504486 rank_build
[seqwish::transclosure] 23569.477 95.71% 5357618883-5837504486 parallel_union_find
[seqwish::transclosure] 23570.165 95.71% 5357618883-5837504486 dset_write
[seqwish::transclosure] 23570.647 95.71% 5357618883-5837504486 dset_compression
[seqwish::transclosure] 23571.031 95.71% 5357618883-5837504486 dset_sort
[seqwish::transclosure] 23571.532 95.71% 5357618883-5837504486 dset_invert
[seqwish::transclosure] 23571.995 95.71% 5357618883-5837504486 graph_emission
[seqwish::transclosure] 23577.768 95.79% 5837504486-6109794394 overlap_collect
[seqwish::transclosure] 23592.139 95.79% 5837504486-6109794394 rank_build
[seqwish::transclosure] 23617.387 95.79% 5837504486-6109794394 parallel_union_find
[seqwish::transclosure] 23618.606 95.79% 5837504486-6109794394 dset_write
[seqwish::transclosure] 23619.771 95.79% 5837504486-6109794394 dset_compression
[seqwish::transclosure] 23620.781 95.79% 5837504486-6109794394 dset_sort
[seqwish::transclosure] 23621.486 95.79% 5837504486-6109794394 dset_invert
[seqwish::transclosure] 23622.365 95.79% 5837504486-6109794394 graph_emission
[seqwish::transclosure] 23629.863 95.99% 6109794394-7361829395 overlap_collect
[seqwish::transclosure] 23659.157 95.99% 6109794394-7361829395 rank_build
[seqwish::transclosure] 23683.398 95.99% 6109794394-7361829395 parallel_union_find
[seqwish::transclosure] 23684.137 95.99% 6109794394-7361829395 dset_write
[seqwish::transclosure] 23684.975 95.99% 6109794394-7361829395 dset_compression
[seqwish::transclosure] 23685.493 95.99% 6109794394-7361829395 dset_sort
[seqwish::transclosure] 23686.039 95.99% 6109794394-7361829395 dset_invert
[seqwish::transclosure] 23686.582 95.99% 6109794394-7361829395 graph_emission
[seqwish::transclosure] 23695.743 96.10% 7361829395-8976253174 overlap_collect
[seqwish::transclosure] 23738.602 96.10% 7361829395-8976253174 rank_build
[seqwish::transclosure] 23763.738 96.10% 7361829395-8976253174 parallel_union_find
[seqwish::transclosure] 23764.783 96.10% 7361829395-8976253174 dset_write
[seqwish::transclosure] 23765.888 96.10% 7361829395-8976253174 dset_compression
[seqwish::transclosure] 23766.835 96.10% 7361829395-8976253174 dset_sort
[seqwish::transclosure] 23767.561 96.10% 7361829395-8976253174 dset_invert
[seqwish::transclosure] 23768.438 96.10% 7361829395-8976253174 graph_emission
[seqwish::transclosure] 23777.210 96.28% 8976253174-9894780112 overlap_collect
[seqwish::transclosure] 23789.892 96.28% 8976253174-9894780112 rank_build
[seqwish::transclosure] 23814.217 96.28% 8976253174-9894780112 parallel_union_find
[seqwish::transclosure] 23814.787 96.28% 8976253174-9894780112 dset_write
[seqwish::transclosure] 23815.522 96.28% 8976253174-9894780112 dset_compression
[seqwish::transclosure] 23816.122 96.28% 8976253174-9894780112 dset_sort
[seqwish::transclosure] 23816.676 96.28% 8976253174-9894780112 dset_invert
[seqwish::transclosure] 23817.300 96.28% 8976253174-9894780112 graph_emission
[seqwish::transclosure] 23825.574 96.41% 9894780112-11301073392 overlap_collect
[seqwish::transclosure] 23843.474 96.41% 9894780112-11301073392 rank_build
[seqwish::transclosure] 23867.696 96.41% 9894780112-11301073392 parallel_union_find
[seqwish::transclosure] 23868.215 96.41% 9894780112-11301073392 dset_write
[seqwish::transclosure] 23869.017 96.41% 9894780112-11301073392 dset_compression
[seqwish::transclosure] 23869.657 96.41% 9894780112-11301073392 dset_sort
[seqwish::transclosure] 23870.284 96.41% 9894780112-11301073392 dset_invert
[seqwish::transclosure] 23870.941 96.41% 9894780112-11301073392 graph_emission
[seqwish::transclosure] 23879.124 96.54% 11301073392-12120105421 overlap_collect
[seqwish::transclosure] 23890.231 96.54% 11301073392-12120105421 rank_build
[seqwish::transclosure] 23915.245 96.54% 11301073392-12120105421 parallel_union_find
[seqwish::transclosure] 23915.848 96.54% 11301073392-12120105421 dset_write
[seqwish::transclosure] 23916.683 96.54% 11301073392-12120105421 dset_compression
[seqwish::transclosure] 23917.387 96.54% 11301073392-12120105421 dset_sort
[seqwish::transclosure] 23918.073 96.54% 11301073392-12120105421 dset_invert
[seqwish::transclosure] 23918.792 96.54% 11301073392-12120105421 graph_emission
[seqwish::transclosure] 23928.496 96.68% 12120105421-14705120248 overlap_collect
[seqwish::transclosure] 23951.122 96.68% 12120105421-14705120248 rank_build
[seqwish::transclosure] 23975.353 96.68% 12120105421-14705120248 parallel_union_find
[seqwish::transclosure] 23975.737 96.68% 12120105421-14705120248 dset_write
[seqwish::transclosure] 23976.299 96.68% 12120105421-14705120248 dset_compression
[seqwish::transclosure] 23976.757 96.68% 12120105421-14705120248 dset_sort
[seqwish::transclosure] 23977.241 96.68% 12120105421-14705120248 dset_invert
[seqwish::transclosure] 23977.761 96.68% 12120105421-14705120248 graph_emission
[seqwish::transclosure] 23989.138 96.77% 14705120248-16505906565 overlap_collect
[seqwish::transclosure] 24000.994 96.77% 14705120248-16505906565 rank_build
[seqwish::transclosure] 24024.578 96.77% 14705120248-16505906565 parallel_union_find
[seqwish::transclosure] 24024.861 96.77% 14705120248-16505906565 dset_write
[seqwish::transclosure] 24025.378 96.77% 14705120248-16505906565 dset_compression
[seqwish::transclosure] 24025.783 96.77% 14705120248-16505906565 dset_sort
[seqwish::transclosure] 24026.228 96.77% 14705120248-16505906565 dset_invert
[seqwish::transclosure] 24026.689 96.77% 14705120248-16505906565 graph_emission
[seqwish::transclosure] 24035.836 96.85% 16505906565-17930626705 overlap_collect
[seqwish::transclosure] 24044.114 96.85% 16505906565-17930626705 rank_build
[seqwish::transclosure] 24067.941 96.85% 16505906565-17930626705 parallel_union_find
[seqwish::transclosure] 24068.240 96.85% 16505906565-17930626705 dset_write
[seqwish::transclosure] 24068.820 96.85% 16505906565-17930626705 dset_compression
[seqwish::transclosure] 24069.319 96.85% 16505906565-17930626705 dset_sort
[seqwish::transclosure] 24069.854 96.85% 16505906565-17930626705 dset_invert
[seqwish::transclosure] 24070.377 96.85% 16505906565-17930626705 graph_emission
[seqwish::transclosure] 24078.156 96.95% 17930626705-18549519778 overlap_collect
[seqwish::transclosure] 24081.350 96.95% 17930626705-18549519778 rank_build
[seqwish::transclosure] 24105.772 96.95% 17930626705-18549519778 parallel_union_find
[seqwish::transclosure] 24105.873 96.95% 17930626705-18549519778 dset_write
[seqwish::transclosure] 24106.281 96.95% 17930626705-18549519778 dset_compression
[seqwish::transclosure] 24106.600 96.95% 17930626705-18549519778 dset_sort
[seqwish::transclosure] 24107.054 96.95% 17930626705-18549519778 dset_invert
[seqwish::transclosure] 24107.495 96.95% 17930626705-18549519778 graph_emission
[seqwish::transclosure] 24116.787 97.01% 18549520158-21025529338 overlap_collect
[seqwish::transclosure] 24128.928 97.01% 18549520158-21025529338 rank_build
[seqwish::transclosure] 24153.598 97.01% 18549520158-21025529338 parallel_union_find
[seqwish::transclosure] 24153.829 97.01% 18549520158-21025529338 dset_write
[seqwish::transclosure] 24154.282 97.01% 18549520158-21025529338 dset_compression
[seqwish::transclosure] 24154.662 97.01% 18549520158-21025529338 dset_sort
[seqwish::transclosure] 24155.112 97.01% 18549520158-21025529338 dset_invert
[seqwish::transclosure] 24155.580 97.01% 18549520158-21025529338 graph_emission
[seqwish::transclosure] 24168.020 97.09% 21025529338-23973416740 overlap_collect
[seqwish::transclosure] 24180.379 97.09% 21025529338-23973416740 rank_build
[seqwish::transclosure] 24204.245 97.09% 21025529338-23973416740 parallel_union_find
[seqwish::transclosure] 24204.389 97.09% 21025529338-23973416740 dset_write
[seqwish::transclosure] 24204.789 97.09% 21025529338-23973416740 dset_compression
[seqwish::transclosure] 24205.135 97.09% 21025529338-23973416740 dset_sort
[seqwish::transclosure] 24205.589 97.09% 21025529338-23973416740 dset_invert
[seqwish::transclosure] 24206.013 97.09% 21025529338-23973416740 graph_emission
[seqwish::transclosure] 24215.370 97.16% 23973416740-24390740100 overlap_collect
[seqwish::transclosure] 24217.437 97.16% 23973416740-24390740100 rank_build
[seqwish::transclosure] 24240.919 97.16% 23973416740-24390740100 parallel_union_find
[seqwish::transclosure] 24240.984 97.16% 23973416740-24390740100 dset_write
[seqwish::transclosure] 24241.353 97.16% 23973416740-24390740100 dset_compression
[seqwish::transclosure] 24241.658 97.16% 23973416740-24390740100 dset_sort
[seqwish::transclosure] 24242.093 97.16% 23973416740-24390740100 dset_invert
[seqwish::transclosure] 24242.518 97.16% 23973416740-24390740100 graph_emission
[seqwish::transclosure] 24250.865 97.22% 24390740100-26637295020 overlap_collect
[seqwish::transclosure] 24262.573 97.22% 24390740100-26637295020 rank_build
[seqwish::transclosure] 24286.265 97.22% 24390740100-26637295020 parallel_union_find
[seqwish::transclosure] 24286.429 97.22% 24390740100-26637295020 dset_write
[seqwish::transclosure] 24286.912 97.22% 24390740100-26637295020 dset_compression
[seqwish::transclosure] 24287.313 97.22% 24390740100-26637295020 dset_sort
[seqwish::transclosure] 24287.757 97.22% 24390740100-26637295020 dset_invert
[seqwish::transclosure] 24288.225 97.22% 24390740100-26637295020 graph_emission
[seqwish::transclosure] 24297.036 97.30% 26637295020-27233341662 overlap_collect
[seqwish::transclosure] 24300.504 97.30% 26637295020-27233341662 rank_build
[seqwish::transclosure] 24324.662 97.30% 26637295020-27233341662 parallel_union_find
[seqwish::transclosure] 24324.798 97.30% 26637295020-27233341662 dset_write
[seqwish::transclosure] 24325.246 97.30% 26637295020-27233341662 dset_compression
[seqwish::transclosure] 24325.598 97.30% 26637295020-27233341662 dset_sort
[seqwish::transclosure] 24326.058 97.30% 26637295020-27233341662 dset_invert
[seqwish::transclosure] 24326.498 97.30% 26637295020-27233341662 graph_emission
[seqwish::transclosure] 24335.240 97.37% 27233341662-29513895214 overlap_collect
[seqwish::transclosure] 24343.688 97.37% 27233341662-29513895214 rank_build
[seqwish::transclosure] 24367.382 97.37% 27233341662-29513895214 parallel_union_find
[seqwish::transclosure] 24367.482 97.37% 27233341662-29513895214 dset_write
[seqwish::transclosure] 24367.809 97.37% 27233341662-29513895214 dset_compression
[seqwish::transclosure] 24368.051 97.37% 27233341662-29513895214 dset_sort
[seqwish::transclosure] 24368.455 97.37% 27233341662-29513895214 dset_invert
[seqwish::transclosure] 24368.827 97.37% 27233341662-29513895214 graph_emission
[seqwish::transclosure] 24378.349 97.43% 29513895214-30813805059 overlap_collect
[seqwish::transclosure] 24383.521 97.43% 29513895214-30813805059 rank_build
[seqwish::transclosure] 24407.416 97.43% 29513895214-30813805059 parallel_union_find
[seqwish::transclosure] 24407.528 97.43% 29513895214-30813805059 dset_write
[seqwish::transclosure] 24407.933 97.43% 29513895214-30813805059 dset_compression
[seqwish::transclosure] 24408.250 97.43% 29513895214-30813805059 dset_sort
[seqwish::transclosure] 24408.692 97.43% 29513895214-30813805059 dset_invert
[seqwish::transclosure] 24409.127 97.43% 29513895214-30813805059 graph_emission
[seqwish::transclosure] 24418.745 97.49% 30813805059-33007837855 overlap_collect
[seqwish::transclosure] 24427.519 97.49% 30813805059-33007837855 rank_build
[seqwish::transclosure] 24450.978 97.49% 30813805059-33007837855 parallel_union_find
[seqwish::transclosure] 24451.090 97.49% 30813805059-33007837855 dset_write
[seqwish::transclosure] 24451.459 97.49% 30813805059-33007837855 dset_compression
[seqwish::transclosure] 24451.764 97.49% 30813805059-33007837855 dset_sort
[seqwish::transclosure] 24452.207 97.49% 30813805059-33007837855 dset_invert
[seqwish::transclosure] 24452.606 97.49% 30813805059-33007837855 graph_emission
[seqwish::transclosure] 24462.362 97.55% 33007837855-34418891124 overlap_collect
[seqwish::transclosure] 24467.934 97.55% 33007837855-34418891124 rank_build
[seqwish::transclosure] 24491.349 97.55% 33007837855-34418891124 parallel_union_find
[seqwish::transclosure] 24491.458 97.55% 33007837855-34418891124 dset_write
[seqwish::transclosure] 24491.860 97.55% 33007837855-34418891124 dset_compression
[seqwish::transclosure] 24492.168 97.55% 33007837855-34418891124 dset_sort
[seqwish::transclosure] 24492.613 97.55% 33007837855-34418891124 dset_invert
[seqwish::transclosure] 24493.050 97.55% 33007837855-34418891124 graph_emission
[seqwish::transclosure] 24501.911 97.62% 34418891124-36046762055 overlap_collect
[seqwish::transclosure] 24507.978 97.62% 34418891124-36046762055 rank_build
[seqwish::transclosure] 24531.672 97.62% 34418891124-36046762055 parallel_union_find
[seqwish::transclosure] 24531.755 97.62% 34418891124-36046762055 dset_write
[seqwish::transclosure] 24532.083 97.62% 34418891124-36046762055 dset_compression
[seqwish::transclosure] 24532.356 97.62% 34418891124-36046762055 dset_sort
[seqwish::transclosure] 24532.770 97.62% 34418891124-36046762055 dset_invert
[seqwish::transclosure] 24533.182 97.62% 34418891124-36046762055 graph_emission
[seqwish::transclosure] 24542.472 97.68% 36046762055-37783748879 overlap_collect
[seqwish::transclosure] 24548.865 97.68% 36046762055-37783748879 rank_build
[seqwish::transclosure] 24572.667 97.68% 36046762055-37783748879 parallel_union_find
[seqwish::transclosure] 24572.774 97.68% 36046762055-37783748879 dset_write
[seqwish::transclosure] 24573.178 97.68% 36046762055-37783748879 dset_compression
[seqwish::transclosure] 24573.491 97.68% 36046762055-37783748879 dset_sort
[seqwish::transclosure] 24573.946 97.68% 36046762055-37783748879 dset_invert
[seqwish::transclosure] 24574.396 97.68% 36046762055-37783748879 graph_emission
[seqwish::transclosure] 24583.491 97.74% 37783748879-39313133996 overlap_collect
[seqwish::transclosure] 24589.211 97.74% 37783748879-39313133996 rank_build
[seqwish::transclosure] 24612.774 97.74% 37783748879-39313133996 parallel_union_find
[seqwish::transclosure] 24612.861 97.74% 37783748879-39313133996 dset_write
[seqwish::transclosure] 24613.236 97.74% 37783748879-39313133996 dset_compression
[seqwish::transclosure] 24613.543 97.74% 37783748879-39313133996 dset_sort
[seqwish::transclosure] 24613.985 97.74% 37783748879-39313133996 dset_invert
[seqwish::transclosure] 24614.405 97.74% 37783748879-39313133996 graph_emission
[seqwish::transclosure] 24624.321 97.81% 39313133996-41325970406 overlap_collect
[seqwish::transclosure] 24631.178 97.81% 39313133996-41325970406 rank_build
[seqwish::transclosure] 24656.834 97.81% 39313133996-41325970406 parallel_union_find
[seqwish::transclosure] 24656.993 97.81% 39313133996-41325970406 dset_write
[seqwish::transclosure] 24657.434 97.81% 39313133996-41325970406 dset_compression
[seqwish::transclosure] 24657.785 97.81% 39313133996-41325970406 dset_sort
[seqwish::transclosure] 24658.231 97.81% 39313133996-41325970406 dset_invert
[seqwish::transclosure] 24658.658 97.81% 39313133996-41325970406 graph_emission
[seqwish::transclosure] 24667.207 97.88% 41325970406-42024644231 overlap_collect
[seqwish::transclosure] 24669.881 97.88% 41325970406-42024644231 rank_build
[seqwish::transclosure] 24693.308 97.88% 41325970406-42024644231 parallel_union_find
[seqwish::transclosure] 24693.370 97.88% 41325970406-42024644231 dset_write
[seqwish::transclosure] 24693.708 97.88% 41325970406-42024644231 dset_compression
[seqwish::transclosure] 24693.992 97.88% 41325970406-42024644231 dset_sort
[seqwish::transclosure] 24694.441 97.88% 41325970406-42024644231 dset_invert
[seqwish::transclosure] 24694.836 97.88% 41325970406-42024644231 graph_emission
[seqwish::transclosure] 24703.024 97.93% 42024644231-43884664903 overlap_collect
[seqwish::transclosure] 24708.832 97.93% 42024644231-43884664903 rank_build
[seqwish::transclosure] 24731.952 97.93% 42024644231-43884664903 parallel_union_find
[seqwish::transclosure] 24731.997 97.93% 42024644231-43884664903 dset_write
[seqwish::transclosure] 24732.326 97.93% 42024644231-43884664903 dset_compression
[seqwish::transclosure] 24732.595 97.93% 42024644231-43884664903 dset_sort
[seqwish::transclosure] 24733.024 97.93% 42024644231-43884664903 dset_invert
[seqwish::transclosure] 24733.401 97.93% 42024644231-43884664903 graph_emission
[seqwish::transclosure] 24744.199 97.99% 43884664903-46450717973 overlap_collect
[seqwish::transclosure] 24752.135 97.99% 43884664903-46450717973 rank_build
[seqwish::transclosure] 24775.595 97.99% 43884664903-46450717973 parallel_union_find
[seqwish::transclosure] 24775.642 97.99% 43884664903-46450717973 dset_write
[seqwish::transclosure] 24775.953 97.99% 43884664903-46450717973 dset_compression
[seqwish::transclosure] 24776.214 97.99% 43884664903-46450717973 dset_sort
[seqwish::transclosure] 24776.669 97.99% 43884664903-46450717973 dset_invert
[seqwish::transclosure] 24777.059 97.99% 43884664903-46450717973 graph_emission
[seqwish::transclosure] 24787.735 98.04% 46450717973-48103382024 overlap_collect
[seqwish::transclosure] 24792.793 98.04% 46450717973-48103382024 rank_build
[seqwish::transclosure] 24816.048 98.04% 46450717973-48103382024 parallel_union_find
[seqwish::transclosure] 24816.082 98.04% 46450717973-48103382024 dset_write
[seqwish::transclosure] 24816.375 98.04% 46450717973-48103382024 dset_compression
[seqwish::transclosure] 24816.594 98.04% 46450717973-48103382024 dset_sort
[seqwish::transclosure] 24817.010 98.04% 46450717973-48103382024 dset_invert
[seqwish::transclosure] 24817.356 98.04% 46450717973-48103382024 graph_emission
[seqwish::transclosure] 24827.940 98.09% 48103382024-50571598645 overlap_collect
[seqwish::transclosure] 24836.024 98.09% 48103382024-50571598645 rank_build
[seqwish::transclosure] 24859.726 98.09% 48103382024-50571598645 parallel_union_find
[seqwish::transclosure] 24859.829 98.09% 48103382024-50571598645 dset_write
[seqwish::transclosure] 24860.207 98.09% 48103382024-50571598645 dset_compression
[seqwish::transclosure] 24860.515 98.09% 48103382024-50571598645 dset_sort
[seqwish::transclosure] 24860.967 98.09% 48103382024-50571598645 dset_invert
[seqwish::transclosure] 24861.378 98.09% 48103382024-50571598645 graph_emission
[seqwish::transclosure] 24871.985 98.15% 50571598645-52410529658 overlap_collect
[seqwish::transclosure] 24877.991 98.15% 50571598645-52410529658 rank_build
[seqwish::transclosure] 24902.033 98.15% 50571598645-52410529658 parallel_union_find
[seqwish::transclosure] 24902.083 98.15% 50571598645-52410529658 dset_write
[seqwish::transclosure] 24902.410 98.15% 50571598645-52410529658 dset_compression
[seqwish::transclosure] 24902.661 98.15% 50571598645-52410529658 dset_sort
[seqwish::transclosure] 24903.098 98.15% 50571598645-52410529658 dset_invert
[seqwish::transclosure] 24903.485 98.15% 50571598645-52410529658 graph_emission
[seqwish::transclosure] 24912.518 98.21% 52410529658-53803058293 overlap_collect
[seqwish::transclosure] 24917.124 98.21% 52410529658-53803058293 rank_build
[seqwish::transclosure] 24940.513 98.21% 52410529658-53803058293 parallel_union_find
[seqwish::transclosure] 24940.547 98.21% 52410529658-53803058293 dset_write
[seqwish::transclosure] 24940.852 98.21% 52410529658-53803058293 dset_compression
[seqwish::transclosure] 24941.083 98.21% 52410529658-53803058293 dset_sort
[seqwish::transclosure] 24941.502 98.21% 52410529658-53803058293 dset_invert
[seqwish::transclosure] 24941.868 98.21% 52410529658-53803058293 graph_emission
[seqwish::transclosure] 24949.204 98.26% 53803058293-54448623124 overlap_collect
[seqwish::transclosure] 24951.437 98.26% 53803058293-54448623124 rank_build
[seqwish::transclosure] 24975.215 98.26% 53803058293-54448623124 parallel_union_find
[seqwish::transclosure] 24975.264 98.26% 53803058293-54448623124 dset_write
[seqwish::transclosure] 24975.577 98.26% 53803058293-54448623124 dset_compression
[seqwish::transclosure] 24975.802 98.26% 53803058293-54448623124 dset_sort
[seqwish::transclosure] 24976.224 98.26% 53803058293-54448623124 dset_invert
[seqwish::transclosure] 24976.592 98.26% 53803058293-54448623124 graph_emission
[seqwish::transclosure] 24985.583 98.31% 54448623124-56929217074 overlap_collect
[seqwish::transclosure] 24993.357 98.31% 54448623124-56929217074 rank_build
[seqwish::transclosure] 25016.942 98.31% 54448623124-56929217074 parallel_union_find
[seqwish::transclosure] 25017.092 98.31% 54448623124-56929217074 dset_write
[seqwish::transclosure] 25017.415 98.31% 54448623124-56929217074 dset_compression
[seqwish::transclosure] 25017.665 98.31% 54448623124-56929217074 dset_sort
[seqwish::transclosure] 25018.084 98.31% 54448623124-56929217074 dset_invert
[seqwish::transclosure] 25018.478 98.31% 54448623124-56929217074 graph_emission
[seqwish::transclosure] 25028.925 98.36% 56929217074-58609151756 overlap_collect
[seqwish::transclosure] 25034.266 98.36% 56929217074-58609151756 rank_build
[seqwish::transclosure] 25057.628 98.36% 56929217074-58609151756 parallel_union_find
[seqwish::transclosure] 25057.681 98.36% 56929217074-58609151756 dset_write
[seqwish::transclosure] 25057.993 98.36% 56929217074-58609151756 dset_compression
[seqwish::transclosure] 25058.245 98.36% 56929217074-58609151756 dset_sort
[seqwish::transclosure] 25058.672 98.36% 56929217074-58609151756 dset_invert
[seqwish::transclosure] 25059.039 98.36% 56929217074-58609151756 graph_emission
[seqwish::transclosure] 25068.031 98.41% 58609151756-59940190033 overlap_collect
[seqwish::transclosure] 25072.302 98.41% 58609151756-59940190033 rank_build
[seqwish::transclosure] 25095.799 98.41% 58609151756-59940190033 parallel_union_find
[seqwish::transclosure] 25095.843 98.41% 58609151756-59940190033 dset_write
[seqwish::transclosure] 25096.144 98.41% 58609151756-59940190033 dset_compression
[seqwish::transclosure] 25096.383 98.41% 58609151756-59940190033 dset_sort
[seqwish::transclosure] 25096.823 98.41% 58609151756-59940190033 dset_invert
[seqwish::transclosure] 25097.200 98.41% 58609151756-59940190033 graph_emission
[seqwish::transclosure] 25105.880 98.46% 59940190033-61480454025 overlap_collect
[seqwish::transclosure] 25110.670 98.46% 59940190033-61480454025 rank_build
[seqwish::transclosure] 25134.524 98.46% 59940190033-61480454025 parallel_union_find
[seqwish::transclosure] 25134.560 98.46% 59940190033-61480454025 dset_write
[seqwish::transclosure] 25134.851 98.46% 59940190033-61480454025 dset_compression
[seqwish::transclosure] 25135.083 98.46% 59940190033-61480454025 dset_sort
[seqwish::transclosure] 25135.494 98.46% 59940190033-61480454025 dset_invert
[seqwish::transclosure] 25135.853 98.46% 59940190033-61480454025 graph_emission
[seqwish::transclosure] 25144.465 98.51% 61480454025-62904123075 overlap_collect
[seqwish::transclosure] 25149.034 98.51% 61480454025-62904123075 rank_build
[seqwish::transclosure] 25172.344 98.51% 61480454025-62904123075 parallel_union_find
[seqwish::transclosure] 25172.383 98.51% 61480454025-62904123075 dset_write
[seqwish::transclosure] 25172.703 98.51% 61480454025-62904123075 dset_compression
[seqwish::transclosure] 25172.948 98.51% 61480454025-62904123075 dset_sort
[seqwish::transclosure] 25173.385 98.51% 61480454025-62904123075 dset_invert
[seqwish::transclosure] 25173.767 98.51% 61480454025-62904123075 graph_emission
[seqwish::transclosure] 25183.052 98.56% 62904123075-64800457592 overlap_collect
[seqwish::transclosure] 25189.012 98.56% 62904123075-64800457592 rank_build
[seqwish::transclosure] 25212.676 98.56% 62904123075-64800457592 parallel_union_find
[seqwish::transclosure] 25212.755 98.56% 62904123075-64800457592 dset_write
[seqwish::transclosure] 25213.116 98.56% 62904123075-64800457592 dset_compression
[seqwish::transclosure] 25213.390 98.56% 62904123075-64800457592 dset_sort
[seqwish::transclosure] 25213.844 98.56% 62904123075-64800457592 dset_invert
[seqwish::transclosure] 25214.253 98.56% 62904123075-64800457592 graph_emission
[seqwish::transclosure] 25223.396 98.62% 64800457592-66056345376 overlap_collect
[seqwish::transclosure] 25227.467 98.62% 64800457592-66056345376 rank_build
[seqwish::transclosure] 25250.685 98.62% 64800457592-66056345376 parallel_union_find
[seqwish::transclosure] 25250.722 98.62% 64800457592-66056345376 dset_write
[seqwish::transclosure] 25251.002 98.62% 64800457592-66056345376 dset_compression
[seqwish::transclosure] 25251.233 98.62% 64800457592-66056345376 dset_sort
[seqwish::transclosure] 25251.647 98.62% 64800457592-66056345376 dset_invert
[seqwish::transclosure] 25251.992 98.62% 64800457592-66056345376 graph_emission
[seqwish::transclosure] 25259.232 98.67% 66056345376-66735158833 overlap_collect
[seqwish::transclosure] 25261.507 98.67% 66056345376-66735158833 rank_build
[seqwish::transclosure] 25285.232 98.67% 66056345376-66735158833 parallel_union_find
[seqwish::transclosure] 25285.305 98.67% 66056345376-66735158833 dset_write
[seqwish::transclosure] 25285.627 98.67% 66056345376-66735158833 dset_compression
[seqwish::transclosure] 25285.892 98.67% 66056345376-66735158833 dset_sort
[seqwish::transclosure] 25286.305 98.67% 66056345376-66735158833 dset_invert
[seqwish::transclosure] 25286.667 98.67% 66056345376-66735158833 graph_emission
[seqwish::transclosure] 25295.475 98.72% 66735158833-69130957472 overlap_collect
[seqwish::transclosure] 25302.830 98.72% 66735158833-69130957472 rank_build
[seqwish::transclosure] 25326.236 98.72% 66735158833-69130957472 parallel_union_find
[seqwish::transclosure] 25326.274 98.72% 66735158833-69130957472 dset_write
[seqwish::transclosure] 25326.563 98.72% 66735158833-69130957472 dset_compression
[seqwish::transclosure] 25326.797 98.72% 66735158833-69130957472 dset_sort
[seqwish::transclosure] 25327.215 98.72% 66735158833-69130957472 dset_invert
[seqwish::transclosure] 25327.571 98.72% 66735158833-69130957472 graph_emission
[seqwish::transclosure] 25338.292 98.77% 69130957472-71135368668 overlap_collect
[seqwish::transclosure] 25344.425 98.77% 69130957472-71135368668 rank_build
[seqwish::transclosure] 25369.918 98.77% 69130957472-71135368668 parallel_union_find
[seqwish::transclosure] 25369.982 98.77% 69130957472-71135368668 dset_write
[seqwish::transclosure] 25370.260 98.77% 69130957472-71135368668 dset_compression
[seqwish::transclosure] 25370.475 98.77% 69130957472-71135368668 dset_sort
[seqwish::transclosure] 25370.865 98.77% 69130957472-71135368668 dset_invert
[seqwish::transclosure] 25371.202 98.77% 69130957472-71135368668 graph_emission
[seqwish::transclosure] 25380.323 98.82% 71135368668-72481670423 overlap_collect
[seqwish::transclosure] 25384.602 98.82% 71135368668-72481670423 rank_build
[seqwish::transclosure] 25407.865 98.82% 71135368668-72481670423 parallel_union_find
[seqwish::transclosure] 25407.913 98.82% 71135368668-72481670423 dset_write
[seqwish::transclosure] 25408.212 98.82% 71135368668-72481670423 dset_compression
[seqwish::transclosure] 25408.461 98.82% 71135368668-72481670423 dset_sort
[seqwish::transclosure] 25408.874 98.82% 71135368668-72481670423 dset_invert
[seqwish::transclosure] 25409.252 98.82% 71135368668-72481670423 graph_emission
[seqwish::transclosure] 25418.181 98.87% 72481670423-74114810894 overlap_collect
[seqwish::transclosure] 25423.151 98.87% 72481670423-74114810894 rank_build
[seqwish::transclosure] 25446.552 98.87% 72481670423-74114810894 parallel_union_find
[seqwish::transclosure] 25446.595 98.87% 72481670423-74114810894 dset_write
[seqwish::transclosure] 25446.892 98.87% 72481670423-74114810894 dset_compression
[seqwish::transclosure] 25447.123 98.87% 72481670423-74114810894 dset_sort
[seqwish::transclosure] 25447.536 98.87% 72481670423-74114810894 dset_invert
[seqwish::transclosure] 25447.902 98.87% 72481670423-74114810894 graph_emission
[seqwish::transclosure] 25456.205 98.92% 74114810894-75260040900 overlap_collect
[seqwish::transclosure] 25459.870 98.92% 74114810894-75260040900 rank_build
[seqwish::transclosure] 25483.631 98.92% 74114810894-75260040900 parallel_union_find
[seqwish::transclosure] 25483.717 98.92% 74114810894-75260040900 dset_write
[seqwish::transclosure] 25484.054 98.92% 74114810894-75260040900 dset_compression
[seqwish::transclosure] 25484.326 98.92% 74114810894-75260040900 dset_sort
[seqwish::transclosure] 25484.776 98.92% 74114810894-75260040900 dset_invert
[seqwish::transclosure] 25485.173 98.92% 74114810894-75260040900 graph_emission
[seqwish::transclosure] 25492.825 98.98% 75260040900-76307470102 overlap_collect
[seqwish::transclosure] 25496.124 98.98% 75260040900-76307470102 rank_build
[seqwish::transclosure] 25519.675 98.98% 75260040900-76307470102 parallel_union_find
[seqwish::transclosure] 25519.713 98.98% 75260040900-76307470102 dset_write
[seqwish::transclosure] 25520.005 98.98% 75260040900-76307470102 dset_compression
[seqwish::transclosure] 25520.236 98.98% 75260040900-76307470102 dset_sort
[seqwish::transclosure] 25520.637 98.98% 75260040900-76307470102 dset_invert
[seqwish::transclosure] 25520.996 98.98% 75260040900-76307470102 graph_emission
[seqwish::transclosure] 25529.542 99.03% 76307470102-78177860191 overlap_collect
[seqwish::transclosure] 25535.156 99.03% 76307470102-78177860191 rank_build
[seqwish::transclosure] 25558.536 99.03% 76307470102-78177860191 parallel_union_find
[seqwish::transclosure] 25558.583 99.03% 76307470102-78177860191 dset_write
[seqwish::transclosure] 25558.875 99.03% 76307470102-78177860191 dset_compression
[seqwish::transclosure] 25559.130 99.03% 76307470102-78177860191 dset_sort
[seqwish::transclosure] 25559.542 99.03% 76307470102-78177860191 dset_invert
[seqwish::transclosure] 25559.897 99.03% 76307470102-78177860191 graph_emission
[seqwish::transclosure] 25569.651 99.08% 78177860191-80067337564 overlap_collect
[seqwish::transclosure] 25575.412 99.08% 78177860191-80067337564 rank_build
[seqwish::transclosure] 25599.140 99.08% 78177860191-80067337564 parallel_union_find
[seqwish::transclosure] 25599.166 99.08% 78177860191-80067337564 dset_write
[seqwish::transclosure] 25599.436 99.08% 78177860191-80067337564 dset_compression
[seqwish::transclosure] 25599.641 99.08% 78177860191-80067337564 dset_sort
[seqwish::transclosure] 25600.056 99.08% 78177860191-80067337564 dset_invert
[seqwish::transclosure] 25600.378 99.08% 78177860191-80067337564 graph_emission
[seqwish::transclosure] 25609.459 99.12% 80067337564-81520985949 overlap_collect
[seqwish::transclosure] 25614.053 99.12% 80067337564-81520985949 rank_build
[seqwish::transclosure] 25637.421 99.12% 80067337564-81520985949 parallel_union_find
[seqwish::transclosure] 25637.477 99.12% 80067337564-81520985949 dset_write
[seqwish::transclosure] 25637.766 99.12% 80067337564-81520985949 dset_compression
[seqwish::transclosure] 25637.989 99.12% 80067337564-81520985949 dset_sort
[seqwish::transclosure] 25638.422 99.12% 80067337564-81520985949 dset_invert
[seqwish::transclosure] 25638.747 99.12% 80067337564-81520985949 graph_emission
[seqwish::transclosure] 25648.942 99.17% 81520985949-83974165602 overlap_collect
[seqwish::transclosure] 25656.301 99.17% 81520985949-83974165602 rank_build
[seqwish::transclosure] 25680.650 99.17% 81520985949-83974165602 parallel_union_find
[seqwish::transclosure] 25680.664 99.17% 81520985949-83974165602 dset_write
[seqwish::transclosure] 25680.923 99.17% 81520985949-83974165602 dset_compression
[seqwish::transclosure] 25681.130 99.17% 81520985949-83974165602 dset_sort
[seqwish::transclosure] 25681.538 99.17% 81520985949-83974165602 dset_invert
[seqwish::transclosure] 25681.898 99.17% 81520985949-83974165602 graph_emission
[seqwish::transclosure] 25693.489 99.22% 83974165602-86331721295 overlap_collect
[seqwish::transclosure] 25700.562 99.22% 83974165602-86331721295 rank_build
[seqwish::transclosure] 25724.238 99.22% 83974165602-86331721295 parallel_union_find
[seqwish::transclosure] 25724.264 99.22% 83974165602-86331721295 dset_write
[seqwish::transclosure] 25724.542 99.22% 83974165602-86331721295 dset_compression
[seqwish::transclosure] 25724.771 99.22% 83974165602-86331721295 dset_sort
[seqwish::transclosure] 25725.195 99.22% 83974165602-86331721295 dset_invert
[seqwish::transclosure] 25725.551 99.22% 83974165602-86331721295 graph_emission
[seqwish::transclosure] 25734.988 99.27% 86331721295-87384058585 overlap_collect
[seqwish::transclosure] 25738.298 99.27% 86331721295-87384058585 rank_build
[seqwish::transclosure] 25761.851 99.27% 86331721295-87384058585 parallel_union_find
[seqwish::transclosure] 25761.903 99.27% 86331721295-87384058585 dset_write
[seqwish::transclosure] 25762.193 99.27% 86331721295-87384058585 dset_compression
[seqwish::transclosure] 25762.425 99.27% 86331721295-87384058585 dset_sort
[seqwish::transclosure] 25762.869 99.27% 86331721295-87384058585 dset_invert
[seqwish::transclosure] 25763.203 99.27% 86331721295-87384058585 graph_emission
[seqwish::transclosure] 25773.051 99.31% 87384058585-89958332263 overlap_collect
[seqwish::transclosure] 25780.749 99.31% 87384058585-89958332263 rank_build
[seqwish::transclosure] 25804.019 99.31% 87384058585-89958332263 parallel_union_find
[seqwish::transclosure] 25804.044 99.31% 87384058585-89958332263 dset_write
[seqwish::transclosure] 25804.312 99.31% 87384058585-89958332263 dset_compression
[seqwish::transclosure] 25804.514 99.31% 87384058585-89958332263 dset_sort
[seqwish::transclosure] 25804.911 99.31% 87384058585-89958332263 dset_invert
[seqwish::transclosure] 25805.234 99.31% 87384058585-89958332263 graph_emission
[seqwish::transclosure] 25814.892 99.36% 89958332263-91029472389 overlap_collect
[seqwish::transclosure] 25818.355 99.36% 89958332263-91029472389 rank_build
[seqwish::transclosure] 25841.682 99.36% 89958332263-91029472389 parallel_union_find
[seqwish::transclosure] 25841.833 99.36% 89958332263-91029472389 dset_write
[seqwish::transclosure] 25842.110 99.36% 89958332263-91029472389 dset_compression
[seqwish::transclosure] 25842.325 99.36% 89958332263-91029472389 dset_sort
[seqwish::transclosure] 25842.735 99.36% 89958332263-91029472389 dset_invert
[seqwish::transclosure] 25843.052 99.36% 89958332263-91029472389 graph_emission
[seqwish::transclosure] 25852.106 99.41% 91029472389-93127444693 overlap_collect
[seqwish::transclosure] 25858.480 99.41% 91029472389-93127444693 rank_build
[seqwish::transclosure] 25881.623 99.41% 91029472389-93127444693 parallel_union_find
[seqwish::transclosure] 25881.693 99.41% 91029472389-93127444693 dset_write
[seqwish::transclosure] 25882.004 99.41% 91029472389-93127444693 dset_compression
[seqwish::transclosure] 25882.262 99.41% 91029472389-93127444693 dset_sort
[seqwish::transclosure] 25882.675 99.41% 91029472389-93127444693 dset_invert
[seqwish::transclosure] 25883.024 99.41% 91029472389-93127444693 graph_emission
[seqwish::transclosure] 25892.734 99.46% 93127444693-94696236755 overlap_collect
[seqwish::transclosure] 25897.623 99.46% 93127444693-94696236755 rank_build
[seqwish::transclosure] 25921.077 99.46% 93127444693-94696236755 parallel_union_find
[seqwish::transclosure] 25921.154 99.46% 93127444693-94696236755 dset_write
[seqwish::transclosure] 25921.439 99.46% 93127444693-94696236755 dset_compression
[seqwish::transclosure] 25921.646 99.46% 93127444693-94696236755 dset_sort
[seqwish::transclosure] 25922.027 99.46% 93127444693-94696236755 dset_invert
[seqwish::transclosure] 25922.362 99.46% 93127444693-94696236755 graph_emission
[seqwish::transclosure] 25932.030 99.51% 94696236755-96681426662 overlap_collect
[seqwish::transclosure] 25938.144 99.51% 94696236755-96681426662 rank_build
[seqwish::transclosure] 25963.010 99.51% 94696236755-96681426662 parallel_union_find
[seqwish::transclosure] 25963.027 99.51% 94696236755-96681426662 dset_write
[seqwish::transclosure] 25963.288 99.51% 94696236755-96681426662 dset_compression
[seqwish::transclosure] 25963.481 99.51% 94696236755-96681426662 dset_sort
[seqwish::transclosure] 25963.882 99.51% 94696236755-96681426662 dset_invert
[seqwish::transclosure] 25964.228 99.51% 94696236755-96681426662 graph_emission
[seqwish::transclosure] 25975.221 99.55% 96681426662-99104041194 overlap_collect
[seqwish::transclosure] 25982.526 99.55% 96681426662-99104041194 rank_build
[seqwish::transclosure] 26005.871 99.55% 96681426662-99104041194 parallel_union_find
[seqwish::transclosure] 26005.929 99.55% 96681426662-99104041194 dset_write
[seqwish::transclosure] 26006.213 99.55% 96681426662-99104041194 dset_compression
[seqwish::transclosure] 26006.427 99.55% 96681426662-99104041194 dset_sort
[seqwish::transclosure] 26006.833 99.55% 96681426662-99104041194 dset_invert
[seqwish::transclosure] 26007.178 99.55% 96681426662-99104041194 graph_emission
[seqwish::transclosure] 26017.175 99.60% 99104041194-100585907561 overlap_collect
[seqwish::transclosure] 26021.697 99.60% 99104041194-100585907561 rank_build
[seqwish::transclosure] 26045.471 99.60% 99104041194-100585907561 parallel_union_find
[seqwish::transclosure] 26045.511 99.60% 99104041194-100585907561 dset_write
[seqwish::transclosure] 26045.790 99.60% 99104041194-100585907561 dset_compression
[seqwish::transclosure] 26045.993 99.60% 99104041194-100585907561 dset_sort
[seqwish::transclosure] 26046.433 99.60% 99104041194-100585907561 dset_invert
[seqwish::transclosure] 26046.764 99.60% 99104041194-100585907561 graph_emission
[seqwish::transclosure] 26056.441 99.65% 100585907561-102621908479 overlap_collect
[seqwish::transclosure] 26062.710 99.65% 100585907561-102621908479 rank_build
[seqwish::transclosure] 26086.558 99.65% 100585907561-102621908479 parallel_union_find
[seqwish::transclosure] 26086.573 99.65% 100585907561-102621908479 dset_write
[seqwish::transclosure] 26086.843 99.65% 100585907561-102621908479 dset_compression
[seqwish::transclosure] 26087.043 99.65% 100585907561-102621908479 dset_sort
[seqwish::transclosure] 26087.425 99.65% 100585907561-102621908479 dset_invert
[seqwish::transclosure] 26087.730 99.65% 100585907561-102621908479 graph_emission
[seqwish::transclosure] 26098.636 99.69% 102621908479-104984699604 overlap_collect
[seqwish::transclosure] 26105.783 99.69% 102621908479-104984699604 rank_build
[seqwish::transclosure] 26129.193 99.69% 102621908479-104984699604 parallel_union_find
[seqwish::transclosure] 26129.214 99.69% 102621908479-104984699604 dset_write
[seqwish::transclosure] 26129.472 99.69% 102621908479-104984699604 dset_compression
[seqwish::transclosure] 26129.660 99.69% 102621908479-104984699604 dset_sort
[seqwish::transclosure] 26130.042 99.69% 102621908479-104984699604 dset_invert
[seqwish::transclosure] 26130.367 99.69% 102621908479-104984699604 graph_emission
[seqwish::transclosure] 26140.612 99.74% 104984699604-106632547565 overlap_collect
[seqwish::transclosure] 26145.608 99.74% 104984699604-106632547565 rank_build
[seqwish::transclosure] 26169.316 99.74% 104984699604-106632547565 parallel_union_find
[seqwish::transclosure] 26169.376 99.74% 104984699604-106632547565 dset_write
[seqwish::transclosure] 26169.646 99.74% 104984699604-106632547565 dset_compression
[seqwish::transclosure] 26169.870 99.74% 104984699604-106632547565 dset_sort
[seqwish::transclosure] 26170.272 99.74% 104984699604-106632547565 dset_invert
[seqwish::transclosure] 26170.606 99.74% 104984699604-106632547565 graph_emission
[seqwish::transclosure] 26179.961 99.78% 106632547565-108394438472 overlap_collect
[seqwish::transclosure] 26185.355 99.78% 106632547565-108394438472 rank_build
[seqwish::transclosure] 26208.905 99.78% 106632547565-108394438472 parallel_union_find
[seqwish::transclosure] 26208.917 99.78% 106632547565-108394438472 dset_write
[seqwish::transclosure] 26209.187 99.78% 106632547565-108394438472 dset_compression
[seqwish::transclosure] 26209.364 99.78% 106632547565-108394438472 dset_sort
[seqwish::transclosure] 26209.764 99.78% 106632547565-108394438472 dset_invert
[seqwish::transclosure] 26210.082 99.78% 106632547565-108394438472 graph_emission
[seqwish::transclosure] 26219.286 99.82% 108394438472-109947721919 overlap_collect
[seqwish::transclosure] 26224.011 99.82% 108394438472-109947721919 rank_build
[seqwish::transclosure] 26247.664 99.82% 108394438472-109947721919 parallel_union_find
[seqwish::transclosure] 26247.691 99.82% 108394438472-109947721919 dset_write
[seqwish::transclosure] 26247.947 99.82% 108394438472-109947721919 dset_compression
[seqwish::transclosure] 26248.154 99.82% 108394438472-109947721919 dset_sort
[seqwish::transclosure] 26248.566 99.82% 108394438472-109947721919 dset_invert
[seqwish::transclosure] 26248.903 99.82% 108394438472-109947721919 graph_emission
[seqwish::transclosure] 26257.954 99.87% 109947721919-111566422724 overlap_collect
[seqwish::transclosure] 26262.897 99.87% 109947721919-111566422724 rank_build
[seqwish::transclosure] 26286.609 99.87% 109947721919-111566422724 parallel_union_find
[seqwish::transclosure] 26286.630 99.87% 109947721919-111566422724 dset_write
[seqwish::transclosure] 26286.896 99.87% 109947721919-111566422724 dset_compression
[seqwish::transclosure] 26287.109 99.87% 109947721919-111566422724 dset_sort
[seqwish::transclosure] 26287.511 99.87% 109947721919-111566422724 dset_invert
[seqwish::transclosure] 26287.929 99.87% 109947721919-111566422724 graph_emission
[seqwish::transclosure] 26298.028 99.91% 111566422724-113860025812 overlap_collect
[seqwish::transclosure] 26304.931 99.91% 111566422724-113860025812 rank_build
[seqwish::transclosure] 26328.700 99.91% 111566422724-113860025812 parallel_union_find
[seqwish::transclosure] 26328.774 99.91% 111566422724-113860025812 dset_write
[seqwish::transclosure] 26329.039 99.91% 111566422724-113860025812 dset_compression
[seqwish::transclosure] 26329.262 99.91% 111566422724-113860025812 dset_sort
[seqwish::transclosure] 26329.662 99.91% 111566422724-113860025812 dset_invert
[seqwish::transclosure] 26329.997 99.91% 111566422724-113860025812 graph_emission
[seqwish::transclosure] 26338.613 99.96% 113860025812-114627039076 overlap_collect
[seqwish::transclosure] 26341.129 99.96% 113860025812-114627039076 rank_build
[seqwish::transclosure] 26365.882 99.96% 113860025812-114627039076 parallel_union_find
[seqwish::transclosure] 26365.900 99.96% 113860025812-114627039076 dset_write
[seqwish::transclosure] 26366.133 99.96% 113860025812-114627039076 dset_compression
[seqwish::transclosure] 26366.322 99.96% 113860025812-114627039076 dset_sort
[seqwish::transclosure] 26366.701 99.96% 113860025812-114627039076 dset_invert
[seqwish::transclosure] 26366.995 99.96% 113860025812-114627039076 graph_emission
[seqwish::transclosure] 26372.326 100.00% building node_iitree and path_iitree indexes
[seqwish::transclosure] 26803.557 100.00% done
[seqwish::transclosure] 26803.840 done with transitive closures
[seqwish::compact] 26803.840 compacting nodes
[seqwish::compact] 27261.064 done compacting
[seqwish::compact] 27262.989 built node index
[seqwish::links] 27262.990 finding graph links
[seqwish::links] 28744.146 links derived
[seqwish::gfa] 28744.146 writing graph
[seqwish::gfa] 33689.579 done
	Command being timed: "/home/guarracino/tools/seqwish/bin/seqwish-ccfefb016fcfc9937817ce61dc06bbcf382be75e -t 48 -s /lizardfs/guarracino/seqwish-paper/hprc_plus/assemblies/HPRC_plus.fa.gz -p /lizardfs/guarracino/seqwish-paper/hprc_plus/alignment/HPRC_plus.s100k.l300k.p98.n90.k16.chunk_0.paf.gz,/lizardfs/guarracino/seqwish-paper/hprc_plus/alignment/HPRC_plus.s100k.l300k.p98.n90.k16.chunk_1.paf.gz,/lizardfs/guarracino/seqwish-paper/hprc_plus/alignment/HPRC_plus.s100k.l300k.p98.n90.k16.chunk_2.paf.gz,/lizardfs/guarracino/seqwish-paper/hprc_plus/alignment/HPRC_plus.s100k.l300k.p98.n90.k16.chunk_3.paf.gz,/lizardfs/guarracino/seqwish-paper/hprc_plus/alignment/HPRC_plus.s100k.l300k.p98.n90.k16.chunk_4.paf.gz -k 79 -B 50M -g HPRC_plus.s100k.l300k.p98.n90.k16.seqwish.k79.B50M.gfa -P"
	User time (seconds): 429121.71
	System time (seconds): 10759.27
	Percent of CPU this job got: 1304%
	Elapsed (wall clock) time (h:mm:ss or m:ss): 9:21:55
	Average shared text size (kbytes): 0
	Average unshared data size (kbytes): 0
	Average stack size (kbytes): 0
	Average total size (kbytes): 0
	Maximum resident set size (kbytes): 384405204
	Average resident set size (kbytes): 0
	Major (requiring I/O) page faults: 3969349
	Minor (reclaiming a frame) page faults: 4931505881
	Voluntary context switches: 1010513343
	Involuntary context switches: 324756289
	Swaps: 0
	File system inputs: 587337136
	File system outputs: 4199873200
	Socket messages sent: 0
	Socket messages received: 0
	Signals delivered: 0
	Page size (bytes): 4096
	Exit status: 0
