octopus10
[seqwish::seqidx] 0.004 indexing sequences
[seqwish::seqidx] 857.140 index built
[seqwish::alignments] 857.141 processing alignments
[seqwish::alignments] 1642.920 indexing
[seqwish::alignments] 3167.499 index built
[seqwish::transclosure] 3167.501 computing transitive closures
[seqwish::transclosure] 3174.289 0.00% 0-50000000 overlap_collect
[seqwish::transclosure] 3196.070 0.00% 0-50000000 rank_build
[seqwish::transclosure] 3237.005 0.00% 0-50000000 parallel_union_find
[seqwish::transclosure] 3271.718 0.00% 0-50000000 dset_write
[seqwish::transclosure] 3284.439 0.00% 0-50000000 dset_compression
[seqwish::transclosure] 3293.834 0.00% 0-50000000 dset_sort
[seqwish::transclosure] 3298.435 0.00% 0-50000000 dset_invert
[seqwish::transclosure] 3305.719 0.00% 0-50000000 graph_emission
[seqwish::transclosure] 3316.110 1.62% 50000000-100000000 overlap_collect
[seqwish::transclosure] 3338.193 1.62% 50000000-100000000 rank_build
[seqwish::transclosure] 3376.537 1.62% 50000000-100000000 parallel_union_find
[seqwish::transclosure] 3413.316 1.62% 50000000-100000000 dset_write
[seqwish::transclosure] 3424.619 1.62% 50000000-100000000 dset_compression
[seqwish::transclosure] 3433.024 1.62% 50000000-100000000 dset_sort
[seqwish::transclosure] 3437.479 1.62% 50000000-100000000 dset_invert
[seqwish::transclosure] 3444.078 1.62% 50000000-100000000 graph_emission
[seqwish::transclosure] 3624.266 3.23% 100000000-150000000 overlap_collect
[seqwish::transclosure] 3638.432 3.23% 100000000-150000000 rank_build
[seqwish::transclosure] 3673.295 3.23% 100000000-150000000 parallel_union_find
[seqwish::transclosure] 3696.523 3.23% 100000000-150000000 dset_write
[seqwish::transclosure] 3702.843 3.23% 100000000-150000000 dset_compression
[seqwish::transclosure] 3709.035 3.23% 100000000-150000000 dset_sort
[seqwish::transclosure] 3712.051 3.23% 100000000-150000000 dset_invert
[seqwish::transclosure] 3717.010 3.23% 100000000-150000000 graph_emission
[seqwish::transclosure] 3906.497 4.26% 150000000-200000000 overlap_collect
[seqwish::transclosure] 3928.412 4.26% 150000000-200000000 rank_build
[seqwish::transclosure] 3967.878 4.26% 150000000-200000000 parallel_union_find
[seqwish::transclosure] 4004.451 4.26% 150000000-200000000 dset_write
[seqwish::transclosure] 4014.193 4.26% 150000000-200000000 dset_compression
[seqwish::transclosure] 4023.139 4.26% 150000000-200000000 dset_sort
[seqwish::transclosure] 4027.586 4.26% 150000000-200000000 dset_invert
[seqwish::transclosure] 4035.086 4.26% 150000000-200000000 graph_emission
[seqwish::transclosure] 4112.872 5.86% 200000000-250000000 overlap_collect
[seqwish::transclosure] 4135.463 5.86% 200000000-250000000 rank_build
[seqwish::transclosure] 4174.571 5.86% 200000000-250000000 parallel_union_find
[seqwish::transclosure] 4212.641 5.86% 200000000-250000000 dset_write
[seqwish::transclosure] 4223.006 5.86% 200000000-250000000 dset_compression
[seqwish::transclosure] 4231.367 5.86% 200000000-250000000 dset_sort
[seqwish::transclosure] 4235.812 5.86% 200000000-250000000 dset_invert
[seqwish::transclosure] 4242.311 5.86% 200000000-250000000 graph_emission
[seqwish::transclosure] 4414.766 7.45% 250000000-300000000 overlap_collect
[seqwish::transclosure] 4437.418 7.45% 250000000-300000000 rank_build
[seqwish::transclosure] 4478.208 7.45% 250000000-300000000 parallel_union_find
[seqwish::transclosure] 4513.299 7.45% 250000000-300000000 dset_write
[seqwish::transclosure] 4523.058 7.45% 250000000-300000000 dset_compression
[seqwish::transclosure] 4532.082 7.45% 250000000-300000000 dset_sort
[seqwish::transclosure] 4536.542 7.45% 250000000-300000000 dset_invert
[seqwish::transclosure] 4543.779 7.45% 250000000-300000000 graph_emission
[seqwish::transclosure] 4725.461 9.05% 300000000-350125236 overlap_collect
[seqwish::transclosure] 4746.322 9.05% 300000000-350125236 rank_build
[seqwish::transclosure] 4785.812 9.05% 300000000-350125236 parallel_union_find
[seqwish::transclosure] 4821.739 9.05% 300000000-350125236 dset_write
[seqwish::transclosure] 4831.263 9.05% 300000000-350125236 dset_compression
[seqwish::transclosure] 4839.605 9.05% 300000000-350125236 dset_sort
[seqwish::transclosure] 4843.975 9.05% 300000000-350125236 dset_invert
[seqwish::transclosure] 4849.823 9.05% 300000000-350125236 graph_emission
[seqwish::transclosure] 5035.871 10.57% 350125236-400125236 overlap_collect
[seqwish::transclosure] 5058.085 10.57% 350125236-400125236 rank_build
[seqwish::transclosure] 5097.676 10.57% 350125236-400125236 parallel_union_find
[seqwish::transclosure] 5134.653 10.57% 350125236-400125236 dset_write
[seqwish::transclosure] 5144.594 10.57% 350125236-400125236 dset_compression
[seqwish::transclosure] 5153.566 10.57% 350125236-400125236 dset_sort
[seqwish::transclosure] 5158.001 10.57% 350125236-400125236 dset_invert
[seqwish::transclosure] 5165.295 10.57% 350125236-400125236 graph_emission
[seqwish::transclosure] 5320.633 12.18% 400125236-450125236 overlap_collect
[seqwish::transclosure] 5342.559 12.18% 400125236-450125236 rank_build
[seqwish::transclosure] 5382.621 12.18% 400125236-450125236 parallel_union_find
[seqwish::transclosure] 5420.929 12.18% 400125236-450125236 dset_write
[seqwish::transclosure] 5431.115 12.18% 400125236-450125236 dset_compression
[seqwish::transclosure] 5440.213 12.18% 400125236-450125236 dset_sort
[seqwish::transclosure] 5444.701 12.18% 400125236-450125236 dset_invert
[seqwish::transclosure] 5451.905 12.18% 400125236-450125236 graph_emission
[seqwish::transclosure] 5626.915 13.81% 450125236-500125236 overlap_collect
[seqwish::transclosure] 5649.131 13.81% 450125236-500125236 rank_build
[seqwish::transclosure] 5691.024 13.81% 450125236-500125236 parallel_union_find
[seqwish::transclosure] 5726.766 13.81% 450125236-500125236 dset_write
[seqwish::transclosure] 5737.497 13.81% 450125236-500125236 dset_compression
[seqwish::transclosure] 5747.079 13.81% 450125236-500125236 dset_sort
[seqwish::transclosure] 5751.514 13.81% 450125236-500125236 dset_invert
[seqwish::transclosure] 5758.896 13.81% 450125236-500125236 graph_emission
[seqwish::transclosure] 5931.655 15.40% 500125236-550125236 overlap_collect
[seqwish::transclosure] 5954.045 15.40% 500125236-550125236 rank_build
[seqwish::transclosure] 5994.845 15.40% 500125236-550125236 parallel_union_find
[seqwish::transclosure] 6033.144 15.40% 500125236-550125236 dset_write
[seqwish::transclosure] 6043.129 15.40% 500125236-550125236 dset_compression
[seqwish::transclosure] 6051.794 15.40% 500125236-550125236 dset_sort
[seqwish::transclosure] 6056.417 15.40% 500125236-550125236 dset_invert
[seqwish::transclosure] 6062.968 15.40% 500125236-550125236 graph_emission
[seqwish::transclosure] 6236.045 17.01% 550125236-600125236 overlap_collect
[seqwish::transclosure] 6257.202 17.01% 550125236-600125236 rank_build
[seqwish::transclosure] 6296.765 17.01% 550125236-600125236 parallel_union_find
[seqwish::transclosure] 6330.752 17.01% 550125236-600125236 dset_write
[seqwish::transclosure] 6339.892 17.01% 550125236-600125236 dset_compression
[seqwish::transclosure] 6348.586 17.01% 550125236-600125236 dset_sort
[seqwish::transclosure] 6352.884 17.01% 550125236-600125236 dset_invert
[seqwish::transclosure] 6359.855 17.01% 550125236-600125236 graph_emission
[seqwish::transclosure] 6533.134 18.55% 600125236-650125236 overlap_collect
[seqwish::transclosure] 6555.189 18.55% 600125236-650125236 rank_build
[seqwish::transclosure] 6595.886 18.55% 600125236-650125236 parallel_union_find
[seqwish::transclosure] 6636.053 18.55% 600125236-650125236 dset_write
[seqwish::transclosure] 6645.800 18.55% 600125236-650125236 dset_compression
[seqwish::transclosure] 6654.702 18.55% 600125236-650125236 dset_sort
[seqwish::transclosure] 6659.202 18.55% 600125236-650125236 dset_invert
[seqwish::transclosure] 6666.501 18.55% 600125236-650125236 graph_emission
[seqwish::transclosure] 6843.223 20.16% 650125236-700188819 overlap_collect
[seqwish::transclosure] 6864.983 20.16% 650125236-700188819 rank_build
[seqwish::transclosure] 6904.612 20.16% 650125236-700188819 parallel_union_find
[seqwish::transclosure] 6939.010 20.16% 650125236-700188819 dset_write
[seqwish::transclosure] 6948.494 20.16% 650125236-700188819 dset_compression
[seqwish::transclosure] 6956.738 20.16% 650125236-700188819 dset_sort
[seqwish::transclosure] 6961.099 20.16% 650125236-700188819 dset_invert
[seqwish::transclosure] 6967.308 20.16% 650125236-700188819 graph_emission
[seqwish::transclosure] 7144.859 21.75% 700188819-750188819 overlap_collect
[seqwish::transclosure] 7164.690 21.75% 700188819-750188819 rank_build
[seqwish::transclosure] 7203.861 21.75% 700188819-750188819 parallel_union_find
[seqwish::transclosure] 7234.091 21.75% 700188819-750188819 dset_write
[seqwish::transclosure] 7243.215 21.75% 700188819-750188819 dset_compression
[seqwish::transclosure] 7251.393 21.75% 700188819-750188819 dset_sort
[seqwish::transclosure] 7255.437 21.75% 700188819-750188819 dset_invert
[seqwish::transclosure] 7262.037 21.75% 700188819-750188819 graph_emission
[seqwish::transclosure] 7447.568 23.21% 750188819-800188819 overlap_collect
[seqwish::transclosure] 7469.391 23.21% 750188819-800188819 rank_build
[seqwish::transclosure] 7508.618 23.21% 750188819-800188819 parallel_union_find
[seqwish::transclosure] 7545.020 23.21% 750188819-800188819 dset_write
[seqwish::transclosure] 7554.580 23.21% 750188819-800188819 dset_compression
[seqwish::transclosure] 7563.642 23.21% 750188819-800188819 dset_sort
[seqwish::transclosure] 7568.021 23.21% 750188819-800188819 dset_invert
[seqwish::transclosure] 7575.411 23.21% 750188819-800188819 graph_emission
[seqwish::transclosure] 7740.096 24.80% 800188819-850188819 overlap_collect
[seqwish::transclosure] 7762.449 24.80% 800188819-850188819 rank_build
[seqwish::transclosure] 7803.116 24.80% 800188819-850188819 parallel_union_find
[seqwish::transclosure] 7841.031 24.80% 800188819-850188819 dset_write
[seqwish::transclosure] 7850.944 24.80% 800188819-850188819 dset_compression
[seqwish::transclosure] 7859.786 24.80% 800188819-850188819 dset_sort
[seqwish::transclosure] 7864.236 24.80% 800188819-850188819 dset_invert
[seqwish::transclosure] 7871.330 24.80% 800188819-850188819 graph_emission
[seqwish::transclosure] 8045.767 26.40% 850188819-900188819 overlap_collect
[seqwish::transclosure] 8066.870 26.40% 850188819-900188819 rank_build
[seqwish::transclosure] 8106.529 26.40% 850188819-900188819 parallel_union_find
[seqwish::transclosure] 8140.724 26.40% 850188819-900188819 dset_write
[seqwish::transclosure] 8150.613 26.40% 850188819-900188819 dset_compression
[seqwish::transclosure] 8159.462 26.40% 850188819-900188819 dset_sort
[seqwish::transclosure] 8163.826 26.40% 850188819-900188819 dset_invert
[seqwish::transclosure] 8171.156 26.40% 850188819-900188819 graph_emission
[seqwish::transclosure] 8347.851 27.99% 900188819-950188819 overlap_collect
[seqwish::transclosure] 8368.364 27.99% 900188819-950188819 rank_build
[seqwish::transclosure] 8407.884 27.99% 900188819-950188819 parallel_union_find
[seqwish::transclosure] 8442.996 27.99% 900188819-950188819 dset_write
[seqwish::transclosure] 8451.865 27.99% 900188819-950188819 dset_compression
[seqwish::transclosure] 8459.678 27.99% 900188819-950188819 dset_sort
[seqwish::transclosure] 8463.970 27.99% 900188819-950188819 dset_invert
[seqwish::transclosure] 8470.237 27.99% 900188819-950188819 graph_emission
[seqwish::transclosure] 8657.489 29.47% 950188819-1000188819 overlap_collect
[seqwish::transclosure] 8679.179 29.47% 950188819-1000188819 rank_build
[seqwish::transclosure] 8719.156 29.47% 950188819-1000188819 parallel_union_find
[seqwish::transclosure] 8754.506 29.47% 950188819-1000188819 dset_write
[seqwish::transclosure] 8764.368 29.47% 950188819-1000188819 dset_compression
[seqwish::transclosure] 8773.489 29.47% 950188819-1000188819 dset_sort
[seqwish::transclosure] 8777.941 29.47% 950188819-1000188819 dset_invert
[seqwish::transclosure] 8785.023 29.47% 950188819-1000188819 graph_emission
[seqwish::transclosure] 8939.650 31.08% 1000188819-1050188819 overlap_collect
[seqwish::transclosure] 8962.003 31.08% 1000188819-1050188819 rank_build
[seqwish::transclosure] 9002.375 31.08% 1000188819-1050188819 parallel_union_find
[seqwish::transclosure] 9041.445 31.08% 1000188819-1050188819 dset_write
[seqwish::transclosure] 9051.429 31.08% 1000188819-1050188819 dset_compression
[seqwish::transclosure] 9059.947 31.08% 1000188819-1050188819 dset_sort
[seqwish::transclosure] 9064.729 31.08% 1000188819-1050188819 dset_invert
[seqwish::transclosure] 9071.549 31.08% 1000188819-1050188819 graph_emission
[seqwish::transclosure] 9255.473 32.69% 1050188819-1100242791 overlap_collect
[seqwish::transclosure] 9277.966 32.69% 1050188819-1100242791 rank_build
[seqwish::transclosure] 9317.865 32.69% 1050188819-1100242791 parallel_union_find
[seqwish::transclosure] 9355.109 32.69% 1050188819-1100242791 dset_write
[seqwish::transclosure] 9364.732 32.69% 1050188819-1100242791 dset_compression
[seqwish::transclosure] 9373.586 32.69% 1050188819-1100242791 dset_sort
[seqwish::transclosure] 9377.896 32.69% 1050188819-1100242791 dset_invert
[seqwish::transclosure] 9384.783 32.69% 1050188819-1100242791 graph_emission
[seqwish::transclosure] 9563.353 34.27% 1100242791-1150242791 overlap_collect
[seqwish::transclosure] 9584.717 34.27% 1100242791-1150242791 rank_build
[seqwish::transclosure] 9624.631 34.27% 1100242791-1150242791 parallel_union_find
[seqwish::transclosure] 9659.791 34.27% 1100242791-1150242791 dset_write
[seqwish::transclosure] 9669.305 34.27% 1100242791-1150242791 dset_compression
[seqwish::transclosure] 9677.540 34.27% 1100242791-1150242791 dset_sort
[seqwish::transclosure] 9681.963 34.27% 1100242791-1150242791 dset_invert
[seqwish::transclosure] 9688.547 34.27% 1100242791-1150242791 graph_emission
[seqwish::transclosure] 9879.032 35.80% 1150242791-1200242791 overlap_collect
[seqwish::transclosure] 9900.934 35.80% 1150242791-1200242791 rank_build
[seqwish::transclosure] 9941.516 35.80% 1150242791-1200242791 parallel_union_find
[seqwish::transclosure] 9981.249 35.80% 1150242791-1200242791 dset_write
[seqwish::transclosure] 9991.136 35.80% 1150242791-1200242791 dset_compression
[seqwish::transclosure] 10000.259 35.80% 1150242791-1200242791 dset_sort
[seqwish::transclosure] 10005.240 35.80% 1150242791-1200242791 dset_invert
[seqwish::transclosure] 10015.751 35.80% 1150242791-1200242791 graph_emission
[seqwish::transclosure] 10187.666 37.41% 1200242791-1250242791 overlap_collect
[seqwish::transclosure] 10210.100 37.41% 1200242791-1250242791 rank_build
[seqwish::transclosure] 10253.780 37.41% 1200242791-1250242791 parallel_union_find
[seqwish::transclosure] 10288.595 37.41% 1200242791-1250242791 dset_write
[seqwish::transclosure] 10297.926 37.41% 1200242791-1250242791 dset_compression
[seqwish::transclosure] 10306.184 37.41% 1200242791-1250242791 dset_sort
[seqwish::transclosure] 10310.559 37.41% 1200242791-1250242791 dset_invert
[seqwish::transclosure] 10316.883 37.41% 1200242791-1250242791 graph_emission
[seqwish::transclosure] 10483.648 39.00% 1250242791-1300242791 overlap_collect
[seqwish::transclosure] 10505.554 39.00% 1250242791-1300242791 rank_build
[seqwish::transclosure] 10546.250 39.00% 1250242791-1300242791 parallel_union_find
[seqwish::transclosure] 10580.664 39.00% 1250242791-1300242791 dset_write
[seqwish::transclosure] 10590.409 39.00% 1250242791-1300242791 dset_compression
[seqwish::transclosure] 10599.269 39.00% 1250242791-1300242791 dset_sort
[seqwish::transclosure] 10603.674 39.00% 1250242791-1300242791 dset_invert
[seqwish::transclosure] 10610.785 39.00% 1250242791-1300242791 graph_emission
[seqwish::transclosure] 10787.548 40.58% 1300242791-1350433059 overlap_collect
[seqwish::transclosure] 10808.662 40.58% 1300242791-1350433059 rank_build
[seqwish::transclosure] 10848.423 40.58% 1300242791-1350433059 parallel_union_find
[seqwish::transclosure] 10885.494 40.58% 1300242791-1350433059 dset_write
[seqwish::transclosure] 10895.078 40.58% 1300242791-1350433059 dset_compression
[seqwish::transclosure] 10903.784 40.58% 1300242791-1350433059 dset_sort
[seqwish::transclosure] 10908.417 40.58% 1300242791-1350433059 dset_invert
[seqwish::transclosure] 10914.946 40.58% 1300242791-1350433059 graph_emission
[seqwish::transclosure] 11099.622 42.11% 1350433059-1400433059 overlap_collect
[seqwish::transclosure] 11121.383 42.11% 1350433059-1400433059 rank_build
[seqwish::transclosure] 11178.293 42.11% 1350433059-1400433059 parallel_union_find
[seqwish::transclosure] 11214.093 42.11% 1350433059-1400433059 dset_write
[seqwish::transclosure] 11224.448 42.11% 1350433059-1400433059 dset_compression
[seqwish::transclosure] 11232.825 42.11% 1350433059-1400433059 dset_sort
[seqwish::transclosure] 11237.295 42.11% 1350433059-1400433059 dset_invert
[seqwish::transclosure] 11243.775 42.11% 1350433059-1400433059 graph_emission
[seqwish::transclosure] 11404.061 43.71% 1400433059-1450433059 overlap_collect
[seqwish::transclosure] 11425.027 43.71% 1400433059-1450433059 rank_build
[seqwish::transclosure] 11464.368 43.71% 1400433059-1450433059 parallel_union_find
[seqwish::transclosure] 11496.624 43.71% 1400433059-1450433059 dset_write
[seqwish::transclosure] 11505.652 43.71% 1400433059-1450433059 dset_compression
[seqwish::transclosure] 11514.122 43.71% 1400433059-1450433059 dset_sort
[seqwish::transclosure] 11518.336 43.71% 1400433059-1450433059 dset_invert
[seqwish::transclosure] 11525.179 43.71% 1400433059-1450433059 graph_emission
[seqwish::transclosure] 11707.719 45.23% 1450433059-1500433059 overlap_collect
[seqwish::transclosure] 11729.678 45.23% 1450433059-1500433059 rank_build
[seqwish::transclosure] 11769.914 45.23% 1450433059-1500433059 parallel_union_find
[seqwish::transclosure] 11808.184 45.23% 1450433059-1500433059 dset_write
[seqwish::transclosure] 11817.969 45.23% 1450433059-1500433059 dset_compression
[seqwish::transclosure] 11826.601 45.23% 1450433059-1500433059 dset_sort
[seqwish::transclosure] 11831.026 45.23% 1450433059-1500433059 dset_invert
[seqwish::transclosure] 11837.974 45.23% 1450433059-1500433059 graph_emission
[seqwish::transclosure] 12009.733 46.83% 1500433059-1550433059 overlap_collect
[seqwish::transclosure] 12032.496 46.83% 1500433059-1550433059 rank_build
[seqwish::transclosure] 12072.641 46.83% 1500433059-1550433059 parallel_union_find
[seqwish::transclosure] 12108.719 46.83% 1500433059-1550433059 dset_write
[seqwish::transclosure] 12118.689 46.83% 1500433059-1550433059 dset_compression
[seqwish::transclosure] 12127.936 46.83% 1500433059-1550433059 dset_sort
[seqwish::transclosure] 12132.369 46.83% 1500433059-1550433059 dset_invert
[seqwish::transclosure] 12139.666 46.83% 1500433059-1550433059 graph_emission
[seqwish::transclosure] 12315.035 48.43% 1550433059-1600433059 overlap_collect
[seqwish::transclosure] 12338.360 48.43% 1550433059-1600433059 rank_build
[seqwish::transclosure] 12390.530 48.43% 1550433059-1600433059 parallel_union_find
[seqwish::transclosure] 12423.609 48.43% 1550433059-1600433059 dset_write
[seqwish::transclosure] 12432.869 48.43% 1550433059-1600433059 dset_compression
[seqwish::transclosure] 12441.463 48.43% 1550433059-1600433059 dset_sort
[seqwish::transclosure] 12445.599 48.43% 1550433059-1600433059 dset_invert
[seqwish::transclosure] 12452.237 48.43% 1550433059-1600433059 graph_emission
[seqwish::transclosure] 12614.471 49.87% 1600433059-1652984977 overlap_collect
[seqwish::transclosure] 12628.175 49.87% 1600433059-1652984977 rank_build
[seqwish::transclosure] 12662.065 49.87% 1600433059-1652984977 parallel_union_find
[seqwish::transclosure] 12681.749 49.87% 1600433059-1652984977 dset_write
[seqwish::transclosure] 12687.718 49.87% 1600433059-1652984977 dset_compression
[seqwish::transclosure] 12693.469 49.87% 1600433059-1652984977 dset_sort
[seqwish::transclosure] 12696.217 49.87% 1600433059-1652984977 dset_invert
[seqwish::transclosure] 12700.222 49.87% 1600433059-1652984977 graph_emission
[seqwish::transclosure] 12875.952 50.78% 1652984977-1703014512 overlap_collect
[seqwish::transclosure] 12898.646 50.78% 1652984977-1703014512 rank_build
[seqwish::transclosure] 12938.532 50.78% 1652984977-1703014512 parallel_union_find
[seqwish::transclosure] 12973.689 50.78% 1652984977-1703014512 dset_write
[seqwish::transclosure] 12983.178 50.78% 1652984977-1703014512 dset_compression
[seqwish::transclosure] 12992.734 50.78% 1652984977-1703014512 dset_sort
[seqwish::transclosure] 12997.157 50.78% 1652984977-1703014512 dset_invert
[seqwish::transclosure] 13004.215 50.78% 1652984977-1703014512 graph_emission
[seqwish::transclosure] 13061.488 52.38% 1703014512-1753014512 overlap_collect
[seqwish::transclosure] 13083.307 52.38% 1703014512-1753014512 rank_build
[seqwish::transclosure] 13122.420 52.38% 1703014512-1753014512 parallel_union_find
[seqwish::transclosure] 13158.698 52.38% 1703014512-1753014512 dset_write
[seqwish::transclosure] 13167.932 52.38% 1703014512-1753014512 dset_compression
[seqwish::transclosure] 13175.746 52.38% 1703014512-1753014512 dset_sort
[seqwish::transclosure] 13181.350 52.38% 1703014512-1753014512 dset_invert
[seqwish::transclosure] 13189.807 52.38% 1703014512-1753014512 graph_emission
[seqwish::transclosure] 13363.078 53.88% 1753014512-1803014512 overlap_collect
[seqwish::transclosure] 13385.351 53.88% 1753014512-1803014512 rank_build
[seqwish::transclosure] 13425.969 53.88% 1753014512-1803014512 parallel_union_find
[seqwish::transclosure] 13463.227 53.88% 1753014512-1803014512 dset_write
[seqwish::transclosure] 13473.356 53.88% 1753014512-1803014512 dset_compression
[seqwish::transclosure] 13482.477 53.88% 1753014512-1803014512 dset_sort
[seqwish::transclosure] 13486.935 53.88% 1753014512-1803014512 dset_invert
[seqwish::transclosure] 13494.301 53.88% 1753014512-1803014512 graph_emission
[seqwish::transclosure] 13647.843 55.48% 1803014512-1853198625 overlap_collect
[seqwish::transclosure] 13669.779 55.48% 1803014512-1853198625 rank_build
[seqwish::transclosure] 13707.706 55.48% 1803014512-1853198625 parallel_union_find
[seqwish::transclosure] 13742.928 55.48% 1803014512-1853198625 dset_write
[seqwish::transclosure] 13752.424 55.48% 1803014512-1853198625 dset_compression
[seqwish::transclosure] 13760.931 55.48% 1803014512-1853198625 dset_sort
[seqwish::transclosure] 13765.314 55.48% 1803014512-1853198625 dset_invert
[seqwish::transclosure] 13771.527 55.48% 1803014512-1853198625 graph_emission
[seqwish::transclosure] 13944.891 57.07% 1853198625-1903198625 overlap_collect
[seqwish::transclosure] 13965.130 57.07% 1853198625-1903198625 rank_build
[seqwish::transclosure] 14007.250 57.07% 1853198625-1903198625 parallel_union_find
[seqwish::transclosure] 14039.808 57.07% 1853198625-1903198625 dset_write
[seqwish::transclosure] 14048.843 57.07% 1853198625-1903198625 dset_compression
[seqwish::transclosure] 14057.358 57.07% 1853198625-1903198625 dset_sort
[seqwish::transclosure] 14061.467 57.07% 1853198625-1903198625 dset_invert
[seqwish::transclosure] 14068.203 57.07% 1853198625-1903198625 graph_emission
[seqwish::transclosure] 14246.051 58.57% 1903198625-1953198625 overlap_collect
[seqwish::transclosure] 14267.774 58.57% 1903198625-1953198625 rank_build
[seqwish::transclosure] 14306.270 58.57% 1903198625-1953198625 parallel_union_find
[seqwish::transclosure] 14344.412 58.57% 1903198625-1953198625 dset_write
[seqwish::transclosure] 14354.360 58.57% 1903198625-1953198625 dset_compression
[seqwish::transclosure] 14363.557 58.57% 1903198625-1953198625 dset_sort
[seqwish::transclosure] 14368.320 58.57% 1903198625-1953198625 dset_invert
[seqwish::transclosure] 14375.873 58.57% 1903198625-1953198625 graph_emission
[seqwish::transclosure] 14534.980 60.17% 1953198625-2003198625 overlap_collect
[seqwish::transclosure] 14557.298 60.17% 1953198625-2003198625 rank_build
[seqwish::transclosure] 14596.795 60.17% 1953198625-2003198625 parallel_union_find
[seqwish::transclosure] 14633.391 60.17% 1953198625-2003198625 dset_write
[seqwish::transclosure] 14643.134 60.17% 1953198625-2003198625 dset_compression
[seqwish::transclosure] 14651.701 60.17% 1953198625-2003198625 dset_sort
[seqwish::transclosure] 14656.017 60.17% 1953198625-2003198625 dset_invert
[seqwish::transclosure] 14663.029 60.17% 1953198625-2003198625 graph_emission
[seqwish::transclosure] 14837.818 61.72% 2003198625-2053198625 overlap_collect
[seqwish::transclosure] 14859.556 61.72% 2003198625-2053198625 rank_build
[seqwish::transclosure] 14900.291 61.72% 2003198625-2053198625 parallel_union_find
[seqwish::transclosure] 14935.765 61.72% 2003198625-2053198625 dset_write
[seqwish::transclosure] 14945.669 61.72% 2003198625-2053198625 dset_compression
[seqwish::transclosure] 14953.848 61.72% 2003198625-2053198625 dset_sort
[seqwish::transclosure] 14958.276 61.72% 2003198625-2053198625 dset_invert
[seqwish::transclosure] 14964.622 61.72% 2003198625-2053198625 graph_emission
[seqwish::transclosure] 15138.383 63.29% 2053198625-2103198625 overlap_collect
[seqwish::transclosure] 15159.789 63.29% 2053198625-2103198625 rank_build
[seqwish::transclosure] 15199.029 63.29% 2053198625-2103198625 parallel_union_find
[seqwish::transclosure] 15233.009 63.29% 2053198625-2103198625 dset_write
[seqwish::transclosure] 15242.596 63.29% 2053198625-2103198625 dset_compression
[seqwish::transclosure] 15250.792 63.29% 2053198625-2103198625 dset_sort
[seqwish::transclosure] 15255.018 63.29% 2053198625-2103198625 dset_invert
[seqwish::transclosure] 15261.662 63.29% 2053198625-2103198625 graph_emission
[seqwish::transclosure] 15432.535 64.82% 2103198625-2153523788 overlap_collect
[seqwish::transclosure] 15458.305 64.82% 2103198625-2153523788 rank_build
[seqwish::transclosure] 15498.923 64.82% 2103198625-2153523788 parallel_union_find
[seqwish::transclosure] 15536.964 64.82% 2103198625-2153523788 dset_write
[seqwish::transclosure] 15546.944 64.82% 2103198625-2153523788 dset_compression
[seqwish::transclosure] 15555.582 64.82% 2103198625-2153523788 dset_sort
[seqwish::transclosure] 15560.219 64.82% 2103198625-2153523788 dset_invert
[seqwish::transclosure] 15567.275 64.82% 2103198625-2153523788 graph_emission
[seqwish::transclosure] 15733.652 66.41% 2153523788-2203523788 overlap_collect
[seqwish::transclosure] 15755.849 66.41% 2153523788-2203523788 rank_build
[seqwish::transclosure] 15796.585 66.41% 2153523788-2203523788 parallel_union_find
[seqwish::transclosure] 15831.886 66.41% 2153523788-2203523788 dset_write
[seqwish::transclosure] 15842.150 66.41% 2153523788-2203523788 dset_compression
[seqwish::transclosure] 15852.731 66.41% 2153523788-2203523788 dset_sort
[seqwish::transclosure] 15859.141 66.41% 2153523788-2203523788 dset_invert
[seqwish::transclosure] 15866.518 66.41% 2153523788-2203523788 graph_emission
[seqwish::transclosure] 16108.452 68.01% 2203523788-2257096910 overlap_collect
[seqwish::transclosure] 16133.411 68.01% 2203523788-2257096910 rank_build
[seqwish::transclosure] 16173.150 68.01% 2203523788-2257096910 parallel_union_find
[seqwish::transclosure] 16207.654 68.01% 2203523788-2257096910 dset_write
[seqwish::transclosure] 16217.583 68.01% 2203523788-2257096910 dset_compression
[seqwish::transclosure] 16226.014 68.01% 2203523788-2257096910 dset_sort
[seqwish::transclosure] 16230.633 68.01% 2203523788-2257096910 dset_invert
[seqwish::transclosure] 16236.742 68.01% 2203523788-2257096910 graph_emission
[seqwish::transclosure] 16419.256 69.58% 2257096910-2307096910 overlap_collect
[seqwish::transclosure] 16441.330 69.58% 2257096910-2307096910 rank_build
[seqwish::transclosure] 16480.337 69.58% 2257096910-2307096910 parallel_union_find
[seqwish::transclosure] 16515.856 69.58% 2257096910-2307096910 dset_write
[seqwish::transclosure] 16526.192 69.58% 2257096910-2307096910 dset_compression
[seqwish::transclosure] 16535.107 69.58% 2257096910-2307096910 dset_sort
[seqwish::transclosure] 16539.530 69.58% 2257096910-2307096910 dset_invert
[seqwish::transclosure] 16546.946 69.58% 2257096910-2307096910 graph_emission
[seqwish::transclosure] 16737.494 71.19% 2307096910-2360402423 overlap_collect
[seqwish::transclosure] 16755.919 71.19% 2307096910-2360402423 rank_build
[seqwish::transclosure] 16792.921 71.19% 2307096910-2360402423 parallel_union_find
[seqwish::transclosure] 16821.047 71.19% 2307096910-2360402423 dset_write
[seqwish::transclosure] 16829.331 71.19% 2307096910-2360402423 dset_compression
[seqwish::transclosure] 16836.876 71.19% 2307096910-2360402423 dset_sort
[seqwish::transclosure] 16840.799 71.19% 2307096910-2360402423 dset_invert
[seqwish::transclosure] 16846.777 71.19% 2307096910-2360402423 graph_emission
[seqwish::transclosure] 17047.352 72.50% 2360402423-2410402423 overlap_collect
[seqwish::transclosure] 17069.851 72.50% 2360402423-2410402423 rank_build
[seqwish::transclosure] 17114.070 72.50% 2360402423-2410402423 parallel_union_find
[seqwish::transclosure] 17150.455 72.50% 2360402423-2410402423 dset_write
[seqwish::transclosure] 17160.437 72.50% 2360402423-2410402423 dset_compression
[seqwish::transclosure] 17169.028 72.50% 2360402423-2410402423 dset_sort
[seqwish::transclosure] 17173.626 72.50% 2360402423-2410402423 dset_invert
[seqwish::transclosure] 17180.223 72.50% 2360402423-2410402423 graph_emission
[seqwish::transclosure] 17322.988 74.11% 2410402423-2460402423 overlap_collect
[seqwish::transclosure] 17342.620 74.11% 2410402423-2460402423 rank_build
[seqwish::transclosure] 17380.846 74.11% 2410402423-2460402423 parallel_union_find
[seqwish::transclosure] 17411.156 74.11% 2410402423-2460402423 dset_write
[seqwish::transclosure] 17420.040 74.11% 2410402423-2460402423 dset_compression
[seqwish::transclosure] 17428.042 74.11% 2410402423-2460402423 dset_sort
[seqwish::transclosure] 17432.211 74.11% 2410402423-2460402423 dset_invert
[seqwish::transclosure] 17438.642 74.11% 2410402423-2460402423 graph_emission
[seqwish::transclosure] 17622.157 75.55% 2460402423-2512417128 overlap_collect
[seqwish::transclosure] 17642.841 75.55% 2460402423-2512417128 rank_build
[seqwish::transclosure] 17682.019 75.55% 2460402423-2512417128 parallel_union_find
[seqwish::transclosure] 17716.628 75.55% 2460402423-2512417128 dset_write
[seqwish::transclosure] 17725.607 75.55% 2460402423-2512417128 dset_compression
[seqwish::transclosure] 17733.968 75.55% 2460402423-2512417128 dset_sort
[seqwish::transclosure] 17738.098 75.55% 2460402423-2512417128 dset_invert
[seqwish::transclosure] 17744.582 75.55% 2460402423-2512417128 graph_emission
[seqwish::transclosure] 17928.685 76.99% 2512417128-2562417128 overlap_collect
[seqwish::transclosure] 17948.875 76.99% 2512417128-2562417128 rank_build
[seqwish::transclosure] 17988.342 76.99% 2512417128-2562417128 parallel_union_find
[seqwish::transclosure] 18021.574 76.99% 2512417128-2562417128 dset_write
[seqwish::transclosure] 18031.308 76.99% 2512417128-2562417128 dset_compression
[seqwish::transclosure] 18039.426 76.99% 2512417128-2562417128 dset_sort
[seqwish::transclosure] 18043.768 76.99% 2512417128-2562417128 dset_invert
[seqwish::transclosure] 18049.953 76.99% 2512417128-2562417128 graph_emission
[seqwish::transclosure] 18213.698 78.51% 2562417128-2612417128 overlap_collect
[seqwish::transclosure] 18235.911 78.51% 2562417128-2612417128 rank_build
[seqwish::transclosure] 18279.075 78.51% 2562417128-2612417128 parallel_union_find
[seqwish::transclosure] 18315.079 78.51% 2562417128-2612417128 dset_write
[seqwish::transclosure] 18324.910 78.51% 2562417128-2612417128 dset_compression
[seqwish::transclosure] 18333.301 78.51% 2562417128-2612417128 dset_sort
[seqwish::transclosure] 18337.664 78.51% 2562417128-2612417128 dset_invert
[seqwish::transclosure] 18344.276 78.51% 2562417128-2612417128 graph_emission
[seqwish::transclosure] 18519.050 80.07% 2612417128-2662465170 overlap_collect
[seqwish::transclosure] 18539.377 80.07% 2612417128-2662465170 rank_build
[seqwish::transclosure] 18578.501 80.07% 2612417128-2662465170 parallel_union_find
[seqwish::transclosure] 18612.252 80.07% 2612417128-2662465170 dset_write
[seqwish::transclosure] 18621.866 80.07% 2612417128-2662465170 dset_compression
[seqwish::transclosure] 18630.509 80.07% 2612417128-2662465170 dset_sort
[seqwish::transclosure] 18634.900 80.07% 2612417128-2662465170 dset_invert
[seqwish::transclosure] 18642.054 80.07% 2612417128-2662465170 graph_emission
[seqwish::transclosure] 18822.678 81.58% 2662465170-2712615766 overlap_collect
[seqwish::transclosure] 18842.230 81.58% 2662465170-2712615766 rank_build
[seqwish::transclosure] 18881.043 81.58% 2662465170-2712615766 parallel_union_find
[seqwish::transclosure] 18913.743 81.58% 2662465170-2712615766 dset_write
[seqwish::transclosure] 18922.727 81.58% 2662465170-2712615766 dset_compression
[seqwish::transclosure] 18930.984 81.58% 2662465170-2712615766 dset_sort
[seqwish::transclosure] 18935.161 81.58% 2662465170-2712615766 dset_invert
[seqwish::transclosure] 18941.706 81.58% 2662465170-2712615766 graph_emission
[seqwish::transclosure] 19131.392 83.03% 2712615766-2762615766 overlap_collect
[seqwish::transclosure] 19153.158 83.03% 2712615766-2762615766 rank_build
[seqwish::transclosure] 19191.921 83.03% 2712615766-2762615766 parallel_union_find
[seqwish::transclosure] 19226.760 83.03% 2712615766-2762615766 dset_write
[seqwish::transclosure] 19236.390 83.03% 2712615766-2762615766 dset_compression
[seqwish::transclosure] 19245.389 83.03% 2712615766-2762615766 dset_sort
[seqwish::transclosure] 19249.809 83.03% 2712615766-2762615766 dset_invert
[seqwish::transclosure] 19257.137 83.03% 2712615766-2762615766 graph_emission
[seqwish::transclosure] 19419.621 84.62% 2762615766-2818470557 overlap_collect
[seqwish::transclosure] 19438.309 84.62% 2762615766-2818470557 rank_build
[seqwish::transclosure] 19474.599 84.62% 2762615766-2818470557 parallel_union_find
[seqwish::transclosure] 19503.672 84.62% 2762615766-2818470557 dset_write
[seqwish::transclosure] 19511.968 84.62% 2762615766-2818470557 dset_compression
[seqwish::transclosure] 19519.758 84.62% 2762615766-2818470557 dset_sort
[seqwish::transclosure] 19523.555 84.62% 2762615766-2818470557 dset_invert
[seqwish::transclosure] 19529.015 84.62% 2762615766-2818470557 graph_emission
[seqwish::transclosure] 19717.271 85.98% 2818470557-2873442261 overlap_collect
[seqwish::transclosure] 19736.994 85.98% 2818470557-2873442261 rank_build
[seqwish::transclosure] 19774.744 85.98% 2818470557-2873442261 parallel_union_find
[seqwish::transclosure] 19803.220 85.98% 2818470557-2873442261 dset_write
[seqwish::transclosure] 19811.893 85.98% 2818470557-2873442261 dset_compression
[seqwish::transclosure] 19819.395 85.98% 2818470557-2873442261 dset_sort
[seqwish::transclosure] 19823.260 85.98% 2818470557-2873442261 dset_invert
[seqwish::transclosure] 19828.810 85.98% 2818470557-2873442261 graph_emission
[seqwish::transclosure] 19994.418 87.32% 2873442261-2923443467 overlap_collect
[seqwish::transclosure] 20013.228 87.32% 2873442261-2923443467 rank_build
[seqwish::transclosure] 20050.139 87.32% 2873442261-2923443467 parallel_union_find
[seqwish::transclosure] 20080.043 87.32% 2873442261-2923443467 dset_write
[seqwish::transclosure] 20089.092 87.32% 2873442261-2923443467 dset_compression
[seqwish::transclosure] 20096.734 87.32% 2873442261-2923443467 dset_sort
[seqwish::transclosure] 20100.844 87.32% 2873442261-2923443467 dset_invert
[seqwish::transclosure] 20106.752 87.32% 2873442261-2923443467 graph_emission
[seqwish::transclosure] 20262.529 88.78% 2923443467-2973443467 overlap_collect
[seqwish::transclosure] 20275.620 88.78% 2923443467-2973443467 rank_build
[seqwish::transclosure] 20310.762 88.78% 2923443467-2973443467 parallel_union_find
[seqwish::transclosure] 20332.834 88.78% 2923443467-2973443467 dset_write
[seqwish::transclosure] 20340.623 88.78% 2923443467-2973443467 dset_compression
[seqwish::transclosure] 20347.678 88.78% 2923443467-2973443467 dset_sort
[seqwish::transclosure] 20350.981 88.78% 2923443467-2973443467 dset_invert
[seqwish::transclosure] 20356.934 88.78% 2923443467-2973443467 graph_emission
[seqwish::transclosure] 20539.330 90.00% 2973443467-3023443467 overlap_collect
[seqwish::transclosure] 20553.774 90.00% 2973443467-3023443467 rank_build
[seqwish::transclosure] 20590.440 90.00% 2973443467-3023443467 parallel_union_find
[seqwish::transclosure] 20614.783 90.00% 2973443467-3023443467 dset_write
[seqwish::transclosure] 20623.118 90.00% 2973443467-3023443467 dset_compression
[seqwish::transclosure] 20630.573 90.00% 2973443467-3023443467 dset_sort
[seqwish::transclosure] 20634.031 90.00% 2973443467-3023443467 dset_invert
[seqwish::transclosure] 20640.289 90.00% 2973443467-3023443467 graph_emission
[seqwish::transclosure] 20785.019 91.28% 3023443467-3191081771 overlap_collect
[seqwish::transclosure] 20801.020 91.28% 3023443467-3191081771 rank_build
[seqwish::transclosure] 20835.126 91.28% 3023443467-3191081771 parallel_union_find
[seqwish::transclosure] 20850.121 91.28% 3023443467-3191081771 dset_write
[seqwish::transclosure] 20855.522 91.28% 3023443467-3191081771 dset_compression
[seqwish::transclosure] 20860.341 91.28% 3023443467-3191081771 dset_sort
[seqwish::transclosure] 20862.661 91.28% 3023443467-3191081771 dset_invert
[seqwish::transclosure] 20866.032 91.28% 3023443467-3191081771 graph_emission
[seqwish::transclosure] 21026.130 92.15% 3191081771-4138349065 overlap_collect
[seqwish::transclosure] 21095.890 92.15% 3191081771-4138349065 rank_build
[seqwish::transclosure] 21124.832 92.15% 3191081771-4138349065 parallel_union_find
[seqwish::transclosure] 21131.593 92.15% 3191081771-4138349065 dset_write
[seqwish::transclosure] 21134.505 92.15% 3191081771-4138349065 dset_compression
[seqwish::transclosure] 21136.953 92.15% 3191081771-4138349065 dset_sort
[seqwish::transclosure] 21138.303 92.15% 3191081771-4138349065 dset_invert
[seqwish::transclosure] 21140.212 92.15% 3191081771-4138349065 graph_emission
[seqwish::transclosure] 21191.270 92.62% 4138349065-4765646234 overlap_collect
[seqwish::transclosure] 21242.793 92.62% 4138349065-4765646234 rank_build
[seqwish::transclosure] 21270.516 92.62% 4138349065-4765646234 parallel_union_find
[seqwish::transclosure] 21274.829 92.62% 4138349065-4765646234 dset_write
[seqwish::transclosure] 21277.022 92.62% 4138349065-4765646234 dset_compression
[seqwish::transclosure] 21278.895 92.62% 4138349065-4765646234 dset_sort
[seqwish::transclosure] 21280.032 92.62% 4138349065-4765646234 dset_invert
[seqwish::transclosure] 21281.442 92.62% 4138349065-4765646234 graph_emission
[seqwish::transclosure] 21289.257 92.96% 4765646234-5252178002 overlap_collect
[seqwish::transclosure] 21327.619 92.96% 4765646234-5252178002 rank_build
[seqwish::transclosure] 21356.525 92.96% 4765646234-5252178002 parallel_union_find
[seqwish::transclosure] 21359.684 92.96% 4765646234-5252178002 dset_write
[seqwish::transclosure] 21361.376 92.96% 4765646234-5252178002 dset_compression
[seqwish::transclosure] 21362.790 92.96% 4765646234-5252178002 dset_sort
[seqwish::transclosure] 21363.681 92.96% 4765646234-5252178002 dset_invert
[seqwish::transclosure] 21364.873 92.96% 4765646234-5252178002 graph_emission
[seqwish::transclosure] 21371.804 93.23% 5252178002-5507115398 overlap_collect
[seqwish::transclosure] 21389.371 93.23% 5252178002-5507115398 rank_build
[seqwish::transclosure] 21416.834 93.23% 5252178002-5507115398 parallel_union_find
[seqwish::transclosure] 21418.272 93.23% 5252178002-5507115398 dset_write
[seqwish::transclosure] 21419.125 93.23% 5252178002-5507115398 dset_compression
[seqwish::transclosure] 21419.817 93.23% 5252178002-5507115398 dset_sort
[seqwish::transclosure] 21420.368 93.23% 5252178002-5507115398 dset_invert
[seqwish::transclosure] 21421.044 93.23% 5252178002-5507115398 graph_emission
[seqwish::transclosure] 21427.211 93.37% 5507115398-5889683388 overlap_collect
[seqwish::transclosure] 21453.209 93.37% 5507115398-5889683388 rank_build
[seqwish::transclosure] 21479.351 93.37% 5507115398-5889683388 parallel_union_find
[seqwish::transclosure] 21481.506 93.37% 5507115398-5889683388 dset_write
[seqwish::transclosure] 21482.810 93.37% 5507115398-5889683388 dset_compression
[seqwish::transclosure] 21483.883 93.37% 5507115398-5889683388 dset_sort
[seqwish::transclosure] 21484.668 93.37% 5507115398-5889683388 dset_invert
[seqwish::transclosure] 21485.614 93.37% 5507115398-5889683388 graph_emission
[seqwish::transclosure] 21492.275 93.57% 5889683388-6121804125 overlap_collect
[seqwish::transclosure] 21500.628 93.57% 5889683388-6121804125 rank_build
[seqwish::transclosure] 21528.002 93.57% 5889683388-6121804125 parallel_union_find
[seqwish::transclosure] 21529.793 93.57% 5889683388-6121804125 dset_write
[seqwish::transclosure] 21531.338 93.57% 5889683388-6121804125 dset_compression
[seqwish::transclosure] 21532.641 93.57% 5889683388-6121804125 dset_sort
[seqwish::transclosure] 21533.357 93.57% 5889683388-6121804125 dset_invert
[seqwish::transclosure] 21534.501 93.57% 5889683388-6121804125 graph_emission
[seqwish::transclosure] 21541.927 93.82% 6121804125-7188688782 overlap_collect
[seqwish::transclosure] 21566.524 93.82% 6121804125-7188688782 rank_build
[seqwish::transclosure] 21594.924 93.82% 6121804125-7188688782 parallel_union_find
[seqwish::transclosure] 21596.857 93.82% 6121804125-7188688782 dset_write
[seqwish::transclosure] 21598.335 93.82% 6121804125-7188688782 dset_compression
[seqwish::transclosure] 21599.573 93.82% 6121804125-7188688782 dset_sort
[seqwish::transclosure] 21600.454 93.82% 6121804125-7188688782 dset_invert
[seqwish::transclosure] 21601.488 93.82% 6121804125-7188688782 graph_emission
[seqwish::transclosure] 21610.457 94.06% 7188688782-8295919360 overlap_collect
[seqwish::transclosure] 21635.292 94.06% 7188688782-8295919360 rank_build
[seqwish::transclosure] 21662.622 94.06% 7188688782-8295919360 parallel_union_find
[seqwish::transclosure] 21665.169 94.06% 7188688782-8295919360 dset_write
[seqwish::transclosure] 21667.212 94.06% 7188688782-8295919360 dset_compression
[seqwish::transclosure] 21668.893 94.06% 7188688782-8295919360 dset_sort
[seqwish::transclosure] 21669.908 94.06% 7188688782-8295919360 dset_invert
[seqwish::transclosure] 21671.284 94.06% 7188688782-8295919360 graph_emission
[seqwish::transclosure] 21680.107 94.38% 8295919360-9081997890 overlap_collect
[seqwish::transclosure] 21696.396 94.38% 8295919360-9081997890 rank_build
[seqwish::transclosure] 21724.363 94.38% 8295919360-9081997890 parallel_union_find
[seqwish::transclosure] 21726.052 94.38% 8295919360-9081997890 dset_write
[seqwish::transclosure] 21727.426 94.38% 8295919360-9081997890 dset_compression
[seqwish::transclosure] 21728.547 94.38% 8295919360-9081997890 dset_sort
[seqwish::transclosure] 21729.338 94.38% 8295919360-9081997890 dset_invert
[seqwish::transclosure] 21730.326 94.38% 8295919360-9081997890 graph_emission
[seqwish::transclosure] 21744.648 94.59% 9081997890-9710382905 overlap_collect
[seqwish::transclosure] 21752.059 94.59% 9081997890-9710382905 rank_build
[seqwish::transclosure] 21778.318 94.59% 9081997890-9710382905 parallel_union_find
[seqwish::transclosure] 21779.149 94.59% 9081997890-9710382905 dset_write
[seqwish::transclosure] 21780.188 94.59% 9081997890-9710382905 dset_compression
[seqwish::transclosure] 21781.045 94.59% 9081997890-9710382905 dset_sort
[seqwish::transclosure] 21781.695 94.59% 9081997890-9710382905 dset_invert
[seqwish::transclosure] 21782.500 94.59% 9081997890-9710382905 graph_emission
[seqwish::transclosure] 21790.208 94.75% 9710382905-10840632641 overlap_collect
[seqwish::transclosure] 21802.598 94.75% 9710382905-10840632641 rank_build
[seqwish::transclosure] 21829.818 94.75% 9710382905-10840632641 parallel_union_find
[seqwish::transclosure] 21830.824 94.75% 9710382905-10840632641 dset_write
[seqwish::transclosure] 21831.841 94.75% 9710382905-10840632641 dset_compression
[seqwish::transclosure] 21832.651 94.75% 9710382905-10840632641 dset_sort
[seqwish::transclosure] 21833.298 94.75% 9710382905-10840632641 dset_invert
[seqwish::transclosure] 21834.112 94.75% 9710382905-10840632641 graph_emission
[seqwish::transclosure] 21842.755 94.91% 10840632641-11943196424 overlap_collect
[seqwish::transclosure] 21855.932 94.91% 10840632641-11943196424 rank_build
[seqwish::transclosure] 21881.672 94.91% 10840632641-11943196424 parallel_union_find
[seqwish::transclosure] 21882.756 94.91% 10840632641-11943196424 dset_write
[seqwish::transclosure] 21883.936 94.91% 10840632641-11943196424 dset_compression
[seqwish::transclosure] 21884.888 94.91% 10840632641-11943196424 dset_sort
[seqwish::transclosure] 21885.588 94.91% 10840632641-11943196424 dset_invert
[seqwish::transclosure] 21886.502 94.91% 10840632641-11943196424 graph_emission
[seqwish::transclosure] 21893.874 95.10% 11943196424-12274102563 overlap_collect
[seqwish::transclosure] 21896.732 95.10% 11943196424-12274102563 rank_build
[seqwish::transclosure] 21923.064 95.10% 11943196424-12274102563 parallel_union_find
[seqwish::transclosure] 21923.590 95.10% 11943196424-12274102563 dset_write
[seqwish::transclosure] 21924.379 95.10% 11943196424-12274102563 dset_compression
[seqwish::transclosure] 21925.014 95.10% 11943196424-12274102563 dset_sort
[seqwish::transclosure] 21925.602 95.10% 11943196424-12274102563 dset_invert
[seqwish::transclosure] 21926.266 95.10% 11943196424-12274102563 graph_emission
[seqwish::transclosure] 21935.445 95.22% 12274102563-14558772874 overlap_collect
[seqwish::transclosure] 21954.383 95.22% 12274102563-14558772874 rank_build
[seqwish::transclosure] 21979.583 95.22% 12274102563-14558772874 parallel_union_find
[seqwish::transclosure] 21980.851 95.22% 12274102563-14558772874 dset_write
[seqwish::transclosure] 21982.059 95.22% 12274102563-14558772874 dset_compression
[seqwish::transclosure] 21983.016 95.22% 12274102563-14558772874 dset_sort
[seqwish::transclosure] 21983.707 95.22% 12274102563-14558772874 dset_invert
[seqwish::transclosure] 21984.583 95.22% 12274102563-14558772874 graph_emission
[seqwish::transclosure] 21994.238 95.42% 14558772874-15102946505 overlap_collect
[seqwish::transclosure] 21998.782 95.42% 14558772874-15102946505 rank_build
[seqwish::transclosure] 22023.742 95.42% 14558772874-15102946505 parallel_union_find
[seqwish::transclosure] 22024.165 95.42% 14558772874-15102946505 dset_write
[seqwish::transclosure] 22024.760 95.42% 14558772874-15102946505 dset_compression
[seqwish::transclosure] 22025.239 95.42% 14558772874-15102946505 dset_sort
[seqwish::transclosure] 22025.710 95.42% 14558772874-15102946505 dset_invert
[seqwish::transclosure] 22026.248 95.42% 14558772874-15102946505 graph_emission
[seqwish::transclosure] 22034.916 95.51% 15102946505-16887641073 overlap_collect
[seqwish::transclosure] 22044.925 95.51% 15102946505-16887641073 rank_build
[seqwish::transclosure] 22070.686 95.51% 15102946505-16887641073 parallel_union_find
[seqwish::transclosure] 22071.173 95.51% 15102946505-16887641073 dset_write
[seqwish::transclosure] 22071.916 95.51% 15102946505-16887641073 dset_compression
[seqwish::transclosure] 22072.500 95.51% 15102946505-16887641073 dset_sort
[seqwish::transclosure] 22073.034 95.51% 15102946505-16887641073 dset_invert
[seqwish::transclosure] 22073.666 95.51% 15102946505-16887641073 graph_emission
[seqwish::transclosure] 22082.868 95.63% 16887641073-17834942700 overlap_collect
[seqwish::transclosure] 22088.054 95.63% 16887641073-17834942700 rank_build
[seqwish::transclosure] 22113.076 95.63% 16887641073-17834942700 parallel_union_find
[seqwish::transclosure] 22113.479 95.63% 16887641073-17834942700 dset_write
[seqwish::transclosure] 22114.154 95.63% 16887641073-17834942700 dset_compression
[seqwish::transclosure] 22114.695 95.63% 16887641073-17834942700 dset_sort
[seqwish::transclosure] 22115.221 95.63% 16887641073-17834942700 dset_invert
[seqwish::transclosure] 22115.799 95.63% 16887641073-17834942700 graph_emission
[seqwish::transclosure] 22123.260 95.74% 17834942700-18500860016 overlap_collect
[seqwish::transclosure] 22126.531 95.74% 17834942700-18500860016 rank_build
[seqwish::transclosure] 22150.757 95.74% 17834942700-18500860016 parallel_union_find
[seqwish::transclosure] 22150.970 95.74% 17834942700-18500860016 dset_write
[seqwish::transclosure] 22151.417 95.74% 17834942700-18500860016 dset_compression
[seqwish::transclosure] 22151.787 95.74% 17834942700-18500860016 dset_sort
[seqwish::transclosure] 22152.247 95.74% 17834942700-18500860016 dset_invert
[seqwish::transclosure] 22152.733 95.74% 17834942700-18500860016 graph_emission
[seqwish::transclosure] 22161.223 95.81% 18500860016-20052455808 overlap_collect
[seqwish::transclosure] 22168.458 95.81% 18500860016-20052455808 rank_build
[seqwish::transclosure] 22192.863 95.81% 18500860016-20052455808 parallel_union_find
[seqwish::transclosure] 22193.251 95.81% 18500860016-20052455808 dset_write
[seqwish::transclosure] 22193.828 95.81% 18500860016-20052455808 dset_compression
[seqwish::transclosure] 22194.271 95.81% 18500860016-20052455808 dset_sort
[seqwish::transclosure] 22194.742 95.81% 18500860016-20052455808 dset_invert
[seqwish::transclosure] 22195.286 95.81% 18500860016-20052455808 graph_emission
[seqwish::transclosure] 22204.650 95.91% 20052455808-21118142047 overlap_collect
[seqwish::transclosure] 22209.910 95.91% 20052455808-21118142047 rank_build
[seqwish::transclosure] 22234.386 95.91% 20052455808-21118142047 parallel_union_find
[seqwish::transclosure] 22234.689 95.91% 20052455808-21118142047 dset_write
[seqwish::transclosure] 22235.336 95.91% 20052455808-21118142047 dset_compression
[seqwish::transclosure] 22235.853 95.91% 20052455808-21118142047 dset_sort
[seqwish::transclosure] 22236.382 95.91% 20052455808-21118142047 dset_invert
[seqwish::transclosure] 22236.950 95.91% 20052455808-21118142047 graph_emission
[seqwish::transclosure] 22247.965 96.01% 21118142047-23952621933 overlap_collect
[seqwish::transclosure] 22259.385 96.01% 21118142047-23952621933 rank_build
[seqwish::transclosure] 22284.991 96.01% 21118142047-23952621933 parallel_union_find
[seqwish::transclosure] 22285.346 96.01% 21118142047-23952621933 dset_write
[seqwish::transclosure] 22285.927 96.01% 21118142047-23952621933 dset_compression
[seqwish::transclosure] 22286.432 96.01% 21118142047-23952621933 dset_sort
[seqwish::transclosure] 22286.967 96.01% 21118142047-23952621933 dset_invert
[seqwish::transclosure] 22287.566 96.01% 21118142047-23952621933 graph_emission
[seqwish::transclosure] 22297.129 96.11% 23952621933-24151797968 overlap_collect
[seqwish::transclosure] 22298.107 96.11% 23952621933-24151797968 rank_build
[seqwish::transclosure] 22322.594 96.11% 23952621933-24151797968 parallel_union_find
[seqwish::transclosure] 22322.668 96.11% 23952621933-24151797968 dset_write
[seqwish::transclosure] 22323.038 96.11% 23952621933-24151797968 dset_compression
[seqwish::transclosure] 22323.331 96.11% 23952621933-24151797968 dset_sort
[seqwish::transclosure] 22323.781 96.11% 23952621933-24151797968 dset_invert
[seqwish::transclosure] 22324.218 96.11% 23952621933-24151797968 graph_emission
[seqwish::transclosure] 22331.469 96.17% 24151797968-25474102618 overlap_collect
[seqwish::transclosure] 22337.999 96.17% 24151797968-25474102618 rank_build
[seqwish::transclosure] 22363.817 96.17% 24151797968-25474102618 parallel_union_find
[seqwish::transclosure] 22364.157 96.17% 24151797968-25474102618 dset_write
[seqwish::transclosure] 22364.829 96.17% 24151797968-25474102618 dset_compression
[seqwish::transclosure] 22365.357 96.17% 24151797968-25474102618 dset_sort
[seqwish::transclosure] 22365.879 96.17% 24151797968-25474102618 dset_invert
[seqwish::transclosure] 22366.482 96.17% 24151797968-25474102618 graph_emission
[seqwish::transclosure] 22375.363 96.28% 25474102618-26718689767 overlap_collect
[seqwish::transclosure] 22381.598 96.28% 25474102618-26718689767 rank_build
[seqwish::transclosure] 22406.095 96.28% 25474102618-26718689767 parallel_union_find
[seqwish::transclosure] 22406.465 96.28% 25474102618-26718689767 dset_write
[seqwish::transclosure] 22407.080 96.28% 25474102618-26718689767 dset_compression
[seqwish::transclosure] 22407.542 96.28% 25474102618-26718689767 dset_sort
[seqwish::transclosure] 22408.010 96.28% 25474102618-26718689767 dset_invert
[seqwish::transclosure] 22408.523 96.28% 25474102618-26718689767 graph_emission
[seqwish::transclosure] 22416.008 96.37% 26718689767-27209873793 overlap_collect
[seqwish::transclosure] 22418.808 96.37% 26718689767-27209873793 rank_build
[seqwish::transclosure] 22444.082 96.37% 26718689767-27209873793 parallel_union_find
[seqwish::transclosure] 22444.328 96.37% 26718689767-27209873793 dset_write
[seqwish::transclosure] 22444.933 96.37% 26718689767-27209873793 dset_compression
[seqwish::transclosure] 22445.372 96.37% 26718689767-27209873793 dset_sort
[seqwish::transclosure] 22445.866 96.37% 26718689767-27209873793 dset_invert
[seqwish::transclosure] 22446.408 96.37% 26718689767-27209873793 graph_emission
[seqwish::transclosure] 22454.611 96.46% 27209873793-28893131288 overlap_collect
[seqwish::transclosure] 22460.824 96.46% 27209873793-28893131288 rank_build
[seqwish::transclosure] 22484.804 96.46% 27209873793-28893131288 parallel_union_find
[seqwish::transclosure] 22484.947 96.46% 27209873793-28893131288 dset_write
[seqwish::transclosure] 22485.398 96.46% 27209873793-28893131288 dset_compression
[seqwish::transclosure] 22485.741 96.46% 27209873793-28893131288 dset_sort
[seqwish::transclosure] 22486.227 96.46% 27209873793-28893131288 dset_invert
[seqwish::transclosure] 22486.685 96.46% 27209873793-28893131288 graph_emission
[seqwish::transclosure] 22495.822 96.54% 28893131288-30069151306 overlap_collect
[seqwish::transclosure] 22500.432 96.54% 28893131288-30069151306 rank_build
[seqwish::transclosure] 22526.330 96.54% 28893131288-30069151306 parallel_union_find
[seqwish::transclosure] 22526.553 96.54% 28893131288-30069151306 dset_write
[seqwish::transclosure] 22527.031 96.54% 28893131288-30069151306 dset_compression
[seqwish::transclosure] 22527.397 96.54% 28893131288-30069151306 dset_sort
[seqwish::transclosure] 22527.916 96.54% 28893131288-30069151306 dset_invert
[seqwish::transclosure] 22528.381 96.54% 28893131288-30069151306 graph_emission
[seqwish::transclosure] 22536.253 96.61% 30069151306-30832938778 overlap_collect
[seqwish::transclosure] 22539.392 96.61% 30069151306-30832938778 rank_build
[seqwish::transclosure] 22563.519 96.61% 30069151306-30832938778 parallel_union_find
[seqwish::transclosure] 22563.692 96.61% 30069151306-30832938778 dset_write
[seqwish::transclosure] 22564.129 96.61% 30069151306-30832938778 dset_compression
[seqwish::transclosure] 22564.477 96.61% 30069151306-30832938778 dset_sort
[seqwish::transclosure] 22564.988 96.61% 30069151306-30832938778 dset_invert
[seqwish::transclosure] 22565.443 96.61% 30069151306-30832938778 graph_emission
[seqwish::transclosure] 22574.851 96.68% 30832938778-32867216601 overlap_collect
[seqwish::transclosure] 22582.859 96.68% 30832938778-32867216601 rank_build
[seqwish::transclosure] 22607.652 96.68% 30832938778-32867216601 parallel_union_find
[seqwish::transclosure] 22607.923 96.68% 30832938778-32867216601 dset_write
[seqwish::transclosure] 22608.561 96.68% 30832938778-32867216601 dset_compression
[seqwish::transclosure] 22609.031 96.68% 30832938778-32867216601 dset_sort
[seqwish::transclosure] 22609.528 96.68% 30832938778-32867216601 dset_invert
[seqwish::transclosure] 22610.049 96.68% 30832938778-32867216601 graph_emission
[seqwish::transclosure] 22619.179 96.77% 32867216601-33616599731 overlap_collect
[seqwish::transclosure] 22622.202 96.77% 32867216601-33616599731 rank_build
[seqwish::transclosure] 22648.357 96.77% 32867216601-33616599731 parallel_union_find
[seqwish::transclosure] 22648.705 96.77% 32867216601-33616599731 dset_write
[seqwish::transclosure] 22649.180 96.77% 32867216601-33616599731 dset_compression
[seqwish::transclosure] 22649.524 96.77% 32867216601-33616599731 dset_sort
[seqwish::transclosure] 22650.003 96.77% 32867216601-33616599731 dset_invert
[seqwish::transclosure] 22650.474 96.77% 32867216601-33616599731 graph_emission
[seqwish::transclosure] 22658.798 96.85% 33616599731-35117476641 overlap_collect
[seqwish::transclosure] 22664.325 96.85% 33616599731-35117476641 rank_build
[seqwish::transclosure] 22688.984 96.85% 33616599731-35117476641 parallel_union_find
[seqwish::transclosure] 22689.137 96.85% 33616599731-35117476641 dset_write
[seqwish::transclosure] 22689.630 96.85% 33616599731-35117476641 dset_compression
[seqwish::transclosure] 22689.977 96.85% 33616599731-35117476641 dset_sort
[seqwish::transclosure] 22690.469 96.85% 33616599731-35117476641 dset_invert
[seqwish::transclosure] 22690.935 96.85% 33616599731-35117476641 graph_emission
[seqwish::transclosure] 22699.689 96.92% 35117476641-36074661927 overlap_collect
[seqwish::transclosure] 22703.316 96.92% 35117476641-36074661927 rank_build
[seqwish::transclosure] 22728.555 96.92% 35117476641-36074661927 parallel_union_find
[seqwish::transclosure] 22728.714 96.92% 35117476641-36074661927 dset_write
[seqwish::transclosure] 22729.174 96.92% 35117476641-36074661927 dset_compression
[seqwish::transclosure] 22729.523 96.92% 35117476641-36074661927 dset_sort
[seqwish::transclosure] 22730.023 96.92% 35117476641-36074661927 dset_invert
[seqwish::transclosure] 22730.498 96.92% 35117476641-36074661927 graph_emission
[seqwish::transclosure] 22738.397 96.99% 36074661927-37009256605 overlap_collect
[seqwish::transclosure] 22741.935 96.99% 36074661927-37009256605 rank_build
[seqwish::transclosure] 22766.306 96.99% 36074661927-37009256605 parallel_union_find
[seqwish::transclosure] 22766.516 96.99% 36074661927-37009256605 dset_write
[seqwish::transclosure] 22767.019 96.99% 36074661927-37009256605 dset_compression
[seqwish::transclosure] 22767.370 96.99% 36074661927-37009256605 dset_sort
[seqwish::transclosure] 22767.847 96.99% 36074661927-37009256605 dset_invert
[seqwish::transclosure] 22768.335 96.99% 36074661927-37009256605 graph_emission
[seqwish::transclosure] 22777.434 97.06% 37009256605-38775259113 overlap_collect
[seqwish::transclosure] 22783.909 97.06% 37009256605-38775259113 rank_build
[seqwish::transclosure] 22808.035 97.06% 37009256605-38775259113 parallel_union_find
[seqwish::transclosure] 22808.225 97.06% 37009256605-38775259113 dset_write
[seqwish::transclosure] 22808.749 97.06% 37009256605-38775259113 dset_compression
[seqwish::transclosure] 22809.144 97.06% 37009256605-38775259113 dset_sort
[seqwish::transclosure] 22809.650 97.06% 37009256605-38775259113 dset_invert
[seqwish::transclosure] 22810.182 97.06% 37009256605-38775259113 graph_emission
[seqwish::transclosure] 22819.607 97.14% 38775259113-39962586822 overlap_collect
[seqwish::transclosure] 22823.811 97.14% 38775259113-39962586822 rank_build
[seqwish::transclosure] 22849.585 97.14% 38775259113-39962586822 parallel_union_find
[seqwish::transclosure] 22849.753 97.14% 38775259113-39962586822 dset_write
[seqwish::transclosure] 22850.219 97.14% 38775259113-39962586822 dset_compression
[seqwish::transclosure] 22850.571 97.14% 38775259113-39962586822 dset_sort
[seqwish::transclosure] 22851.043 97.14% 38775259113-39962586822 dset_invert
[seqwish::transclosure] 22851.539 97.14% 38775259113-39962586822 graph_emission
[seqwish::transclosure] 22860.185 97.22% 39962586822-41343335478 overlap_collect
[seqwish::transclosure] 22865.064 97.22% 39962586822-41343335478 rank_build
[seqwish::transclosure] 22889.043 97.22% 39962586822-41343335478 parallel_union_find
[seqwish::transclosure] 22889.259 97.22% 39962586822-41343335478 dset_write
[seqwish::transclosure] 22889.714 97.22% 39962586822-41343335478 dset_compression
[seqwish::transclosure] 22890.058 97.22% 39962586822-41343335478 dset_sort
[seqwish::transclosure] 22890.527 97.22% 39962586822-41343335478 dset_invert
[seqwish::transclosure] 22890.987 97.22% 39962586822-41343335478 graph_emission
[seqwish::transclosure] 22898.847 97.29% 41343335478-42007786386 overlap_collect
[seqwish::transclosure] 22901.305 97.29% 41343335478-42007786386 rank_build
[seqwish::transclosure] 22925.425 97.29% 41343335478-42007786386 parallel_union_find
[seqwish::transclosure] 22925.520 97.29% 41343335478-42007786386 dset_write
[seqwish::transclosure] 22925.928 97.29% 41343335478-42007786386 dset_compression
[seqwish::transclosure] 22926.237 97.29% 41343335478-42007786386 dset_sort
[seqwish::transclosure] 22926.690 97.29% 41343335478-42007786386 dset_invert
[seqwish::transclosure] 22927.142 97.29% 41343335478-42007786386 graph_emission
[seqwish::transclosure] 22934.342 97.35% 42007786386-42984542989 overlap_collect
[seqwish::transclosure] 22937.434 97.35% 42007786386-42984542989 rank_build
[seqwish::transclosure] 22961.344 97.35% 42007786386-42984542989 parallel_union_find
[seqwish::transclosure] 22961.410 97.35% 42007786386-42984542989 dset_write
[seqwish::transclosure] 22961.754 97.35% 42007786386-42984542989 dset_compression
[seqwish::transclosure] 22962.014 97.35% 42007786386-42984542989 dset_sort
[seqwish::transclosure] 22962.469 97.35% 42007786386-42984542989 dset_invert
[seqwish::transclosure] 22962.866 97.35% 42007786386-42984542989 graph_emission
[seqwish::transclosure] 22972.102 97.41% 42984542989-44826046878 overlap_collect
[seqwish::transclosure] 22977.810 97.41% 42984542989-44826046878 rank_build
[seqwish::transclosure] 23001.474 97.41% 42984542989-44826046878 parallel_union_find
[seqwish::transclosure] 23001.535 97.41% 42984542989-44826046878 dset_write
[seqwish::transclosure] 23001.848 97.41% 42984542989-44826046878 dset_compression
[seqwish::transclosure] 23002.116 97.41% 42984542989-44826046878 dset_sort
[seqwish::transclosure] 23002.563 97.41% 42984542989-44826046878 dset_invert
[seqwish::transclosure] 23002.953 97.41% 42984542989-44826046878 graph_emission
[seqwish::transclosure] 23013.035 97.47% 44826046878-46464352928 overlap_collect
[seqwish::transclosure] 23018.072 97.47% 44826046878-46464352928 rank_build
[seqwish::transclosure] 23041.678 97.47% 44826046878-46464352928 parallel_union_find
[seqwish::transclosure] 23041.745 97.47% 44826046878-46464352928 dset_write
[seqwish::transclosure] 23042.100 97.47% 44826046878-46464352928 dset_compression
[seqwish::transclosure] 23042.348 97.47% 44826046878-46464352928 dset_sort
[seqwish::transclosure] 23042.792 97.47% 44826046878-46464352928 dset_invert
[seqwish::transclosure] 23043.147 97.47% 44826046878-46464352928 graph_emission
[seqwish::transclosure] 23052.968 97.52% 46464352928-48095448401 overlap_collect
[seqwish::transclosure] 23058.036 97.52% 46464352928-48095448401 rank_build
[seqwish::transclosure] 23081.568 97.52% 46464352928-48095448401 parallel_union_find
[seqwish::transclosure] 23081.604 97.52% 46464352928-48095448401 dset_write
[seqwish::transclosure] 23081.892 97.52% 46464352928-48095448401 dset_compression
[seqwish::transclosure] 23082.125 97.52% 46464352928-48095448401 dset_sort
[seqwish::transclosure] 23082.558 97.52% 46464352928-48095448401 dset_invert
[seqwish::transclosure] 23082.927 97.52% 46464352928-48095448401 graph_emission
[seqwish::transclosure] 23093.622 97.57% 48095448401-50382480204 overlap_collect
[seqwish::transclosure] 23101.071 97.57% 48095448401-50382480204 rank_build
[seqwish::transclosure] 23124.978 97.57% 48095448401-50382480204 parallel_union_find
[seqwish::transclosure] 23125.170 97.57% 48095448401-50382480204 dset_write
[seqwish::transclosure] 23125.654 97.57% 48095448401-50382480204 dset_compression
[seqwish::transclosure] 23126.040 97.57% 48095448401-50382480204 dset_sort
[seqwish::transclosure] 23126.497 97.57% 48095448401-50382480204 dset_invert
[seqwish::transclosure] 23126.959 97.57% 48095448401-50382480204 graph_emission
[seqwish::transclosure] 23136.124 97.65% 50382480204-51024114351 overlap_collect
[seqwish::transclosure] 23138.371 97.65% 50382480204-51024114351 rank_build
[seqwish::transclosure] 23162.302 97.65% 50382480204-51024114351 parallel_union_find
[seqwish::transclosure] 23162.359 97.65% 50382480204-51024114351 dset_write
[seqwish::transclosure] 23162.695 97.65% 50382480204-51024114351 dset_compression
[seqwish::transclosure] 23162.945 97.65% 50382480204-51024114351 dset_sort
[seqwish::transclosure] 23163.389 97.65% 50382480204-51024114351 dset_invert
[seqwish::transclosure] 23163.779 97.65% 50382480204-51024114351 graph_emission
[seqwish::transclosure] 23172.284 97.70% 51024114351-52755343387 overlap_collect
[seqwish::transclosure] 23177.799 97.70% 51024114351-52755343387 rank_build
[seqwish::transclosure] 23202.313 97.70% 51024114351-52755343387 parallel_union_find
[seqwish::transclosure] 23202.403 97.70% 51024114351-52755343387 dset_write
[seqwish::transclosure] 23202.781 97.70% 51024114351-52755343387 dset_compression
[seqwish::transclosure] 23203.065 97.70% 51024114351-52755343387 dset_sort
[seqwish::transclosure] 23203.524 97.70% 51024114351-52755343387 dset_invert
[seqwish::transclosure] 23203.964 97.70% 51024114351-52755343387 graph_emission
[seqwish::transclosure] 23212.913 97.76% 52755343387-53806787931 overlap_collect
[seqwish::transclosure] 23216.446 97.76% 52755343387-53806787931 rank_build
[seqwish::transclosure] 23240.117 97.76% 52755343387-53806787931 parallel_union_find
[seqwish::transclosure] 23240.175 97.76% 52755343387-53806787931 dset_write
[seqwish::transclosure] 23240.492 97.76% 52755343387-53806787931 dset_compression
[seqwish::transclosure] 23240.781 97.76% 52755343387-53806787931 dset_sort
[seqwish::transclosure] 23241.220 97.76% 52755343387-53806787931 dset_invert
[seqwish::transclosure] 23241.609 97.76% 52755343387-53806787931 graph_emission
[seqwish::transclosure] 23249.173 97.82% 53806787931-54381227099 overlap_collect
[seqwish::transclosure] 23251.183 97.82% 53806787931-54381227099 rank_build
[seqwish::transclosure] 23275.213 97.82% 53806787931-54381227099 parallel_union_find
[seqwish::transclosure] 23275.253 97.82% 53806787931-54381227099 dset_write
[seqwish::transclosure] 23275.536 97.82% 53806787931-54381227099 dset_compression
[seqwish::transclosure] 23275.761 97.82% 53806787931-54381227099 dset_sort
[seqwish::transclosure] 23276.203 97.82% 53806787931-54381227099 dset_invert
[seqwish::transclosure] 23276.606 97.82% 53806787931-54381227099 graph_emission
[seqwish::transclosure] 23285.380 97.87% 54381227099-56283127435 overlap_collect
[seqwish::transclosure] 23291.365 97.87% 54381227099-56283127435 rank_build
[seqwish::transclosure] 23315.122 97.87% 54381227099-56283127435 parallel_union_find
[seqwish::transclosure] 23315.207 97.87% 54381227099-56283127435 dset_write
[seqwish::transclosure] 23315.611 97.87% 54381227099-56283127435 dset_compression
[seqwish::transclosure] 23315.927 97.87% 54381227099-56283127435 dset_sort
[seqwish::transclosure] 23316.389 97.87% 54381227099-56283127435 dset_invert
[seqwish::transclosure] 23316.843 97.87% 54381227099-56283127435 graph_emission
[seqwish::transclosure] 23325.986 97.93% 56283127435-57182865405 overlap_collect
[seqwish::transclosure] 23329.054 97.93% 56283127435-57182865405 rank_build
[seqwish::transclosure] 23352.857 97.93% 56283127435-57182865405 parallel_union_find
[seqwish::transclosure] 23352.915 97.93% 56283127435-57182865405 dset_write
[seqwish::transclosure] 23353.229 97.93% 56283127435-57182865405 dset_compression
[seqwish::transclosure] 23353.477 97.93% 56283127435-57182865405 dset_sort
[seqwish::transclosure] 23353.917 97.93% 56283127435-57182865405 dset_invert
[seqwish::transclosure] 23354.290 97.93% 56283127435-57182865405 graph_emission
[seqwish::transclosure] 23363.159 97.99% 57182865405-58943182400 overlap_collect
[seqwish::transclosure] 23368.541 97.99% 57182865405-58943182400 rank_build
[seqwish::transclosure] 23393.910 97.99% 57182865405-58943182400 parallel_union_find
[seqwish::transclosure] 23393.977 97.99% 57182865405-58943182400 dset_write
[seqwish::transclosure] 23394.308 97.99% 57182865405-58943182400 dset_compression
[seqwish::transclosure] 23394.563 97.99% 57182865405-58943182400 dset_sort
[seqwish::transclosure] 23395.030 97.99% 57182865405-58943182400 dset_invert
[seqwish::transclosure] 23395.398 97.99% 57182865405-58943182400 graph_emission
[seqwish::transclosure] 23404.410 98.04% 58943182400-59942983991 overlap_collect
[seqwish::transclosure] 23407.644 98.04% 58943182400-59942983991 rank_build
[seqwish::transclosure] 23431.329 98.04% 58943182400-59942983991 parallel_union_find
[seqwish::transclosure] 23431.405 98.04% 58943182400-59942983991 dset_write
[seqwish::transclosure] 23431.711 98.04% 58943182400-59942983991 dset_compression
[seqwish::transclosure] 23431.976 98.04% 58943182400-59942983991 dset_sort
[seqwish::transclosure] 23432.419 98.04% 58943182400-59942983991 dset_invert
[seqwish::transclosure] 23432.776 98.04% 58943182400-59942983991 graph_emission
[seqwish::transclosure] 23441.346 98.09% 59942983991-61317406136 overlap_collect
[seqwish::transclosure] 23445.692 98.09% 59942983991-61317406136 rank_build
[seqwish::transclosure] 23469.668 98.09% 59942983991-61317406136 parallel_union_find
[seqwish::transclosure] 23469.724 98.09% 59942983991-61317406136 dset_write
[seqwish::transclosure] 23470.034 98.09% 59942983991-61317406136 dset_compression
[seqwish::transclosure] 23470.282 98.09% 59942983991-61317406136 dset_sort
[seqwish::transclosure] 23470.722 98.09% 59942983991-61317406136 dset_invert
[seqwish::transclosure] 23471.080 98.09% 59942983991-61317406136 graph_emission
[seqwish::transclosure] 23479.951 98.15% 61317406136-62661699892 overlap_collect
[seqwish::transclosure] 23484.293 98.15% 61317406136-62661699892 rank_build
[seqwish::transclosure] 23509.580 98.15% 61317406136-62661699892 parallel_union_find
[seqwish::transclosure] 23509.647 98.15% 61317406136-62661699892 dset_write
[seqwish::transclosure] 23509.962 98.15% 61317406136-62661699892 dset_compression
[seqwish::transclosure] 23510.210 98.15% 61317406136-62661699892 dset_sort
[seqwish::transclosure] 23510.638 98.15% 61317406136-62661699892 dset_invert
[seqwish::transclosure] 23511.000 98.15% 61317406136-62661699892 graph_emission
[seqwish::transclosure] 23518.518 98.20% 62661699892-63163727570 overlap_collect
[seqwish::transclosure] 23520.307 98.20% 62661699892-63163727570 rank_build
[seqwish::transclosure] 23544.094 98.20% 62661699892-63163727570 parallel_union_find
[seqwish::transclosure] 23544.153 98.20% 62661699892-63163727570 dset_write
[seqwish::transclosure] 23544.453 98.20% 62661699892-63163727570 dset_compression
[seqwish::transclosure] 23544.699 98.20% 62661699892-63163727570 dset_sort
[seqwish::transclosure] 23545.154 98.20% 62661699892-63163727570 dset_invert
[seqwish::transclosure] 23545.517 98.20% 62661699892-63163727570 graph_emission
[seqwish::transclosure] 23554.151 98.25% 63163727570-64992047501 overlap_collect
[seqwish::transclosure] 23559.781 98.25% 63163727570-64992047501 rank_build
[seqwish::transclosure] 23584.724 98.25% 63163727570-64992047501 parallel_union_find
[seqwish::transclosure] 23584.809 98.25% 63163727570-64992047501 dset_write
[seqwish::transclosure] 23585.197 98.25% 63163727570-64992047501 dset_compression
[seqwish::transclosure] 23585.484 98.25% 63163727570-64992047501 dset_sort
[seqwish::transclosure] 23585.967 98.25% 63163727570-64992047501 dset_invert
[seqwish::transclosure] 23586.372 98.25% 63163727570-64992047501 graph_emission
[seqwish::transclosure] 23595.664 98.31% 64992047501-66099360668 overlap_collect
[seqwish::transclosure] 23599.211 98.31% 64992047501-66099360668 rank_build
[seqwish::transclosure] 23623.105 98.31% 64992047501-66099360668 parallel_union_find
[seqwish::transclosure] 23623.182 98.31% 64992047501-66099360668 dset_write
[seqwish::transclosure] 23623.482 98.31% 64992047501-66099360668 dset_compression
[seqwish::transclosure] 23623.729 98.31% 64992047501-66099360668 dset_sort
[seqwish::transclosure] 23624.179 98.31% 64992047501-66099360668 dset_invert
[seqwish::transclosure] 23624.550 98.31% 64992047501-66099360668 graph_emission
[seqwish::transclosure] 23632.105 98.37% 66099360668-66711673449 overlap_collect
[seqwish::transclosure] 23634.220 98.37% 66099360668-66711673449 rank_build
[seqwish::transclosure] 23657.889 98.37% 66099360668-66711673449 parallel_union_find
[seqwish::transclosure] 23657.950 98.37% 66099360668-66711673449 dset_write
[seqwish::transclosure] 23658.250 98.37% 66099360668-66711673449 dset_compression
[seqwish::transclosure] 23658.493 98.37% 66099360668-66711673449 dset_sort
[seqwish::transclosure] 23658.919 98.37% 66099360668-66711673449 dset_invert
[seqwish::transclosure] 23659.285 98.37% 66099360668-66711673449 graph_emission
[seqwish::transclosure] 23668.414 98.42% 66711673449-68768143721 overlap_collect
[seqwish::transclosure] 23674.614 98.42% 66711673449-68768143721 rank_build
[seqwish::transclosure] 23700.130 98.42% 66711673449-68768143721 parallel_union_find
[seqwish::transclosure] 23700.180 98.42% 66711673449-68768143721 dset_write
[seqwish::transclosure] 23700.484 98.42% 66711673449-68768143721 dset_compression
[seqwish::transclosure] 23700.742 98.42% 66711673449-68768143721 dset_sort
[seqwish::transclosure] 23701.176 98.42% 66711673449-68768143721 dset_invert
[seqwish::transclosure] 23701.538 98.42% 66711673449-68768143721 graph_emission
[seqwish::transclosure] 23710.877 98.47% 68768143721-69719803831 overlap_collect
[seqwish::transclosure] 23713.953 98.47% 68768143721-69719803831 rank_build
[seqwish::transclosure] 23737.565 98.47% 68768143721-69719803831 parallel_union_find
[seqwish::transclosure] 23737.638 98.47% 68768143721-69719803831 dset_write
[seqwish::transclosure] 23737.917 98.47% 68768143721-69719803831 dset_compression
[seqwish::transclosure] 23738.137 98.47% 68768143721-69719803831 dset_sort
[seqwish::transclosure] 23738.538 98.47% 68768143721-69719803831 dset_invert
[seqwish::transclosure] 23738.905 98.47% 68768143721-69719803831 graph_emission
[seqwish::transclosure] 23747.730 98.52% 69719803831-71431808142 overlap_collect
[seqwish::transclosure] 23752.919 98.52% 69719803831-71431808142 rank_build
[seqwish::transclosure] 23778.154 98.52% 69719803831-71431808142 parallel_union_find
[seqwish::transclosure] 23778.200 98.52% 69719803831-71431808142 dset_write
[seqwish::transclosure] 23778.499 98.52% 69719803831-71431808142 dset_compression
[seqwish::transclosure] 23778.723 98.52% 69719803831-71431808142 dset_sort
[seqwish::transclosure] 23779.162 98.52% 69719803831-71431808142 dset_invert
[seqwish::transclosure] 23779.503 98.52% 69719803831-71431808142 graph_emission
[seqwish::transclosure] 23788.926 98.57% 71431808142-72747628218 overlap_collect
[seqwish::transclosure] 23793.111 98.57% 71431808142-72747628218 rank_build
[seqwish::transclosure] 23818.488 98.57% 71431808142-72747628218 parallel_union_find
[seqwish::transclosure] 23818.533 98.57% 71431808142-72747628218 dset_write
[seqwish::transclosure] 23818.825 98.57% 71431808142-72747628218 dset_compression
[seqwish::transclosure] 23819.069 98.57% 71431808142-72747628218 dset_sort
[seqwish::transclosure] 23819.488 98.57% 71431808142-72747628218 dset_invert
[seqwish::transclosure] 23819.863 98.57% 71431808142-72747628218 graph_emission
[seqwish::transclosure] 23828.521 98.62% 72747628218-74012853621 overlap_collect
[seqwish::transclosure] 23832.550 98.62% 72747628218-74012853621 rank_build
[seqwish::transclosure] 23856.246 98.62% 72747628218-74012853621 parallel_union_find
[seqwish::transclosure] 23856.334 98.62% 72747628218-74012853621 dset_write
[seqwish::transclosure] 23856.639 98.62% 72747628218-74012853621 dset_compression
[seqwish::transclosure] 23856.871 98.62% 72747628218-74012853621 dset_sort
[seqwish::transclosure] 23857.312 98.62% 72747628218-74012853621 dset_invert
[seqwish::transclosure] 23857.667 98.62% 72747628218-74012853621 graph_emission
[seqwish::transclosure] 23866.222 98.67% 74012853621-75215721962 overlap_collect
[seqwish::transclosure] 23870.024 98.67% 74012853621-75215721962 rank_build
[seqwish::transclosure] 23894.061 98.67% 74012853621-75215721962 parallel_union_find
[seqwish::transclosure] 23894.175 98.67% 74012853621-75215721962 dset_write
[seqwish::transclosure] 23894.502 98.67% 74012853621-75215721962 dset_compression
[seqwish::transclosure] 23894.760 98.67% 74012853621-75215721962 dset_sort
[seqwish::transclosure] 23895.208 98.67% 74012853621-75215721962 dset_invert
[seqwish::transclosure] 23895.602 98.67% 74012853621-75215721962 graph_emission
[seqwish::transclosure] 23903.542 98.73% 75215721962-76065046174 overlap_collect
[seqwish::transclosure] 23906.286 98.73% 75215721962-76065046174 rank_build
[seqwish::transclosure] 23931.935 98.73% 75215721962-76065046174 parallel_union_find
[seqwish::transclosure] 23931.982 98.73% 75215721962-76065046174 dset_write
[seqwish::transclosure] 23932.265 98.73% 75215721962-76065046174 dset_compression
[seqwish::transclosure] 23932.488 98.73% 75215721962-76065046174 dset_sort
[seqwish::transclosure] 23932.897 98.73% 75215721962-76065046174 dset_invert
[seqwish::transclosure] 23933.255 98.73% 75215721962-76065046174 graph_emission
[seqwish::transclosure] 23941.532 98.78% 76065046174-77455235480 overlap_collect
[seqwish::transclosure] 23945.845 98.78% 76065046174-77455235480 rank_build
[seqwish::transclosure] 23969.823 98.78% 76065046174-77455235480 parallel_union_find
[seqwish::transclosure] 23969.868 98.78% 76065046174-77455235480 dset_write
[seqwish::transclosure] 23970.210 98.78% 76065046174-77455235480 dset_compression
[seqwish::transclosure] 23970.440 98.78% 76065046174-77455235480 dset_sort
[seqwish::transclosure] 23970.876 98.78% 76065046174-77455235480 dset_invert
[seqwish::transclosure] 23971.247 98.78% 76065046174-77455235480 graph_emission
[seqwish::transclosure] 23979.375 98.83% 77455235480-78267366794 overlap_collect
[seqwish::transclosure] 23981.973 98.83% 77455235480-78267366794 rank_build
[seqwish::transclosure] 24006.989 98.83% 77455235480-78267366794 parallel_union_find
[seqwish::transclosure] 24007.029 98.83% 77455235480-78267366794 dset_write
[seqwish::transclosure] 24007.297 98.83% 77455235480-78267366794 dset_compression
[seqwish::transclosure] 24007.536 98.83% 77455235480-78267366794 dset_sort
[seqwish::transclosure] 24007.975 98.83% 77455235480-78267366794 dset_invert
[seqwish::transclosure] 24008.332 98.83% 77455235480-78267366794 graph_emission
[seqwish::transclosure] 24017.482 98.88% 78267366794-80247616609 overlap_collect
[seqwish::transclosure] 24023.391 98.88% 78267366794-80247616609 rank_build
[seqwish::transclosure] 24046.957 98.88% 78267366794-80247616609 parallel_union_find
[seqwish::transclosure] 24046.993 98.88% 78267366794-80247616609 dset_write
[seqwish::transclosure] 24047.270 98.88% 78267366794-80247616609 dset_compression
[seqwish::transclosure] 24047.492 98.88% 78267366794-80247616609 dset_sort
[seqwish::transclosure] 24047.917 98.88% 78267366794-80247616609 dset_invert
[seqwish::transclosure] 24048.268 98.88% 78267366794-80247616609 graph_emission
[seqwish::transclosure] 24057.646 98.93% 80247616609-81304432523 overlap_collect
[seqwish::transclosure] 24061.032 98.93% 80247616609-81304432523 rank_build
[seqwish::transclosure] 24084.544 98.93% 80247616609-81304432523 parallel_union_find
[seqwish::transclosure] 24084.605 98.93% 80247616609-81304432523 dset_write
[seqwish::transclosure] 24084.884 98.93% 80247616609-81304432523 dset_compression
[seqwish::transclosure] 24085.099 98.93% 80247616609-81304432523 dset_sort
[seqwish::transclosure] 24085.506 98.93% 80247616609-81304432523 dset_invert
[seqwish::transclosure] 24085.856 98.93% 80247616609-81304432523 graph_emission
[seqwish::transclosure] 24095.882 98.97% 81304432523-83593645031 overlap_collect
[seqwish::transclosure] 24102.830 98.97% 81304432523-83593645031 rank_build
[seqwish::transclosure] 24126.611 98.97% 81304432523-83593645031 parallel_union_find
[seqwish::transclosure] 24126.655 98.97% 81304432523-83593645031 dset_write
[seqwish::transclosure] 24126.942 98.97% 81304432523-83593645031 dset_compression
[seqwish::transclosure] 24127.180 98.97% 81304432523-83593645031 dset_sort
[seqwish::transclosure] 24127.596 98.97% 81304432523-83593645031 dset_invert
[seqwish::transclosure] 24127.963 98.97% 81304432523-83593645031 graph_emission
[seqwish::transclosure] 24137.073 99.02% 83593645031-84302300906 overlap_collect
[seqwish::transclosure] 24139.414 99.02% 83593645031-84302300906 rank_build
[seqwish::transclosure] 24163.197 99.02% 83593645031-84302300906 parallel_union_find
[seqwish::transclosure] 24163.233 99.02% 83593645031-84302300906 dset_write
[seqwish::transclosure] 24163.503 99.02% 83593645031-84302300906 dset_compression
[seqwish::transclosure] 24163.701 99.02% 83593645031-84302300906 dset_sort
[seqwish::transclosure] 24164.108 99.02% 83593645031-84302300906 dset_invert
[seqwish::transclosure] 24164.448 99.02% 83593645031-84302300906 graph_emission
[seqwish::transclosure] 24173.523 99.07% 84302300906-86441297060 overlap_collect
[seqwish::transclosure] 24179.795 99.07% 84302300906-86441297060 rank_build
[seqwish::transclosure] 24204.763 99.07% 84302300906-86441297060 parallel_union_find
[seqwish::transclosure] 24204.796 99.07% 84302300906-86441297060 dset_write
[seqwish::transclosure] 24205.058 99.07% 84302300906-86441297060 dset_compression
[seqwish::transclosure] 24205.274 99.07% 84302300906-86441297060 dset_sort
[seqwish::transclosure] 24205.695 99.07% 84302300906-86441297060 dset_invert
[seqwish::transclosure] 24206.044 99.07% 84302300906-86441297060 graph_emission
[seqwish::transclosure] 24215.475 99.11% 86441297060-87389162503 overlap_collect
[seqwish::transclosure] 24218.528 99.11% 86441297060-87389162503 rank_build
[seqwish::transclosure] 24242.318 99.11% 86441297060-87389162503 parallel_union_find
[seqwish::transclosure] 24242.393 99.11% 86441297060-87389162503 dset_write
[seqwish::transclosure] 24242.686 99.11% 86441297060-87389162503 dset_compression
[seqwish::transclosure] 24242.898 99.11% 86441297060-87389162503 dset_sort
[seqwish::transclosure] 24243.311 99.11% 86441297060-87389162503 dset_invert
[seqwish::transclosure] 24243.671 99.11% 86441297060-87389162503 graph_emission
[seqwish::transclosure] 24253.462 99.16% 87389162679-89693741292 overlap_collect
[seqwish::transclosure] 24260.451 99.16% 87389162679-89693741292 rank_build
[seqwish::transclosure] 24288.443 99.16% 87389162679-89693741292 parallel_union_find
[seqwish::transclosure] 24288.464 99.16% 87389162679-89693741292 dset_write
[seqwish::transclosure] 24288.753 99.16% 87389162679-89693741292 dset_compression
[seqwish::transclosure] 24288.964 99.16% 87389162679-89693741292 dset_sort
[seqwish::transclosure] 24289.369 99.16% 87389162679-89693741292 dset_invert
[seqwish::transclosure] 24289.709 99.16% 87389162679-89693741292 graph_emission
[seqwish::transclosure] 24299.824 99.21% 89693741292-90857496950 overlap_collect
[seqwish::transclosure] 24303.421 99.21% 89693741292-90857496950 rank_build
[seqwish::transclosure] 24327.104 99.21% 89693741292-90857496950 parallel_union_find
[seqwish::transclosure] 24327.143 99.21% 89693741292-90857496950 dset_write
[seqwish::transclosure] 24327.391 99.21% 89693741292-90857496950 dset_compression
[seqwish::transclosure] 24327.587 99.21% 89693741292-90857496950 dset_sort
[seqwish::transclosure] 24327.993 99.21% 89693741292-90857496950 dset_invert
[seqwish::transclosure] 24328.329 99.21% 89693741292-90857496950 graph_emission
[seqwish::transclosure] 24336.086 99.25% 90857496950-91598693927 overlap_collect
[seqwish::transclosure] 24338.633 99.25% 90857496950-91598693927 rank_build
[seqwish::transclosure] 24362.348 99.25% 90857496950-91598693927 parallel_union_find
[seqwish::transclosure] 24362.685 99.25% 90857496950-91598693927 dset_write
[seqwish::transclosure] 24363.008 99.25% 90857496950-91598693927 dset_compression
[seqwish::transclosure] 24363.257 99.25% 90857496950-91598693927 dset_sort
[seqwish::transclosure] 24363.695 99.25% 90857496950-91598693927 dset_invert
[seqwish::transclosure] 24364.049 99.25% 90857496950-91598693927 graph_emission
[seqwish::transclosure] 24372.655 99.31% 91598693927-93325682914 overlap_collect
[seqwish::transclosure] 24377.896 99.31% 91598693927-93325682914 rank_build
[seqwish::transclosure] 24402.927 99.31% 91598693927-93325682914 parallel_union_find
[seqwish::transclosure] 24402.962 99.31% 91598693927-93325682914 dset_write
[seqwish::transclosure] 24403.250 99.31% 91598693927-93325682914 dset_compression
[seqwish::transclosure] 24403.465 99.31% 91598693927-93325682914 dset_sort
[seqwish::transclosure] 24403.861 99.31% 91598693927-93325682914 dset_invert
[seqwish::transclosure] 24404.207 99.31% 91598693927-93325682914 graph_emission
[seqwish::transclosure] 24414.444 99.35% 93325682914-95114010856 overlap_collect
[seqwish::transclosure] 24419.846 99.35% 93325682914-95114010856 rank_build
[seqwish::transclosure] 24444.563 99.35% 93325682914-95114010856 parallel_union_find
[seqwish::transclosure] 24444.633 99.35% 93325682914-95114010856 dset_write
[seqwish::transclosure] 24444.926 99.35% 93325682914-95114010856 dset_compression
[seqwish::transclosure] 24445.130 99.35% 93325682914-95114010856 dset_sort
[seqwish::transclosure] 24445.547 99.35% 93325682914-95114010856 dset_invert
[seqwish::transclosure] 24445.905 99.35% 93325682914-95114010856 graph_emission
[seqwish::transclosure] 24455.431 99.40% 95114010856-96390134847 overlap_collect
[seqwish::transclosure] 24459.444 99.40% 95114010856-96390134847 rank_build
[seqwish::transclosure] 24483.401 99.40% 95114010856-96390134847 parallel_union_find
[seqwish::transclosure] 24483.432 99.40% 95114010856-96390134847 dset_write
[seqwish::transclosure] 24483.701 99.40% 95114010856-96390134847 dset_compression
[seqwish::transclosure] 24483.893 99.40% 95114010856-96390134847 dset_sort
[seqwish::transclosure] 24484.303 99.40% 95114010856-96390134847 dset_invert
[seqwish::transclosure] 24484.644 99.40% 95114010856-96390134847 graph_emission
[seqwish::transclosure] 24494.576 99.45% 96390134847-98455712012 overlap_collect
[seqwish::transclosure] 24500.776 99.45% 96390134847-98455712012 rank_build
[seqwish::transclosure] 24526.548 99.45% 96390134847-98455712012 parallel_union_find
[seqwish::transclosure] 24526.601 99.45% 96390134847-98455712012 dset_write
[seqwish::transclosure] 24526.885 99.45% 96390134847-98455712012 dset_compression
[seqwish::transclosure] 24527.085 99.45% 96390134847-98455712012 dset_sort
[seqwish::transclosure] 24527.511 99.45% 96390134847-98455712012 dset_invert
[seqwish::transclosure] 24527.872 99.45% 96390134847-98455712012 graph_emission
[seqwish::transclosure] 24537.263 99.50% 98455712012-99446991129 overlap_collect
[seqwish::transclosure] 24540.418 99.50% 98455712012-99446991129 rank_build
[seqwish::transclosure] 24564.178 99.50% 98455712012-99446991129 parallel_union_find
[seqwish::transclosure] 24564.290 99.50% 98455712012-99446991129 dset_write
[seqwish::transclosure] 24564.577 99.50% 98455712012-99446991129 dset_compression
[seqwish::transclosure] 24564.802 99.50% 98455712012-99446991129 dset_sort
[seqwish::transclosure] 24565.222 99.50% 98455712012-99446991129 dset_invert
[seqwish::transclosure] 24565.563 99.50% 98455712012-99446991129 graph_emission
[seqwish::transclosure] 24575.887 99.55% 99446991129-101964447156 overlap_collect
[seqwish::transclosure] 24583.398 99.55% 99446991129-101964447156 rank_build
[seqwish::transclosure] 24608.764 99.55% 99446991129-101964447156 parallel_union_find
[seqwish::transclosure] 24608.790 99.55% 99446991129-101964447156 dset_write
[seqwish::transclosure] 24609.048 99.55% 99446991129-101964447156 dset_compression
[seqwish::transclosure] 24609.250 99.55% 99446991129-101964447156 dset_sort
[seqwish::transclosure] 24609.659 99.55% 99446991129-101964447156 dset_invert
[seqwish::transclosure] 24609.994 99.55% 99446991129-101964447156 graph_emission
[seqwish::transclosure] 24619.412 99.59% 101964447156-102630335252 overlap_collect
[seqwish::transclosure] 24621.651 99.59% 101964447156-102630335252 rank_build
[seqwish::transclosure] 24647.389 99.59% 101964447156-102630335252 parallel_union_find
[seqwish::transclosure] 24647.419 99.59% 101964447156-102630335252 dset_write
[seqwish::transclosure] 24647.669 99.59% 101964447156-102630335252 dset_compression
[seqwish::transclosure] 24647.878 99.59% 101964447156-102630335252 dset_sort
[seqwish::transclosure] 24648.287 99.59% 101964447156-102630335252 dset_invert
[seqwish::transclosure] 24648.596 99.59% 101964447156-102630335252 graph_emission
[seqwish::transclosure] 24657.884 99.63% 102630335252-104769405950 overlap_collect
[seqwish::transclosure] 24664.382 99.63% 102630335252-104769405950 rank_build
[seqwish::transclosure] 24688.215 99.63% 102630335252-104769405950 parallel_union_find
[seqwish::transclosure] 24688.238 99.63% 102630335252-104769405950 dset_write
[seqwish::transclosure] 24688.490 99.63% 102630335252-104769405950 dset_compression
[seqwish::transclosure] 24688.692 99.63% 102630335252-104769405950 dset_sort
[seqwish::transclosure] 24689.123 99.63% 102630335252-104769405950 dset_invert
[seqwish::transclosure] 24689.471 99.63% 102630335252-104769405950 graph_emission
[seqwish::transclosure] 24699.129 99.68% 104769405950-105878711693 overlap_collect
[seqwish::transclosure] 24702.650 99.68% 104769405950-105878711693 rank_build
[seqwish::transclosure] 24726.416 99.68% 104769405950-105878711693 parallel_union_find
[seqwish::transclosure] 24726.497 99.68% 104769405950-105878711693 dset_write
[seqwish::transclosure] 24726.756 99.68% 104769405950-105878711693 dset_compression
[seqwish::transclosure] 24726.962 99.68% 104769405950-105878711693 dset_sort
[seqwish::transclosure] 24727.355 99.68% 104769405950-105878711693 dset_invert
[seqwish::transclosure] 24727.669 99.68% 104769405950-105878711693 graph_emission
[seqwish::transclosure] 24737.063 99.72% 105878711693-107802698430 overlap_collect
[seqwish::transclosure] 24742.887 99.72% 105878711693-107802698430 rank_build
[seqwish::transclosure] 24767.836 99.72% 105878711693-107802698430 parallel_union_find
[seqwish::transclosure] 24767.859 99.72% 105878711693-107802698430 dset_write
[seqwish::transclosure] 24768.111 99.72% 105878711693-107802698430 dset_compression
[seqwish::transclosure] 24768.310 99.72% 105878711693-107802698430 dset_sort
[seqwish::transclosure] 24768.698 99.72% 105878711693-107802698430 dset_invert
[seqwish::transclosure] 24769.030 99.72% 105878711693-107802698430 graph_emission
[seqwish::transclosure] 24778.745 99.77% 107802698430-109124677253 overlap_collect
[seqwish::transclosure] 24782.830 99.77% 107802698430-109124677253 rank_build
[seqwish::transclosure] 24807.843 99.77% 107802698430-109124677253 parallel_union_find
[seqwish::transclosure] 24807.876 99.77% 107802698430-109124677253 dset_write
[seqwish::transclosure] 24808.128 99.77% 107802698430-109124677253 dset_compression
[seqwish::transclosure] 24808.322 99.77% 107802698430-109124677253 dset_sort
[seqwish::transclosure] 24808.716 99.77% 107802698430-109124677253 dset_invert
[seqwish::transclosure] 24809.039 99.77% 107802698430-109124677253 graph_emission
[seqwish::transclosure] 24818.529 99.81% 109124677253-110876378390 overlap_collect
[seqwish::transclosure] 24823.856 99.81% 109124677253-110876378390 rank_build
[seqwish::transclosure] 24848.438 99.81% 109124677253-110876378390 parallel_union_find
[seqwish::transclosure] 24848.466 99.81% 109124677253-110876378390 dset_write
[seqwish::transclosure] 24848.712 99.81% 109124677253-110876378390 dset_compression
[seqwish::transclosure] 24848.903 99.81% 109124677253-110876378390 dset_sort
[seqwish::transclosure] 24849.295 99.81% 109124677253-110876378390 dset_invert
[seqwish::transclosure] 24849.613 99.81% 109124677253-110876378390 graph_emission
[seqwish::transclosure] 24858.242 99.86% 110876378390-111619836314 overlap_collect
[seqwish::transclosure] 24860.678 99.86% 110876378390-111619836314 rank_build
[seqwish::transclosure] 24884.497 99.86% 110876378390-111619836314 parallel_union_find
[seqwish::transclosure] 24884.588 99.86% 110876378390-111619836314 dset_write
[seqwish::transclosure] 24884.871 99.86% 110876378390-111619836314 dset_compression
[seqwish::transclosure] 24885.095 99.86% 110876378390-111619836314 dset_sort
[seqwish::transclosure] 24885.531 99.86% 110876378390-111619836314 dset_invert
[seqwish::transclosure] 24885.873 99.86% 110876378390-111619836314 graph_emission
[seqwish::transclosure] 24894.798 99.90% 111619836314-113606858491 overlap_collect
[seqwish::transclosure] 24900.657 99.90% 111619836314-113606858491 rank_build
[seqwish::transclosure] 24925.675 99.90% 111619836314-113606858491 parallel_union_find
[seqwish::transclosure] 24925.696 99.90% 111619836314-113606858491 dset_write
[seqwish::transclosure] 24925.945 99.90% 111619836314-113606858491 dset_compression
[seqwish::transclosure] 24926.116 99.90% 111619836314-113606858491 dset_sort
[seqwish::transclosure] 24926.525 99.90% 111619836314-113606858491 dset_invert
[seqwish::transclosure] 24926.834 99.90% 111619836314-113606858491 graph_emission
[seqwish::transclosure] 24936.066 99.95% 113606858491-114569280559 overlap_collect
[seqwish::transclosure] 24939.156 99.95% 113606858491-114569280559 rank_build
[seqwish::transclosure] 24963.327 99.95% 113606858491-114569280559 parallel_union_find
[seqwish::transclosure] 24963.343 99.95% 113606858491-114569280559 dset_write
[seqwish::transclosure] 24963.598 99.95% 113606858491-114569280559 dset_compression
[seqwish::transclosure] 24963.811 99.95% 113606858491-114569280559 dset_sort
[seqwish::transclosure] 24964.215 99.95% 113606858491-114569280559 dset_invert
[seqwish::transclosure] 24964.530 99.95% 113606858491-114569280559 graph_emission
[seqwish::transclosure] 24970.724 99.99% 114569280559-114627039076 overlap_collect
[seqwish::transclosure] 24970.991 99.99% 114569280559-114627039076 rank_build
[seqwish::transclosure] 24994.465 99.99% 114569280559-114627039076 parallel_union_find
[seqwish::transclosure] 24994.475 99.99% 114569280559-114627039076 dset_write
[seqwish::transclosure] 24994.531 99.99% 114569280559-114627039076 dset_compression
[seqwish::transclosure] 24994.572 99.99% 114569280559-114627039076 dset_sort
[seqwish::transclosure] 24994.660 99.99% 114569280559-114627039076 dset_invert
[seqwish::transclosure] 24994.730 99.99% 114569280559-114627039076 graph_emission
[seqwish::transclosure] 24996.145 100.00% building node_iitree and path_iitree indexes
[seqwish::transclosure] 25268.719 100.00% done
[seqwish::transclosure] 25269.396 done with transitive closures
[seqwish::compact] 25269.397 compacting nodes
[seqwish::compact] 25568.491 done compacting
[seqwish::compact] 25570.402 built node index
[seqwish::links] 25570.403 finding graph links
[seqwish::links] 26501.492 links derived
[seqwish::gfa] 26501.493 writing graph
[seqwish::gfa] 30646.284 done
	Command being timed: "/home/guarracino/tools/seqwish/bin/seqwish-ccfefb016fcfc9937817ce61dc06bbcf382be75e -t 48 -s /lizardfs/guarracino/seqwish-paper/hprc_plus/assemblies/HPRC_plus.fa.gz -p /lizardfs/guarracino/seqwish-paper/hprc_plus/alignment/HPRC_plus.s100k.l300k.p98.n90.k16.chunk_0.paf.gz,/lizardfs/guarracino/seqwish-paper/hprc_plus/alignment/HPRC_plus.s100k.l300k.p98.n90.k16.chunk_1.paf.gz,/lizardfs/guarracino/seqwish-paper/hprc_plus/alignment/HPRC_plus.s100k.l300k.p98.n90.k16.chunk_2.paf.gz,/lizardfs/guarracino/seqwish-paper/hprc_plus/alignment/HPRC_plus.s100k.l300k.p98.n90.k16.chunk_3.paf.gz,/lizardfs/guarracino/seqwish-paper/hprc_plus/alignment/HPRC_plus.s100k.l300k.p98.n90.k16.chunk_4.paf.gz -k 311 -B 50M -g HPRC_plus.s100k.l300k.p98.n90.k16.seqwish.k311.B50M.gfa -P"
	User time (seconds): 402111.28
	System time (seconds): 9883.93
	Percent of CPU this job got: 1343%
	Elapsed (wall clock) time (h:mm:ss or m:ss): 8:31:10
	Average shared text size (kbytes): 0
	Average unshared data size (kbytes): 0
	Average stack size (kbytes): 0
	Average total size (kbytes): 0
	Maximum resident set size (kbytes): 319289672
	Average resident set size (kbytes): 0
	Major (requiring I/O) page faults: 868934
	Minor (reclaiming a frame) page faults: 4621405517
	Voluntary context switches: 986455190
	Involuntary context switches: 318516639
	Swaps: 0
	File system inputs: 292951224
	File system outputs: 2485626720
	Socket messages sent: 0
	Socket messages received: 0
	Signals delivered: 0
	Page size (bytes): 4096
	Exit status: 0
