octopus06
[seqwish::seqidx] 0.017 indexing sequences
[seqwish::seqidx] 941.689 index built
[seqwish::alignments] 941.689 processing alignments
[seqwish::alignments] 1819.841 indexing
[seqwish::alignments] 4992.301 index built
[seqwish::transclosure] 4992.304 computing transitive closures
[seqwish::transclosure] 4999.362 0.00% 0-50000000 overlap_collect
[seqwish::transclosure] 5029.033 0.00% 0-50000000 rank_build
[seqwish::transclosure] 5079.786 0.00% 0-50000000 parallel_union_find
[seqwish::transclosure] 5117.705 0.00% 0-50000000 dset_write
[seqwish::transclosure] 5131.607 0.00% 0-50000000 dset_compression
[seqwish::transclosure] 5143.200 0.00% 0-50000000 dset_sort
[seqwish::transclosure] 5147.938 0.00% 0-50000000 dset_invert
[seqwish::transclosure] 5157.112 0.00% 0-50000000 graph_emission
[seqwish::transclosure] 5167.465 1.68% 50000000-100000000 overlap_collect
[seqwish::transclosure] 5201.258 1.68% 50000000-100000000 rank_build
[seqwish::transclosure] 5253.688 1.68% 50000000-100000000 parallel_union_find
[seqwish::transclosure] 5369.014 1.68% 50000000-100000000 dset_write
[seqwish::transclosure] 5385.381 1.68% 50000000-100000000 dset_compression
[seqwish::transclosure] 5397.531 1.68% 50000000-100000000 dset_sort
[seqwish::transclosure] 5402.263 1.68% 50000000-100000000 dset_invert
[seqwish::transclosure] 5412.538 1.68% 50000000-100000000 graph_emission
[seqwish::transclosure] 5595.379 3.33% 100000000-150000000 overlap_collect
[seqwish::transclosure] 5626.739 3.33% 100000000-150000000 rank_build
[seqwish::transclosure] 5678.259 3.33% 100000000-150000000 parallel_union_find
[seqwish::transclosure] 5747.232 3.33% 100000000-150000000 dset_write
[seqwish::transclosure] 5755.661 3.33% 100000000-150000000 dset_compression
[seqwish::transclosure] 5762.423 3.33% 100000000-150000000 dset_sort
[seqwish::transclosure] 5765.831 3.33% 100000000-150000000 dset_invert
[seqwish::transclosure] 5771.490 3.33% 100000000-150000000 graph_emission
[seqwish::transclosure] 5973.213 4.43% 150000000-200000000 overlap_collect
[seqwish::transclosure] 6009.976 4.43% 150000000-200000000 rank_build
[seqwish::transclosure] 6062.392 4.43% 150000000-200000000 parallel_union_find
[seqwish::transclosure] 6169.248 4.43% 150000000-200000000 dset_write
[seqwish::transclosure] 6184.433 4.43% 150000000-200000000 dset_compression
[seqwish::transclosure] 6201.142 4.43% 150000000-200000000 dset_sort
[seqwish::transclosure] 6206.071 4.43% 150000000-200000000 dset_invert
[seqwish::transclosure] 6222.057 4.43% 150000000-200000000 graph_emission
[seqwish::transclosure] 6308.050 6.08% 200000000-250000000 overlap_collect
[seqwish::transclosure] 6349.165 6.08% 200000000-250000000 rank_build
[seqwish::transclosure] 6400.878 6.08% 200000000-250000000 parallel_union_find
[seqwish::transclosure] 6511.519 6.08% 200000000-250000000 dset_write
[seqwish::transclosure] 6524.744 6.08% 200000000-250000000 dset_compression
[seqwish::transclosure] 6534.904 6.08% 200000000-250000000 dset_sort
[seqwish::transclosure] 6539.611 6.08% 200000000-250000000 dset_invert
[seqwish::transclosure] 6547.795 6.08% 200000000-250000000 graph_emission
[seqwish::transclosure] 6718.204 7.73% 250000000-300000000 overlap_collect
[seqwish::transclosure] 6759.485 7.73% 250000000-300000000 rank_build
[seqwish::transclosure] 6816.067 7.73% 250000000-300000000 parallel_union_find
[seqwish::transclosure] 6920.660 7.73% 250000000-300000000 dset_write
[seqwish::transclosure] 6933.426 7.73% 250000000-300000000 dset_compression
[seqwish::transclosure] 6943.292 7.73% 250000000-300000000 dset_sort
[seqwish::transclosure] 6948.028 7.73% 250000000-300000000 dset_invert
[seqwish::transclosure] 6955.701 7.73% 250000000-300000000 graph_emission
[seqwish::transclosure] 7133.107 9.38% 300000000-350646855 overlap_collect
[seqwish::transclosure] 7168.617 9.38% 300000000-350646855 rank_build
[seqwish::transclosure] 7221.147 9.38% 300000000-350646855 parallel_union_find
[seqwish::transclosure] 7330.565 9.38% 300000000-350646855 dset_write
[seqwish::transclosure] 7342.833 9.38% 300000000-350646855 dset_compression
[seqwish::transclosure] 7352.231 9.38% 300000000-350646855 dset_sort
[seqwish::transclosure] 7356.865 9.38% 300000000-350646855 dset_invert
[seqwish::transclosure] 7363.406 9.38% 300000000-350646855 graph_emission
[seqwish::transclosure] 7537.964 10.96% 350646855-400646855 overlap_collect
[seqwish::transclosure] 7576.940 10.96% 350646855-400646855 rank_build
[seqwish::transclosure] 7628.052 10.96% 350646855-400646855 parallel_union_find
[seqwish::transclosure] 7733.840 10.96% 350646855-400646855 dset_write
[seqwish::transclosure] 7747.719 10.96% 350646855-400646855 dset_compression
[seqwish::transclosure] 7770.624 10.96% 350646855-400646855 dset_sort
[seqwish::transclosure] 7775.278 10.96% 350646855-400646855 dset_invert
[seqwish::transclosure] 7797.294 10.96% 350646855-400646855 graph_emission
[seqwish::transclosure] 7968.677 12.62% 400646855-450646855 overlap_collect
[seqwish::transclosure] 8004.148 12.62% 400646855-450646855 rank_build
[seqwish::transclosure] 8057.914 12.62% 400646855-450646855 parallel_union_find
[seqwish::transclosure] 8181.287 12.62% 400646855-450646855 dset_write
[seqwish::transclosure] 8193.962 12.62% 400646855-450646855 dset_compression
[seqwish::transclosure] 8203.974 12.62% 400646855-450646855 dset_sort
[seqwish::transclosure] 8208.638 12.62% 400646855-450646855 dset_invert
[seqwish::transclosure] 8216.684 12.62% 400646855-450646855 graph_emission
[seqwish::transclosure] 8392.118 14.27% 450646855-500646855 overlap_collect
[seqwish::transclosure] 8433.272 14.27% 450646855-500646855 rank_build
[seqwish::transclosure] 8490.648 14.27% 450646855-500646855 parallel_union_find
[seqwish::transclosure] 8616.687 14.27% 450646855-500646855 dset_write
[seqwish::transclosure] 8629.973 14.27% 450646855-500646855 dset_compression
[seqwish::transclosure] 8641.530 14.27% 450646855-500646855 dset_sort
[seqwish::transclosure] 8646.181 14.27% 450646855-500646855 dset_invert
[seqwish::transclosure] 8656.070 14.27% 450646855-500646855 graph_emission
[seqwish::transclosure] 8817.416 15.93% 500646855-550646855 overlap_collect
[seqwish::transclosure] 8856.357 15.93% 500646855-550646855 rank_build
[seqwish::transclosure] 8911.384 15.93% 500646855-550646855 parallel_union_find
[seqwish::transclosure] 9033.695 15.93% 500646855-550646855 dset_write
[seqwish::transclosure] 9046.687 15.93% 500646855-550646855 dset_compression
[seqwish::transclosure] 9056.575 15.93% 500646855-550646855 dset_sort
[seqwish::transclosure] 9061.419 15.93% 500646855-550646855 dset_invert
[seqwish::transclosure] 9069.491 15.93% 500646855-550646855 graph_emission
[seqwish::transclosure] 9244.897 17.58% 550646855-600646855 overlap_collect
[seqwish::transclosure] 9286.303 17.58% 550646855-600646855 rank_build
[seqwish::transclosure] 9342.971 17.58% 550646855-600646855 parallel_union_find
[seqwish::transclosure] 9447.593 17.58% 550646855-600646855 dset_write
[seqwish::transclosure] 9461.130 17.58% 550646855-600646855 dset_compression
[seqwish::transclosure] 9472.324 17.58% 550646855-600646855 dset_sort
[seqwish::transclosure] 9477.117 17.58% 550646855-600646855 dset_invert
[seqwish::transclosure] 9485.046 17.58% 550646855-600646855 graph_emission
[seqwish::transclosure] 9650.303 19.22% 600646865-650646865 overlap_collect
[seqwish::transclosure] 9687.932 19.22% 600646865-650646865 rank_build
[seqwish::transclosure] 9746.129 19.22% 600646865-650646865 parallel_union_find
[seqwish::transclosure] 9855.056 19.22% 600646865-650646865 dset_write
[seqwish::transclosure] 9868.293 19.22% 600646865-650646865 dset_compression
[seqwish::transclosure] 9879.954 19.22% 600646865-650646865 dset_sort
[seqwish::transclosure] 9884.622 19.22% 600646865-650646865 dset_invert
[seqwish::transclosure] 9894.678 19.22% 600646865-650646865 graph_emission
[seqwish::transclosure] 10092.904 20.88% 650646865-700742234 overlap_collect
[seqwish::transclosure] 10132.755 20.88% 650646865-700742234 rank_build
[seqwish::transclosure] 10186.394 20.88% 650646865-700742234 parallel_union_find
[seqwish::transclosure] 10276.566 20.88% 650646865-700742234 dset_write
[seqwish::transclosure] 10289.918 20.88% 650646865-700742234 dset_compression
[seqwish::transclosure] 10303.307 20.88% 650646865-700742234 dset_sort
[seqwish::transclosure] 10308.115 20.88% 650646865-700742234 dset_invert
[seqwish::transclosure] 10318.541 20.88% 650646865-700742234 graph_emission
[seqwish::transclosure] 10490.703 22.53% 700742234-750742234 overlap_collect
[seqwish::transclosure] 10525.990 22.53% 700742234-750742234 rank_build
[seqwish::transclosure] 10576.153 22.53% 700742234-750742234 parallel_union_find
[seqwish::transclosure] 10677.251 22.53% 700742234-750742234 dset_write
[seqwish::transclosure] 10689.091 22.53% 700742234-750742234 dset_compression
[seqwish::transclosure] 10697.873 22.53% 700742234-750742234 dset_sort
[seqwish::transclosure] 10702.467 22.53% 700742234-750742234 dset_invert
[seqwish::transclosure] 10709.516 22.53% 700742234-750742234 graph_emission
[seqwish::transclosure] 10895.023 24.06% 750742234-800742234 overlap_collect
[seqwish::transclosure] 10933.881 24.06% 750742234-800742234 rank_build
[seqwish::transclosure] 10989.587 24.06% 750742234-800742234 parallel_union_find
[seqwish::transclosure] 11087.394 24.06% 750742234-800742234 dset_write
[seqwish::transclosure] 11100.919 24.06% 750742234-800742234 dset_compression
[seqwish::transclosure] 11122.653 24.06% 750742234-800742234 dset_sort
[seqwish::transclosure] 11127.294 24.06% 750742234-800742234 dset_invert
[seqwish::transclosure] 11147.385 24.06% 750742234-800742234 graph_emission
[seqwish::transclosure] 11317.396 25.71% 800742234-850742234 overlap_collect
[seqwish::transclosure] 11354.913 25.71% 800742234-850742234 rank_build
[seqwish::transclosure] 11408.491 25.71% 800742234-850742234 parallel_union_find
[seqwish::transclosure] 11497.314 25.71% 800742234-850742234 dset_write
[seqwish::transclosure] 11509.998 25.71% 800742234-850742234 dset_compression
[seqwish::transclosure] 11524.096 25.71% 800742234-850742234 dset_sort
[seqwish::transclosure] 11528.771 25.71% 800742234-850742234 dset_invert
[seqwish::transclosure] 11539.426 25.71% 800742234-850742234 graph_emission
[seqwish::transclosure] 11720.118 27.36% 850742234-900742234 overlap_collect
[seqwish::transclosure] 11758.915 27.36% 850742234-900742234 rank_build
[seqwish::transclosure] 11811.446 27.36% 850742234-900742234 parallel_union_find
[seqwish::transclosure] 11904.539 27.36% 850742234-900742234 dset_write
[seqwish::transclosure] 11917.963 27.36% 850742234-900742234 dset_compression
[seqwish::transclosure] 11940.331 27.36% 850742234-900742234 dset_sort
[seqwish::transclosure] 11945.020 27.36% 850742234-900742234 dset_invert
[seqwish::transclosure] 11965.908 27.36% 850742234-900742234 graph_emission
[seqwish::transclosure] 12136.523 29.02% 900742234-950742234 overlap_collect
[seqwish::transclosure] 12173.189 29.02% 900742234-950742234 rank_build
[seqwish::transclosure] 12223.281 29.02% 900742234-950742234 parallel_union_find
[seqwish::transclosure] 12307.921 29.02% 900742234-950742234 dset_write
[seqwish::transclosure] 12321.126 29.02% 900742234-950742234 dset_compression
[seqwish::transclosure] 12331.390 29.02% 900742234-950742234 dset_sort
[seqwish::transclosure] 12336.021 29.02% 900742234-950742234 dset_invert
[seqwish::transclosure] 12344.377 29.02% 900742234-950742234 graph_emission
[seqwish::transclosure] 12535.381 30.56% 950742234-1000742234 overlap_collect
[seqwish::transclosure] 12571.345 30.56% 950742234-1000742234 rank_build
[seqwish::transclosure] 12624.537 30.56% 950742234-1000742234 parallel_union_find
[seqwish::transclosure] 12760.609 30.56% 950742234-1000742234 dset_write
[seqwish::transclosure] 12774.447 30.56% 950742234-1000742234 dset_compression
[seqwish::transclosure] 12787.416 30.56% 950742234-1000742234 dset_sort
[seqwish::transclosure] 12792.078 30.56% 950742234-1000742234 dset_invert
[seqwish::transclosure] 12802.491 30.56% 950742234-1000742234 graph_emission
[seqwish::transclosure] 12946.110 32.21% 1000742234-1050742234 overlap_collect
[seqwish::transclosure] 12984.486 32.21% 1000742234-1050742234 rank_build
[seqwish::transclosure] 13034.228 32.21% 1000742234-1050742234 parallel_union_find
[seqwish::transclosure] 13153.625 32.21% 1000742234-1050742234 dset_write
[seqwish::transclosure] 13166.804 32.21% 1000742234-1050742234 dset_compression
[seqwish::transclosure] 13184.012 32.21% 1000742234-1050742234 dset_sort
[seqwish::transclosure] 13188.626 32.21% 1000742234-1050742234 dset_invert
[seqwish::transclosure] 13206.475 32.21% 1000742234-1050742234 graph_emission
[seqwish::transclosure] 13377.065 33.87% 1050742234-1100839172 overlap_collect
[seqwish::transclosure] 13417.140 33.87% 1050742234-1100839172 rank_build
[seqwish::transclosure] 13466.198 33.87% 1050742234-1100839172 parallel_union_find
[seqwish::transclosure] 13589.020 33.87% 1050742234-1100839172 dset_write
[seqwish::transclosure] 13601.872 33.87% 1050742234-1100839172 dset_compression
[seqwish::transclosure] 13612.927 33.87% 1050742234-1100839172 dset_sort
[seqwish::transclosure] 13617.543 33.87% 1050742234-1100839172 dset_invert
[seqwish::transclosure] 13625.497 33.87% 1050742234-1100839172 graph_emission
[seqwish::transclosure] 13795.086 35.51% 1100839172-1150839172 overlap_collect
[seqwish::transclosure] 13831.328 35.51% 1100839172-1150839172 rank_build
[seqwish::transclosure] 13886.005 35.51% 1100839172-1150839172 parallel_union_find
[seqwish::transclosure] 13989.551 35.51% 1100839172-1150839172 dset_write
[seqwish::transclosure] 14002.910 35.51% 1100839172-1150839172 dset_compression
[seqwish::transclosure] 14013.625 35.51% 1100839172-1150839172 dset_sort
[seqwish::transclosure] 14018.217 35.51% 1100839172-1150839172 dset_invert
[seqwish::transclosure] 14025.928 35.51% 1100839172-1150839172 graph_emission
[seqwish::transclosure] 14209.383 37.12% 1150839172-1200839172 overlap_collect
[seqwish::transclosure] 14247.465 37.12% 1150839172-1200839172 rank_build
[seqwish::transclosure] 14301.019 37.12% 1150839172-1200839172 parallel_union_find
[seqwish::transclosure] 14415.354 37.12% 1150839172-1200839172 dset_write
[seqwish::transclosure] 14428.854 37.12% 1150839172-1200839172 dset_compression
[seqwish::transclosure] 14449.152 37.12% 1150839172-1200839172 dset_sort
[seqwish::transclosure] 14453.792 37.12% 1150839172-1200839172 dset_invert
[seqwish::transclosure] 14472.551 37.12% 1150839172-1200839172 graph_emission
[seqwish::transclosure] 14652.634 38.77% 1200839172-1250839172 overlap_collect
[seqwish::transclosure] 14694.782 38.77% 1200839172-1250839172 rank_build
[seqwish::transclosure] 14744.525 38.77% 1200839172-1250839172 parallel_union_find
[seqwish::transclosure] 14845.991 38.77% 1200839172-1250839172 dset_write
[seqwish::transclosure] 14858.535 38.77% 1200839172-1250839172 dset_compression
[seqwish::transclosure] 14870.527 38.77% 1200839172-1250839172 dset_sort
[seqwish::transclosure] 14875.681 38.77% 1200839172-1250839172 dset_invert
[seqwish::transclosure] 14886.433 38.77% 1200839172-1250839172 graph_emission
[seqwish::transclosure] 15057.660 40.42% 1250839172-1300839172 overlap_collect
[seqwish::transclosure] 15100.045 40.42% 1250839172-1300839172 rank_build
[seqwish::transclosure] 15154.434 40.42% 1250839172-1300839172 parallel_union_find
[seqwish::transclosure] 15236.572 40.42% 1250839172-1300839172 dset_write
[seqwish::transclosure] 15251.877 40.42% 1250839172-1300839172 dset_compression
[seqwish::transclosure] 15275.194 40.42% 1250839172-1300839172 dset_sort
[seqwish::transclosure] 15279.902 40.42% 1250839172-1300839172 dset_invert
[seqwish::transclosure] 15299.939 40.42% 1250839172-1300839172 graph_emission
[seqwish::transclosure] 15471.450 42.10% 1300839480-1353613607 overlap_collect
[seqwish::transclosure] 15511.792 42.10% 1300839480-1353613607 rank_build
[seqwish::transclosure] 15569.588 42.10% 1300839480-1353613607 parallel_union_find
[seqwish::transclosure] 15678.214 42.10% 1300839480-1353613607 dset_write
[seqwish::transclosure] 15690.946 42.10% 1300839480-1353613607 dset_compression
[seqwish::transclosure] 15701.832 42.10% 1300839480-1353613607 dset_sort
[seqwish::transclosure] 15706.435 42.10% 1300839480-1353613607 dset_invert
[seqwish::transclosure] 15714.387 42.10% 1300839480-1353613607 graph_emission
[seqwish::transclosure] 15901.908 43.74% 1353613607-1403613607 overlap_collect
[seqwish::transclosure] 15942.712 43.74% 1353613607-1403613607 rank_build
[seqwish::transclosure] 15998.108 43.74% 1353613607-1403613607 parallel_union_find
[seqwish::transclosure] 16104.093 43.74% 1353613607-1403613607 dset_write
[seqwish::transclosure] 16117.641 43.74% 1353613607-1403613607 dset_compression
[seqwish::transclosure] 16136.666 43.74% 1353613607-1403613607 dset_sort
[seqwish::transclosure] 16142.057 43.74% 1353613607-1403613607 dset_invert
[seqwish::transclosure] 16162.934 43.74% 1353613607-1403613607 graph_emission
[seqwish::transclosure] 16323.478 45.40% 1403613607-1453613621 overlap_collect
[seqwish::transclosure] 16364.722 45.40% 1403613607-1453613621 rank_build
[seqwish::transclosure] 16419.449 45.40% 1403613607-1453613621 parallel_union_find
[seqwish::transclosure] 16522.099 45.40% 1403613607-1453613621 dset_write
[seqwish::transclosure] 16534.576 45.40% 1403613607-1453613621 dset_compression
[seqwish::transclosure] 16544.407 45.40% 1403613607-1453613621 dset_sort
[seqwish::transclosure] 16549.287 45.40% 1403613607-1453613621 dset_invert
[seqwish::transclosure] 16556.773 45.40% 1403613607-1453613621 graph_emission
[seqwish::transclosure] 16736.142 47.01% 1453613621-1503613621 overlap_collect
[seqwish::transclosure] 16771.733 47.01% 1453613621-1503613621 rank_build
[seqwish::transclosure] 16825.683 47.01% 1453613621-1503613621 parallel_union_find
[seqwish::transclosure] 16939.859 47.01% 1453613621-1503613621 dset_write
[seqwish::transclosure] 16953.290 47.01% 1453613621-1503613621 dset_compression
[seqwish::transclosure] 16964.787 47.01% 1453613621-1503613621 dset_sort
[seqwish::transclosure] 16969.566 47.01% 1453613621-1503613621 dset_invert
[seqwish::transclosure] 16979.202 47.01% 1453613621-1503613621 graph_emission
[seqwish::transclosure] 17157.630 48.66% 1503613621-1553613621 overlap_collect
[seqwish::transclosure] 17198.411 48.66% 1503613621-1553613621 rank_build
[seqwish::transclosure] 17251.601 48.66% 1503613621-1553613621 parallel_union_find
[seqwish::transclosure] 17338.364 48.66% 1503613621-1553613621 dset_write
[seqwish::transclosure] 17351.331 48.66% 1503613621-1553613621 dset_compression
[seqwish::transclosure] 17362.559 48.66% 1503613621-1553613621 dset_sort
[seqwish::transclosure] 17367.725 48.66% 1503613621-1553613621 dset_invert
[seqwish::transclosure] 17377.263 48.66% 1503613621-1553613621 graph_emission
[seqwish::transclosure] 17558.867 50.31% 1553613621-1603613621 overlap_collect
[seqwish::transclosure] 17608.553 50.31% 1553613621-1603613621 rank_build
[seqwish::transclosure] 17659.481 50.31% 1553613621-1603613621 parallel_union_find
[seqwish::transclosure] 17765.808 50.31% 1553613621-1603613621 dset_write
[seqwish::transclosure] 17777.151 50.31% 1553613621-1603613621 dset_compression
[seqwish::transclosure] 17787.709 50.31% 1553613621-1603613621 dset_sort
[seqwish::transclosure] 17791.891 50.31% 1553613621-1603613621 dset_invert
[seqwish::transclosure] 17801.166 50.31% 1553613621-1603613621 graph_emission
[seqwish::transclosure] 17976.950 51.75% 1603613621-1656948430 overlap_collect
[seqwish::transclosure] 18005.377 51.75% 1603613621-1656948430 rank_build
[seqwish::transclosure] 18052.207 51.75% 1603613621-1656948430 parallel_union_find
[seqwish::transclosure] 18117.779 51.75% 1603613621-1656948430 dset_write
[seqwish::transclosure] 18126.524 51.75% 1603613621-1656948430 dset_compression
[seqwish::transclosure] 18134.271 51.75% 1603613621-1656948430 dset_sort
[seqwish::transclosure] 18139.458 51.75% 1603613621-1656948430 dset_invert
[seqwish::transclosure] 18146.273 51.75% 1603613621-1656948430 graph_emission
[seqwish::transclosure] 18318.702 52.79% 1656948430-1706998255 overlap_collect
[seqwish::transclosure] 18359.605 52.79% 1656948430-1706998255 rank_build
[seqwish::transclosure] 18418.108 52.79% 1656948430-1706998255 parallel_union_find
[seqwish::transclosure] 18525.584 52.79% 1656948430-1706998255 dset_write
[seqwish::transclosure] 18539.083 52.79% 1656948430-1706998255 dset_compression
[seqwish::transclosure] 18552.272 52.79% 1656948430-1706998255 dset_sort
[seqwish::transclosure] 18556.943 52.79% 1656948430-1706998255 dset_invert
[seqwish::transclosure] 18568.011 52.79% 1656948430-1706998255 graph_emission
[seqwish::transclosure] 18635.459 54.44% 1706998255-1756998255 overlap_collect
[seqwish::transclosure] 18676.689 54.44% 1706998255-1756998255 rank_build
[seqwish::transclosure] 18726.161 54.44% 1706998255-1756998255 parallel_union_find
[seqwish::transclosure] 18819.312 54.44% 1706998255-1756998255 dset_write
[seqwish::transclosure] 18832.351 54.44% 1706998255-1756998255 dset_compression
[seqwish::transclosure] 18843.602 54.44% 1706998255-1756998255 dset_sort
[seqwish::transclosure] 18848.898 54.44% 1706998255-1756998255 dset_invert
[seqwish::transclosure] 18856.290 54.44% 1706998255-1756998255 graph_emission
[seqwish::transclosure] 19037.263 56.01% 1756998255-1806998255 overlap_collect
[seqwish::transclosure] 19075.857 56.01% 1756998255-1806998255 rank_build
[seqwish::transclosure] 19132.367 56.01% 1756998255-1806998255 parallel_union_find
[seqwish::transclosure] 19234.323 56.01% 1756998255-1806998255 dset_write
[seqwish::transclosure] 19247.087 56.01% 1756998255-1806998255 dset_compression
[seqwish::transclosure] 19257.924 56.01% 1756998255-1806998255 dset_sort
[seqwish::transclosure] 19262.594 56.01% 1756998255-1806998255 dset_invert
[seqwish::transclosure] 19271.982 56.01% 1756998255-1806998255 graph_emission
[seqwish::transclosure] 19426.953 57.66% 1806998255-1857254339 overlap_collect
[seqwish::transclosure] 19466.539 57.66% 1806998255-1857254339 rank_build
[seqwish::transclosure] 19522.719 57.66% 1806998255-1857254339 parallel_union_find
[seqwish::transclosure] 19630.457 57.66% 1806998255-1857254339 dset_write
[seqwish::transclosure] 19643.686 57.66% 1806998255-1857254339 dset_compression
[seqwish::transclosure] 19654.471 57.66% 1806998255-1857254339 dset_sort
[seqwish::transclosure] 19659.091 57.66% 1806998255-1857254339 dset_invert
[seqwish::transclosure] 19667.519 57.66% 1806998255-1857254339 graph_emission
[seqwish::transclosure] 19836.902 59.31% 1857254339-1907254339 overlap_collect
[seqwish::transclosure] 19871.577 59.31% 1857254339-1907254339 rank_build
[seqwish::transclosure] 19922.536 59.31% 1857254339-1907254339 parallel_union_find
[seqwish::transclosure] 20000.068 59.31% 1857254339-1907254339 dset_write
[seqwish::transclosure] 20012.473 59.31% 1857254339-1907254339 dset_compression
[seqwish::transclosure] 20023.434 59.31% 1857254339-1907254339 dset_sort
[seqwish::transclosure] 20027.860 59.31% 1857254339-1907254339 dset_invert
[seqwish::transclosure] 20037.466 59.31% 1857254339-1907254339 graph_emission
[seqwish::transclosure] 20236.224 60.87% 1907254339-1957254339 overlap_collect
[seqwish::transclosure] 20274.344 60.87% 1907254339-1957254339 rank_build
[seqwish::transclosure] 20325.498 60.87% 1907254339-1957254339 parallel_union_find
[seqwish::transclosure] 20422.905 60.87% 1907254339-1957254339 dset_write
[seqwish::transclosure] 20435.974 60.87% 1907254339-1957254339 dset_compression
[seqwish::transclosure] 20448.184 60.87% 1907254339-1957254339 dset_sort
[seqwish::transclosure] 20452.947 60.87% 1907254339-1957254339 dset_invert
[seqwish::transclosure] 20463.502 60.87% 1907254339-1957254339 graph_emission
[seqwish::transclosure] 20622.801 62.52% 1957254339-2007254339 overlap_collect
[seqwish::transclosure] 20662.593 62.52% 1957254339-2007254339 rank_build
[seqwish::transclosure] 20718.806 62.52% 1957254339-2007254339 parallel_union_find
[seqwish::transclosure] 20809.068 62.52% 1957254339-2007254339 dset_write
[seqwish::transclosure] 20821.847 62.52% 1957254339-2007254339 dset_compression
[seqwish::transclosure] 20832.569 62.52% 1957254339-2007254339 dset_sort
[seqwish::transclosure] 20837.230 62.52% 1957254339-2007254339 dset_invert
[seqwish::transclosure] 20846.666 62.52% 1957254339-2007254339 graph_emission
[seqwish::transclosure] 21022.589 64.10% 2007254339-2057254339 overlap_collect
[seqwish::transclosure] 21060.281 64.10% 2007254339-2057254339 rank_build
[seqwish::transclosure] 21125.347 64.10% 2007254339-2057254339 parallel_union_find
[seqwish::transclosure] 21217.089 64.10% 2007254339-2057254339 dset_write
[seqwish::transclosure] 21229.388 64.10% 2007254339-2057254339 dset_compression
[seqwish::transclosure] 21241.514 64.10% 2007254339-2057254339 dset_sort
[seqwish::transclosure] 21253.708 64.10% 2007254339-2057254339 dset_invert
[seqwish::transclosure] 21264.002 64.10% 2007254339-2057254339 graph_emission
[seqwish::transclosure] 21419.958 65.75% 2057254339-2107694949 overlap_collect
[seqwish::transclosure] 21470.619 65.75% 2057254339-2107694949 rank_build
[seqwish::transclosure] 21526.484 65.75% 2057254339-2107694949 parallel_union_find
[seqwish::transclosure] 21639.179 65.75% 2057254339-2107694949 dset_write
[seqwish::transclosure] 21651.613 65.75% 2057254339-2107694949 dset_compression
[seqwish::transclosure] 21663.326 65.75% 2057254339-2107694949 dset_sort
[seqwish::transclosure] 21668.173 65.75% 2057254339-2107694949 dset_invert
[seqwish::transclosure] 21676.449 65.75% 2057254339-2107694949 graph_emission
[seqwish::transclosure] 21844.135 67.40% 2107694949-2158579179 overlap_collect
[seqwish::transclosure] 21893.300 67.40% 2107694949-2158579179 rank_build
[seqwish::transclosure] 21943.589 67.40% 2107694949-2158579179 parallel_union_find
[seqwish::transclosure] 22059.120 67.40% 2107694949-2158579179 dset_write
[seqwish::transclosure] 22073.287 67.40% 2107694949-2158579179 dset_compression
[seqwish::transclosure] 22085.385 67.40% 2107694949-2158579179 dset_sort
[seqwish::transclosure] 22090.580 67.40% 2107694949-2158579179 dset_invert
[seqwish::transclosure] 22099.991 67.40% 2107694949-2158579179 graph_emission
[seqwish::transclosure] 22328.991 69.15% 2158579179-2208579179 overlap_collect
[seqwish::transclosure] 22362.171 69.15% 2158579179-2208579179 rank_build
[seqwish::transclosure] 22408.158 69.15% 2158579179-2208579179 parallel_union_find
[seqwish::transclosure] 22514.675 69.15% 2158579179-2208579179 dset_write
[seqwish::transclosure] 22527.739 69.15% 2158579179-2208579179 dset_compression
[seqwish::transclosure] 22538.412 69.15% 2158579179-2208579179 dset_sort
[seqwish::transclosure] 22543.330 69.15% 2158579179-2208579179 dset_invert
[seqwish::transclosure] 22552.104 69.15% 2158579179-2208579179 graph_emission
[seqwish::transclosure] 22784.121 70.80% 2208579179-2263128924 overlap_collect
[seqwish::transclosure] 22836.463 70.80% 2208579179-2263128924 rank_build
[seqwish::transclosure] 22886.980 70.80% 2208579179-2263128924 parallel_union_find
[seqwish::transclosure] 23007.771 70.80% 2208579179-2263128924 dset_write
[seqwish::transclosure] 23021.338 70.80% 2208579179-2263128924 dset_compression
[seqwish::transclosure] 23033.047 70.80% 2208579179-2263128924 dset_sort
[seqwish::transclosure] 23038.053 70.80% 2208579179-2263128924 dset_invert
[seqwish::transclosure] 23046.798 70.80% 2208579179-2263128924 graph_emission
[seqwish::transclosure] 23211.575 72.52% 2263128924-2313128924 overlap_collect
[seqwish::transclosure] 23252.801 72.52% 2263128924-2313128924 rank_build
[seqwish::transclosure] 23311.063 72.52% 2263128924-2313128924 parallel_union_find
[seqwish::transclosure] 23424.249 72.52% 2263128924-2313128924 dset_write
[seqwish::transclosure] 23437.807 72.52% 2263128924-2313128924 dset_compression
[seqwish::transclosure] 23447.933 72.52% 2263128924-2313128924 dset_sort
[seqwish::transclosure] 23452.848 72.52% 2263128924-2313128924 dset_invert
[seqwish::transclosure] 23461.037 72.52% 2263128924-2313128924 graph_emission
[seqwish::transclosure] 23665.659 74.17% 2313128924-2367381660 overlap_collect
[seqwish::transclosure] 23703.369 74.17% 2313128924-2367381660 rank_build
[seqwish::transclosure] 23755.558 74.17% 2313128924-2367381660 parallel_union_find
[seqwish::transclosure] 23842.557 74.17% 2313128924-2367381660 dset_write
[seqwish::transclosure] 23853.325 74.17% 2313128924-2367381660 dset_compression
[seqwish::transclosure] 23862.538 74.17% 2313128924-2367381660 dset_sort
[seqwish::transclosure] 23866.635 74.17% 2313128924-2367381660 dset_invert
[seqwish::transclosure] 23873.695 74.17% 2313128924-2367381660 graph_emission
[seqwish::transclosure] 24051.084 75.56% 2367381660-2417381660 overlap_collect
[seqwish::transclosure] 24085.685 75.56% 2367381660-2417381660 rank_build
[seqwish::transclosure] 24136.556 75.56% 2367381660-2417381660 parallel_union_find
[seqwish::transclosure] 24232.406 75.56% 2367381660-2417381660 dset_write
[seqwish::transclosure] 24244.734 75.56% 2367381660-2417381660 dset_compression
[seqwish::transclosure] 24254.609 75.56% 2367381660-2417381660 dset_sort
[seqwish::transclosure] 24259.425 75.56% 2367381660-2417381660 dset_invert
[seqwish::transclosure] 24269.769 75.56% 2367381660-2417381660 graph_emission
[seqwish::transclosure] 24427.484 77.22% 2417381660-2467381660 overlap_collect
[seqwish::transclosure] 24460.431 77.22% 2417381660-2467381660 rank_build
[seqwish::transclosure] 24526.364 77.22% 2417381660-2467381660 parallel_union_find
[seqwish::transclosure] 24600.257 77.22% 2417381660-2467381660 dset_write
[seqwish::transclosure] 24610.661 77.22% 2417381660-2467381660 dset_compression
[seqwish::transclosure] 24620.758 77.22% 2417381660-2467381660 dset_sort
[seqwish::transclosure] 24624.872 77.22% 2417381660-2467381660 dset_invert
[seqwish::transclosure] 24635.021 77.22% 2417381660-2467381660 graph_emission
[seqwish::transclosure] 24822.960 78.57% 2467381660-2517797153 overlap_collect
[seqwish::transclosure] 24862.259 78.57% 2467381660-2517797153 rank_build
[seqwish::transclosure] 24917.625 78.57% 2467381660-2517797153 parallel_union_find
[seqwish::transclosure] 25025.817 78.57% 2467381660-2517797153 dset_write
[seqwish::transclosure] 25039.136 78.57% 2467381660-2517797153 dset_compression
[seqwish::transclosure] 25056.811 78.57% 2467381660-2517797153 dset_sort
[seqwish::transclosure] 25061.491 78.57% 2467381660-2517797153 dset_invert
[seqwish::transclosure] 25077.039 78.57% 2467381660-2517797153 graph_emission
[seqwish::transclosure] 25242.618 80.22% 2517797153-2567797153 overlap_collect
[seqwish::transclosure] 25276.545 80.22% 2517797153-2567797153 rank_build
[seqwish::transclosure] 25327.973 80.22% 2517797153-2567797153 parallel_union_find
[seqwish::transclosure] 25408.707 80.22% 2517797153-2567797153 dset_write
[seqwish::transclosure] 25421.355 80.22% 2517797153-2567797153 dset_compression
[seqwish::transclosure] 25432.974 80.22% 2517797153-2567797153 dset_sort
[seqwish::transclosure] 25437.999 80.22% 2517797153-2567797153 dset_invert
[seqwish::transclosure] 25447.825 80.22% 2517797153-2567797153 graph_emission
[seqwish::transclosure] 25644.263 81.81% 2567797153-2617797153 overlap_collect
[seqwish::transclosure] 25681.961 81.81% 2567797153-2617797153 rank_build
[seqwish::transclosure] 25736.764 81.81% 2567797153-2617797153 parallel_union_find
[seqwish::transclosure] 25839.467 81.81% 2567797153-2617797153 dset_write
[seqwish::transclosure] 25851.347 81.81% 2567797153-2617797153 dset_compression
[seqwish::transclosure] 25862.730 81.81% 2567797153-2617797153 dset_sort
[seqwish::transclosure] 25867.104 81.81% 2567797153-2617797153 dset_invert
[seqwish::transclosure] 25876.770 81.81% 2567797153-2617797153 graph_emission
[seqwish::transclosure] 26063.487 83.33% 2617797153-2667797153 overlap_collect
[seqwish::transclosure] 26100.849 83.33% 2617797153-2667797153 rank_build
[seqwish::transclosure] 26152.427 83.33% 2617797153-2667797153 parallel_union_find
[seqwish::transclosure] 26249.576 83.33% 2617797153-2667797153 dset_write
[seqwish::transclosure] 26262.405 83.33% 2617797153-2667797153 dset_compression
[seqwish::transclosure] 26273.410 83.33% 2617797153-2667797153 dset_sort
[seqwish::transclosure] 26278.255 83.33% 2617797153-2667797153 dset_invert
[seqwish::transclosure] 26287.189 83.33% 2617797153-2667797153 graph_emission
[seqwish::transclosure] 26461.236 84.99% 2667797153-2717996791 overlap_collect
[seqwish::transclosure] 26496.760 84.99% 2667797153-2717996791 rank_build
[seqwish::transclosure] 26551.372 84.99% 2667797153-2717996791 parallel_union_find
[seqwish::transclosure] 26642.912 84.99% 2667797153-2717996791 dset_write
[seqwish::transclosure] 26654.743 84.99% 2667797153-2717996791 dset_compression
[seqwish::transclosure] 26664.762 84.99% 2667797153-2717996791 dset_sort
[seqwish::transclosure] 26669.241 84.99% 2667797153-2717996791 dset_invert
[seqwish::transclosure] 26676.950 84.99% 2667797153-2717996791 graph_emission
[seqwish::transclosure] 26863.095 86.50% 2717996791-2767996791 overlap_collect
[seqwish::transclosure] 26901.746 86.50% 2717996791-2767996791 rank_build
[seqwish::transclosure] 26951.320 86.50% 2717996791-2767996791 parallel_union_find
[seqwish::transclosure] 27031.511 86.50% 2717996791-2767996791 dset_write
[seqwish::transclosure] 27043.235 86.50% 2717996791-2767996791 dset_compression
[seqwish::transclosure] 27053.733 86.50% 2717996791-2767996791 dset_sort
[seqwish::transclosure] 27058.258 86.50% 2717996791-2767996791 dset_invert
[seqwish::transclosure] 27066.451 86.50% 2717996791-2767996791 graph_emission
[seqwish::transclosure] 27248.171 88.08% 2767996791-2825324016 overlap_collect
[seqwish::transclosure] 27286.582 88.08% 2767996791-2825324016 rank_build
[seqwish::transclosure] 27335.560 88.08% 2767996791-2825324016 parallel_union_find
[seqwish::transclosure] 27428.856 88.08% 2767996791-2825324016 dset_write
[seqwish::transclosure] 27440.234 88.08% 2767996791-2825324016 dset_compression
[seqwish::transclosure] 27449.749 88.08% 2767996791-2825324016 dset_sort
[seqwish::transclosure] 27454.485 88.08% 2767996791-2825324016 dset_invert
[seqwish::transclosure] 27463.151 88.08% 2767996791-2825324016 graph_emission
[seqwish::transclosure] 27647.004 89.62% 2825324016-2882542689 overlap_collect
[seqwish::transclosure] 27684.654 89.62% 2825324016-2882542689 rank_build
[seqwish::transclosure] 27736.269 89.62% 2825324016-2882542689 parallel_union_find
[seqwish::transclosure] 27826.739 89.62% 2825324016-2882542689 dset_write
[seqwish::transclosure] 27837.068 89.62% 2825324016-2882542689 dset_compression
[seqwish::transclosure] 27847.268 89.62% 2825324016-2882542689 dset_sort
[seqwish::transclosure] 27854.894 89.62% 2825324016-2882542689 dset_invert
[seqwish::transclosure] 27862.443 89.62% 2825324016-2882542689 graph_emission
[seqwish::transclosure] 28028.127 91.07% 2882542689-2932542689 overlap_collect
[seqwish::transclosure] 28059.201 91.07% 2882542689-2932542689 rank_build
[seqwish::transclosure] 28113.639 91.07% 2882542689-2932542689 parallel_union_find
[seqwish::transclosure] 28204.606 91.07% 2882542689-2932542689 dset_write
[seqwish::transclosure] 28215.777 91.07% 2882542689-2932542689 dset_compression
[seqwish::transclosure] 28226.995 91.07% 2882542689-2932542689 dset_sort
[seqwish::transclosure] 28231.021 91.07% 2882542689-2932542689 dset_invert
[seqwish::transclosure] 28240.731 91.07% 2882542689-2932542689 graph_emission
[seqwish::transclosure] 28402.664 92.51% 2932542689-2982542689 overlap_collect
[seqwish::transclosure] 28425.384 92.51% 2932542689-2982542689 rank_build
[seqwish::transclosure] 28474.218 92.51% 2932542689-2982542689 parallel_union_find
[seqwish::transclosure] 28534.392 92.51% 2932542689-2982542689 dset_write
[seqwish::transclosure] 28545.122 92.51% 2932542689-2982542689 dset_compression
[seqwish::transclosure] 28554.713 92.51% 2932542689-2982542689 dset_sort
[seqwish::transclosure] 28558.151 92.51% 2932542689-2982542689 dset_invert
[seqwish::transclosure] 28565.554 92.51% 2932542689-2982542689 graph_emission
[seqwish::transclosure] 28740.318 93.77% 2982542689-3032542689 overlap_collect
[seqwish::transclosure] 28762.215 93.77% 2982542689-3032542689 rank_build
[seqwish::transclosure] 28808.321 93.77% 2982542689-3032542689 parallel_union_find
[seqwish::transclosure] 28880.941 93.77% 2982542689-3032542689 dset_write
[seqwish::transclosure] 28891.096 93.77% 2982542689-3032542689 dset_compression
[seqwish::transclosure] 28899.687 93.77% 2982542689-3032542689 dset_sort
[seqwish::transclosure] 28903.576 93.77% 2982542689-3032542689 dset_invert
[seqwish::transclosure] 28911.132 93.77% 2982542689-3032542689 graph_emission
[seqwish::transclosure] 29052.105 95.10% 3032542689-3636862134 overlap_collect
[seqwish::transclosure] 29104.382 95.10% 3032542689-3636862134 rank_build
[seqwish::transclosure] 29143.010 95.10% 3032542689-3636862134 parallel_union_find
[seqwish::transclosure] 29174.571 95.10% 3032542689-3636862134 dset_write
[seqwish::transclosure] 29179.438 95.10% 3032542689-3636862134 dset_compression
[seqwish::transclosure] 29183.292 95.10% 3032542689-3636862134 dset_sort
[seqwish::transclosure] 29185.360 95.10% 3032542689-3636862134 dset_invert
[seqwish::transclosure] 29188.251 95.10% 3032542689-3636862134 graph_emission
[seqwish::transclosure] 29344.326 95.73% 3636862134-5033339505 overlap_collect
[seqwish::transclosure] 29461.279 95.73% 3636862134-5033339505 rank_build
[seqwish::transclosure] 29491.735 95.73% 3636862134-5033339505 parallel_union_find
[seqwish::transclosure] 29494.820 95.73% 3636862134-5033339505 dset_write
[seqwish::transclosure] 29495.922 95.73% 3636862134-5033339505 dset_compression
[seqwish::transclosure] 29496.794 95.73% 3636862134-5033339505 dset_sort
[seqwish::transclosure] 29497.457 95.73% 3636862134-5033339505 dset_invert
[seqwish::transclosure] 29498.357 95.73% 3636862134-5033339505 graph_emission
[seqwish::transclosure] 29528.367 95.87% 5033339505-5362475496 overlap_collect
[seqwish::transclosure] 29557.320 95.87% 5033339505-5362475496 rank_build
[seqwish::transclosure] 29595.995 95.87% 5033339505-5362475496 parallel_union_find
[seqwish::transclosure] 29596.355 95.87% 5033339505-5362475496 dset_write
[seqwish::transclosure] 29596.775 95.87% 5033339505-5362475496 dset_compression
[seqwish::transclosure] 29597.145 95.87% 5033339505-5362475496 dset_sort
[seqwish::transclosure] 29597.618 95.87% 5033339505-5362475496 dset_invert
[seqwish::transclosure] 29598.088 95.87% 5033339505-5362475496 graph_emission
[seqwish::transclosure] 29604.816 95.92% 5362475496-5844854158 overlap_collect
[seqwish::transclosure] 29647.369 95.92% 5362475496-5844854158 rank_build
[seqwish::transclosure] 29671.044 95.92% 5362475496-5844854158 parallel_union_find
[seqwish::transclosure] 29672.506 95.92% 5362475496-5844854158 dset_write
[seqwish::transclosure] 29672.947 95.92% 5362475496-5844854158 dset_compression
[seqwish::transclosure] 29673.377 95.92% 5362475496-5844854158 dset_sort
[seqwish::transclosure] 29673.869 95.92% 5362475496-5844854158 dset_invert
[seqwish::transclosure] 29674.365 95.92% 5362475496-5844854158 graph_emission
[seqwish::transclosure] 29680.436 95.99% 5844854158-6116103247 overlap_collect
[seqwish::transclosure] 29695.804 95.99% 5844854158-6116103247 rank_build
[seqwish::transclosure] 29722.052 95.99% 5844854158-6116103247 parallel_union_find
[seqwish::transclosure] 29723.626 95.99% 5844854158-6116103247 dset_write
[seqwish::transclosure] 29725.027 95.99% 5844854158-6116103247 dset_compression
[seqwish::transclosure] 29726.427 95.99% 5844854158-6116103247 dset_sort
[seqwish::transclosure] 29727.130 95.99% 5844854158-6116103247 dset_invert
[seqwish::transclosure] 29728.437 95.99% 5844854158-6116103247 graph_emission
[seqwish::transclosure] 29736.699 96.19% 6116103247-7457037189 overlap_collect
[seqwish::transclosure] 29773.133 96.19% 6116103247-7457037189 rank_build
[seqwish::transclosure] 29806.067 96.19% 6116103247-7457037189 parallel_union_find
[seqwish::transclosure] 29806.596 96.19% 6116103247-7457037189 dset_write
[seqwish::transclosure] 29807.339 96.19% 6116103247-7457037189 dset_compression
[seqwish::transclosure] 29807.984 96.19% 6116103247-7457037189 dset_sort
[seqwish::transclosure] 29808.555 96.19% 6116103247-7457037189 dset_invert
[seqwish::transclosure] 29809.263 96.19% 6116103247-7457037189 graph_emission
[seqwish::transclosure] 29818.652 96.29% 7457037189-9081559458 overlap_collect
[seqwish::transclosure] 29863.241 96.29% 7457037189-9081559458 rank_build
[seqwish::transclosure] 29889.143 96.29% 7457037189-9081559458 parallel_union_find
[seqwish::transclosure] 29890.021 96.29% 7457037189-9081559458 dset_write
[seqwish::transclosure] 29891.312 96.29% 7457037189-9081559458 dset_compression
[seqwish::transclosure] 29892.360 96.29% 7457037189-9081559458 dset_sort
[seqwish::transclosure] 29893.074 96.29% 7457037189-9081559458 dset_invert
[seqwish::transclosure] 29894.123 96.29% 7457037189-9081559458 graph_emission
[seqwish::transclosure] 29903.629 96.46% 9081559458-10397183120 overlap_collect
[seqwish::transclosure] 29921.851 96.46% 9081559458-10397183120 rank_build
[seqwish::transclosure] 29963.390 96.46% 9081559458-10397183120 parallel_union_find
[seqwish::transclosure] 29963.907 96.46% 9081559458-10397183120 dset_write
[seqwish::transclosure] 29964.793 96.46% 9081559458-10397183120 dset_compression
[seqwish::transclosure] 29965.648 96.46% 9081559458-10397183120 dset_sort
[seqwish::transclosure] 29966.241 96.46% 9081559458-10397183120 dset_invert
[seqwish::transclosure] 29967.112 96.46% 9081559458-10397183120 graph_emission
[seqwish::transclosure] 29975.875 96.58% 10397183120-11707549448 overlap_collect
[seqwish::transclosure] 29995.226 96.58% 10397183120-11707549448 rank_build
[seqwish::transclosure] 30027.772 96.58% 10397183120-11707549448 parallel_union_find
[seqwish::transclosure] 30028.263 96.58% 10397183120-11707549448 dset_write
[seqwish::transclosure] 30029.276 96.58% 10397183120-11707549448 dset_compression
[seqwish::transclosure] 30030.255 96.58% 10397183120-11707549448 dset_sort
[seqwish::transclosure] 30030.927 96.58% 10397183120-11707549448 dset_invert
[seqwish::transclosure] 30031.929 96.58% 10397183120-11707549448 graph_emission
[seqwish::transclosure] 30040.612 96.72% 11707549448-12906916914 overlap_collect
[seqwish::transclosure] 30053.459 96.72% 11707549448-12906916914 rank_build
[seqwish::transclosure] 30089.691 96.72% 11707549448-12906916914 parallel_union_find
[seqwish::transclosure] 30090.188 96.72% 11707549448-12906916914 dset_write
[seqwish::transclosure] 30091.110 96.72% 11707549448-12906916914 dset_compression
[seqwish::transclosure] 30091.883 96.72% 11707549448-12906916914 dset_sort
[seqwish::transclosure] 30092.506 96.72% 11707549448-12906916914 dset_invert
[seqwish::transclosure] 30093.339 96.72% 11707549448-12906916914 graph_emission
[seqwish::transclosure] 30103.444 96.84% 12906916914-15087784933 overlap_collect
[seqwish::transclosure] 30124.836 96.84% 12906916914-15087784933 rank_build
[seqwish::transclosure] 30151.503 96.84% 12906916914-15087784933 parallel_union_find
[seqwish::transclosure] 30151.794 96.84% 12906916914-15087784933 dset_write
[seqwish::transclosure] 30152.414 96.84% 12906916914-15087784933 dset_compression
[seqwish::transclosure] 30153.001 96.84% 12906916914-15087784933 dset_sort
[seqwish::transclosure] 30153.547 96.84% 12906916914-15087784933 dset_invert
[seqwish::transclosure] 30154.243 96.84% 12906916914-15087784933 graph_emission
[seqwish::transclosure] 30165.606 96.92% 15087784933-17326971753 overlap_collect
[seqwish::transclosure] 30178.506 96.92% 15087784933-17326971753 rank_build
[seqwish::transclosure] 30202.276 96.92% 15087784933-17326971753 parallel_union_find
[seqwish::transclosure] 30202.505 96.92% 15087784933-17326971753 dset_write
[seqwish::transclosure] 30203.103 96.92% 15087784933-17326971753 dset_compression
[seqwish::transclosure] 30203.702 96.92% 15087784933-17326971753 dset_sort
[seqwish::transclosure] 30204.461 96.92% 15087784933-17326971753 dset_invert
[seqwish::transclosure] 30205.133 96.92% 15087784933-17326971753 graph_emission
[seqwish::transclosure] 30214.326 97.01% 17326971753-18060251291 overlap_collect
[seqwish::transclosure] 30219.411 97.01% 17326971753-18060251291 rank_build
[seqwish::transclosure] 30251.218 97.01% 17326971753-18060251291 parallel_union_find
[seqwish::transclosure] 30251.432 97.01% 17326971753-18060251291 dset_write
[seqwish::transclosure] 30252.036 97.01% 17326971753-18060251291 dset_compression
[seqwish::transclosure] 30252.602 97.01% 17326971753-18060251291 dset_sort
[seqwish::transclosure] 30253.161 97.01% 17326971753-18060251291 dset_invert
[seqwish::transclosure] 30253.847 97.01% 17326971753-18060251291 graph_emission
[seqwish::transclosure] 30262.674 97.09% 18060251291-20052766276 overlap_collect
[seqwish::transclosure] 30272.973 97.09% 18060251291-20052766276 rank_build
[seqwish::transclosure] 30299.588 97.09% 18060251291-20052766276 parallel_union_find
[seqwish::transclosure] 30299.695 97.09% 18060251291-20052766276 dset_write
[seqwish::transclosure] 30300.284 97.09% 18060251291-20052766276 dset_compression
[seqwish::transclosure] 30301.066 97.09% 18060251291-20052766276 dset_sort
[seqwish::transclosure] 30301.558 97.09% 18060251291-20052766276 dset_invert
[seqwish::transclosure] 30301.984 97.09% 18060251291-20052766276 graph_emission
[seqwish::transclosure] 30314.060 97.16% 20052766276-23025673591 overlap_collect
[seqwish::transclosure] 30327.573 97.16% 20052766276-23025673591 rank_build
[seqwish::transclosure] 30351.831 97.16% 20052766276-23025673591 parallel_union_find
[seqwish::transclosure] 30351.992 97.16% 20052766276-23025673591 dset_write
[seqwish::transclosure] 30352.555 97.16% 20052766276-23025673591 dset_compression
[seqwish::transclosure] 30353.054 97.16% 20052766276-23025673591 dset_sort
[seqwish::transclosure] 30353.558 97.16% 20052766276-23025673591 dset_invert
[seqwish::transclosure] 30354.144 97.16% 20052766276-23025673591 graph_emission
[seqwish::transclosure] 30364.751 97.23% 23025673591-24121034220 overlap_collect
[seqwish::transclosure] 30369.877 97.23% 23025673591-24121034220 rank_build
[seqwish::transclosure] 30393.738 97.23% 23025673591-24121034220 parallel_union_find
[seqwish::transclosure] 30393.843 97.23% 23025673591-24121034220 dset_write
[seqwish::transclosure] 30394.312 97.23% 23025673591-24121034220 dset_compression
[seqwish::transclosure] 30394.695 97.23% 23025673591-24121034220 dset_sort
[seqwish::transclosure] 30395.169 97.23% 23025673591-24121034220 dset_invert
[seqwish::transclosure] 30395.636 97.23% 23025673591-24121034220 graph_emission
[seqwish::transclosure] 30404.953 97.29% 24121034220-26167907815 overlap_collect
[seqwish::transclosure] 30415.443 97.29% 24121034220-26167907815 rank_build
[seqwish::transclosure] 30439.551 97.29% 24121034220-26167907815 parallel_union_find
[seqwish::transclosure] 30439.705 97.29% 24121034220-26167907815 dset_write
[seqwish::transclosure] 30440.235 97.29% 24121034220-26167907815 dset_compression
[seqwish::transclosure] 30440.748 97.29% 24121034220-26167907815 dset_sort
[seqwish::transclosure] 30441.476 97.29% 24121034220-26167907815 dset_invert
[seqwish::transclosure] 30442.043 97.29% 24121034220-26167907815 graph_emission
[seqwish::transclosure] 30451.043 97.37% 26167907815-27105214969 overlap_collect
[seqwish::transclosure] 30456.917 97.37% 26167907815-27105214969 rank_build
[seqwish::transclosure] 30484.064 97.37% 26167907815-27105214969 parallel_union_find
[seqwish::transclosure] 30484.223 97.37% 26167907815-27105214969 dset_write
[seqwish::transclosure] 30484.758 97.37% 26167907815-27105214969 dset_compression
[seqwish::transclosure] 30485.237 97.37% 26167907815-27105214969 dset_sort
[seqwish::transclosure] 30485.758 97.37% 26167907815-27105214969 dset_invert
[seqwish::transclosure] 30486.332 97.37% 26167907815-27105214969 graph_emission
[seqwish::transclosure] 30494.990 97.44% 27105214969-28889230159 overlap_collect
[seqwish::transclosure] 30502.031 97.44% 27105214969-28889230159 rank_build
[seqwish::transclosure] 30526.792 97.44% 27105214969-28889230159 parallel_union_find
[seqwish::transclosure] 30526.861 97.44% 27105214969-28889230159 dset_write
[seqwish::transclosure] 30527.268 97.44% 27105214969-28889230159 dset_compression
[seqwish::transclosure] 30527.639 97.44% 27105214969-28889230159 dset_sort
[seqwish::transclosure] 30528.136 97.44% 27105214969-28889230159 dset_invert
[seqwish::transclosure] 30528.635 97.44% 27105214969-28889230159 graph_emission
[seqwish::transclosure] 30537.725 97.50% 28889230159-30146763802 overlap_collect
[seqwish::transclosure] 30542.791 97.50% 28889230159-30146763802 rank_build
[seqwish::transclosure] 30566.391 97.50% 28889230159-30146763802 parallel_union_find
[seqwish::transclosure] 30566.503 97.50% 28889230159-30146763802 dset_write
[seqwish::transclosure] 30566.903 97.50% 28889230159-30146763802 dset_compression
[seqwish::transclosure] 30567.282 97.50% 28889230159-30146763802 dset_sort
[seqwish::transclosure] 30567.759 97.50% 28889230159-30146763802 dset_invert
[seqwish::transclosure] 30568.270 97.50% 28889230159-30146763802 graph_emission
[seqwish::transclosure] 30578.411 97.56% 30146763802-32540548177 overlap_collect
[seqwish::transclosure] 30588.262 97.56% 30146763802-32540548177 rank_build
[seqwish::transclosure] 30612.311 97.56% 30146763802-32540548177 parallel_union_find
[seqwish::transclosure] 30612.425 97.56% 30146763802-32540548177 dset_write
[seqwish::transclosure] 30612.844 97.56% 30146763802-32540548177 dset_compression
[seqwish::transclosure] 30613.266 97.56% 30146763802-32540548177 dset_sort
[seqwish::transclosure] 30613.757 97.56% 30146763802-32540548177 dset_invert
[seqwish::transclosure] 30614.263 97.56% 30146763802-32540548177 graph_emission
[seqwish::transclosure] 30624.073 97.62% 32540548177-33760130426 overlap_collect
[seqwish::transclosure] 30629.038 97.62% 32540548177-33760130426 rank_build
[seqwish::transclosure] 30654.170 97.62% 32540548177-33760130426 parallel_union_find
[seqwish::transclosure] 30654.270 97.62% 32540548177-33760130426 dset_write
[seqwish::transclosure] 30654.731 97.62% 32540548177-33760130426 dset_compression
[seqwish::transclosure] 30655.160 97.62% 32540548177-33760130426 dset_sort
[seqwish::transclosure] 30655.902 97.62% 32540548177-33760130426 dset_invert
[seqwish::transclosure] 30656.450 97.62% 32540548177-33760130426 graph_emission
[seqwish::transclosure] 30666.149 97.68% 33760130456-35954809486 overlap_collect
[seqwish::transclosure] 30674.530 97.68% 33760130456-35954809486 rank_build
[seqwish::transclosure] 30697.951 97.68% 33760130456-35954809486 parallel_union_find
[seqwish::transclosure] 30698.017 97.68% 33760130456-35954809486 dset_write
[seqwish::transclosure] 30698.409 97.68% 33760130456-35954809486 dset_compression
[seqwish::transclosure] 30698.770 97.68% 33760130456-35954809486 dset_sort
[seqwish::transclosure] 30699.518 97.68% 33760130456-35954809486 dset_invert
[seqwish::transclosure] 30700.015 97.68% 33760130456-35954809486 graph_emission
[seqwish::transclosure] 30709.346 97.74% 35954809486-36999010088 overlap_collect
[seqwish::transclosure] 30713.348 97.74% 35954809486-36999010088 rank_build
[seqwish::transclosure] 30736.994 97.74% 35954809486-36999010088 parallel_union_find
[seqwish::transclosure] 30737.114 97.74% 35954809486-36999010088 dset_write
[seqwish::transclosure] 30737.545 97.74% 35954809486-36999010088 dset_compression
[seqwish::transclosure] 30737.973 97.74% 35954809486-36999010088 dset_sort
[seqwish::transclosure] 30738.477 97.74% 35954809486-36999010088 dset_invert
[seqwish::transclosure] 30739.032 97.74% 35954809486-36999010088 graph_emission
[seqwish::transclosure] 30748.228 97.81% 36999010088-39195616749 overlap_collect
[seqwish::transclosure] 30756.137 97.81% 36999010088-39195616749 rank_build
[seqwish::transclosure] 30780.321 97.81% 36999010088-39195616749 parallel_union_find
[seqwish::transclosure] 30780.406 97.81% 36999010088-39195616749 dset_write
[seqwish::transclosure] 30780.845 97.81% 36999010088-39195616749 dset_compression
[seqwish::transclosure] 30781.245 97.81% 36999010088-39195616749 dset_sort
[seqwish::transclosure] 30781.736 97.81% 36999010088-39195616749 dset_invert
[seqwish::transclosure] 30782.227 97.81% 36999010088-39195616749 graph_emission
[seqwish::transclosure] 30793.431 97.87% 39195616749-41294578073 overlap_collect
[seqwish::transclosure] 30800.610 97.87% 39195616749-41294578073 rank_build
[seqwish::transclosure] 30824.115 97.87% 39195616749-41294578073 parallel_union_find
[seqwish::transclosure] 30824.245 97.87% 39195616749-41294578073 dset_write
[seqwish::transclosure] 30824.724 97.87% 39195616749-41294578073 dset_compression
[seqwish::transclosure] 30825.169 97.87% 39195616749-41294578073 dset_sort
[seqwish::transclosure] 30825.704 97.87% 39195616749-41294578073 dset_invert
[seqwish::transclosure] 30826.286 97.87% 39195616749-41294578073 graph_emission
[seqwish::transclosure] 30834.871 97.93% 41294578073-42023565210 overlap_collect
[seqwish::transclosure] 30837.817 97.93% 41294578073-42023565210 rank_build
[seqwish::transclosure] 30861.588 97.93% 41294578073-42023565210 parallel_union_find
[seqwish::transclosure] 30861.661 97.93% 41294578073-42023565210 dset_write
[seqwish::transclosure] 30862.094 97.93% 41294578073-42023565210 dset_compression
[seqwish::transclosure] 30862.476 97.93% 41294578073-42023565210 dset_sort
[seqwish::transclosure] 30863.007 97.93% 41294578073-42023565210 dset_invert
[seqwish::transclosure] 30863.549 97.93% 41294578073-42023565210 graph_emission
[seqwish::transclosure] 30871.985 97.99% 42023565210-43936065419 overlap_collect
[seqwish::transclosure] 30877.983 97.99% 42023565210-43936065419 rank_build
[seqwish::transclosure] 30901.687 97.99% 42023565210-43936065419 parallel_union_find
[seqwish::transclosure] 30901.739 97.99% 42023565210-43936065419 dset_write
[seqwish::transclosure] 30902.135 97.99% 42023565210-43936065419 dset_compression
[seqwish::transclosure] 30902.484 97.99% 42023565210-43936065419 dset_sort
[seqwish::transclosure] 30903.020 97.99% 42023565210-43936065419 dset_invert
[seqwish::transclosure] 30903.527 97.99% 42023565210-43936065419 graph_emission
[seqwish::transclosure] 30914.728 98.05% 43936065419-46454368747 overlap_collect
[seqwish::transclosure] 30922.264 98.05% 43936065419-46454368747 rank_build
[seqwish::transclosure] 30945.621 98.05% 43936065419-46454368747 parallel_union_find
[seqwish::transclosure] 30945.689 98.05% 43936065419-46454368747 dset_write
[seqwish::transclosure] 30946.029 98.05% 43936065419-46454368747 dset_compression
[seqwish::transclosure] 30946.372 98.05% 43936065419-46454368747 dset_sort
[seqwish::transclosure] 30946.869 98.05% 43936065419-46454368747 dset_invert
[seqwish::transclosure] 30947.351 98.05% 43936065419-46454368747 graph_emission
[seqwish::transclosure] 30958.248 98.10% 46454368747-48309800592 overlap_collect
[seqwish::transclosure] 30963.941 98.10% 46454368747-48309800592 rank_build
[seqwish::transclosure] 30987.469 98.10% 46454368747-48309800592 parallel_union_find
[seqwish::transclosure] 30987.507 98.10% 46454368747-48309800592 dset_write
[seqwish::transclosure] 30987.838 98.10% 46454368747-48309800592 dset_compression
[seqwish::transclosure] 30988.147 98.10% 46454368747-48309800592 dset_sort
[seqwish::transclosure] 30988.636 98.10% 46454368747-48309800592 dset_invert
[seqwish::transclosure] 30989.101 98.10% 46454368747-48309800592 graph_emission
[seqwish::transclosure] 31000.106 98.15% 48309800592-50746988821 overlap_collect
[seqwish::transclosure] 31008.354 98.15% 48309800592-50746988821 rank_build
[seqwish::transclosure] 31032.160 98.15% 48309800592-50746988821 parallel_union_find
[seqwish::transclosure] 31032.272 98.15% 48309800592-50746988821 dset_write
[seqwish::transclosure] 31032.716 98.15% 48309800592-50746988821 dset_compression
[seqwish::transclosure] 31033.119 98.15% 48309800592-50746988821 dset_sort
[seqwish::transclosure] 31033.625 98.15% 48309800592-50746988821 dset_invert
[seqwish::transclosure] 31034.148 98.15% 48309800592-50746988821 graph_emission
[seqwish::transclosure] 31044.956 98.21% 50746988821-52643758275 overlap_collect
[seqwish::transclosure] 31051.072 98.21% 50746988821-52643758275 rank_build
[seqwish::transclosure] 31075.686 98.21% 50746988821-52643758275 parallel_union_find
[seqwish::transclosure] 31075.737 98.21% 50746988821-52643758275 dset_write
[seqwish::transclosure] 31076.122 98.21% 50746988821-52643758275 dset_compression
[seqwish::transclosure] 31076.470 98.21% 50746988821-52643758275 dset_sort
[seqwish::transclosure] 31076.986 98.21% 50746988821-52643758275 dset_invert
[seqwish::transclosure] 31077.451 98.21% 50746988821-52643758275 graph_emission
[seqwish::transclosure] 31086.548 98.26% 52643758275-53959782451 overlap_collect
[seqwish::transclosure] 31090.837 98.26% 52643758275-53959782451 rank_build
[seqwish::transclosure] 31114.253 98.26% 52643758275-53959782451 parallel_union_find
[seqwish::transclosure] 31114.289 98.26% 52643758275-53959782451 dset_write
[seqwish::transclosure] 31114.687 98.26% 52643758275-53959782451 dset_compression
[seqwish::transclosure] 31115.539 98.26% 52643758275-53959782451 dset_sort
[seqwish::transclosure] 31116.011 98.26% 52643758275-53959782451 dset_invert
[seqwish::transclosure] 31116.688 98.26% 52643758275-53959782451 graph_emission
[seqwish::transclosure] 31125.022 98.31% 53959782451-55177513910 overlap_collect
[seqwish::transclosure] 31129.025 98.31% 53959782451-55177513910 rank_build
[seqwish::transclosure] 31152.907 98.31% 53959782451-55177513910 parallel_union_find
[seqwish::transclosure] 31152.956 98.31% 53959782451-55177513910 dset_write
[seqwish::transclosure] 31153.285 98.31% 53959782451-55177513910 dset_compression
[seqwish::transclosure] 31153.631 98.31% 53959782451-55177513910 dset_sort
[seqwish::transclosure] 31154.118 98.31% 53959782451-55177513910 dset_invert
[seqwish::transclosure] 31154.586 98.31% 53959782451-55177513910 graph_emission
[seqwish::transclosure] 31163.743 98.37% 55177513910-57073996733 overlap_collect
[seqwish::transclosure] 31169.883 98.37% 55177513910-57073996733 rank_build
[seqwish::transclosure] 31193.251 98.37% 55177513910-57073996733 parallel_union_find
[seqwish::transclosure] 31193.284 98.37% 55177513910-57073996733 dset_write
[seqwish::transclosure] 31193.593 98.37% 55177513910-57073996733 dset_compression
[seqwish::transclosure] 31193.922 98.37% 55177513910-57073996733 dset_sort
[seqwish::transclosure] 31194.382 98.37% 55177513910-57073996733 dset_invert
[seqwish::transclosure] 31194.834 98.37% 55177513910-57073996733 graph_emission
[seqwish::transclosure] 31204.968 98.42% 57073996733-58947759995 overlap_collect
[seqwish::transclosure] 31210.890 98.42% 57073996733-58947759995 rank_build
[seqwish::transclosure] 31234.309 98.42% 57073996733-58947759995 parallel_union_find
[seqwish::transclosure] 31234.357 98.42% 57073996733-58947759995 dset_write
[seqwish::transclosure] 31234.703 98.42% 57073996733-58947759995 dset_compression
[seqwish::transclosure] 31235.026 98.42% 57073996733-58947759995 dset_sort
[seqwish::transclosure] 31235.526 98.42% 57073996733-58947759995 dset_invert
[seqwish::transclosure] 31235.988 98.42% 57073996733-58947759995 graph_emission
[seqwish::transclosure] 31244.746 98.47% 58947759995-60088293242 overlap_collect
[seqwish::transclosure] 31248.355 98.47% 58947759995-60088293242 rank_build
[seqwish::transclosure] 31272.240 98.47% 58947759995-60088293242 parallel_union_find
[seqwish::transclosure] 31272.271 98.47% 58947759995-60088293242 dset_write
[seqwish::transclosure] 31272.585 98.47% 58947759995-60088293242 dset_compression
[seqwish::transclosure] 31272.904 98.47% 58947759995-60088293242 dset_sort
[seqwish::transclosure] 31273.386 98.47% 58947759995-60088293242 dset_invert
[seqwish::transclosure] 31273.843 98.47% 58947759995-60088293242 graph_emission
[seqwish::transclosure] 31283.409 98.52% 60088293242-62357960099 overlap_collect
[seqwish::transclosure] 31290.601 98.52% 60088293242-62357960099 rank_build
[seqwish::transclosure] 31313.836 98.52% 60088293242-62357960099 parallel_union_find
[seqwish::transclosure] 31313.885 98.52% 60088293242-62357960099 dset_write
[seqwish::transclosure] 31314.210 98.52% 60088293242-62357960099 dset_compression
[seqwish::transclosure] 31314.521 98.52% 60088293242-62357960099 dset_sort
[seqwish::transclosure] 31315.004 98.52% 60088293242-62357960099 dset_invert
[seqwish::transclosure] 31315.463 98.52% 60088293242-62357960099 graph_emission
[seqwish::transclosure] 31324.044 98.57% 62357960099-63049918019 overlap_collect
[seqwish::transclosure] 31326.367 98.57% 62357960099-63049918019 rank_build
[seqwish::transclosure] 31351.293 98.57% 62357960099-63049918019 parallel_union_find
[seqwish::transclosure] 31351.334 98.57% 62357960099-63049918019 dset_write
[seqwish::transclosure] 31351.720 98.57% 62357960099-63049918019 dset_compression
[seqwish::transclosure] 31352.026 98.57% 62357960099-63049918019 dset_sort
[seqwish::transclosure] 31352.556 98.57% 62357960099-63049918019 dset_invert
[seqwish::transclosure] 31353.040 98.57% 62357960099-63049918019 graph_emission
[seqwish::transclosure] 31362.415 98.62% 63049918019-65529275730 overlap_collect
[seqwish::transclosure] 31370.005 98.62% 63049918019-65529275730 rank_build
[seqwish::transclosure] 31394.149 98.62% 63049918019-65529275730 parallel_union_find
[seqwish::transclosure] 31394.206 98.62% 63049918019-65529275730 dset_write
[seqwish::transclosure] 31394.600 98.62% 63049918019-65529275730 dset_compression
[seqwish::transclosure] 31394.957 98.62% 63049918019-65529275730 dset_sort
[seqwish::transclosure] 31395.476 98.62% 63049918019-65529275730 dset_invert
[seqwish::transclosure] 31395.993 98.62% 63049918019-65529275730 graph_emission
[seqwish::transclosure] 31404.943 98.68% 65529275730-66198518355 overlap_collect
[seqwish::transclosure] 31407.249 98.68% 65529275730-66198518355 rank_build
[seqwish::transclosure] 31431.252 98.68% 65529275730-66198518355 parallel_union_find
[seqwish::transclosure] 31431.298 98.68% 65529275730-66198518355 dset_write
[seqwish::transclosure] 31431.617 98.68% 65529275730-66198518355 dset_compression
[seqwish::transclosure] 31431.933 98.68% 65529275730-66198518355 dset_sort
[seqwish::transclosure] 31432.432 98.68% 65529275730-66198518355 dset_invert
[seqwish::transclosure] 31432.900 98.68% 65529275730-66198518355 graph_emission
[seqwish::transclosure] 31441.482 98.73% 66198518355-68261155267 overlap_collect
[seqwish::transclosure] 31447.785 98.73% 66198518355-68261155267 rank_build
[seqwish::transclosure] 31472.795 98.73% 66198518355-68261155267 parallel_union_find
[seqwish::transclosure] 31472.843 98.73% 66198518355-68261155267 dset_write
[seqwish::transclosure] 31473.283 98.73% 66198518355-68261155267 dset_compression
[seqwish::transclosure] 31474.045 98.73% 66198518355-68261155267 dset_sort
[seqwish::transclosure] 31474.534 98.73% 66198518355-68261155267 dset_invert
[seqwish::transclosure] 31475.314 98.73% 66198518355-68261155267 graph_emission
[seqwish::transclosure] 31484.872 98.78% 68261155267-69717270484 overlap_collect
[seqwish::transclosure] 31489.517 98.78% 68261155267-69717270484 rank_build
[seqwish::transclosure] 31512.870 98.78% 68261155267-69717270484 parallel_union_find
[seqwish::transclosure] 31512.923 98.78% 68261155267-69717270484 dset_write
[seqwish::transclosure] 31513.250 98.78% 68261155267-69717270484 dset_compression
[seqwish::transclosure] 31513.532 98.78% 68261155267-69717270484 dset_sort
[seqwish::transclosure] 31514.224 98.78% 68261155267-69717270484 dset_invert
[seqwish::transclosure] 31514.636 98.78% 68261155267-69717270484 graph_emission
[seqwish::transclosure] 31524.227 98.83% 69717270484-71791149560 overlap_collect
[seqwish::transclosure] 31530.483 98.83% 69717270484-71791149560 rank_build
[seqwish::transclosure] 31554.003 98.83% 69717270484-71791149560 parallel_union_find
[seqwish::transclosure] 31554.033 98.83% 69717270484-71791149560 dset_write
[seqwish::transclosure] 31554.344 98.83% 69717270484-71791149560 dset_compression
[seqwish::transclosure] 31554.646 98.83% 69717270484-71791149560 dset_sort
[seqwish::transclosure] 31555.134 98.83% 69717270484-71791149560 dset_invert
[seqwish::transclosure] 31555.603 98.83% 69717270484-71791149560 graph_emission
[seqwish::transclosure] 31566.121 98.88% 71791149560-73706662507 overlap_collect
[seqwish::transclosure] 31572.093 98.88% 71791149560-73706662507 rank_build
[seqwish::transclosure] 31595.691 98.88% 71791149560-73706662507 parallel_union_find
[seqwish::transclosure] 31595.746 98.88% 71791149560-73706662507 dset_write
[seqwish::transclosure] 31596.075 98.88% 71791149560-73706662507 dset_compression
[seqwish::transclosure] 31596.411 98.88% 71791149560-73706662507 dset_sort
[seqwish::transclosure] 31596.910 98.88% 71791149560-73706662507 dset_invert
[seqwish::transclosure] 31597.403 98.88% 71791149560-73706662507 graph_emission
[seqwish::transclosure] 31606.640 98.93% 73706662507-75039061194 overlap_collect
[seqwish::transclosure] 31610.826 98.93% 73706662507-75039061194 rank_build
[seqwish::transclosure] 31634.404 98.93% 73706662507-75039061194 parallel_union_find
[seqwish::transclosure] 31634.470 98.93% 73706662507-75039061194 dset_write
[seqwish::transclosure] 31634.811 98.93% 73706662507-75039061194 dset_compression
[seqwish::transclosure] 31635.162 98.93% 73706662507-75039061194 dset_sort
[seqwish::transclosure] 31635.641 98.93% 73706662507-75039061194 dset_invert
[seqwish::transclosure] 31636.102 98.93% 73706662507-75039061194 graph_emission
[seqwish::transclosure] 31643.825 98.99% 75039061194-75984074821 overlap_collect
[seqwish::transclosure] 31646.879 98.99% 75039061194-75984074821 rank_build
[seqwish::transclosure] 31670.443 98.99% 75039061194-75984074821 parallel_union_find
[seqwish::transclosure] 31670.481 98.99% 75039061194-75984074821 dset_write
[seqwish::transclosure] 31670.771 98.99% 75039061194-75984074821 dset_compression
[seqwish::transclosure] 31671.074 98.99% 75039061194-75984074821 dset_sort
[seqwish::transclosure] 31671.551 98.99% 75039061194-75984074821 dset_invert
[seqwish::transclosure] 31672.004 98.99% 75039061194-75984074821 graph_emission
[seqwish::transclosure] 31680.213 99.03% 75984074821-77617119017 overlap_collect
[seqwish::transclosure] 31685.232 99.03% 75984074821-77617119017 rank_build
[seqwish::transclosure] 31708.955 99.03% 75984074821-77617119017 parallel_union_find
[seqwish::transclosure] 31708.988 99.03% 75984074821-77617119017 dset_write
[seqwish::transclosure] 31709.346 99.03% 75984074821-77617119017 dset_compression
[seqwish::transclosure] 31709.656 99.03% 75984074821-77617119017 dset_sort
[seqwish::transclosure] 31710.158 99.03% 75984074821-77617119017 dset_invert
[seqwish::transclosure] 31710.622 99.03% 75984074821-77617119017 graph_emission
[seqwish::transclosure] 31719.191 99.08% 77617119017-78807015829 overlap_collect
[seqwish::transclosure] 31723.027 99.08% 77617119017-78807015829 rank_build
[seqwish::transclosure] 31746.481 99.08% 77617119017-78807015829 parallel_union_find
[seqwish::transclosure] 31746.520 99.08% 77617119017-78807015829 dset_write
[seqwish::transclosure] 31746.816 99.08% 77617119017-78807015829 dset_compression
[seqwish::transclosure] 31747.108 99.08% 77617119017-78807015829 dset_sort
[seqwish::transclosure] 31747.575 99.08% 77617119017-78807015829 dset_invert
[seqwish::transclosure] 31747.993 99.08% 77617119017-78807015829 graph_emission
[seqwish::transclosure] 31757.768 99.13% 78807015829-81219849197 overlap_collect
[seqwish::transclosure] 31764.988 99.13% 78807015829-81219849197 rank_build
[seqwish::transclosure] 31788.368 99.13% 78807015829-81219849197 parallel_union_find
[seqwish::transclosure] 31788.388 99.13% 78807015829-81219849197 dset_write
[seqwish::transclosure] 31788.670 99.13% 78807015829-81219849197 dset_compression
[seqwish::transclosure] 31788.956 99.13% 78807015829-81219849197 dset_sort
[seqwish::transclosure] 31789.429 99.13% 78807015829-81219849197 dset_invert
[seqwish::transclosure] 31789.868 99.13% 78807015829-81219849197 graph_emission
[seqwish::transclosure] 31801.558 99.18% 81219849197-83600126365 overlap_collect
[seqwish::transclosure] 31808.713 99.18% 81219849197-83600126365 rank_build
[seqwish::transclosure] 31831.988 99.18% 81219849197-83600126365 parallel_union_find
[seqwish::transclosure] 31832.025 99.18% 81219849197-83600126365 dset_write
[seqwish::transclosure] 31832.406 99.18% 81219849197-83600126365 dset_compression
[seqwish::transclosure] 31833.008 99.18% 81219849197-83600126365 dset_sort
[seqwish::transclosure] 31833.755 99.18% 81219849197-83600126365 dset_invert
[seqwish::transclosure] 31834.490 99.18% 81219849197-83600126365 graph_emission
[seqwish::transclosure] 31844.664 99.23% 83600126365-85100117654 overlap_collect
[seqwish::transclosure] 31849.396 99.23% 83600126365-85100117654 rank_build
[seqwish::transclosure] 31873.203 99.23% 83600126365-85100117654 parallel_union_find
[seqwish::transclosure] 31873.230 99.23% 83600126365-85100117654 dset_write
[seqwish::transclosure] 31873.560 99.23% 83600126365-85100117654 dset_compression
[seqwish::transclosure] 31873.841 99.23% 83600126365-85100117654 dset_sort
[seqwish::transclosure] 31874.338 99.23% 83600126365-85100117654 dset_invert
[seqwish::transclosure] 31874.774 99.23% 83600126365-85100117654 graph_emission
[seqwish::transclosure] 31884.668 99.27% 85100117654-87263045321 overlap_collect
[seqwish::transclosure] 31891.156 99.27% 85100117654-87263045321 rank_build
[seqwish::transclosure] 31914.792 99.27% 85100117654-87263045321 parallel_union_find
[seqwish::transclosure] 31914.832 99.27% 85100117654-87263045321 dset_write
[seqwish::transclosure] 31915.164 99.27% 85100117654-87263045321 dset_compression
[seqwish::transclosure] 31915.455 99.27% 85100117654-87263045321 dset_sort
[seqwish::transclosure] 31915.930 99.27% 85100117654-87263045321 dset_invert
[seqwish::transclosure] 31916.377 99.27% 85100117654-87263045321 graph_emission
[seqwish::transclosure] 31927.583 99.32% 87263045321-89607567905 overlap_collect
[seqwish::transclosure] 31934.687 99.32% 87263045321-89607567905 rank_build
[seqwish::transclosure] 31957.937 99.32% 87263045321-89607567905 parallel_union_find
[seqwish::transclosure] 31957.974 99.32% 87263045321-89607567905 dset_write
[seqwish::transclosure] 31958.290 99.32% 87263045321-89607567905 dset_compression
[seqwish::transclosure] 31958.557 99.32% 87263045321-89607567905 dset_sort
[seqwish::transclosure] 31959.036 99.32% 87263045321-89607567905 dset_invert
[seqwish::transclosure] 31959.421 99.32% 87263045321-89607567905 graph_emission
[seqwish::transclosure] 31969.207 99.37% 89607567905-91017041855 overlap_collect
[seqwish::transclosure] 31973.517 99.37% 89607567905-91017041855 rank_build
[seqwish::transclosure] 31997.781 99.37% 89607567905-91017041855 parallel_union_find
[seqwish::transclosure] 31997.807 99.37% 89607567905-91017041855 dset_write
[seqwish::transclosure] 31998.125 99.37% 89607567905-91017041855 dset_compression
[seqwish::transclosure] 31998.381 99.37% 89607567905-91017041855 dset_sort
[seqwish::transclosure] 31998.855 99.37% 89607567905-91017041855 dset_invert
[seqwish::transclosure] 31999.239 99.37% 89607567905-91017041855 graph_emission
[seqwish::transclosure] 32007.707 99.41% 91017041855-92422817966 overlap_collect
[seqwish::transclosure] 32012.052 99.41% 91017041855-92422817966 rank_build
[seqwish::transclosure] 32035.473 99.41% 91017041855-92422817966 parallel_union_find
[seqwish::transclosure] 32035.735 99.41% 91017041855-92422817966 dset_write
[seqwish::transclosure] 32036.137 99.41% 91017041855-92422817966 dset_compression
[seqwish::transclosure] 32036.476 99.41% 91017041855-92422817966 dset_sort
[seqwish::transclosure] 32036.949 99.41% 91017041855-92422817966 dset_invert
[seqwish::transclosure] 32037.393 99.41% 91017041855-92422817966 graph_emission
[seqwish::transclosure] 32047.260 99.47% 92422817966-94683983850 overlap_collect
[seqwish::transclosure] 32053.970 99.47% 92422817966-94683983850 rank_build
[seqwish::transclosure] 32077.441 99.47% 92422817966-94683983850 parallel_union_find
[seqwish::transclosure] 32077.496 99.47% 92422817966-94683983850 dset_write
[seqwish::transclosure] 32077.827 99.47% 92422817966-94683983850 dset_compression
[seqwish::transclosure] 32078.124 99.47% 92422817966-94683983850 dset_sort
[seqwish::transclosure] 32078.604 99.47% 92422817966-94683983850 dset_invert
[seqwish::transclosure] 32079.028 99.47% 92422817966-94683983850 graph_emission
[seqwish::transclosure] 32089.249 99.52% 94683983850-96381277723 overlap_collect
[seqwish::transclosure] 32094.395 99.52% 94683983850-96381277723 rank_build
[seqwish::transclosure] 32117.642 99.52% 94683983850-96381277723 parallel_union_find
[seqwish::transclosure] 32117.661 99.52% 94683983850-96381277723 dset_write
[seqwish::transclosure] 32117.970 99.52% 94683983850-96381277723 dset_compression
[seqwish::transclosure] 32118.245 99.52% 94683983850-96381277723 dset_sort
[seqwish::transclosure] 32118.893 99.52% 94683983850-96381277723 dset_invert
[seqwish::transclosure] 32119.308 99.52% 94683983850-96381277723 graph_emission
[seqwish::transclosure] 32130.111 99.56% 96381277723-99005239364 overlap_collect
[seqwish::transclosure] 32137.900 99.56% 96381277723-99005239364 rank_build
[seqwish::transclosure] 32161.880 99.56% 96381277723-99005239364 parallel_union_find
[seqwish::transclosure] 32161.933 99.56% 96381277723-99005239364 dset_write
[seqwish::transclosure] 32162.284 99.56% 96381277723-99005239364 dset_compression
[seqwish::transclosure] 32162.572 99.56% 96381277723-99005239364 dset_sort
[seqwish::transclosure] 32163.063 99.56% 96381277723-99005239364 dset_invert
[seqwish::transclosure] 32163.475 99.56% 96381277723-99005239364 graph_emission
[seqwish::transclosure] 32173.965 99.61% 99005239364-100579877891 overlap_collect
[seqwish::transclosure] 32178.708 99.61% 99005239364-100579877891 rank_build
[seqwish::transclosure] 32203.844 99.61% 99005239364-100579877891 parallel_union_find
[seqwish::transclosure] 32203.894 99.61% 99005239364-100579877891 dset_write
[seqwish::transclosure] 32204.240 99.61% 99005239364-100579877891 dset_compression
[seqwish::transclosure] 32204.542 99.61% 99005239364-100579877891 dset_sort
[seqwish::transclosure] 32204.997 99.61% 99005239364-100579877891 dset_invert
[seqwish::transclosure] 32205.413 99.61% 99005239364-100579877891 graph_emission
[seqwish::transclosure] 32215.280 99.65% 100579877891-102620961855 overlap_collect
[seqwish::transclosure] 32221.394 99.65% 100579877891-102620961855 rank_build
[seqwish::transclosure] 32245.064 99.65% 100579877891-102620961855 parallel_union_find
[seqwish::transclosure] 32245.081 99.65% 100579877891-102620961855 dset_write
[seqwish::transclosure] 32245.388 99.65% 100579877891-102620961855 dset_compression
[seqwish::transclosure] 32245.647 99.65% 100579877891-102620961855 dset_sort
[seqwish::transclosure] 32246.098 99.65% 100579877891-102620961855 dset_invert
[seqwish::transclosure] 32246.472 99.65% 100579877891-102620961855 graph_emission
[seqwish::transclosure] 32257.390 99.70% 102620961855-104986862735 overlap_collect
[seqwish::transclosure] 32264.576 99.70% 102620961855-104986862735 rank_build
[seqwish::transclosure] 32288.383 99.70% 102620961855-104986862735 parallel_union_find
[seqwish::transclosure] 32288.401 99.70% 102620961855-104986862735 dset_write
[seqwish::transclosure] 32288.708 99.70% 102620961855-104986862735 dset_compression
[seqwish::transclosure] 32288.956 99.70% 102620961855-104986862735 dset_sort
[seqwish::transclosure] 32289.441 99.70% 102620961855-104986862735 dset_invert
[seqwish::transclosure] 32289.857 99.70% 102620961855-104986862735 graph_emission
[seqwish::transclosure] 32300.734 99.74% 104986863175-106857100628 overlap_collect
[seqwish::transclosure] 32306.491 99.74% 104986863175-106857100628 rank_build
[seqwish::transclosure] 32329.981 99.74% 104986863175-106857100628 parallel_union_find
[seqwish::transclosure] 32330.046 99.74% 104986863175-106857100628 dset_write
[seqwish::transclosure] 32330.347 99.74% 104986863175-106857100628 dset_compression
[seqwish::transclosure] 32330.629 99.74% 104986863175-106857100628 dset_sort
[seqwish::transclosure] 32331.079 99.74% 104986863175-106857100628 dset_invert
[seqwish::transclosure] 32331.457 99.74% 104986863175-106857100628 graph_emission
[seqwish::transclosure] 32340.942 99.79% 106857100628-108482629698 overlap_collect
[seqwish::transclosure] 32345.873 99.79% 106857100628-108482629698 rank_build
[seqwish::transclosure] 32369.155 99.79% 106857100628-108482629698 parallel_union_find
[seqwish::transclosure] 32369.165 99.79% 106857100628-108482629698 dset_write
[seqwish::transclosure] 32369.470 99.79% 106857100628-108482629698 dset_compression
[seqwish::transclosure] 32369.719 99.79% 106857100628-108482629698 dset_sort
[seqwish::transclosure] 32370.211 99.79% 106857100628-108482629698 dset_invert
[seqwish::transclosure] 32370.590 99.79% 106857100628-108482629698 graph_emission
[seqwish::transclosure] 32379.703 99.83% 108482629698-110067867110 overlap_collect
[seqwish::transclosure] 32384.663 99.83% 108482629698-110067867110 rank_build
[seqwish::transclosure] 32408.200 99.83% 108482629698-110067867110 parallel_union_find
[seqwish::transclosure] 32408.225 99.83% 108482629698-110067867110 dset_write
[seqwish::transclosure] 32408.542 99.83% 108482629698-110067867110 dset_compression
[seqwish::transclosure] 32408.793 99.83% 108482629698-110067867110 dset_sort
[seqwish::transclosure] 32409.261 99.83% 108482629698-110067867110 dset_invert
[seqwish::transclosure] 32409.664 99.83% 108482629698-110067867110 graph_emission
[seqwish::transclosure] 32419.018 99.88% 110067867110-111845347835 overlap_collect
[seqwish::transclosure] 32424.640 99.88% 110067867110-111845347835 rank_build
[seqwish::transclosure] 32447.982 99.88% 110067867110-111845347835 parallel_union_find
[seqwish::transclosure] 32448.035 99.88% 110067867110-111845347835 dset_write
[seqwish::transclosure] 32448.360 99.88% 110067867110-111845347835 dset_compression
[seqwish::transclosure] 32448.626 99.88% 110067867110-111845347835 dset_sort
[seqwish::transclosure] 32449.101 99.88% 110067867110-111845347835 dset_invert
[seqwish::transclosure] 32449.517 99.88% 110067867110-111845347835 graph_emission
[seqwish::transclosure] 32459.979 99.92% 111845347835-114097780931 overlap_collect
[seqwish::transclosure] 32466.840 99.92% 111845347835-114097780931 rank_build
[seqwish::transclosure] 32490.268 99.92% 111845347835-114097780931 parallel_union_find
[seqwish::transclosure] 32490.298 99.92% 111845347835-114097780931 dset_write
[seqwish::transclosure] 32490.609 99.92% 111845347835-114097780931 dset_compression
[seqwish::transclosure] 32490.841 99.92% 111845347835-114097780931 dset_sort
[seqwish::transclosure] 32491.297 99.92% 111845347835-114097780931 dset_invert
[seqwish::transclosure] 32491.675 99.92% 111845347835-114097780931 graph_emission
[seqwish::transclosure] 32500.037 99.97% 114097780931-114627039076 overlap_collect
[seqwish::transclosure] 32501.814 99.97% 114097780931-114627039076 rank_build
[seqwish::transclosure] 32525.146 99.97% 114097780931-114627039076 parallel_union_find
[seqwish::transclosure] 32525.160 99.97% 114097780931-114627039076 dset_write
[seqwish::transclosure] 32525.394 99.97% 114097780931-114627039076 dset_compression
[seqwish::transclosure] 32525.568 99.97% 114097780931-114627039076 dset_sort
[seqwish::transclosure] 32525.933 99.97% 114097780931-114627039076 dset_invert
[seqwish::transclosure] 32526.218 99.97% 114097780931-114627039076 graph_emission
[seqwish::transclosure] 32530.859 100.00% building node_iitree and path_iitree indexes
[seqwish::transclosure] 33031.214 100.00% done
[seqwish::transclosure] 33031.896 done with transitive closures
[seqwish::compact] 33031.896 compacting nodes
[seqwish::compact] 33544.100 done compacting
[seqwish::compact] 33546.022 built node index
[seqwish::links] 33546.022 finding graph links
[seqwish::links] 35179.069 links derived
[seqwish::gfa] 35179.076 writing graph
[seqwish::gfa] 40271.380 done
	Command being timed: "/home/guarracino/tools/seqwish/bin/seqwish-ccfefb016fcfc9937817ce61dc06bbcf382be75e -t 48 -s /lizardfs/guarracino/seqwish-paper/hprc_plus/assemblies/HPRC_plus.fa.gz -p /lizardfs/guarracino/seqwish-paper/hprc_plus/alignment/HPRC_plus.s100k.l300k.p98.n90.k16.chunk_0.paf.gz,/lizardfs/guarracino/seqwish-paper/hprc_plus/alignment/HPRC_plus.s100k.l300k.p98.n90.k16.chunk_1.paf.gz,/lizardfs/guarracino/seqwish-paper/hprc_plus/alignment/HPRC_plus.s100k.l300k.p98.n90.k16.chunk_2.paf.gz,/lizardfs/guarracino/seqwish-paper/hprc_plus/alignment/HPRC_plus.s100k.l300k.p98.n90.k16.chunk_3.paf.gz,/lizardfs/guarracino/seqwish-paper/hprc_plus/alignment/HPRC_plus.s100k.l300k.p98.n90.k16.chunk_4.paf.gz -k 49 -B 50M -g HPRC_plus.s100k.l300k.p98.n90.k16.seqwish.k49.B50M.gfa -P"
	User time (seconds): 695434.91
	System time (seconds): 13763.46
	Percent of CPU this job got: 1759%
	Elapsed (wall clock) time (h:mm:ss or m:ss): 11:11:40
	Average shared text size (kbytes): 0
	Average unshared data size (kbytes): 0
	Average stack size (kbytes): 0
	Average total size (kbytes): 0
	Maximum resident set size (kbytes): 386332892
	Average resident set size (kbytes): 0
	Major (requiring I/O) page faults: 3587681
	Minor (reclaiming a frame) page faults: 5503991686
	Voluntary context switches: 1292895763
	Involuntary context switches: 573008087
	Swaps: 0
	File system inputs: 594582816
	File system outputs: 4609982264
	Socket messages sent: 0
	Socket messages received: 0
	Signals delivered: 0
	Page size (bytes): 4096
	Exit status: 0
