octopus08
[seqwish::seqidx] 0.015 indexing sequences
[seqwish::seqidx] 907.437 index built
[seqwish::alignments] 907.438 processing alignments
[seqwish::alignments] 1971.214 indexing
[seqwish::alignments] 5399.451 index built
[seqwish::transclosure] 5399.453 computing transitive closures
[seqwish::transclosure] 5406.524 0.00% 0-50000000 overlap_collect
[seqwish::transclosure] 5436.264 0.00% 0-50000000 rank_build
[seqwish::transclosure] 5481.864 0.00% 0-50000000 parallel_union_find
[seqwish::transclosure] 5521.440 0.00% 0-50000000 dset_write
[seqwish::transclosure] 5534.354 0.00% 0-50000000 dset_compression
[seqwish::transclosure] 5545.064 0.00% 0-50000000 dset_sort
[seqwish::transclosure] 5552.203 0.00% 0-50000000 dset_invert
[seqwish::transclosure] 5561.833 0.00% 0-50000000 graph_emission
[seqwish::transclosure] 5571.321 1.68% 50000000-100000000 overlap_collect
[seqwish::transclosure] 5596.355 1.68% 50000000-100000000 rank_build
[seqwish::transclosure] 5637.239 1.68% 50000000-100000000 parallel_union_find
[seqwish::transclosure] 5759.854 1.68% 50000000-100000000 dset_write
[seqwish::transclosure] 5773.503 1.68% 50000000-100000000 dset_compression
[seqwish::transclosure] 5784.301 1.68% 50000000-100000000 dset_sort
[seqwish::transclosure] 5788.964 1.68% 50000000-100000000 dset_invert
[seqwish::transclosure] 5797.673 1.68% 50000000-100000000 graph_emission
[seqwish::transclosure] 5991.662 3.33% 100000000-150000000 overlap_collect
[seqwish::transclosure] 6023.708 3.33% 100000000-150000000 rank_build
[seqwish::transclosure] 6068.767 3.33% 100000000-150000000 parallel_union_find
[seqwish::transclosure] 6139.803 3.33% 100000000-150000000 dset_write
[seqwish::transclosure] 6148.426 3.33% 100000000-150000000 dset_compression
[seqwish::transclosure] 6155.894 3.33% 100000000-150000000 dset_sort
[seqwish::transclosure] 6159.438 3.33% 100000000-150000000 dset_invert
[seqwish::transclosure] 6165.938 3.33% 100000000-150000000 graph_emission
[seqwish::transclosure] 6358.748 4.44% 150000000-200000000 overlap_collect
[seqwish::transclosure] 6385.509 4.44% 150000000-200000000 rank_build
[seqwish::transclosure] 6432.387 4.44% 150000000-200000000 parallel_union_find
[seqwish::transclosure] 6536.552 4.44% 150000000-200000000 dset_write
[seqwish::transclosure] 6549.703 4.44% 150000000-200000000 dset_compression
[seqwish::transclosure] 6560.117 4.44% 150000000-200000000 dset_sort
[seqwish::transclosure] 6564.985 4.44% 150000000-200000000 dset_invert
[seqwish::transclosure] 6573.578 4.44% 150000000-200000000 graph_emission
[seqwish::transclosure] 6680.252 6.09% 200000000-250000000 overlap_collect
[seqwish::transclosure] 6710.734 6.09% 200000000-250000000 rank_build
[seqwish::transclosure] 6767.903 6.09% 200000000-250000000 parallel_union_find
[seqwish::transclosure] 6869.780 6.09% 200000000-250000000 dset_write
[seqwish::transclosure] 6883.976 6.09% 200000000-250000000 dset_compression
[seqwish::transclosure] 6895.511 6.09% 200000000-250000000 dset_sort
[seqwish::transclosure] 6900.229 6.09% 200000000-250000000 dset_invert
[seqwish::transclosure] 6908.936 6.09% 200000000-250000000 graph_emission
[seqwish::transclosure] 7069.812 7.74% 250000000-300000000 overlap_collect
[seqwish::transclosure] 7098.599 7.74% 250000000-300000000 rank_build
[seqwish::transclosure] 7145.259 7.74% 250000000-300000000 parallel_union_find
[seqwish::transclosure] 7256.287 7.74% 250000000-300000000 dset_write
[seqwish::transclosure] 7268.813 7.74% 250000000-300000000 dset_compression
[seqwish::transclosure] 7280.894 7.74% 250000000-300000000 dset_sort
[seqwish::transclosure] 7285.557 7.74% 250000000-300000000 dset_invert
[seqwish::transclosure] 7296.182 7.74% 250000000-300000000 graph_emission
[seqwish::transclosure] 7469.409 9.40% 300000000-350716373 overlap_collect
[seqwish::transclosure] 7498.136 9.40% 300000000-350716373 rank_build
[seqwish::transclosure] 7544.907 9.40% 300000000-350716373 parallel_union_find
[seqwish::transclosure] 7645.194 9.40% 300000000-350716373 dset_write
[seqwish::transclosure] 7656.716 9.40% 300000000-350716373 dset_compression
[seqwish::transclosure] 7667.710 9.40% 300000000-350716373 dset_sort
[seqwish::transclosure] 7672.186 9.40% 300000000-350716373 dset_invert
[seqwish::transclosure] 7679.693 9.40% 300000000-350716373 graph_emission
[seqwish::transclosure] 7850.742 10.98% 350716373-400716373 overlap_collect
[seqwish::transclosure] 7879.291 10.98% 350716373-400716373 rank_build
[seqwish::transclosure] 7927.088 10.98% 350716373-400716373 parallel_union_find
[seqwish::transclosure] 8051.845 10.98% 350716373-400716373 dset_write
[seqwish::transclosure] 8064.669 10.98% 350716373-400716373 dset_compression
[seqwish::transclosure] 8078.685 10.98% 350716373-400716373 dset_sort
[seqwish::transclosure] 8083.348 10.98% 350716373-400716373 dset_invert
[seqwish::transclosure] 8096.073 10.98% 350716373-400716373 graph_emission
[seqwish::transclosure] 8250.949 12.63% 400716373-450716373 overlap_collect
[seqwish::transclosure] 8275.741 12.63% 400716373-450716373 rank_build
[seqwish::transclosure] 8321.512 12.63% 400716373-450716373 parallel_union_find
[seqwish::transclosure] 8433.968 12.63% 400716373-450716373 dset_write
[seqwish::transclosure] 8447.146 12.63% 400716373-450716373 dset_compression
[seqwish::transclosure] 8459.420 12.63% 400716373-450716373 dset_sort
[seqwish::transclosure] 8464.345 12.63% 400716373-450716373 dset_invert
[seqwish::transclosure] 8474.910 12.63% 400716373-450716373 graph_emission
[seqwish::transclosure] 8650.976 14.29% 450716373-500716373 overlap_collect
[seqwish::transclosure] 8680.930 14.29% 450716373-500716373 rank_build
[seqwish::transclosure] 8730.949 14.29% 450716373-500716373 parallel_union_find
[seqwish::transclosure] 8846.921 14.29% 450716373-500716373 dset_write
[seqwish::transclosure] 8859.858 14.29% 450716373-500716373 dset_compression
[seqwish::transclosure] 8870.286 14.29% 450716373-500716373 dset_sort
[seqwish::transclosure] 8875.248 14.29% 450716373-500716373 dset_invert
[seqwish::transclosure] 8884.142 14.29% 450716373-500716373 graph_emission
[seqwish::transclosure] 9048.136 15.95% 500716373-550716373 overlap_collect
[seqwish::transclosure] 9074.193 15.95% 500716373-550716373 rank_build
[seqwish::transclosure] 9116.400 15.95% 500716373-550716373 parallel_union_find
[seqwish::transclosure] 9230.257 15.95% 500716373-550716373 dset_write
[seqwish::transclosure] 9244.014 15.95% 500716373-550716373 dset_compression
[seqwish::transclosure] 9256.653 15.95% 500716373-550716373 dset_sort
[seqwish::transclosure] 9261.556 15.95% 500716373-550716373 dset_invert
[seqwish::transclosure] 9272.343 15.95% 500716373-550716373 graph_emission
[seqwish::transclosure] 9448.131 17.60% 550716373-600716373 overlap_collect
[seqwish::transclosure] 9486.038 17.60% 550716373-600716373 rank_build
[seqwish::transclosure] 9534.990 17.60% 550716373-600716373 parallel_union_find
[seqwish::transclosure] 9626.394 17.60% 550716373-600716373 dset_write
[seqwish::transclosure] 9639.226 17.60% 550716373-600716373 dset_compression
[seqwish::transclosure] 9650.324 17.60% 550716373-600716373 dset_sort
[seqwish::transclosure] 9655.178 17.60% 550716373-600716373 dset_invert
[seqwish::transclosure] 9664.341 17.60% 550716373-600716373 graph_emission
[seqwish::transclosure] 9836.826 19.25% 600716373-650716373 overlap_collect
[seqwish::transclosure] 9863.258 19.25% 600716373-650716373 rank_build
[seqwish::transclosure] 9906.707 19.25% 600716373-650716373 parallel_union_find
[seqwish::transclosure] 10021.091 19.25% 600716373-650716373 dset_write
[seqwish::transclosure] 10033.936 19.25% 600716373-650716373 dset_compression
[seqwish::transclosure] 10045.090 19.25% 600716373-650716373 dset_sort
[seqwish::transclosure] 10050.054 19.25% 600716373-650716373 dset_invert
[seqwish::transclosure] 10059.262 19.25% 600716373-650716373 graph_emission
[seqwish::transclosure] 10266.705 20.91% 650716373-700812605 overlap_collect
[seqwish::transclosure] 10295.839 20.91% 650716373-700812605 rank_build
[seqwish::transclosure] 10336.989 20.91% 650716373-700812605 parallel_union_find
[seqwish::transclosure] 10430.406 20.91% 650716373-700812605 dset_write
[seqwish::transclosure] 10443.203 20.91% 650716373-700812605 dset_compression
[seqwish::transclosure] 10455.329 20.91% 650716373-700812605 dset_sort
[seqwish::transclosure] 10460.102 20.91% 650716373-700812605 dset_invert
[seqwish::transclosure] 10469.675 20.91% 650716373-700812605 graph_emission
[seqwish::transclosure] 10646.596 22.57% 700812777-750812777 overlap_collect
[seqwish::transclosure] 10672.226 22.57% 700812777-750812777 rank_build
[seqwish::transclosure] 10711.259 22.57% 700812777-750812777 parallel_union_find
[seqwish::transclosure] 10801.116 22.57% 700812777-750812777 dset_write
[seqwish::transclosure] 10812.743 22.57% 700812777-750812777 dset_compression
[seqwish::transclosure] 10823.223 22.57% 700812777-750812777 dset_sort
[seqwish::transclosure] 10827.907 22.57% 700812777-750812777 dset_invert
[seqwish::transclosure] 10836.969 22.57% 700812777-750812777 graph_emission
[seqwish::transclosure] 11028.030 24.09% 750812777-800812777 overlap_collect
[seqwish::transclosure] 11056.479 24.09% 750812777-800812777 rank_build
[seqwish::transclosure] 11100.410 24.09% 750812777-800812777 parallel_union_find
[seqwish::transclosure] 11191.694 24.09% 750812777-800812777 dset_write
[seqwish::transclosure] 11204.506 24.09% 750812777-800812777 dset_compression
[seqwish::transclosure] 11217.588 24.09% 750812777-800812777 dset_sort
[seqwish::transclosure] 11222.541 24.09% 750812777-800812777 dset_invert
[seqwish::transclosure] 11235.130 24.09% 750812777-800812777 graph_emission
[seqwish::transclosure] 11401.816 25.74% 800812777-850812777 overlap_collect
[seqwish::transclosure] 11429.662 25.74% 800812777-850812777 rank_build
[seqwish::transclosure] 11474.259 25.74% 800812777-850812777 parallel_union_find
[seqwish::transclosure] 11602.569 25.74% 800812777-850812777 dset_write
[seqwish::transclosure] 11615.428 25.74% 800812777-850812777 dset_compression
[seqwish::transclosure] 11626.384 25.74% 800812777-850812777 dset_sort
[seqwish::transclosure] 11631.002 25.74% 800812777-850812777 dset_invert
[seqwish::transclosure] 11640.021 25.74% 800812777-850812777 graph_emission
[seqwish::transclosure] 11805.502 27.40% 850812777-900812777 overlap_collect
[seqwish::transclosure] 11834.570 27.40% 850812777-900812777 rank_build
[seqwish::transclosure] 11878.940 27.40% 850812777-900812777 parallel_union_find
[seqwish::transclosure] 11976.084 27.40% 850812777-900812777 dset_write
[seqwish::transclosure] 11990.753 27.40% 850812777-900812777 dset_compression
[seqwish::transclosure] 12002.403 27.40% 850812777-900812777 dset_sort
[seqwish::transclosure] 12007.160 27.40% 850812777-900812777 dset_invert
[seqwish::transclosure] 12016.350 27.40% 850812777-900812777 graph_emission
[seqwish::transclosure] 12188.098 29.06% 900812777-950812777 overlap_collect
[seqwish::transclosure] 12216.710 29.06% 900812777-950812777 rank_build
[seqwish::transclosure] 12258.326 29.06% 900812777-950812777 parallel_union_find
[seqwish::transclosure] 12348.637 29.06% 900812777-950812777 dset_write
[seqwish::transclosure] 12360.077 29.06% 900812777-950812777 dset_compression
[seqwish::transclosure] 12371.698 29.06% 900812777-950812777 dset_sort
[seqwish::transclosure] 12376.156 29.06% 900812777-950812777 dset_invert
[seqwish::transclosure] 12386.386 29.06% 900812777-950812777 graph_emission
[seqwish::transclosure] 12578.685 30.61% 950812777-1000812777 overlap_collect
[seqwish::transclosure] 12604.703 30.61% 950812777-1000812777 rank_build
[seqwish::transclosure] 12645.902 30.61% 950812777-1000812777 parallel_union_find
[seqwish::transclosure] 12751.198 30.61% 950812777-1000812777 dset_write
[seqwish::transclosure] 12764.905 30.61% 950812777-1000812777 dset_compression
[seqwish::transclosure] 12776.949 30.61% 950812777-1000812777 dset_sort
[seqwish::transclosure] 12781.636 30.61% 950812777-1000812777 dset_invert
[seqwish::transclosure] 12792.058 30.61% 950812777-1000812777 graph_emission
[seqwish::transclosure] 12949.602 32.26% 1000812777-1050812777 overlap_collect
[seqwish::transclosure] 12977.296 32.26% 1000812777-1050812777 rank_build
[seqwish::transclosure] 13023.145 32.26% 1000812777-1050812777 parallel_union_find
[seqwish::transclosure] 13134.058 32.26% 1000812777-1050812777 dset_write
[seqwish::transclosure] 13146.883 32.26% 1000812777-1050812777 dset_compression
[seqwish::transclosure] 13157.465 32.26% 1000812777-1050812777 dset_sort
[seqwish::transclosure] 13162.139 32.26% 1000812777-1050812777 dset_invert
[seqwish::transclosure] 13170.565 32.26% 1000812777-1050812777 graph_emission
[seqwish::transclosure] 13346.993 33.91% 1050812777-1100911657 overlap_collect
[seqwish::transclosure] 13377.955 33.91% 1050812777-1100911657 rank_build
[seqwish::transclosure] 13417.500 33.91% 1050812777-1100911657 parallel_union_find
[seqwish::transclosure] 13509.419 33.91% 1050812777-1100911657 dset_write
[seqwish::transclosure] 13522.527 33.91% 1050812777-1100911657 dset_compression
[seqwish::transclosure] 13534.540 33.91% 1050812777-1100911657 dset_sort
[seqwish::transclosure] 13539.127 33.91% 1050812777-1100911657 dset_invert
[seqwish::transclosure] 13548.694 33.91% 1050812777-1100911657 graph_emission
[seqwish::transclosure] 13721.942 35.56% 1100911657-1150911657 overlap_collect
[seqwish::transclosure] 13751.296 35.56% 1100911657-1150911657 rank_build
[seqwish::transclosure] 13796.773 35.56% 1100911657-1150911657 parallel_union_find
[seqwish::transclosure] 13904.461 35.56% 1100911657-1150911657 dset_write
[seqwish::transclosure] 13917.533 35.56% 1100911657-1150911657 dset_compression
[seqwish::transclosure] 13927.818 35.56% 1100911657-1150911657 dset_sort
[seqwish::transclosure] 13932.762 35.56% 1100911657-1150911657 dset_invert
[seqwish::transclosure] 13941.195 35.56% 1100911657-1150911657 graph_emission
[seqwish::transclosure] 14124.194 37.17% 1150911657-1200911657 overlap_collect
[seqwish::transclosure] 14149.638 37.17% 1150911657-1200911657 rank_build
[seqwish::transclosure] 14192.607 37.17% 1150911657-1200911657 parallel_union_find
[seqwish::transclosure] 14303.391 37.17% 1150911657-1200911657 dset_write
[seqwish::transclosure] 14315.857 37.17% 1150911657-1200911657 dset_compression
[seqwish::transclosure] 14325.717 37.17% 1150911657-1200911657 dset_sort
[seqwish::transclosure] 14330.619 37.17% 1150911657-1200911657 dset_invert
[seqwish::transclosure] 14338.318 37.17% 1150911657-1200911657 graph_emission
[seqwish::transclosure] 14523.777 38.83% 1200911657-1250911657 overlap_collect
[seqwish::transclosure] 14553.764 38.83% 1200911657-1250911657 rank_build
[seqwish::transclosure] 14611.481 38.83% 1200911657-1250911657 parallel_union_find
[seqwish::transclosure] 14705.252 38.83% 1200911657-1250911657 dset_write
[seqwish::transclosure] 14718.302 38.83% 1200911657-1250911657 dset_compression
[seqwish::transclosure] 14731.756 38.83% 1200911657-1250911657 dset_sort
[seqwish::transclosure] 14736.478 38.83% 1200911657-1250911657 dset_invert
[seqwish::transclosure] 14745.659 38.83% 1200911657-1250911657 graph_emission
[seqwish::transclosure] 14907.644 40.48% 1250911657-1300911657 overlap_collect
[seqwish::transclosure] 14939.314 40.48% 1250911657-1300911657 rank_build
[seqwish::transclosure] 14983.539 40.48% 1250911657-1300911657 parallel_union_find
[seqwish::transclosure] 15089.121 40.48% 1250911657-1300911657 dset_write
[seqwish::transclosure] 15101.630 40.48% 1250911657-1300911657 dset_compression
[seqwish::transclosure] 15114.243 40.48% 1250911657-1300911657 dset_sort
[seqwish::transclosure] 15119.036 40.48% 1250911657-1300911657 dset_invert
[seqwish::transclosure] 15129.551 40.48% 1250911657-1300911657 graph_emission
[seqwish::transclosure] 15300.458 42.16% 1300911708-1353675809 overlap_collect
[seqwish::transclosure] 15330.045 42.16% 1300911708-1353675809 rank_build
[seqwish::transclosure] 15377.538 42.16% 1300911708-1353675809 parallel_union_find
[seqwish::transclosure] 15476.114 42.16% 1300911708-1353675809 dset_write
[seqwish::transclosure] 15488.787 42.16% 1300911708-1353675809 dset_compression
[seqwish::transclosure] 15500.732 42.16% 1300911708-1353675809 dset_sort
[seqwish::transclosure] 15505.337 42.16% 1300911708-1353675809 dset_invert
[seqwish::transclosure] 15514.255 42.16% 1300911708-1353675809 graph_emission
[seqwish::transclosure] 15707.782 43.80% 1353675809-1403675809 overlap_collect
[seqwish::transclosure] 15737.057 43.80% 1353675809-1403675809 rank_build
[seqwish::transclosure] 15786.350 43.80% 1353675809-1403675809 parallel_union_find
[seqwish::transclosure] 15903.372 43.80% 1353675809-1403675809 dset_write
[seqwish::transclosure] 15916.197 43.80% 1353675809-1403675809 dset_compression
[seqwish::transclosure] 15927.563 43.80% 1353675809-1403675809 dset_sort
[seqwish::transclosure] 15932.264 43.80% 1353675809-1403675809 dset_invert
[seqwish::transclosure] 15941.984 43.80% 1353675809-1403675809 graph_emission
[seqwish::transclosure] 16111.602 45.46% 1403675809-1453675809 overlap_collect
[seqwish::transclosure] 16145.165 45.46% 1403675809-1453675809 rank_build
[seqwish::transclosure] 16190.144 45.46% 1403675809-1453675809 parallel_union_find
[seqwish::transclosure] 16291.161 45.46% 1403675809-1453675809 dset_write
[seqwish::transclosure] 16305.120 45.46% 1403675809-1453675809 dset_compression
[seqwish::transclosure] 16317.259 45.46% 1403675809-1453675809 dset_sort
[seqwish::transclosure] 16322.057 45.46% 1403675809-1453675809 dset_invert
[seqwish::transclosure] 16331.764 45.46% 1403675809-1453675809 graph_emission
[seqwish::transclosure] 16503.500 47.07% 1453675809-1503675809 overlap_collect
[seqwish::transclosure] 16529.645 47.07% 1453675809-1503675809 rank_build
[seqwish::transclosure] 16577.238 47.07% 1453675809-1503675809 parallel_union_find
[seqwish::transclosure] 16680.071 47.07% 1453675809-1503675809 dset_write
[seqwish::transclosure] 16692.255 47.07% 1453675809-1503675809 dset_compression
[seqwish::transclosure] 16704.804 47.07% 1453675809-1503675809 dset_sort
[seqwish::transclosure] 16709.501 47.07% 1453675809-1503675809 dset_invert
[seqwish::transclosure] 16720.257 47.07% 1453675809-1503675809 graph_emission
[seqwish::transclosure] 16904.536 48.72% 1503675809-1553675809 overlap_collect
[seqwish::transclosure] 16933.815 48.72% 1503675809-1553675809 rank_build
[seqwish::transclosure] 16980.790 48.72% 1503675809-1553675809 parallel_union_find
[seqwish::transclosure] 17092.241 48.72% 1503675809-1553675809 dset_write
[seqwish::transclosure] 17107.282 48.72% 1503675809-1553675809 dset_compression
[seqwish::transclosure] 17119.754 48.72% 1503675809-1553675809 dset_sort
[seqwish::transclosure] 17124.448 48.72% 1503675809-1553675809 dset_invert
[seqwish::transclosure] 17135.647 48.72% 1503675809-1553675809 graph_emission
[seqwish::transclosure] 17305.240 50.38% 1553675809-1603675809 overlap_collect
[seqwish::transclosure] 17357.190 50.38% 1553675809-1603675809 rank_build
[seqwish::transclosure] 17396.354 50.38% 1553675809-1603675809 parallel_union_find
[seqwish::transclosure] 17480.627 50.38% 1553675809-1603675809 dset_write
[seqwish::transclosure] 17491.525 50.38% 1553675809-1603675809 dset_compression
[seqwish::transclosure] 17502.649 50.38% 1553675809-1603675809 dset_sort
[seqwish::transclosure] 17508.058 50.38% 1553675809-1603675809 dset_invert
[seqwish::transclosure] 17519.332 50.38% 1553675809-1603675809 graph_emission
[seqwish::transclosure] 17684.363 51.82% 1603675809-1657037116 overlap_collect
[seqwish::transclosure] 17705.075 51.82% 1603675809-1657037116 rank_build
[seqwish::transclosure] 17743.385 51.82% 1603675809-1657037116 parallel_union_find
[seqwish::transclosure] 17806.673 51.82% 1603675809-1657037116 dset_write
[seqwish::transclosure] 17815.205 51.82% 1603675809-1657037116 dset_compression
[seqwish::transclosure] 17829.701 51.82% 1603675809-1657037116 dset_sort
[seqwish::transclosure] 17832.971 51.82% 1603675809-1657037116 dset_invert
[seqwish::transclosure] 17844.626 51.82% 1603675809-1657037116 graph_emission
[seqwish::transclosure] 18016.323 52.86% 1657037116-1707087761 overlap_collect
[seqwish::transclosure] 18045.376 52.86% 1657037116-1707087761 rank_build
[seqwish::transclosure] 18084.876 52.86% 1657037116-1707087761 parallel_union_find
[seqwish::transclosure] 18185.709 52.86% 1657037116-1707087761 dset_write
[seqwish::transclosure] 18198.394 52.86% 1657037116-1707087761 dset_compression
[seqwish::transclosure] 18208.565 52.86% 1657037116-1707087761 dset_sort
[seqwish::transclosure] 18213.225 52.86% 1657037116-1707087761 dset_invert
[seqwish::transclosure] 18221.328 52.86% 1657037116-1707087761 graph_emission
[seqwish::transclosure] 18298.838 54.52% 1707087761-1757087761 overlap_collect
[seqwish::transclosure] 18330.030 54.52% 1707087761-1757087761 rank_build
[seqwish::transclosure] 18371.008 54.52% 1707087761-1757087761 parallel_union_find
[seqwish::transclosure] 18474.620 54.52% 1707087761-1757087761 dset_write
[seqwish::transclosure] 18487.048 54.52% 1707087761-1757087761 dset_compression
[seqwish::transclosure] 18499.987 54.52% 1707087761-1757087761 dset_sort
[seqwish::transclosure] 18504.526 54.52% 1707087761-1757087761 dset_invert
[seqwish::transclosure] 18516.240 54.52% 1707087761-1757087761 graph_emission
[seqwish::transclosure] 18688.108 56.09% 1757087761-1807087761 overlap_collect
[seqwish::transclosure] 18715.430 56.09% 1757087761-1807087761 rank_build
[seqwish::transclosure] 18757.345 56.09% 1757087761-1807087761 parallel_union_find
[seqwish::transclosure] 18863.155 56.09% 1757087761-1807087761 dset_write
[seqwish::transclosure] 18876.145 56.09% 1757087761-1807087761 dset_compression
[seqwish::transclosure] 18887.131 56.09% 1757087761-1807087761 dset_sort
[seqwish::transclosure] 18891.791 56.09% 1757087761-1807087761 dset_invert
[seqwish::transclosure] 18900.526 56.09% 1757087761-1807087761 graph_emission
[seqwish::transclosure] 19065.224 57.74% 1807087761-1857347861 overlap_collect
[seqwish::transclosure] 19094.158 57.74% 1807087761-1857347861 rank_build
[seqwish::transclosure] 19139.994 57.74% 1807087761-1857347861 parallel_union_find
[seqwish::transclosure] 19252.718 57.74% 1807087761-1857347861 dset_write
[seqwish::transclosure] 19266.292 57.74% 1807087761-1857347861 dset_compression
[seqwish::transclosure] 19278.853 57.74% 1807087761-1857347861 dset_sort
[seqwish::transclosure] 19283.531 57.74% 1807087761-1857347861 dset_invert
[seqwish::transclosure] 19293.674 57.74% 1807087761-1857347861 graph_emission
[seqwish::transclosure] 19460.658 59.39% 1857347861-1907347861 overlap_collect
[seqwish::transclosure] 19485.981 59.39% 1857347861-1907347861 rank_build
[seqwish::transclosure] 19527.374 59.39% 1857347861-1907347861 parallel_union_find
[seqwish::transclosure] 19631.526 59.39% 1857347861-1907347861 dset_write
[seqwish::transclosure] 19642.874 59.39% 1857347861-1907347861 dset_compression
[seqwish::transclosure] 19653.759 59.39% 1857347861-1907347861 dset_sort
[seqwish::transclosure] 19658.342 59.39% 1857347861-1907347861 dset_invert
[seqwish::transclosure] 19666.907 59.39% 1857347861-1907347861 graph_emission
[seqwish::transclosure] 19857.962 60.95% 1907347861-1957347861 overlap_collect
[seqwish::transclosure] 19885.388 60.95% 1907347861-1957347861 rank_build
[seqwish::transclosure] 19931.095 60.95% 1907347861-1957347861 parallel_union_find
[seqwish::transclosure] 20033.835 60.95% 1907347861-1957347861 dset_write
[seqwish::transclosure] 20047.222 60.95% 1907347861-1957347861 dset_compression
[seqwish::transclosure] 20059.644 60.95% 1907347861-1957347861 dset_sort
[seqwish::transclosure] 20064.310 60.95% 1907347861-1957347861 dset_invert
[seqwish::transclosure] 20075.714 60.95% 1907347861-1957347861 graph_emission
[seqwish::transclosure] 20233.463 62.60% 1957347861-2007347861 overlap_collect
[seqwish::transclosure] 20261.606 62.60% 1957347861-2007347861 rank_build
[seqwish::transclosure] 20302.938 62.60% 1957347861-2007347861 parallel_union_find
[seqwish::transclosure] 20396.179 62.60% 1957347861-2007347861 dset_write
[seqwish::transclosure] 20410.132 62.60% 1957347861-2007347861 dset_compression
[seqwish::transclosure] 20420.757 62.60% 1957347861-2007347861 dset_sort
[seqwish::transclosure] 20425.502 62.60% 1957347861-2007347861 dset_invert
[seqwish::transclosure] 20434.243 62.60% 1957347861-2007347861 graph_emission
[seqwish::transclosure] 20615.294 64.19% 2007347861-2057347861 overlap_collect
[seqwish::transclosure] 20641.311 64.19% 2007347861-2057347861 rank_build
[seqwish::transclosure] 20682.296 64.19% 2007347861-2057347861 parallel_union_find
[seqwish::transclosure] 20796.772 64.19% 2007347861-2057347861 dset_write
[seqwish::transclosure] 20809.611 64.19% 2007347861-2057347861 dset_compression
[seqwish::transclosure] 20821.652 64.19% 2007347861-2057347861 dset_sort
[seqwish::transclosure] 20826.828 64.19% 2007347861-2057347861 dset_invert
[seqwish::transclosure] 20836.742 64.19% 2007347861-2057347861 graph_emission
[seqwish::transclosure] 21000.124 65.84% 2057347861-2107807127 overlap_collect
[seqwish::transclosure] 21050.493 65.84% 2057347861-2107807127 rank_build
[seqwish::transclosure] 21093.397 65.84% 2057347861-2107807127 parallel_union_find
[seqwish::transclosure] 21232.703 65.84% 2057347861-2107807127 dset_write
[seqwish::transclosure] 21245.221 65.84% 2057347861-2107807127 dset_compression
[seqwish::transclosure] 21255.713 65.84% 2057347861-2107807127 dset_sort
[seqwish::transclosure] 21260.898 65.84% 2057347861-2107807127 dset_invert
[seqwish::transclosure] 21270.561 65.84% 2057347861-2107807127 graph_emission
[seqwish::transclosure] 21417.957 67.49% 2107807127-2158702707 overlap_collect
[seqwish::transclosure] 21468.366 67.49% 2107807127-2158702707 rank_build
[seqwish::transclosure] 21515.670 67.49% 2107807127-2158702707 parallel_union_find
[seqwish::transclosure] 21621.963 67.49% 2107807127-2158702707 dset_write
[seqwish::transclosure] 21634.945 67.49% 2107807127-2158702707 dset_compression
[seqwish::transclosure] 21646.518 67.49% 2107807127-2158702707 dset_sort
[seqwish::transclosure] 21651.703 67.49% 2107807127-2158702707 dset_invert
[seqwish::transclosure] 21660.778 67.49% 2107807127-2158702707 graph_emission
[seqwish::transclosure] 21871.678 69.25% 2158702707-2208702707 overlap_collect
[seqwish::transclosure] 21900.400 69.25% 2158702707-2208702707 rank_build
[seqwish::transclosure] 21942.107 69.25% 2158702707-2208702707 parallel_union_find
[seqwish::transclosure] 22053.276 69.25% 2158702707-2208702707 dset_write
[seqwish::transclosure] 22066.236 69.25% 2158702707-2208702707 dset_compression
[seqwish::transclosure] 22080.794 69.25% 2158702707-2208702707 dset_sort
[seqwish::transclosure] 22085.840 69.25% 2158702707-2208702707 dset_invert
[seqwish::transclosure] 22098.910 69.25% 2158702707-2208702707 graph_emission
[seqwish::transclosure] 22337.042 70.90% 2208702707-2263302942 overlap_collect
[seqwish::transclosure] 22396.738 70.90% 2208702707-2263302942 rank_build
[seqwish::transclosure] 22441.819 70.90% 2208702707-2263302942 parallel_union_find
[seqwish::transclosure] 22551.936 70.90% 2208702707-2263302942 dset_write
[seqwish::transclosure] 22565.432 70.90% 2208702707-2263302942 dset_compression
[seqwish::transclosure] 22577.620 70.90% 2208702707-2263302942 dset_sort
[seqwish::transclosure] 22582.712 70.90% 2208702707-2263302942 dset_invert
[seqwish::transclosure] 22591.614 70.90% 2208702707-2263302942 graph_emission
[seqwish::transclosure] 22739.246 72.63% 2263302942-2313302942 overlap_collect
[seqwish::transclosure] 22767.432 72.63% 2263302942-2313302942 rank_build
[seqwish::transclosure] 22811.162 72.63% 2263302942-2313302942 parallel_union_find
[seqwish::transclosure] 22924.051 72.63% 2263302942-2313302942 dset_write
[seqwish::transclosure] 22939.481 72.63% 2263302942-2313302942 dset_compression
[seqwish::transclosure] 22953.264 72.63% 2263302942-2313302942 dset_sort
[seqwish::transclosure] 22958.116 72.63% 2263302942-2313302942 dset_invert
[seqwish::transclosure] 22970.167 72.63% 2263302942-2313302942 graph_emission
[seqwish::transclosure] 23177.539 74.29% 2313302942-2367748723 overlap_collect
[seqwish::transclosure] 23211.843 74.29% 2313302942-2367748723 rank_build
[seqwish::transclosure] 23253.867 74.29% 2313302942-2367748723 parallel_union_find
[seqwish::transclosure] 23336.182 74.29% 2313302942-2367748723 dset_write
[seqwish::transclosure] 23347.923 74.29% 2313302942-2367748723 dset_compression
[seqwish::transclosure] 23358.626 74.29% 2313302942-2367748723 dset_sort
[seqwish::transclosure] 23362.742 74.29% 2313302942-2367748723 dset_invert
[seqwish::transclosure] 23371.108 74.29% 2313302942-2367748723 graph_emission
[seqwish::transclosure] 23539.448 75.68% 2367748723-2417748723 overlap_collect
[seqwish::transclosure] 23568.334 75.68% 2367748723-2417748723 rank_build
[seqwish::transclosure] 23609.248 75.68% 2367748723-2417748723 parallel_union_find
[seqwish::transclosure] 23716.251 75.68% 2367748723-2417748723 dset_write
[seqwish::transclosure] 23728.931 75.68% 2367748723-2417748723 dset_compression
[seqwish::transclosure] 23740.096 75.68% 2367748723-2417748723 dset_sort
[seqwish::transclosure] 23745.967 75.68% 2367748723-2417748723 dset_invert
[seqwish::transclosure] 23754.256 75.68% 2367748723-2417748723 graph_emission
[seqwish::transclosure] 23908.207 77.34% 2417748723-2467748723 overlap_collect
[seqwish::transclosure] 23936.377 77.34% 2417748723-2467748723 rank_build
[seqwish::transclosure] 23974.318 77.34% 2417748723-2467748723 parallel_union_find
[seqwish::transclosure] 24039.586 77.34% 2417748723-2467748723 dset_write
[seqwish::transclosure] 24050.450 77.34% 2417748723-2467748723 dset_compression
[seqwish::transclosure] 24061.809 77.34% 2417748723-2467748723 dset_sort
[seqwish::transclosure] 24066.143 77.34% 2417748723-2467748723 dset_invert
[seqwish::transclosure] 24076.222 77.34% 2417748723-2467748723 graph_emission
[seqwish::transclosure] 24268.457 78.70% 2467748723-2518170235 overlap_collect
[seqwish::transclosure] 24297.450 78.70% 2467748723-2518170235 rank_build
[seqwish::transclosure] 24343.605 78.70% 2467748723-2518170235 parallel_union_find
[seqwish::transclosure] 24447.134 78.70% 2467748723-2518170235 dset_write
[seqwish::transclosure] 24459.904 78.70% 2467748723-2518170235 dset_compression
[seqwish::transclosure] 24471.590 78.70% 2467748723-2518170235 dset_sort
[seqwish::transclosure] 24476.802 78.70% 2467748723-2518170235 dset_invert
[seqwish::transclosure] 24486.015 78.70% 2467748723-2518170235 graph_emission
[seqwish::transclosure] 24666.565 80.35% 2518170235-2568170235 overlap_collect
[seqwish::transclosure] 24691.146 80.35% 2518170235-2568170235 rank_build
[seqwish::transclosure] 24732.531 80.35% 2518170235-2568170235 parallel_union_find
[seqwish::transclosure] 24820.227 80.35% 2518170235-2568170235 dset_write
[seqwish::transclosure] 24833.083 80.35% 2518170235-2568170235 dset_compression
[seqwish::transclosure] 24845.165 80.35% 2518170235-2568170235 dset_sort
[seqwish::transclosure] 24849.781 80.35% 2518170235-2568170235 dset_invert
[seqwish::transclosure] 24860.770 80.35% 2518170235-2568170235 graph_emission
[seqwish::transclosure] 25044.615 81.94% 2568170235-2618170235 overlap_collect
[seqwish::transclosure] 25072.238 81.94% 2568170235-2618170235 rank_build
[seqwish::transclosure] 25112.639 81.94% 2568170235-2618170235 parallel_union_find
[seqwish::transclosure] 25202.551 81.94% 2568170235-2618170235 dset_write
[seqwish::transclosure] 25215.237 81.94% 2568170235-2618170235 dset_compression
[seqwish::transclosure] 25226.405 81.94% 2568170235-2618170235 dset_sort
[seqwish::transclosure] 25235.795 81.94% 2568170235-2618170235 dset_invert
[seqwish::transclosure] 25245.045 81.94% 2568170235-2618170235 graph_emission
[seqwish::transclosure] 25443.204 83.47% 2618170235-2668170235 overlap_collect
[seqwish::transclosure] 25469.072 83.47% 2618170235-2668170235 rank_build
[seqwish::transclosure] 25516.220 83.47% 2618170235-2668170235 parallel_union_find
[seqwish::transclosure] 25636.006 83.47% 2618170235-2668170235 dset_write
[seqwish::transclosure] 25648.815 83.47% 2618170235-2668170235 dset_compression
[seqwish::transclosure] 25660.316 83.47% 2618170235-2668170235 dset_sort
[seqwish::transclosure] 25664.941 83.47% 2618170235-2668170235 dset_invert
[seqwish::transclosure] 25674.323 83.47% 2618170235-2668170235 graph_emission
[seqwish::transclosure] 25841.323 85.12% 2668170235-2718376737 overlap_collect
[seqwish::transclosure] 25870.241 85.12% 2668170235-2718376737 rank_build
[seqwish::transclosure] 25916.722 85.12% 2668170235-2718376737 parallel_union_find
[seqwish::transclosure] 26009.646 85.12% 2668170235-2718376737 dset_write
[seqwish::transclosure] 26020.748 85.12% 2668170235-2718376737 dset_compression
[seqwish::transclosure] 26032.131 85.12% 2668170235-2718376737 dset_sort
[seqwish::transclosure] 26036.630 85.12% 2668170235-2718376737 dset_invert
[seqwish::transclosure] 26045.310 85.12% 2668170235-2718376737 graph_emission
[seqwish::transclosure] 26231.732 86.64% 2718376737-2768376737 overlap_collect
[seqwish::transclosure] 26259.446 86.64% 2718376737-2768376737 rank_build
[seqwish::transclosure] 26300.835 86.64% 2718376737-2768376737 parallel_union_find
[seqwish::transclosure] 26396.558 86.64% 2718376737-2768376737 dset_write
[seqwish::transclosure] 26409.243 86.64% 2718376737-2768376737 dset_compression
[seqwish::transclosure] 26420.416 86.64% 2718376737-2768376737 dset_sort
[seqwish::transclosure] 26424.958 86.64% 2718376737-2768376737 dset_invert
[seqwish::transclosure] 26434.290 86.64% 2718376737-2768376737 graph_emission
[seqwish::transclosure] 26606.760 88.23% 2768376737-2825833679 overlap_collect
[seqwish::transclosure] 26636.009 88.23% 2768376737-2825833679 rank_build
[seqwish::transclosure] 26674.207 88.23% 2768376737-2825833679 parallel_union_find
[seqwish::transclosure] 26767.359 88.23% 2768376737-2825833679 dset_write
[seqwish::transclosure] 26779.730 88.23% 2768376737-2825833679 dset_compression
[seqwish::transclosure] 26789.253 88.23% 2768376737-2825833679 dset_sort
[seqwish::transclosure] 26793.619 88.23% 2768376737-2825833679 dset_invert
[seqwish::transclosure] 26799.977 88.23% 2768376737-2825833679 graph_emission
[seqwish::transclosure] 26986.127 89.76% 2825833679-2883234091 overlap_collect
[seqwish::transclosure] 27018.957 89.76% 2825833679-2883234091 rank_build
[seqwish::transclosure] 27057.685 89.76% 2825833679-2883234091 parallel_union_find
[seqwish::transclosure] 27133.542 89.76% 2825833679-2883234091 dset_write
[seqwish::transclosure] 27143.745 89.76% 2825833679-2883234091 dset_compression
[seqwish::transclosure] 27154.839 89.76% 2825833679-2883234091 dset_sort
[seqwish::transclosure] 27158.976 89.76% 2825833679-2883234091 dset_invert
[seqwish::transclosure] 27167.333 89.76% 2825833679-2883234091 graph_emission
[seqwish::transclosure] 27338.423 91.22% 2883234091-2933234091 overlap_collect
[seqwish::transclosure] 27359.448 91.22% 2883234091-2933234091 rank_build
[seqwish::transclosure] 27402.641 91.22% 2883234091-2933234091 parallel_union_find
[seqwish::transclosure] 27474.312 91.22% 2883234091-2933234091 dset_write
[seqwish::transclosure] 27484.501 91.22% 2883234091-2933234091 dset_compression
[seqwish::transclosure] 27495.771 91.22% 2883234091-2933234091 dset_sort
[seqwish::transclosure] 27503.296 91.22% 2883234091-2933234091 dset_invert
[seqwish::transclosure] 27512.610 91.22% 2883234091-2933234091 graph_emission
[seqwish::transclosure] 27680.655 92.67% 2933234091-2983234091 overlap_collect
[seqwish::transclosure] 27695.207 92.67% 2933234091-2983234091 rank_build
[seqwish::transclosure] 27732.483 92.67% 2933234091-2983234091 parallel_union_find
[seqwish::transclosure] 27790.753 92.67% 2933234091-2983234091 dset_write
[seqwish::transclosure] 27800.303 92.67% 2933234091-2983234091 dset_compression
[seqwish::transclosure] 27809.053 92.67% 2933234091-2983234091 dset_sort
[seqwish::transclosure] 27812.722 92.67% 2933234091-2983234091 dset_invert
[seqwish::transclosure] 27820.649 92.67% 2933234091-2983234091 graph_emission
[seqwish::transclosure] 28002.250 93.93% 2983234091-3033234091 overlap_collect
[seqwish::transclosure] 28019.345 93.93% 2983234091-3033234091 rank_build
[seqwish::transclosure] 28056.228 93.93% 2983234091-3033234091 parallel_union_find
[seqwish::transclosure] 28126.095 93.93% 2983234091-3033234091 dset_write
[seqwish::transclosure] 28137.919 93.93% 2983234091-3033234091 dset_compression
[seqwish::transclosure] 28147.109 93.93% 2983234091-3033234091 dset_sort
[seqwish::transclosure] 28150.697 93.93% 2983234091-3033234091 dset_invert
[seqwish::transclosure] 28158.701 93.93% 2983234091-3033234091 graph_emission
[seqwish::transclosure] 28299.213 95.25% 3033234091-3638264415 overlap_collect
[seqwish::transclosure] 28352.515 95.25% 3033234091-3638264415 rank_build
[seqwish::transclosure] 28384.137 95.25% 3033234091-3638264415 parallel_union_find
[seqwish::transclosure] 28416.657 95.25% 3033234091-3638264415 dset_write
[seqwish::transclosure] 28421.359 95.25% 3033234091-3638264415 dset_compression
[seqwish::transclosure] 28426.094 95.25% 3033234091-3638264415 dset_sort
[seqwish::transclosure] 28427.946 95.25% 3033234091-3638264415 dset_invert
[seqwish::transclosure] 28431.667 95.25% 3033234091-3638264415 graph_emission
[seqwish::transclosure] 28569.413 95.86% 3638264415-5035764528 overlap_collect
[seqwish::transclosure] 28688.745 95.86% 3638264415-5035764528 rank_build
[seqwish::transclosure] 28715.540 95.86% 3638264415-5035764528 parallel_union_find
[seqwish::transclosure] 28717.984 95.86% 3638264415-5035764528 dset_write
[seqwish::transclosure] 28718.830 95.86% 3638264415-5035764528 dset_compression
[seqwish::transclosure] 28719.634 95.86% 3638264415-5035764528 dset_sort
[seqwish::transclosure] 28720.286 95.86% 3638264415-5035764528 dset_invert
[seqwish::transclosure] 28721.157 95.86% 3638264415-5035764528 graph_emission
[seqwish::transclosure] 28728.967 95.98% 5035764528-5365147569 overlap_collect
[seqwish::transclosure] 28756.647 95.98% 5035764528-5365147569 rank_build
[seqwish::transclosure] 28783.320 95.98% 5035764528-5365147569 parallel_union_find
[seqwish::transclosure] 28783.641 95.98% 5035764528-5365147569 dset_write
[seqwish::transclosure] 28784.038 95.98% 5035764528-5365147569 dset_compression
[seqwish::transclosure] 28784.376 95.98% 5035764528-5365147569 dset_sort
[seqwish::transclosure] 28785.082 95.98% 5035764528-5365147569 dset_invert
[seqwish::transclosure] 28785.547 95.98% 5035764528-5365147569 graph_emission
[seqwish::transclosure] 28792.799 96.04% 5365147569-5881522318 overlap_collect
[seqwish::transclosure] 28839.633 96.04% 5365147569-5881522318 rank_build
[seqwish::transclosure] 28863.680 96.04% 5365147569-5881522318 parallel_union_find
[seqwish::transclosure] 28864.177 96.04% 5365147569-5881522318 dset_write
[seqwish::transclosure] 28864.650 96.04% 5365147569-5881522318 dset_compression
[seqwish::transclosure] 28865.050 96.04% 5365147569-5881522318 dset_sort
[seqwish::transclosure] 28865.755 96.04% 5365147569-5881522318 dset_invert
[seqwish::transclosure] 28866.272 96.04% 5365147569-5881522318 graph_emission
[seqwish::transclosure] 28872.902 96.10% 5881522318-6119510815 overlap_collect
[seqwish::transclosure] 28883.782 96.10% 5881522318-6119510815 rank_build
[seqwish::transclosure] 28909.421 96.10% 5881522318-6119510815 parallel_union_find
[seqwish::transclosure] 28910.888 96.10% 5881522318-6119510815 dset_write
[seqwish::transclosure] 28912.297 96.10% 5881522318-6119510815 dset_compression
[seqwish::transclosure] 28913.693 96.10% 5881522318-6119510815 dset_sort
[seqwish::transclosure] 28914.455 96.10% 5881522318-6119510815 dset_invert
[seqwish::transclosure] 28915.727 96.10% 5881522318-6119510815 graph_emission
[seqwish::transclosure] 28923.922 96.29% 6119510815-7878425765 overlap_collect
[seqwish::transclosure] 28969.148 96.29% 6119510815-7878425765 rank_build
[seqwish::transclosure] 28993.703 96.29% 6119510815-7878425765 parallel_union_find
[seqwish::transclosure] 28994.296 96.29% 6119510815-7878425765 dset_write
[seqwish::transclosure] 28995.091 96.29% 6119510815-7878425765 dset_compression
[seqwish::transclosure] 28995.768 96.29% 6119510815-7878425765 dset_sort
[seqwish::transclosure] 28996.347 96.29% 6119510815-7878425765 dset_invert
[seqwish::transclosure] 28997.047 96.29% 6119510815-7878425765 graph_emission
[seqwish::transclosure] 29006.773 96.40% 7878425765-9135534737 overlap_collect
[seqwish::transclosure] 29039.422 96.40% 7878425765-9135534737 rank_build
[seqwish::transclosure] 29064.480 96.40% 7878425765-9135534737 parallel_union_find
[seqwish::transclosure] 29065.187 96.40% 7878425765-9135534737 dset_write
[seqwish::transclosure] 29066.269 96.40% 7878425765-9135534737 dset_compression
[seqwish::transclosure] 29067.386 96.40% 7878425765-9135534737 dset_sort
[seqwish::transclosure] 29068.122 96.40% 7878425765-9135534737 dset_invert
[seqwish::transclosure] 29069.240 96.40% 7878425765-9135534737 graph_emission
[seqwish::transclosure] 29077.787 96.55% 9135534737-10404508126 overlap_collect
[seqwish::transclosure] 29093.870 96.55% 9135534737-10404508126 rank_build
[seqwish::transclosure] 29118.428 96.55% 9135534737-10404508126 parallel_union_find
[seqwish::transclosure] 29118.885 96.55% 9135534737-10404508126 dset_write
[seqwish::transclosure] 29119.701 96.55% 9135534737-10404508126 dset_compression
[seqwish::transclosure] 29120.489 96.55% 9135534737-10404508126 dset_sort
[seqwish::transclosure] 29121.082 96.55% 9135534737-10404508126 dset_invert
[seqwish::transclosure] 29121.900 96.55% 9135534737-10404508126 graph_emission
[seqwish::transclosure] 29130.519 96.66% 10404508126-11942958570 overlap_collect
[seqwish::transclosure] 29151.895 96.66% 10404508126-11942958570 rank_build
[seqwish::transclosure] 29178.410 96.66% 10404508126-11942958570 parallel_union_find
[seqwish::transclosure] 29178.947 96.66% 10404508126-11942958570 dset_write
[seqwish::transclosure] 29179.965 96.66% 10404508126-11942958570 dset_compression
[seqwish::transclosure] 29181.094 96.66% 10404508126-11942958570 dset_sort
[seqwish::transclosure] 29181.835 96.66% 10404508126-11942958570 dset_invert
[seqwish::transclosure] 29182.911 96.66% 10404508126-11942958570 graph_emission
[seqwish::transclosure] 29191.438 96.81% 11942958570-12979862009 overlap_collect
[seqwish::transclosure] 29201.979 96.81% 11942958570-12979862009 rank_build
[seqwish::transclosure] 29226.895 96.81% 11942958570-12979862009 parallel_union_find
[seqwish::transclosure] 29227.384 96.81% 11942958570-12979862009 dset_write
[seqwish::transclosure] 29228.268 96.81% 11942958570-12979862009 dset_compression
[seqwish::transclosure] 29229.630 96.81% 11942958570-12979862009 dset_sort
[seqwish::transclosure] 29230.479 96.81% 11942958570-12979862009 dset_invert
[seqwish::transclosure] 29231.875 96.81% 11942958570-12979862009 graph_emission
[seqwish::transclosure] 29241.202 96.93% 12979862014-15167212927 overlap_collect
[seqwish::transclosure] 29261.778 96.93% 12979862014-15167212927 rank_build
[seqwish::transclosure] 29285.659 96.93% 12979862014-15167212927 parallel_union_find
[seqwish::transclosure] 29286.067 96.93% 12979862014-15167212927 dset_write
[seqwish::transclosure] 29286.680 96.93% 12979862014-15167212927 dset_compression
[seqwish::transclosure] 29287.198 96.93% 12979862014-15167212927 dset_sort
[seqwish::transclosure] 29287.714 96.93% 12979862014-15167212927 dset_invert
[seqwish::transclosure] 29288.298 96.93% 12979862014-15167212927 graph_emission
[seqwish::transclosure] 29299.578 97.01% 15167212927-17620848894 overlap_collect
[seqwish::transclosure] 29313.469 97.01% 15167212927-17620848894 rank_build
[seqwish::transclosure] 29337.551 97.01% 15167212927-17620848894 parallel_union_find
[seqwish::transclosure] 29337.744 97.01% 15167212927-17620848894 dset_write
[seqwish::transclosure] 29338.353 97.01% 15167212927-17620848894 dset_compression
[seqwish::transclosure] 29339.344 97.01% 15167212927-17620848894 dset_sort
[seqwish::transclosure] 29339.873 97.01% 15167212927-17620848894 dset_invert
[seqwish::transclosure] 29340.830 97.01% 15167212927-17620848894 graph_emission
[seqwish::transclosure] 29350.384 97.09% 17620848894-18528698182 overlap_collect
[seqwish::transclosure] 29355.796 97.09% 17620848894-18528698182 rank_build
[seqwish::transclosure] 29379.900 97.09% 17620848894-18528698182 parallel_union_find
[seqwish::transclosure] 29380.135 97.09% 17620848894-18528698182 dset_write
[seqwish::transclosure] 29380.827 97.09% 17620848894-18528698182 dset_compression
[seqwish::transclosure] 29381.937 97.09% 17620848894-18528698182 dset_sort
[seqwish::transclosure] 29382.473 97.09% 17620848894-18528698182 dset_invert
[seqwish::transclosure] 29383.648 97.09% 17620848894-18528698182 graph_emission
[seqwish::transclosure] 29392.953 97.17% 18528698182-20903774024 overlap_collect
[seqwish::transclosure] 29404.856 97.17% 18528698182-20903774024 rank_build
[seqwish::transclosure] 29430.228 97.17% 18528698182-20903774024 parallel_union_find
[seqwish::transclosure] 29430.368 97.17% 18528698182-20903774024 dset_write
[seqwish::transclosure] 29430.806 97.17% 18528698182-20903774024 dset_compression
[seqwish::transclosure] 29431.272 97.17% 18528698182-20903774024 dset_sort
[seqwish::transclosure] 29431.774 97.17% 18528698182-20903774024 dset_invert
[seqwish::transclosure] 29432.281 97.17% 18528698182-20903774024 graph_emission
[seqwish::transclosure] 29444.904 97.24% 20903774024-23950171511 overlap_collect
[seqwish::transclosure] 29457.619 97.24% 20903774024-23950171511 rank_build
[seqwish::transclosure] 29481.891 97.24% 20903774024-23950171511 parallel_union_find
[seqwish::transclosure] 29482.043 97.24% 20903774024-23950171511 dset_write
[seqwish::transclosure] 29482.591 97.24% 20903774024-23950171511 dset_compression
[seqwish::transclosure] 29483.456 97.24% 20903774024-23950171511 dset_sort
[seqwish::transclosure] 29483.941 97.24% 20903774024-23950171511 dset_invert
[seqwish::transclosure] 29484.906 97.24% 20903774024-23950171511 graph_emission
[seqwish::transclosure] 29494.302 97.30% 23950171511-24385880213 overlap_collect
[seqwish::transclosure] 29496.541 97.30% 23950171511-24385880213 rank_build
[seqwish::transclosure] 29521.946 97.30% 23950171511-24385880213 parallel_union_find
[seqwish::transclosure] 29522.025 97.30% 23950171511-24385880213 dset_write
[seqwish::transclosure] 29522.458 97.30% 23950171511-24385880213 dset_compression
[seqwish::transclosure] 29522.860 97.30% 23950171511-24385880213 dset_sort
[seqwish::transclosure] 29523.381 97.30% 23950171511-24385880213 dset_invert
[seqwish::transclosure] 29523.918 97.30% 23950171511-24385880213 graph_emission
[seqwish::transclosure] 29532.339 97.36% 24385880213-26635642366 overlap_collect
[seqwish::transclosure] 29544.082 97.36% 24385880213-26635642366 rank_build
[seqwish::transclosure] 29568.062 97.36% 24385880213-26635642366 parallel_union_find
[seqwish::transclosure] 29568.252 97.36% 24385880213-26635642366 dset_write
[seqwish::transclosure] 29568.780 97.36% 24385880213-26635642366 dset_compression
[seqwish::transclosure] 29569.300 97.36% 24385880213-26635642366 dset_sort
[seqwish::transclosure] 29570.081 97.36% 24385880213-26635642366 dset_invert
[seqwish::transclosure] 29570.705 97.36% 24385880213-26635642366 graph_emission
[seqwish::transclosure] 29579.300 97.44% 26635642366-27321354459 overlap_collect
[seqwish::transclosure] 29583.155 97.44% 26635642366-27321354459 rank_build
[seqwish::transclosure] 29606.907 97.44% 26635642366-27321354459 parallel_union_find
[seqwish::transclosure] 29607.023 97.44% 26635642366-27321354459 dset_write
[seqwish::transclosure] 29607.646 97.44% 26635642366-27321354459 dset_compression
[seqwish::transclosure] 29608.514 97.44% 26635642366-27321354459 dset_sort
[seqwish::transclosure] 29609.252 97.44% 26635642366-27321354459 dset_invert
[seqwish::transclosure] 29610.181 97.44% 26635642366-27321354459 graph_emission
[seqwish::transclosure] 29618.904 97.51% 27321461451-29530972928 overlap_collect
[seqwish::transclosure] 29627.478 97.51% 27321461451-29530972928 rank_build
[seqwish::transclosure] 29652.209 97.51% 27321461451-29530972928 parallel_union_find
[seqwish::transclosure] 29652.267 97.51% 27321461451-29530972928 dset_write
[seqwish::transclosure] 29652.601 97.51% 27321461451-29530972928 dset_compression
[seqwish::transclosure] 29652.910 97.51% 27321461451-29530972928 dset_sort
[seqwish::transclosure] 29653.376 97.51% 27321461451-29530972928 dset_invert
[seqwish::transclosure] 29653.818 97.51% 27321461451-29530972928 graph_emission
[seqwish::transclosure] 29663.380 97.56% 29530972928-30823901246 overlap_collect
[seqwish::transclosure] 29668.849 97.56% 29530972928-30823901246 rank_build
[seqwish::transclosure] 29693.294 97.56% 29530972928-30823901246 parallel_union_find
[seqwish::transclosure] 29693.424 97.56% 29530972928-30823901246 dset_write
[seqwish::transclosure] 29694.034 97.56% 29530972928-30823901246 dset_compression
[seqwish::transclosure] 29694.815 97.56% 29530972928-30823901246 dset_sort
[seqwish::transclosure] 29695.334 97.56% 29530972928-30823901246 dset_invert
[seqwish::transclosure] 29696.288 97.56% 29530972928-30823901246 graph_emission
[seqwish::transclosure] 29706.246 97.63% 30823901246-33089633737 overlap_collect
[seqwish::transclosure] 29715.449 97.63% 30823901246-33089633737 rank_build
[seqwish::transclosure] 29738.849 97.63% 30823901246-33089633737 parallel_union_find
[seqwish::transclosure] 29738.943 97.63% 30823901246-33089633737 dset_write
[seqwish::transclosure] 29739.377 97.63% 30823901246-33089633737 dset_compression
[seqwish::transclosure] 29739.795 97.63% 30823901246-33089633737 dset_sort
[seqwish::transclosure] 29740.514 97.63% 30823901246-33089633737 dset_invert
[seqwish::transclosure] 29741.042 97.63% 30823901246-33089633737 graph_emission
[seqwish::transclosure] 29751.664 97.69% 33089633737-35109438641 overlap_collect
[seqwish::transclosure] 29759.364 97.69% 33089633737-35109438641 rank_build
[seqwish::transclosure] 29783.576 97.69% 33089633737-35109438641 parallel_union_find
[seqwish::transclosure] 29783.674 97.69% 33089633737-35109438641 dset_write
[seqwish::transclosure] 29784.243 97.69% 33089633737-35109438641 dset_compression
[seqwish::transclosure] 29784.915 97.69% 33089633737-35109438641 dset_sort
[seqwish::transclosure] 29785.690 97.69% 33089633737-35109438641 dset_invert
[seqwish::transclosure] 29786.529 97.69% 33089633737-35109438641 graph_emission
[seqwish::transclosure] 29795.796 97.75% 35109438641-36460337751 overlap_collect
[seqwish::transclosure] 29800.914 97.75% 35109438641-36460337751 rank_build
[seqwish::transclosure] 29825.190 97.75% 35109438641-36460337751 parallel_union_find
[seqwish::transclosure] 29825.339 97.75% 35109438641-36460337751 dset_write
[seqwish::transclosure] 29825.746 97.75% 35109438641-36460337751 dset_compression
[seqwish::transclosure] 29826.126 97.75% 35109438641-36460337751 dset_sort
[seqwish::transclosure] 29826.600 97.75% 35109438641-36460337751 dset_invert
[seqwish::transclosure] 29827.088 97.75% 35109438641-36460337751 graph_emission
[seqwish::transclosure] 29836.784 97.81% 36460337751-38590978420 overlap_collect
[seqwish::transclosure] 29844.559 97.81% 36460337751-38590978420 rank_build
[seqwish::transclosure] 29868.693 97.81% 36460337751-38590978420 parallel_union_find
[seqwish::transclosure] 29868.784 97.81% 36460337751-38590978420 dset_write
[seqwish::transclosure] 29869.199 97.81% 36460337751-38590978420 dset_compression
[seqwish::transclosure] 29869.560 97.81% 36460337751-38590978420 dset_sort
[seqwish::transclosure] 29870.039 97.81% 36460337751-38590978420 dset_invert
[seqwish::transclosure] 29870.492 97.81% 36460337751-38590978420 graph_emission
[seqwish::transclosure] 29880.930 97.87% 38590978420-40521354137 overlap_collect
[seqwish::transclosure] 29887.744 97.87% 38590978420-40521354137 rank_build
[seqwish::transclosure] 29911.669 97.87% 38590978420-40521354137 parallel_union_find
[seqwish::transclosure] 29911.794 97.87% 38590978420-40521354137 dset_write
[seqwish::transclosure] 29912.395 97.87% 38590978420-40521354137 dset_compression
[seqwish::transclosure] 29912.858 97.87% 38590978420-40521354137 dset_sort
[seqwish::transclosure] 29913.391 97.87% 38590978420-40521354137 dset_invert
[seqwish::transclosure] 29913.992 97.87% 38590978420-40521354137 graph_emission
[seqwish::transclosure] 29922.878 97.94% 40521354137-41746654439 overlap_collect
[seqwish::transclosure] 29927.353 97.94% 40521354137-41746654439 rank_build
[seqwish::transclosure] 29951.991 97.94% 40521354137-41746654439 parallel_union_find
[seqwish::transclosure] 29952.100 97.94% 40521354137-41746654439 dset_write
[seqwish::transclosure] 29952.654 97.94% 40521354137-41746654439 dset_compression
[seqwish::transclosure] 29953.400 97.94% 40521354137-41746654439 dset_sort
[seqwish::transclosure] 29953.877 97.94% 40521354137-41746654439 dset_invert
[seqwish::transclosure] 29954.753 97.94% 40521354137-41746654439 graph_emission
[seqwish::transclosure] 29962.700 98.00% 41746654439-42980022401 overlap_collect
[seqwish::transclosure] 29966.768 98.00% 41746654439-42980022401 rank_build
[seqwish::transclosure] 29990.389 98.00% 41746654439-42980022401 parallel_union_find
[seqwish::transclosure] 29990.455 98.00% 41746654439-42980022401 dset_write
[seqwish::transclosure] 29990.869 98.00% 41746654439-42980022401 dset_compression
[seqwish::transclosure] 29991.244 98.00% 41746654439-42980022401 dset_sort
[seqwish::transclosure] 29991.787 98.00% 41746654439-42980022401 dset_invert
[seqwish::transclosure] 29992.317 98.00% 41746654439-42980022401 graph_emission
[seqwish::transclosure] 30001.609 98.06% 42980022401-45046209841 overlap_collect
[seqwish::transclosure] 30008.078 98.06% 42980022401-45046209841 rank_build
[seqwish::transclosure] 30032.059 98.06% 42980022401-45046209841 parallel_union_find
[seqwish::transclosure] 30032.124 98.06% 42980022401-45046209841 dset_write
[seqwish::transclosure] 30032.450 98.06% 42980022401-45046209841 dset_compression
[seqwish::transclosure] 30032.798 98.06% 42980022401-45046209841 dset_sort
[seqwish::transclosure] 30033.287 98.06% 42980022401-45046209841 dset_invert
[seqwish::transclosure] 30033.757 98.06% 42980022401-45046209841 graph_emission
[seqwish::transclosure] 30045.782 98.11% 45046209841-47894823930 overlap_collect
[seqwish::transclosure] 30054.351 98.11% 45046209841-47894823930 rank_build
[seqwish::transclosure] 30078.100 98.11% 45046209841-47894823930 parallel_union_find
[seqwish::transclosure] 30078.131 98.11% 45046209841-47894823930 dset_write
[seqwish::transclosure] 30078.458 98.11% 45046209841-47894823930 dset_compression
[seqwish::transclosure] 30078.772 98.11% 45046209841-47894823930 dset_sort
[seqwish::transclosure] 30079.261 98.11% 45046209841-47894823930 dset_invert
[seqwish::transclosure] 30079.707 98.11% 45046209841-47894823930 graph_emission
[seqwish::transclosure] 30092.131 98.16% 47894823930-50547312160 overlap_collect
[seqwish::transclosure] 30100.530 98.16% 47894823930-50547312160 rank_build
[seqwish::transclosure] 30125.233 98.16% 47894823930-50547312160 parallel_union_find
[seqwish::transclosure] 30125.379 98.16% 47894823930-50547312160 dset_write
[seqwish::transclosure] 30126.047 98.16% 47894823930-50547312160 dset_compression
[seqwish::transclosure] 30126.804 98.16% 47894823930-50547312160 dset_sort
[seqwish::transclosure] 30127.316 98.16% 47894823930-50547312160 dset_invert
[seqwish::transclosure] 30128.241 98.16% 47894823930-50547312160 graph_emission
[seqwish::transclosure] 30138.178 98.23% 50547312160-51641228810 overlap_collect
[seqwish::transclosure] 30141.951 98.23% 50547312160-51641228810 rank_build
[seqwish::transclosure] 30166.132 98.23% 50547312160-51641228810 parallel_union_find
[seqwish::transclosure] 30166.173 98.23% 50547312160-51641228810 dset_write
[seqwish::transclosure] 30166.523 98.23% 50547312160-51641228810 dset_compression
[seqwish::transclosure] 30166.832 98.23% 50547312160-51641228810 dset_sort
[seqwish::transclosure] 30167.522 98.23% 50547312160-51641228810 dset_invert
[seqwish::transclosure] 30168.001 98.23% 50547312160-51641228810 graph_emission
[seqwish::transclosure] 30177.084 98.28% 51641228810-53795029340 overlap_collect
[seqwish::transclosure] 30183.979 98.28% 51641228810-53795029340 rank_build
[seqwish::transclosure] 30208.333 98.28% 51641228810-53795029340 parallel_union_find
[seqwish::transclosure] 30208.372 98.28% 51641228810-53795029340 dset_write
[seqwish::transclosure] 30208.726 98.28% 51641228810-53795029340 dset_compression
[seqwish::transclosure] 30209.037 98.28% 51641228810-53795029340 dset_sort
[seqwish::transclosure] 30209.499 98.28% 51641228810-53795029340 dset_invert
[seqwish::transclosure] 30209.930 98.28% 51641228810-53795029340 graph_emission
[seqwish::transclosure] 30218.390 98.33% 53795029340-54387407911 overlap_collect
[seqwish::transclosure] 30220.495 98.33% 53795029340-54387407911 rank_build
[seqwish::transclosure] 30243.989 98.33% 53795029340-54387407911 parallel_union_find
[seqwish::transclosure] 30244.025 98.33% 53795029340-54387407911 dset_write
[seqwish::transclosure] 30244.353 98.33% 53795029340-54387407911 dset_compression
[seqwish::transclosure] 30244.643 98.33% 53795029340-54387407911 dset_sort
[seqwish::transclosure] 30245.101 98.33% 53795029340-54387407911 dset_invert
[seqwish::transclosure] 30245.512 98.33% 53795029340-54387407911 graph_emission
[seqwish::transclosure] 30254.415 98.38% 54387407911-56929250663 overlap_collect
[seqwish::transclosure] 30262.217 98.38% 54387407911-56929250663 rank_build
[seqwish::transclosure] 30285.870 98.38% 54387407911-56929250663 parallel_union_find
[seqwish::transclosure] 30285.931 98.38% 54387407911-56929250663 dset_write
[seqwish::transclosure] 30286.387 98.38% 54387407911-56929250663 dset_compression
[seqwish::transclosure] 30286.933 98.38% 54387407911-56929250663 dset_sort
[seqwish::transclosure] 30287.414 98.38% 54387407911-56929250663 dset_invert
[seqwish::transclosure] 30288.036 98.38% 54387407911-56929250663 graph_emission
[seqwish::transclosure] 30298.511 98.43% 56929250663-58611356358 overlap_collect
[seqwish::transclosure] 30303.690 98.43% 56929250663-58611356358 rank_build
[seqwish::transclosure] 30327.880 98.43% 56929250663-58611356358 parallel_union_find
[seqwish::transclosure] 30327.922 98.43% 56929250663-58611356358 dset_write
[seqwish::transclosure] 30328.319 98.43% 56929250663-58611356358 dset_compression
[seqwish::transclosure] 30328.940 98.43% 56929250663-58611356358 dset_sort
[seqwish::transclosure] 30329.417 98.43% 56929250663-58611356358 dset_invert
[seqwish::transclosure] 30330.134 98.43% 56929250663-58611356358 graph_emission
[seqwish::transclosure] 30338.915 98.48% 58611356358-59975773981 overlap_collect
[seqwish::transclosure] 30343.149 98.48% 58611356358-59975773981 rank_build
[seqwish::transclosure] 30367.067 98.48% 58611356358-59975773981 parallel_union_find
[seqwish::transclosure] 30367.109 98.48% 58611356358-59975773981 dset_write
[seqwish::transclosure] 30367.414 98.48% 58611356358-59975773981 dset_compression
[seqwish::transclosure] 30367.731 98.48% 58611356358-59975773981 dset_sort
[seqwish::transclosure] 30368.216 98.48% 58611356358-59975773981 dset_invert
[seqwish::transclosure] 30368.670 98.48% 58611356358-59975773981 graph_emission
[seqwish::transclosure] 30377.815 98.53% 59975773981-61924328664 overlap_collect
[seqwish::transclosure] 30383.774 98.53% 59975773981-61924328664 rank_build
[seqwish::transclosure] 30409.075 98.53% 59975773981-61924328664 parallel_union_find
[seqwish::transclosure] 30409.124 98.53% 59975773981-61924328664 dset_write
[seqwish::transclosure] 30409.482 98.53% 59975773981-61924328664 dset_compression
[seqwish::transclosure] 30409.797 98.53% 59975773981-61924328664 dset_sort
[seqwish::transclosure] 30410.539 98.53% 59975773981-61924328664 dset_invert
[seqwish::transclosure] 30411.018 98.53% 59975773981-61924328664 graph_emission
[seqwish::transclosure] 30419.669 98.58% 61924328664-62977459400 overlap_collect
[seqwish::transclosure] 30423.044 98.58% 61924328664-62977459400 rank_build
[seqwish::transclosure] 30447.087 98.58% 61924328664-62977459400 parallel_union_find
[seqwish::transclosure] 30447.130 98.58% 61924328664-62977459400 dset_write
[seqwish::transclosure] 30447.598 98.58% 61924328664-62977459400 dset_compression
[seqwish::transclosure] 30448.196 98.58% 61924328664-62977459400 dset_sort
[seqwish::transclosure] 30448.673 98.58% 61924328664-62977459400 dset_invert
[seqwish::transclosure] 30449.391 98.58% 61924328664-62977459400 graph_emission
[seqwish::transclosure] 30457.981 98.63% 62977459400-64811545962 overlap_collect
[seqwish::transclosure] 30463.541 98.63% 62977459400-64811545962 rank_build
[seqwish::transclosure] 30488.039 98.63% 62977459400-64811545962 parallel_union_find
[seqwish::transclosure] 30488.117 98.63% 62977459400-64811545962 dset_write
[seqwish::transclosure] 30488.505 98.63% 62977459400-64811545962 dset_compression
[seqwish::transclosure] 30488.878 98.63% 62977459400-64811545962 dset_sort
[seqwish::transclosure] 30489.365 98.63% 62977459400-64811545962 dset_invert
[seqwish::transclosure] 30489.882 98.63% 62977459400-64811545962 graph_emission
[seqwish::transclosure] 30498.908 98.69% 64811545962-66157316020 overlap_collect
[seqwish::transclosure] 30503.224 98.69% 64811545962-66157316020 rank_build
[seqwish::transclosure] 30526.586 98.69% 64811545962-66157316020 parallel_union_find
[seqwish::transclosure] 30526.638 98.69% 64811545962-66157316020 dset_write
[seqwish::transclosure] 30526.998 98.69% 64811545962-66157316020 dset_compression
[seqwish::transclosure] 30527.313 98.69% 64811545962-66157316020 dset_sort
[seqwish::transclosure] 30527.804 98.69% 64811545962-66157316020 dset_invert
[seqwish::transclosure] 30528.292 98.69% 64811545962-66157316020 graph_emission
[seqwish::transclosure] 30536.928 98.74% 66157316020-67800616765 overlap_collect
[seqwish::transclosure] 30541.873 98.74% 66157316020-67800616765 rank_build
[seqwish::transclosure] 30566.318 98.74% 66157316020-67800616765 parallel_union_find
[seqwish::transclosure] 30566.381 98.74% 66157316020-67800616765 dset_write
[seqwish::transclosure] 30566.741 98.74% 66157316020-67800616765 dset_compression
[seqwish::transclosure] 30567.063 98.74% 66157316020-67800616765 dset_sort
[seqwish::transclosure] 30567.818 98.74% 66157316020-67800616765 dset_invert
[seqwish::transclosure] 30568.319 98.74% 66157316020-67800616765 graph_emission
[seqwish::transclosure] 30577.902 98.79% 67800616765-69687747606 overlap_collect
[seqwish::transclosure] 30583.721 98.79% 67800616765-69687747606 rank_build
[seqwish::transclosure] 30607.987 98.79% 67800616765-69687747606 parallel_union_find
[seqwish::transclosure] 30608.036 98.79% 67800616765-69687747606 dset_write
[seqwish::transclosure] 30608.444 98.79% 67800616765-69687747606 dset_compression
[seqwish::transclosure] 30608.862 98.79% 67800616765-69687747606 dset_sort
[seqwish::transclosure] 30609.316 98.79% 67800616765-69687747606 dset_invert
[seqwish::transclosure] 30609.862 98.79% 67800616765-69687747606 graph_emission
[seqwish::transclosure] 30619.967 98.84% 69687747606-71768403323 overlap_collect
[seqwish::transclosure] 30626.153 98.84% 69687747606-71768403323 rank_build
[seqwish::transclosure] 30649.771 98.84% 69687747606-71768403323 parallel_union_find
[seqwish::transclosure] 30649.804 98.84% 69687747606-71768403323 dset_write
[seqwish::transclosure] 30650.140 98.84% 69687747606-71768403323 dset_compression
[seqwish::transclosure] 30650.441 98.84% 69687747606-71768403323 dset_sort
[seqwish::transclosure] 30651.186 98.84% 69687747606-71768403323 dset_invert
[seqwish::transclosure] 30651.614 98.84% 69687747606-71768403323 graph_emission
[seqwish::transclosure] 30661.702 98.89% 71768403323-73702418228 overlap_collect
[seqwish::transclosure] 30667.552 98.89% 71768403323-73702418228 rank_build
[seqwish::transclosure] 30690.811 98.89% 71768403323-73702418228 parallel_union_find
[seqwish::transclosure] 30690.854 98.89% 71768403323-73702418228 dset_write
[seqwish::transclosure] 30691.295 98.89% 71768403323-73702418228 dset_compression
[seqwish::transclosure] 30691.909 98.89% 71768403323-73702418228 dset_sort
[seqwish::transclosure] 30692.379 98.89% 71768403323-73702418228 dset_invert
[seqwish::transclosure] 30693.091 98.89% 71768403323-73702418228 graph_emission
[seqwish::transclosure] 30701.787 98.94% 73702418228-74898294533 overlap_collect
[seqwish::transclosure] 30705.464 98.94% 73702418228-74898294533 rank_build
[seqwish::transclosure] 30730.739 98.94% 73702418228-74898294533 parallel_union_find
[seqwish::transclosure] 30730.810 98.94% 73702418228-74898294533 dset_write
[seqwish::transclosure] 30731.163 98.94% 73702418228-74898294533 dset_compression
[seqwish::transclosure] 30731.516 98.94% 73702418228-74898294533 dset_sort
[seqwish::transclosure] 30732.031 98.94% 73702418228-74898294533 dset_invert
[seqwish::transclosure] 30732.547 98.94% 73702418228-74898294533 graph_emission
[seqwish::transclosure] 30740.101 99.00% 74898294533-75980810411 overlap_collect
[seqwish::transclosure] 30743.542 99.00% 74898294533-75980810411 rank_build
[seqwish::transclosure] 30767.904 99.00% 74898294533-75980810411 parallel_union_find
[seqwish::transclosure] 30767.952 99.00% 74898294533-75980810411 dset_write
[seqwish::transclosure] 30768.371 99.00% 74898294533-75980810411 dset_compression
[seqwish::transclosure] 30768.949 99.00% 74898294533-75980810411 dset_sort
[seqwish::transclosure] 30769.630 99.00% 74898294533-75980810411 dset_invert
[seqwish::transclosure] 30770.329 99.00% 74898294533-75980810411 graph_emission
[seqwish::transclosure] 30778.526 99.05% 75980810411-77528597772 overlap_collect
[seqwish::transclosure] 30783.288 99.05% 75980810411-77528597772 rank_build
[seqwish::transclosure] 30807.752 99.05% 75980810411-77528597772 parallel_union_find
[seqwish::transclosure] 30807.797 99.05% 75980810411-77528597772 dset_write
[seqwish::transclosure] 30808.252 99.05% 75980810411-77528597772 dset_compression
[seqwish::transclosure] 30808.863 99.05% 75980810411-77528597772 dset_sort
[seqwish::transclosure] 30809.670 99.05% 75980810411-77528597772 dset_invert
[seqwish::transclosure] 30810.454 99.05% 75980810411-77528597772 graph_emission
[seqwish::transclosure] 30818.756 99.10% 77528597772-78717925219 overlap_collect
[seqwish::transclosure] 30822.460 99.10% 77528597772-78717925219 rank_build
[seqwish::transclosure] 30846.400 99.10% 77528597772-78717925219 parallel_union_find
[seqwish::transclosure] 30846.436 99.10% 77528597772-78717925219 dset_write
[seqwish::transclosure] 30846.904 99.10% 77528597772-78717925219 dset_compression
[seqwish::transclosure] 30847.398 99.10% 77528597772-78717925219 dset_sort
[seqwish::transclosure] 30847.884 99.10% 77528597772-78717925219 dset_invert
[seqwish::transclosure] 30848.482 99.10% 77528597772-78717925219 graph_emission
[seqwish::transclosure] 30858.234 99.14% 78717925219-81217094049 overlap_collect
[seqwish::transclosure] 30865.835 99.14% 78717925219-81217094049 rank_build
[seqwish::transclosure] 30889.563 99.14% 78717925219-81217094049 parallel_union_find
[seqwish::transclosure] 30889.587 99.14% 78717925219-81217094049 dset_write
[seqwish::transclosure] 30889.928 99.14% 78717925219-81217094049 dset_compression
[seqwish::transclosure] 30890.202 99.14% 78717925219-81217094049 dset_sort
[seqwish::transclosure] 30890.990 99.14% 78717925219-81217094049 dset_invert
[seqwish::transclosure] 30891.467 99.14% 78717925219-81217094049 graph_emission
[seqwish::transclosure] 30902.842 99.19% 81217094049-83600726818 overlap_collect
[seqwish::transclosure] 30910.088 99.19% 81217094049-83600726818 rank_build
[seqwish::transclosure] 30934.822 99.19% 81217094049-83600726818 parallel_union_find
[seqwish::transclosure] 30934.867 99.19% 81217094049-83600726818 dset_write
[seqwish::transclosure] 30935.205 99.19% 81217094049-83600726818 dset_compression
[seqwish::transclosure] 30935.505 99.19% 81217094049-83600726818 dset_sort
[seqwish::transclosure] 30936.006 99.19% 81217094049-83600726818 dset_invert
[seqwish::transclosure] 30936.465 99.19% 81217094049-83600726818 graph_emission
[seqwish::transclosure] 30946.534 99.24% 83600726818-85191072444 overlap_collect
[seqwish::transclosure] 30951.469 99.24% 83600726818-85191072444 rank_build
[seqwish::transclosure] 30975.543 99.24% 83600726818-85191072444 parallel_union_find
[seqwish::transclosure] 30975.572 99.24% 83600726818-85191072444 dset_write
[seqwish::transclosure] 30975.854 99.24% 83600726818-85191072444 dset_compression
[seqwish::transclosure] 30976.122 99.24% 83600726818-85191072444 dset_sort
[seqwish::transclosure] 30976.848 99.24% 83600726818-85191072444 dset_invert
[seqwish::transclosure] 30977.303 99.24% 83600726818-85191072444 graph_emission
[seqwish::transclosure] 30987.119 99.29% 85191072444-87318411123 overlap_collect
[seqwish::transclosure] 30993.535 99.29% 85191072444-87318411123 rank_build
[seqwish::transclosure] 31017.881 99.29% 85191072444-87318411123 parallel_union_find
[seqwish::transclosure] 31017.925 99.29% 85191072444-87318411123 dset_write
[seqwish::transclosure] 31018.343 99.29% 85191072444-87318411123 dset_compression
[seqwish::transclosure] 31018.881 99.29% 85191072444-87318411123 dset_sort
[seqwish::transclosure] 31019.649 99.29% 85191072444-87318411123 dset_invert
[seqwish::transclosure] 31020.307 99.29% 85191072444-87318411123 graph_emission
[seqwish::transclosure] 31031.978 99.33% 87318411123-89693678157 overlap_collect
[seqwish::transclosure] 31039.023 99.33% 87318411123-89693678157 rank_build
[seqwish::transclosure] 31062.463 99.33% 87318411123-89693678157 parallel_union_find
[seqwish::transclosure] 31062.511 99.33% 87318411123-89693678157 dset_write
[seqwish::transclosure] 31062.814 99.33% 87318411123-89693678157 dset_compression
[seqwish::transclosure] 31063.078 99.33% 87318411123-89693678157 dset_sort
[seqwish::transclosure] 31063.526 99.33% 87318411123-89693678157 dset_invert
[seqwish::transclosure] 31063.903 99.33% 87318411123-89693678157 graph_emission
[seqwish::transclosure] 31073.584 99.38% 89693678157-91024790119 overlap_collect
[seqwish::transclosure] 31077.669 99.38% 89693678157-91024790119 rank_build
[seqwish::transclosure] 31102.513 99.38% 89693678157-91024790119 parallel_union_find
[seqwish::transclosure] 31102.532 99.38% 89693678157-91024790119 dset_write
[seqwish::transclosure] 31102.830 99.38% 89693678157-91024790119 dset_compression
[seqwish::transclosure] 31103.076 99.38% 89693678157-91024790119 dset_sort
[seqwish::transclosure] 31103.783 99.38% 89693678157-91024790119 dset_invert
[seqwish::transclosure] 31104.230 99.38% 89693678157-91024790119 graph_emission
[seqwish::transclosure] 31113.314 99.42% 91024790119-92935022349 overlap_collect
[seqwish::transclosure] 31119.281 99.42% 91024790119-92935022349 rank_build
[seqwish::transclosure] 31143.349 99.42% 91024790119-92935022349 parallel_union_find
[seqwish::transclosure] 31143.518 99.42% 91024790119-92935022349 dset_write
[seqwish::transclosure] 31144.069 99.42% 91024790119-92935022349 dset_compression
[seqwish::transclosure] 31145.000 99.42% 91024790119-92935022349 dset_sort
[seqwish::transclosure] 31145.479 99.42% 91024790119-92935022349 dset_invert
[seqwish::transclosure] 31146.207 99.42% 91024790119-92935022349 graph_emission
[seqwish::transclosure] 31155.945 99.48% 92935022349-94695213444 overlap_collect
[seqwish::transclosure] 31161.318 99.48% 92935022349-94695213444 rank_build
[seqwish::transclosure] 31185.380 99.48% 92935022349-94695213444 parallel_union_find
[seqwish::transclosure] 31185.433 99.48% 92935022349-94695213444 dset_write
[seqwish::transclosure] 31185.975 99.48% 92935022349-94695213444 dset_compression
[seqwish::transclosure] 31186.756 99.48% 92935022349-94695213444 dset_sort
[seqwish::transclosure] 31187.210 99.48% 92935022349-94695213444 dset_invert
[seqwish::transclosure] 31187.830 99.48% 92935022349-94695213444 graph_emission
[seqwish::transclosure] 31197.631 99.53% 94695213444-96682685932 overlap_collect
[seqwish::transclosure] 31203.610 99.53% 94695213444-96682685932 rank_build
[seqwish::transclosure] 31227.105 99.53% 94695213444-96682685932 parallel_union_find
[seqwish::transclosure] 31227.126 99.53% 94695213444-96682685932 dset_write
[seqwish::transclosure] 31227.430 99.53% 94695213444-96682685932 dset_compression
[seqwish::transclosure] 31227.692 99.53% 94695213444-96682685932 dset_sort
[seqwish::transclosure] 31228.410 99.53% 94695213444-96682685932 dset_invert
[seqwish::transclosure] 31228.790 99.53% 94695213444-96682685932 graph_emission
[seqwish::transclosure] 31240.443 99.57% 96682685932-99148117844 overlap_collect
[seqwish::transclosure] 31247.756 99.57% 96682685932-99148117844 rank_build
[seqwish::transclosure] 31272.810 99.57% 96682685932-99148117844 parallel_union_find
[seqwish::transclosure] 31272.857 99.57% 96682685932-99148117844 dset_write
[seqwish::transclosure] 31273.193 99.57% 96682685932-99148117844 dset_compression
[seqwish::transclosure] 31273.484 99.57% 96682685932-99148117844 dset_sort
[seqwish::transclosure] 31274.170 99.57% 96682685932-99148117844 dset_invert
[seqwish::transclosure] 31274.621 99.57% 96682685932-99148117844 graph_emission
[seqwish::transclosure] 31285.166 99.62% 99148117844-100956268317 overlap_collect
[seqwish::transclosure] 31290.684 99.62% 99148117844-100956268317 rank_build
[seqwish::transclosure] 31314.421 99.62% 99148117844-100956268317 parallel_union_find
[seqwish::transclosure] 31314.463 99.62% 99148117844-100956268317 dset_write
[seqwish::transclosure] 31314.938 99.62% 99148117844-100956268317 dset_compression
[seqwish::transclosure] 31315.467 99.62% 99148117844-100956268317 dset_sort
[seqwish::transclosure] 31315.913 99.62% 99148117844-100956268317 dset_invert
[seqwish::transclosure] 31316.502 99.62% 99148117844-100956268317 graph_emission
[seqwish::transclosure] 31326.641 99.67% 100956268317-102633569452 overlap_collect
[seqwish::transclosure] 31331.734 99.67% 100956268317-102633569452 rank_build
[seqwish::transclosure] 31356.664 99.67% 100956268317-102633569452 parallel_union_find
[seqwish::transclosure] 31356.677 99.67% 100956268317-102633569452 dset_write
[seqwish::transclosure] 31356.985 99.67% 100956268317-102633569452 dset_compression
[seqwish::transclosure] 31357.243 99.67% 100956268317-102633569452 dset_sort
[seqwish::transclosure] 31357.724 99.67% 100956268317-102633569452 dset_invert
[seqwish::transclosure] 31358.110 99.67% 100956268317-102633569452 graph_emission
[seqwish::transclosure] 31369.249 99.71% 102633569452-105446129263 overlap_collect
[seqwish::transclosure] 31377.508 99.71% 102633569452-105446129263 rank_build
[seqwish::transclosure] 31401.081 99.71% 102633569452-105446129263 parallel_union_find
[seqwish::transclosure] 31401.131 99.71% 102633569452-105446129263 dset_write
[seqwish::transclosure] 31401.437 99.71% 102633569452-105446129263 dset_compression
[seqwish::transclosure] 31401.715 99.71% 102633569452-105446129263 dset_sort
[seqwish::transclosure] 31402.428 99.71% 102633569452-105446129263 dset_invert
[seqwish::transclosure] 31402.879 99.71% 102633569452-105446129263 graph_emission
[seqwish::transclosure] 31414.256 99.76% 105446129263-107316600126 overlap_collect
[seqwish::transclosure] 31419.938 99.76% 105446129263-107316600126 rank_build
[seqwish::transclosure] 31446.181 99.76% 105446129263-107316600126 parallel_union_find
[seqwish::transclosure] 31446.208 99.76% 105446129263-107316600126 dset_write
[seqwish::transclosure] 31446.541 99.76% 105446129263-107316600126 dset_compression
[seqwish::transclosure] 31446.837 99.76% 105446129263-107316600126 dset_sort
[seqwish::transclosure] 31447.345 99.76% 105446129263-107316600126 dset_invert
[seqwish::transclosure] 31447.767 99.76% 105446129263-107316600126 graph_emission
[seqwish::transclosure] 31457.589 99.80% 107316600126-109119437713 overlap_collect
[seqwish::transclosure] 31463.150 99.80% 107316600126-109119437713 rank_build
[seqwish::transclosure] 31487.537 99.80% 107316600126-109119437713 parallel_union_find
[seqwish::transclosure] 31487.548 99.80% 107316600126-109119437713 dset_write
[seqwish::transclosure] 31487.860 99.80% 107316600126-109119437713 dset_compression
[seqwish::transclosure] 31488.116 99.80% 107316600126-109119437713 dset_sort
[seqwish::transclosure] 31488.549 99.80% 107316600126-109119437713 dset_invert
[seqwish::transclosure] 31488.919 99.80% 107316600126-109119437713 graph_emission
[seqwish::transclosure] 31498.998 99.85% 109119437713-111049021967 overlap_collect
[seqwish::transclosure] 31504.872 99.85% 109119437713-111049021967 rank_build
[seqwish::transclosure] 31530.131 99.85% 109119437713-111049021967 parallel_union_find
[seqwish::transclosure] 31530.162 99.85% 109119437713-111049021967 dset_write
[seqwish::transclosure] 31530.571 99.85% 109119437713-111049021967 dset_compression
[seqwish::transclosure] 31531.151 99.85% 109119437713-111049021967 dset_sort
[seqwish::transclosure] 31531.617 99.85% 109119437713-111049021967 dset_invert
[seqwish::transclosure] 31532.201 99.85% 109119437713-111049021967 graph_emission
[seqwish::transclosure] 31542.646 99.89% 111049021967-112676679571 overlap_collect
[seqwish::transclosure] 31547.648 99.89% 111049021967-112676679571 rank_build
[seqwish::transclosure] 31571.149 99.89% 111049021967-112676679571 parallel_union_find
[seqwish::transclosure] 31571.255 99.89% 111049021967-112676679571 dset_write
[seqwish::transclosure] 31571.624 99.89% 111049021967-112676679571 dset_compression
[seqwish::transclosure] 31571.897 99.89% 111049021967-112676679571 dset_sort
[seqwish::transclosure] 31572.353 99.89% 111049021967-112676679571 dset_invert
[seqwish::transclosure] 31572.741 99.89% 111049021967-112676679571 graph_emission
[seqwish::transclosure] 31581.667 99.94% 112676679571-114248324154 overlap_collect
[seqwish::transclosure] 31586.462 99.94% 112676679571-114248324154 rank_build
[seqwish::transclosure] 31610.309 99.94% 112676679571-114248324154 parallel_union_find
[seqwish::transclosure] 31610.339 99.94% 112676679571-114248324154 dset_write
[seqwish::transclosure] 31610.663 99.94% 112676679571-114248324154 dset_compression
[seqwish::transclosure] 31610.922 99.94% 112676679571-114248324154 dset_sort
[seqwish::transclosure] 31611.611 99.94% 112676679571-114248324154 dset_invert
[seqwish::transclosure] 31612.052 99.94% 112676679571-114248324154 graph_emission
[seqwish::transclosure] 31619.073 99.98% 114248324154-114627039076 overlap_collect
[seqwish::transclosure] 31620.343 99.98% 114248324154-114627039076 rank_build
[seqwish::transclosure] 31644.428 99.98% 114248324154-114627039076 parallel_union_find
[seqwish::transclosure] 31644.442 99.98% 114248324154-114627039076 dset_write
[seqwish::transclosure] 31644.634 99.98% 114248324154-114627039076 dset_compression
[seqwish::transclosure] 31644.814 99.98% 114248324154-114627039076 dset_sort
[seqwish::transclosure] 31645.003 99.98% 114248324154-114627039076 dset_invert
[seqwish::transclosure] 31645.235 99.98% 114248324154-114627039076 graph_emission
[seqwish::transclosure] 31648.056 100.00% building node_iitree and path_iitree indexes
[seqwish::transclosure] 32219.979 100.00% done
[seqwish::transclosure] 32220.611 done with transitive closures
[seqwish::compact] 32220.611 compacting nodes
[seqwish::compact] 32789.507 done compacting
[seqwish::compact] 32791.448 built node index
[seqwish::links] 32791.448 finding graph links
[seqwish::links] 34427.368 links derived
[seqwish::gfa] 34427.369 writing graph
[seqwish::gfa] 39721.364 done
	Command being timed: "/home/guarracino/tools/seqwish/bin/seqwish-ccfefb016fcfc9937817ce61dc06bbcf382be75e -t 48 -s /lizardfs/guarracino/seqwish-paper/hprc_plus/assemblies/HPRC_plus.fa.gz -p /lizardfs/guarracino/seqwish-paper/hprc_plus/alignment/HPRC_plus.s100k.l300k.p98.n90.k16.chunk_0.paf.gz,/lizardfs/guarracino/seqwish-paper/hprc_plus/alignment/HPRC_plus.s100k.l300k.p98.n90.k16.chunk_1.paf.gz,/lizardfs/guarracino/seqwish-paper/hprc_plus/alignment/HPRC_plus.s100k.l300k.p98.n90.k16.chunk_2.paf.gz,/lizardfs/guarracino/seqwish-paper/hprc_plus/alignment/HPRC_plus.s100k.l300k.p98.n90.k16.chunk_3.paf.gz,/lizardfs/guarracino/seqwish-paper/hprc_plus/alignment/HPRC_plus.s100k.l300k.p98.n90.k16.chunk_4.paf.gz -k 29 -B 50M -g HPRC_plus.s100k.l300k.p98.n90.k16.seqwish.k29.B50M.gfa -P"
	User time (seconds): 650187.90
	System time (seconds): 13042.91
	Percent of CPU this job got: 1668%
	Elapsed (wall clock) time (h:mm:ss or m:ss): 11:02:29
	Average shared text size (kbytes): 0
	Average unshared data size (kbytes): 0
	Average stack size (kbytes): 0
	Average total size (kbytes): 0
	Maximum resident set size (kbytes): 387962956
	Average resident set size (kbytes): 0
	Major (requiring I/O) page faults: 4518089
	Minor (reclaiming a frame) page faults: 5508537380
	Voluntary context switches: 1253065778
	Involuntary context switches: 524309102
	Swaps: 0
	File system inputs: 686144760
	File system outputs: 4927872776
	Socket messages sent: 0
	Socket messages received: 0
	Signals delivered: 0
	Page size (bytes): 4096
	Exit status: 0
