octopus03
[seqwish::seqidx] 0.001 indexing sequences
[seqwish::seqidx] 14.131 index built
[seqwish::alignments] 14.131 processing alignments
[seqwish::alignments] 45.581 indexing
[seqwish::alignments] 65.045 index built
[seqwish::transclosure] 65.047 computing transitive closures
[seqwish::transclosure] 65.169 0.00% 0-50000000 overlap_collect
[seqwish::transclosure] 77.037 0.00% 0-50000000 rank_build
[seqwish::transclosure] 82.116 0.00% 0-50000000 parallel_union_find
[seqwish::transclosure] 86.803 0.00% 0-50000000 dset_write
[seqwish::transclosure] 90.912 0.00% 0-50000000 dset_compression
[seqwish::transclosure] 94.277 0.00% 0-50000000 dset_sort
[seqwish::transclosure] 96.197 0.00% 0-50000000 dset_invert
[seqwish::transclosure] 100.203 0.00% 0-50000000 graph_emission
[seqwish::transclosure] 101.698 37.15% 50000000-100039838 overlap_collect
[seqwish::transclosure] 120.031 37.15% 50000000-100039838 rank_build
[seqwish::transclosure] 125.177 37.15% 50000000-100039838 parallel_union_find
[seqwish::transclosure] 129.906 37.15% 50000000-100039838 dset_write
[seqwish::transclosure] 133.636 37.15% 50000000-100039838 dset_compression
[seqwish::transclosure] 136.984 37.15% 50000000-100039838 dset_sort
[seqwish::transclosure] 138.746 37.15% 50000000-100039838 dset_invert
[seqwish::transclosure] 149.573 37.15% 50000000-100039838 graph_emission
[seqwish::transclosure] 204.323 75.01% 100039838-312560300 overlap_collect
[seqwish::transclosure] 221.132 75.01% 100039838-312560300 rank_build
[seqwish::transclosure] 224.594 75.01% 100039838-312560300 parallel_union_find
[seqwish::transclosure] 226.418 75.01% 100039838-312560300 dset_write
[seqwish::transclosure] 228.403 75.01% 100039838-312560300 dset_compression
[seqwish::transclosure] 230.130 75.01% 100039838-312560300 dset_sort
[seqwish::transclosure] 231.269 75.01% 100039838-312560300 dset_invert
[seqwish::transclosure] 232.612 75.01% 100039838-312560300 graph_emission
[seqwish::transclosure] 303.005 92.26% 312560432-873066535 overlap_collect
[seqwish::transclosure] 308.489 92.26% 312560432-873066535 rank_build
[seqwish::transclosure] 309.539 92.26% 312560432-873066535 parallel_union_find
[seqwish::transclosure] 309.724 92.26% 312560432-873066535 dset_write
[seqwish::transclosure] 310.007 92.26% 312560432-873066535 dset_compression
[seqwish::transclosure] 310.366 92.26% 312560432-873066535 dset_sort
[seqwish::transclosure] 310.659 92.26% 312560432-873066535 dset_invert
[seqwish::transclosure] 311.031 92.26% 312560432-873066535 graph_emission
[seqwish::transclosure] 346.930 96.69% 873066535-1807203707 overlap_collect
[seqwish::transclosure] 350.278 96.69% 873066535-1807203707 rank_build
[seqwish::transclosure] 351.219 96.69% 873066535-1807203707 parallel_union_find
[seqwish::transclosure] 351.244 96.69% 873066535-1807203707 dset_write
[seqwish::transclosure] 351.411 96.69% 873066535-1807203707 dset_compression
[seqwish::transclosure] 351.626 96.69% 873066535-1807203707 dset_sort
[seqwish::transclosure] 351.912 96.69% 873066535-1807203707 dset_invert
[seqwish::transclosure] 352.190 96.69% 873066535-1807203707 graph_emission
[seqwish::transclosure] 358.145 99.40% 1807203707-1902510751 overlap_collect
[seqwish::transclosure] 358.550 99.40% 1807203707-1902510751 rank_build
[seqwish::transclosure] 359.100 99.40% 1807203707-1902510751 parallel_union_find
[seqwish::transclosure] 359.105 99.40% 1807203707-1902510751 dset_write
[seqwish::transclosure] 359.178 99.40% 1807203707-1902510751 dset_compression
[seqwish::transclosure] 359.234 99.40% 1807203707-1902510751 dset_sort
[seqwish::transclosure] 359.339 99.40% 1807203707-1902510751 dset_invert
[seqwish::transclosure] 359.424 99.40% 1807203707-1902510751 graph_emission
[seqwish::transclosure] 363.699 100.00% building node_iitree and path_iitree indexes
[seqwish::transclosure] 373.575 100.00% done
[seqwish::transclosure] 373.576 done with transitive closures
[seqwish::compact] 373.577 compacting nodes
[seqwish::compact] 389.745 done compacting
[seqwish::compact] 389.901 built node index
[seqwish::links] 389.901 finding graph links
[seqwish::links] 425.394 links derived
[seqwish::gfa] 425.395 writing graph
[seqwish::gfa] 518.844 done
	Command being timed: "/home/guarracino/tools/seqwish/bin/seqwish-ccfefb016fcfc9937817ce61dc06bbcf382be75e -t 48 -s /lizardfs/guarracino/seqwish-paper/athaliana/assemblies/athaliana16.fasta.gz -p /lizardfs/guarracino/seqwish-paper/athaliana/alignment/athaliana16.s20k.l60k.p95.n16.paf -g /scratch/athaliana16.s20k.l60k.p95.n16.k0.B50M.gfa -k 0 -B50M -P"
	User time (seconds): 6836.96
	System time (seconds): 156.99
	Percent of CPU this job got: 1346%
	Elapsed (wall clock) time (h:mm:ss or m:ss): 8:39.57
	Average shared text size (kbytes): 0
	Average unshared data size (kbytes): 0
	Average stack size (kbytes): 0
	Average total size (kbytes): 0
	Maximum resident set size (kbytes): 49163072
	Average resident set size (kbytes): 0
	Major (requiring I/O) page faults: 0
	Minor (reclaiming a frame) page faults: 30172781
	Voluntary context switches: 20931957
	Involuntary context switches: 3187224
	Swaps: 0
	File system inputs: 0
	File system outputs: 48307952
	Socket messages sent: 0
	Socket messages received: 0
	Signals delivered: 0
	Page size (bytes): 4096
	Exit status: 0
