octopus10
[seqwish::seqidx] 0.001 indexing sequences
[seqwish::seqidx] 14.503 index built
[seqwish::alignments] 14.503 processing alignments
[seqwish::alignments] 25.519 indexing
[seqwish::alignments] 32.706 index built
[seqwish::transclosure] 32.708 computing transitive closures
[seqwish::transclosure] 32.897 0.00% 0-50000000 overlap_collect
[seqwish::transclosure] 38.406 0.00% 0-50000000 rank_build
[seqwish::transclosure] 44.636 0.00% 0-50000000 parallel_union_find
[seqwish::transclosure] 48.235 0.00% 0-50000000 dset_write
[seqwish::transclosure] 51.572 0.00% 0-50000000 dset_compression
[seqwish::transclosure] 54.355 0.00% 0-50000000 dset_sort
[seqwish::transclosure] 55.737 0.00% 0-50000000 dset_invert
[seqwish::transclosure] 58.316 0.00% 0-50000000 graph_emission
[seqwish::transclosure] 60.069 31.23% 50000000-100000000 overlap_collect
[seqwish::transclosure] 66.074 31.23% 50000000-100000000 rank_build
[seqwish::transclosure] 71.921 31.23% 50000000-100000000 parallel_union_find
[seqwish::transclosure] 86.416 31.23% 50000000-100000000 dset_write
[seqwish::transclosure] 89.915 31.23% 50000000-100000000 dset_compression
[seqwish::transclosure] 92.907 31.23% 50000000-100000000 dset_sort
[seqwish::transclosure] 94.957 31.23% 50000000-100000000 dset_invert
[seqwish::transclosure] 97.716 31.23% 50000000-100000000 graph_emission
[seqwish::transclosure] 148.812 63.37% 100000000-235372210 overlap_collect
[seqwish::transclosure] 152.388 63.37% 100000000-235372210 rank_build
[seqwish::transclosure] 155.130 63.37% 100000000-235372210 parallel_union_find
[seqwish::transclosure] 159.522 63.37% 100000000-235372210 dset_write
[seqwish::transclosure] 160.889 63.37% 100000000-235372210 dset_compression
[seqwish::transclosure] 162.026 63.37% 100000000-235372210 dset_sort
[seqwish::transclosure] 162.765 63.37% 100000000-235372210 dset_invert
[seqwish::transclosure] 163.879 63.37% 100000000-235372210 graph_emission
[seqwish::transclosure] 229.361 76.41% 235372210-436036744 overlap_collect
[seqwish::transclosure] 233.927 76.41% 235372210-436036744 rank_build
[seqwish::transclosure] 235.617 76.41% 235372210-436036744 parallel_union_find
[seqwish::transclosure] 236.941 76.41% 235372210-436036744 dset_write
[seqwish::transclosure] 237.833 76.41% 235372210-436036744 dset_compression
[seqwish::transclosure] 238.440 76.41% 235372210-436036744 dset_sort
[seqwish::transclosure] 238.861 76.41% 235372210-436036744 dset_invert
[seqwish::transclosure] 239.442 76.41% 235372210-436036744 graph_emission
[seqwish::transclosure] 261.141 83.80% 436036744-632496878 overlap_collect
[seqwish::transclosure] 262.485 83.80% 436036744-632496878 rank_build
[seqwish::transclosure] 263.801 83.80% 436036744-632496878 parallel_union_find
[seqwish::transclosure] 264.052 83.80% 436036744-632496878 dset_write
[seqwish::transclosure] 264.579 83.80% 436036744-632496878 dset_compression
[seqwish::transclosure] 264.891 83.80% 436036744-632496878 dset_sort
[seqwish::transclosure] 265.341 83.80% 436036744-632496878 dset_invert
[seqwish::transclosure] 265.783 83.80% 436036744-632496878 graph_emission
[seqwish::transclosure] 278.394 87.66% 632496878-915057810 overlap_collect
[seqwish::transclosure] 279.684 87.66% 632496878-915057810 rank_build
[seqwish::transclosure] 280.865 87.66% 632496878-915057810 parallel_union_find
[seqwish::transclosure] 280.956 87.66% 632496878-915057810 dset_write
[seqwish::transclosure] 281.361 87.66% 632496878-915057810 dset_compression
[seqwish::transclosure] 281.615 87.66% 632496878-915057810 dset_sort
[seqwish::transclosure] 282.054 87.66% 632496878-915057810 dset_invert
[seqwish::transclosure] 282.423 87.66% 632496878-915057810 graph_emission
[seqwish::transclosure] 288.610 90.68% 915057810-1130374211 overlap_collect
[seqwish::transclosure] 289.628 90.68% 915057810-1130374211 rank_build
[seqwish::transclosure] 290.687 90.68% 915057810-1130374211 parallel_union_find
[seqwish::transclosure] 290.719 90.68% 915057810-1130374211 dset_write
[seqwish::transclosure] 291.102 90.68% 915057810-1130374211 dset_compression
[seqwish::transclosure] 291.324 90.68% 915057810-1130374211 dset_sort
[seqwish::transclosure] 291.738 90.68% 915057810-1130374211 dset_invert
[seqwish::transclosure] 292.087 90.68% 915057810-1130374211 graph_emission
[seqwish::transclosure] 295.733 93.54% 1130374211-1607489202 overlap_collect
[seqwish::transclosure] 297.468 93.54% 1130374211-1607489202 rank_build
[seqwish::transclosure] 298.530 93.54% 1130374211-1607489202 parallel_union_find
[seqwish::transclosure] 298.587 93.54% 1130374211-1607489202 dset_write
[seqwish::transclosure] 298.917 93.54% 1130374211-1607489202 dset_compression
[seqwish::transclosure] 299.125 93.54% 1130374211-1607489202 dset_sort
[seqwish::transclosure] 299.529 93.54% 1130374211-1607489202 dset_invert
[seqwish::transclosure] 299.885 93.54% 1130374211-1607489202 graph_emission
[seqwish::transclosure] 302.335 96.37% 1607489202-1839352607 overlap_collect
[seqwish::transclosure] 303.354 96.37% 1607489202-1839352607 rank_build
[seqwish::transclosure] 304.445 96.37% 1607489202-1839352607 parallel_union_find
[seqwish::transclosure] 304.470 96.37% 1607489202-1839352607 dset_write
[seqwish::transclosure] 304.788 96.37% 1607489202-1839352607 dset_compression
[seqwish::transclosure] 304.982 96.37% 1607489202-1839352607 dset_sort
[seqwish::transclosure] 305.382 96.37% 1607489202-1839352607 dset_invert
[seqwish::transclosure] 305.717 96.37% 1607489202-1839352607 graph_emission
[seqwish::transclosure] 307.526 99.02% 1839352607-1902510751 overlap_collect
[seqwish::transclosure] 307.855 99.02% 1839352607-1902510751 rank_build
[seqwish::transclosure] 308.526 99.02% 1839352607-1902510751 parallel_union_find
[seqwish::transclosure] 308.529 99.02% 1839352607-1902510751 dset_write
[seqwish::transclosure] 308.647 99.02% 1839352607-1902510751 dset_compression
[seqwish::transclosure] 308.724 99.02% 1839352607-1902510751 dset_sort
[seqwish::transclosure] 308.891 99.02% 1839352607-1902510751 dset_invert
[seqwish::transclosure] 309.008 99.02% 1839352607-1902510751 graph_emission
[seqwish::transclosure] 313.539 100.00% building node_iitree and path_iitree indexes
[seqwish::transclosure] 316.805 100.00% done
[seqwish::transclosure] 316.818 done with transitive closures
[seqwish::compact] 316.818 compacting nodes
[seqwish::compact] 322.215 done compacting
[seqwish::compact] 322.345 built node index
[seqwish::links] 322.346 finding graph links
[seqwish::links] 335.118 links derived
[seqwish::gfa] 335.118 writing graph
[seqwish::gfa] 400.078 done
	Command being timed: "/home/guarracino/tools/seqwish/bin/seqwish-ccfefb016fcfc9937817ce61dc06bbcf382be75e -t 48 -s /lizardfs/guarracino/seqwish-paper/athaliana/assemblies/athaliana16.fasta.gz -p /lizardfs/guarracino/seqwish-paper/athaliana/alignment/athaliana16.s100k.l300k.p98.n16.paf -g /scratch/athaliana16.s100k.l300k.p98.n16.k29.B50M.gfa -k 29 -B50M -P"
	User time (seconds): 4003.91
	System time (seconds): 60.20
	Percent of CPU this job got: 1014%
	Elapsed (wall clock) time (h:mm:ss or m:ss): 6:40.48
	Average shared text size (kbytes): 0
	Average unshared data size (kbytes): 0
	Average stack size (kbytes): 0
	Average total size (kbytes): 0
	Maximum resident set size (kbytes): 39130420
	Average resident set size (kbytes): 0
	Major (requiring I/O) page faults: 0
	Minor (reclaiming a frame) page faults: 37835325
	Voluntary context switches: 18364423
	Involuntary context switches: 2279824
	Swaps: 0
	File system inputs: 0
	File system outputs: 20131520
	Socket messages sent: 0
	Socket messages received: 0
	Signals delivered: 0
	Page size (bytes): 4096
	Exit status: 0
