octopus03
[seqwish::seqidx] 0.001 indexing sequences
[seqwish::seqidx] 14.164 index built
[seqwish::alignments] 14.164 processing alignments
[seqwish::alignments] 29.167 indexing
[seqwish::alignments] 38.794 index built
[seqwish::transclosure] 38.796 computing transitive closures
[seqwish::transclosure] 38.916 0.00% 0-50000000 overlap_collect
[seqwish::transclosure] 45.281 0.00% 0-50000000 rank_build
[seqwish::transclosure] 51.958 0.00% 0-50000000 parallel_union_find
[seqwish::transclosure] 55.640 0.00% 0-50000000 dset_write
[seqwish::transclosure] 59.504 0.00% 0-50000000 dset_compression
[seqwish::transclosure] 62.422 0.00% 0-50000000 dset_sort
[seqwish::transclosure] 64.115 0.00% 0-50000000 dset_invert
[seqwish::transclosure] 67.031 0.00% 0-50000000 graph_emission
[seqwish::transclosure] 69.055 31.73% 50000000-100000000 overlap_collect
[seqwish::transclosure] 76.588 31.73% 50000000-100000000 rank_build
[seqwish::transclosure] 83.036 31.73% 50000000-100000000 parallel_union_find
[seqwish::transclosure] 97.534 31.73% 50000000-100000000 dset_write
[seqwish::transclosure] 100.232 31.73% 50000000-100000000 dset_compression
[seqwish::transclosure] 103.267 31.73% 50000000-100000000 dset_sort
[seqwish::transclosure] 104.776 31.73% 50000000-100000000 dset_invert
[seqwish::transclosure] 107.379 31.73% 50000000-100000000 graph_emission
[seqwish::transclosure] 161.600 64.34% 100000000-241901085 overlap_collect
[seqwish::transclosure] 166.808 64.34% 100000000-241901085 rank_build
[seqwish::transclosure] 169.872 64.34% 100000000-241901085 parallel_union_find
[seqwish::transclosure] 174.409 64.34% 100000000-241901085 dset_write
[seqwish::transclosure] 175.965 64.34% 100000000-241901085 dset_compression
[seqwish::transclosure] 177.142 64.34% 100000000-241901085 dset_sort
[seqwish::transclosure] 177.961 64.34% 100000000-241901085 dset_invert
[seqwish::transclosure] 179.167 64.34% 100000000-241901085 graph_emission
[seqwish::transclosure] 243.166 77.63% 241901085-445710271 overlap_collect
[seqwish::transclosure] 248.427 77.63% 241901085-445710271 rank_build
[seqwish::transclosure] 250.359 77.63% 241901085-445710271 parallel_union_find
[seqwish::transclosure] 251.579 77.63% 241901085-445710271 dset_write
[seqwish::transclosure] 252.521 77.63% 241901085-445710271 dset_compression
[seqwish::transclosure] 253.120 77.63% 241901085-445710271 dset_sort
[seqwish::transclosure] 253.539 77.63% 241901085-445710271 dset_invert
[seqwish::transclosure] 254.035 77.63% 241901085-445710271 graph_emission
[seqwish::transclosure] 277.555 84.46% 445872001-634900769 overlap_collect
[seqwish::transclosure] 279.028 84.46% 445872001-634900769 rank_build
[seqwish::transclosure] 280.418 84.46% 445872001-634900769 parallel_union_find
[seqwish::transclosure] 280.643 84.46% 445872001-634900769 dset_write
[seqwish::transclosure] 281.150 84.46% 445872001-634900769 dset_compression
[seqwish::transclosure] 281.451 84.46% 445872001-634900769 dset_sort
[seqwish::transclosure] 281.928 84.46% 445872001-634900769 dset_invert
[seqwish::transclosure] 282.350 84.46% 445872001-634900769 graph_emission
[seqwish::transclosure] 293.840 88.15% 634900769-921035529 overlap_collect
[seqwish::transclosure] 295.151 88.15% 634900769-921035529 rank_build
[seqwish::transclosure] 296.379 88.15% 634900769-921035529 parallel_union_find
[seqwish::transclosure] 296.461 88.15% 634900769-921035529 dset_write
[seqwish::transclosure] 296.879 88.15% 634900769-921035529 dset_compression
[seqwish::transclosure] 297.161 88.15% 634900769-921035529 dset_sort
[seqwish::transclosure] 297.776 88.15% 634900769-921035529 dset_invert
[seqwish::transclosure] 298.107 88.15% 634900769-921035529 graph_emission
[seqwish::transclosure] 304.236 91.15% 921035529-1160449309 overlap_collect
[seqwish::transclosure] 305.318 91.15% 921035529-1160449309 rank_build
[seqwish::transclosure] 306.432 91.15% 921035529-1160449309 parallel_union_find
[seqwish::transclosure] 306.506 91.15% 921035529-1160449309 dset_write
[seqwish::transclosure] 306.896 91.15% 921035529-1160449309 dset_compression
[seqwish::transclosure] 307.109 91.15% 921035529-1160449309 dset_sort
[seqwish::transclosure] 307.587 91.15% 921035529-1160449309 dset_invert
[seqwish::transclosure] 307.882 91.15% 921035529-1160449309 graph_emission
[seqwish::transclosure] 311.062 94.00% 1160449309-1636265235 overlap_collect
[seqwish::transclosure] 312.801 94.00% 1160449309-1636265235 rank_build
[seqwish::transclosure] 313.900 94.00% 1160449309-1636265235 parallel_union_find
[seqwish::transclosure] 313.949 94.00% 1160449309-1636265235 dset_write
[seqwish::transclosure] 314.333 94.00% 1160449309-1636265235 dset_compression
[seqwish::transclosure] 314.549 94.00% 1160449309-1636265235 dset_sort
[seqwish::transclosure] 314.996 94.00% 1160449309-1636265235 dset_invert
[seqwish::transclosure] 315.294 94.00% 1160449309-1636265235 graph_emission
[seqwish::transclosure] 317.613 96.81% 1636265235-1855295838 overlap_collect
[seqwish::transclosure] 318.603 96.81% 1636265235-1855295838 rank_build
[seqwish::transclosure] 319.731 96.81% 1636265235-1855295838 parallel_union_find
[seqwish::transclosure] 319.745 96.81% 1636265235-1855295838 dset_write
[seqwish::transclosure] 319.981 96.81% 1636265235-1855295838 dset_compression
[seqwish::transclosure] 320.170 96.81% 1636265235-1855295838 dset_sort
[seqwish::transclosure] 320.614 96.81% 1636265235-1855295838 dset_invert
[seqwish::transclosure] 320.958 96.81% 1636265235-1855295838 graph_emission
[seqwish::transclosure] 322.814 99.45% 1855295838-1902510751 overlap_collect
[seqwish::transclosure] 323.060 99.45% 1855295838-1902510751 rank_build
[seqwish::transclosure] 323.690 99.45% 1855295838-1902510751 parallel_union_find
[seqwish::transclosure] 323.696 99.45% 1855295838-1902510751 dset_write
[seqwish::transclosure] 323.777 99.45% 1855295838-1902510751 dset_compression
[seqwish::transclosure] 323.828 99.45% 1855295838-1902510751 dset_sort
[seqwish::transclosure] 323.920 99.45% 1855295838-1902510751 dset_invert
[seqwish::transclosure] 324.007 99.45% 1855295838-1902510751 graph_emission
[seqwish::transclosure] 328.193 100.00% building node_iitree and path_iitree indexes
[seqwish::transclosure] 332.570 100.00% done
[seqwish::transclosure] 332.571 done with transitive closures
[seqwish::compact] 332.571 compacting nodes
[seqwish::compact] 339.672 done compacting
[seqwish::compact] 339.816 built node index
[seqwish::links] 339.816 finding graph links
[seqwish::links] 357.065 links derived
[seqwish::gfa] 357.065 writing graph
[seqwish::gfa] 431.686 done
	Command being timed: "/home/guarracino/tools/seqwish/bin/seqwish-ccfefb016fcfc9937817ce61dc06bbcf382be75e -t 48 -s /lizardfs/guarracino/seqwish-paper/athaliana/assemblies/athaliana16.fasta.gz -p /lizardfs/guarracino/seqwish-paper/athaliana/alignment/athaliana16.s100k.l300k.p98.n16.paf -g /scratch/athaliana16.s100k.l300k.p98.n16.k11.B50M.gfa -k 11 -B50M -P"
	User time (seconds): 4616.46
	System time (seconds): 84.45
	Percent of CPU this job got: 1087%
	Elapsed (wall clock) time (h:mm:ss or m:ss): 7:12.12
	Average shared text size (kbytes): 0
	Average unshared data size (kbytes): 0
	Average stack size (kbytes): 0
	Average total size (kbytes): 0
	Maximum resident set size (kbytes): 40529224
	Average resident set size (kbytes): 0
	Major (requiring I/O) page faults: 0
	Minor (reclaiming a frame) page faults: 35582900
	Voluntary context switches: 20394905
	Involuntary context switches: 2516281
	Swaps: 0
	File system inputs: 0
	File system outputs: 24575040
	Socket messages sent: 0
	Socket messages received: 0
	Signals delivered: 0
	Page size (bytes): 4096
	Exit status: 0
