octopus03
[seqwish::seqidx] 0.001 indexing sequences
[seqwish::seqidx] 14.200 index built
[seqwish::alignments] 14.201 processing alignments
[seqwish::alignments] 56.699 indexing
[seqwish::alignments] 82.472 index built
[seqwish::transclosure] 82.473 computing transitive closures
[seqwish::transclosure] 82.593 0.00% 0-50000000 overlap_collect
[seqwish::transclosure] 100.588 0.00% 0-50000000 rank_build
[seqwish::transclosure] 108.769 0.00% 0-50000000 parallel_union_find
[seqwish::transclosure] 114.073 0.00% 0-50000000 dset_write
[seqwish::transclosure] 118.330 0.00% 0-50000000 dset_compression
[seqwish::transclosure] 121.846 0.00% 0-50000000 dset_sort
[seqwish::transclosure] 123.667 0.00% 0-50000000 dset_invert
[seqwish::transclosure] 126.903 0.00% 0-50000000 graph_emission
[seqwish::transclosure] 129.388 37.82% 50000000-100033587 overlap_collect
[seqwish::transclosure] 152.276 37.82% 50000000-100033587 rank_build
[seqwish::transclosure] 162.309 37.82% 50000000-100033587 parallel_union_find
[seqwish::transclosure] 182.494 37.82% 50000000-100033587 dset_write
[seqwish::transclosure] 185.643 37.82% 50000000-100033587 dset_compression
[seqwish::transclosure] 189.185 37.82% 50000000-100033587 dset_sort
[seqwish::transclosure] 190.890 37.82% 50000000-100033587 dset_invert
[seqwish::transclosure] 193.439 37.82% 50000000-100033587 graph_emission
[seqwish::transclosure] 262.047 76.37% 100033587-312674019 overlap_collect
[seqwish::transclosure] 286.586 76.37% 100033587-312674019 rank_build
[seqwish::transclosure] 291.027 76.37% 100033587-312674019 parallel_union_find
[seqwish::transclosure] 299.753 76.37% 100033587-312674019 dset_write
[seqwish::transclosure] 301.994 76.37% 100033587-312674019 dset_compression
[seqwish::transclosure] 303.520 76.37% 100033587-312674019 dset_sort
[seqwish::transclosure] 304.326 76.37% 100033587-312674019 dset_invert
[seqwish::transclosure] 305.690 76.37% 100033587-312674019 graph_emission
[seqwish::transclosure] 378.580 93.77% 312674521-995023890 overlap_collect
[seqwish::transclosure] 386.241 93.77% 312674521-995023890 rank_build
[seqwish::transclosure] 387.694 93.77% 312674521-995023890 parallel_union_find
[seqwish::transclosure] 388.266 93.77% 312674521-995023890 dset_write
[seqwish::transclosure] 388.728 93.77% 312674521-995023890 dset_compression
[seqwish::transclosure] 389.075 93.77% 312674521-995023890 dset_sort
[seqwish::transclosure] 389.448 93.77% 312674521-995023890 dset_invert
[seqwish::transclosure] 389.845 93.77% 312674521-995023890 graph_emission
[seqwish::transclosure] 429.977 97.96% 995024004-1902510751 overlap_collect
[seqwish::transclosure] 433.260 97.96% 995024004-1902510751 rank_build
[seqwish::transclosure] 434.677 97.96% 995024004-1902510751 parallel_union_find
[seqwish::transclosure] 434.715 97.96% 995024004-1902510751 dset_write
[seqwish::transclosure] 434.950 97.96% 995024004-1902510751 dset_compression
[seqwish::transclosure] 435.120 97.96% 995024004-1902510751 dset_sort
[seqwish::transclosure] 435.471 97.96% 995024004-1902510751 dset_invert
[seqwish::transclosure] 435.699 97.96% 995024004-1902510751 graph_emission
[seqwish::transclosure] 445.876 100.00% building node_iitree and path_iitree indexes
[seqwish::transclosure] 461.016 100.00% done
[seqwish::transclosure] 461.017 done with transitive closures
[seqwish::compact] 461.017 compacting nodes
[seqwish::compact] 485.479 done compacting
[seqwish::compact] 485.656 built node index
[seqwish::links] 485.657 finding graph links
[seqwish::links] 530.449 links derived
[seqwish::gfa] 530.449 writing graph
[seqwish::gfa] 641.077 done
	Command being timed: "/home/guarracino/tools/seqwish/bin/seqwish-ccfefb016fcfc9937817ce61dc06bbcf382be75e -t 48 -s /lizardfs/guarracino/seqwish-paper/athaliana/assemblies/athaliana16.fasta.gz -p /lizardfs/guarracino/seqwish-paper/athaliana/alignment/athaliana16.s50k.l150k.p90.n16.paf -g /scratch/athaliana16.s50k.l150k.p90.n16.k0.B50M.gfa -k 0 -B50M -P"
	User time (seconds): 10150.86
	System time (seconds): 159.78
	Percent of CPU this job got: 1605%
	Elapsed (wall clock) time (h:mm:ss or m:ss): 10:42.00
	Average shared text size (kbytes): 0
	Average unshared data size (kbytes): 0
	Average stack size (kbytes): 0
	Average total size (kbytes): 0
	Maximum resident set size (kbytes): 51911776
	Average resident set size (kbytes): 0
	Major (requiring I/O) page faults: 0
	Minor (reclaiming a frame) page faults: 40570392
	Voluntary context switches: 25463416
	Involuntary context switches: 5341292
	Swaps: 0
	File system inputs: 0
	File system outputs: 66424368
	Socket messages sent: 0
	Socket messages received: 0
	Signals delivered: 0
	Page size (bytes): 4096
	Exit status: 0
