octopus03
[seqwish::seqidx] 0.001 indexing sequences
[seqwish::seqidx] 14.093 index built
[seqwish::alignments] 14.094 processing alignments
[seqwish::alignments] 35.259 indexing
[seqwish::alignments] 48.215 index built
[seqwish::transclosure] 48.217 computing transitive closures
[seqwish::transclosure] 48.338 0.00% 0-50000000 overlap_collect
[seqwish::transclosure] 56.908 0.00% 0-50000000 rank_build
[seqwish::transclosure] 61.702 0.00% 0-50000000 parallel_union_find
[seqwish::transclosure] 66.710 0.00% 0-50000000 dset_write
[seqwish::transclosure] 70.624 0.00% 0-50000000 dset_compression
[seqwish::transclosure] 75.392 0.00% 0-50000000 dset_sort
[seqwish::transclosure] 77.832 0.00% 0-50000000 dset_invert
[seqwish::transclosure] 80.555 0.00% 0-50000000 graph_emission
[seqwish::transclosure] 81.931 36.56% 50000000-100012168 overlap_collect
[seqwish::transclosure] 92.499 36.56% 50000000-100012168 rank_build
[seqwish::transclosure] 97.526 36.56% 50000000-100012168 parallel_union_find
[seqwish::transclosure] 117.216 36.56% 50000000-100012168 dset_write
[seqwish::transclosure] 122.159 36.56% 50000000-100012168 dset_compression
[seqwish::transclosure] 125.793 36.56% 50000000-100012168 dset_sort
[seqwish::transclosure] 127.831 36.56% 50000000-100012168 dset_invert
[seqwish::transclosure] 131.081 36.56% 50000000-100012168 graph_emission
[seqwish::transclosure] 194.125 74.01% 100012168-293337566 overlap_collect
[seqwish::transclosure] 205.916 74.01% 100012168-293337566 rank_build
[seqwish::transclosure] 208.569 74.01% 100012168-293337566 parallel_union_find
[seqwish::transclosure] 215.208 74.01% 100012168-293337566 dset_write
[seqwish::transclosure] 216.474 74.01% 100012168-293337566 dset_compression
[seqwish::transclosure] 218.086 74.01% 100012168-293337566 dset_sort
[seqwish::transclosure] 219.053 74.01% 100012168-293337566 dset_invert
[seqwish::transclosure] 220.499 74.01% 100012168-293337566 graph_emission
[seqwish::transclosure] 296.511 91.72% 293337566-821623489 overlap_collect
[seqwish::transclosure] 302.088 91.72% 293337566-821623489 rank_build
[seqwish::transclosure] 303.392 91.72% 293337566-821623489 parallel_union_find
[seqwish::transclosure] 304.348 91.72% 293337566-821623489 dset_write
[seqwish::transclosure] 304.892 91.72% 293337566-821623489 dset_compression
[seqwish::transclosure] 305.313 91.72% 293337566-821623489 dset_sort
[seqwish::transclosure] 305.613 91.72% 293337566-821623489 dset_invert
[seqwish::transclosure] 305.993 91.72% 293337566-821623489 graph_emission
[seqwish::transclosure] 341.934 96.79% 821623489-1811568187 overlap_collect
[seqwish::transclosure] 345.449 96.79% 821623489-1811568187 rank_build
[seqwish::transclosure] 346.379 96.79% 821623489-1811568187 parallel_union_find
[seqwish::transclosure] 346.433 96.79% 821623489-1811568187 dset_write
[seqwish::transclosure] 346.787 96.79% 821623489-1811568187 dset_compression
[seqwish::transclosure] 347.015 96.79% 821623489-1811568187 dset_sort
[seqwish::transclosure] 347.294 96.79% 821623489-1811568187 dset_invert
[seqwish::transclosure] 347.565 96.79% 821623489-1811568187 graph_emission
[seqwish::transclosure] 355.120 99.51% 1811568187-1902510751 overlap_collect
[seqwish::transclosure] 355.490 99.51% 1811568187-1902510751 rank_build
[seqwish::transclosure] 356.019 99.51% 1811568187-1902510751 parallel_union_find
[seqwish::transclosure] 356.026 99.51% 1811568187-1902510751 dset_write
[seqwish::transclosure] 356.086 99.51% 1811568187-1902510751 dset_compression
[seqwish::transclosure] 356.133 99.51% 1811568187-1902510751 dset_sort
[seqwish::transclosure] 356.217 99.51% 1811568187-1902510751 dset_invert
[seqwish::transclosure] 356.280 99.51% 1811568187-1902510751 graph_emission
[seqwish::transclosure] 360.895 100.00% building node_iitree and path_iitree indexes
[seqwish::transclosure] 366.358 100.00% done
[seqwish::transclosure] 366.359 done with transitive closures
[seqwish::compact] 366.359 compacting nodes
[seqwish::compact] 375.339 done compacting
[seqwish::compact] 375.458 built node index
[seqwish::links] 375.459 finding graph links
[seqwish::links] 400.289 links derived
[seqwish::gfa] 400.290 writing graph
[seqwish::gfa] 480.020 done
	Command being timed: "/home/guarracino/tools/seqwish/bin/seqwish-ccfefb016fcfc9937817ce61dc06bbcf382be75e -t 48 -s /lizardfs/guarracino/seqwish-paper/athaliana/assemblies/athaliana16.fasta.gz -p /lizardfs/guarracino/seqwish-paper/athaliana/alignment/athaliana16.s50k.l150k.p90.n16.paf -g /scratch/athaliana16.s50k.l150k.p90.n16.k29.B50M.gfa -k 29 -B50M -P"
	User time (seconds): 6141.08
	System time (seconds): 87.18
	Percent of CPU this job got: 1296%
	Elapsed (wall clock) time (h:mm:ss or m:ss): 8:00.53
	Average shared text size (kbytes): 0
	Average unshared data size (kbytes): 0
	Average stack size (kbytes): 0
	Average total size (kbytes): 0
	Maximum resident set size (kbytes): 46789760
	Average resident set size (kbytes): 0
	Major (requiring I/O) page faults: 0
	Minor (reclaiming a frame) page faults: 24803729
	Voluntary context switches: 21542937
	Involuntary context switches: 3705067
	Swaps: 0
	File system inputs: 0
	File system outputs: 31073720
	Socket messages sent: 0
	Socket messages received: 0
	Signals delivered: 0
	Page size (bytes): 4096
	Exit status: 0
