octopus03
[seqwish::seqidx] 0.001 indexing sequences
[seqwish::seqidx] 14.143 index built
[seqwish::alignments] 14.143 processing alignments
[seqwish::alignments] 31.570 indexing
[seqwish::alignments] 41.996 index built
[seqwish::transclosure] 41.997 computing transitive closures
[seqwish::transclosure] 42.119 0.00% 0-50000000 overlap_collect
[seqwish::transclosure] 49.553 0.00% 0-50000000 rank_build
[seqwish::transclosure] 54.489 0.00% 0-50000000 parallel_union_find
[seqwish::transclosure] 59.009 0.00% 0-50000000 dset_write
[seqwish::transclosure] 61.532 0.00% 0-50000000 dset_compression
[seqwish::transclosure] 64.811 0.00% 0-50000000 dset_sort
[seqwish::transclosure] 66.363 0.00% 0-50000000 dset_invert
[seqwish::transclosure] 69.324 0.00% 0-50000000 graph_emission
[seqwish::transclosure] 70.583 36.16% 50000000-100030178 overlap_collect
[seqwish::transclosure] 78.387 36.16% 50000000-100030178 rank_build
[seqwish::transclosure] 85.233 36.16% 50000000-100030178 parallel_union_find
[seqwish::transclosure] 102.920 36.16% 50000000-100030178 dset_write
[seqwish::transclosure] 107.206 36.16% 50000000-100030178 dset_compression
[seqwish::transclosure] 110.421 36.16% 50000000-100030178 dset_sort
[seqwish::transclosure] 112.136 36.16% 50000000-100030178 dset_invert
[seqwish::transclosure] 114.599 36.16% 50000000-100030178 graph_emission
[seqwish::transclosure] 181.729 73.12% 100030178-305285559 overlap_collect
[seqwish::transclosure] 191.467 73.12% 100030178-305285559 rank_build
[seqwish::transclosure] 194.987 73.12% 100030178-305285559 parallel_union_find
[seqwish::transclosure] 199.906 73.12% 100030178-305285559 dset_write
[seqwish::transclosure] 201.888 73.12% 100030178-305285559 dset_compression
[seqwish::transclosure] 203.470 73.12% 100030178-305285559 dset_sort
[seqwish::transclosure] 204.363 73.12% 100030178-305285559 dset_invert
[seqwish::transclosure] 205.729 73.12% 100030178-305285559 graph_emission
[seqwish::transclosure] 287.047 90.70% 305285559-769295301 overlap_collect
[seqwish::transclosure] 292.080 90.70% 305285559-769295301 rank_build
[seqwish::transclosure] 293.711 90.70% 305285559-769295301 parallel_union_find
[seqwish::transclosure] 294.250 90.70% 305285559-769295301 dset_write
[seqwish::transclosure] 294.674 90.70% 305285559-769295301 dset_compression
[seqwish::transclosure] 295.102 90.70% 305285559-769295301 dset_sort
[seqwish::transclosure] 295.421 90.70% 305285559-769295301 dset_invert
[seqwish::transclosure] 295.837 90.70% 305285559-769295301 graph_emission
[seqwish::transclosure] 333.566 95.86% 769613191-1637022270 overlap_collect
[seqwish::transclosure] 336.843 95.86% 769613191-1637022270 rank_build
[seqwish::transclosure] 338.075 95.86% 769613191-1637022270 parallel_union_find
[seqwish::transclosure] 338.174 95.86% 769613191-1637022270 dset_write
[seqwish::transclosure] 338.395 95.86% 769613191-1637022270 dset_compression
[seqwish::transclosure] 338.614 95.86% 769613191-1637022270 dset_sort
[seqwish::transclosure] 338.913 95.86% 769613191-1637022270 dset_invert
[seqwish::transclosure] 339.199 95.86% 769613191-1637022270 graph_emission
[seqwish::transclosure] 347.644 98.73% 1637022270-1902510751 overlap_collect
[seqwish::transclosure] 348.765 98.73% 1637022270-1902510751 rank_build
[seqwish::transclosure] 350.303 98.73% 1637022270-1902510751 parallel_union_find
[seqwish::transclosure] 350.314 98.73% 1637022270-1902510751 dset_write
[seqwish::transclosure] 350.450 98.73% 1637022270-1902510751 dset_compression
[seqwish::transclosure] 350.551 98.73% 1637022270-1902510751 dset_sort
[seqwish::transclosure] 350.707 98.73% 1637022270-1902510751 dset_invert
[seqwish::transclosure] 350.846 98.73% 1637022270-1902510751 graph_emission
[seqwish::transclosure] 356.190 100.00% building node_iitree and path_iitree indexes
[seqwish::transclosure] 361.396 100.00% done
[seqwish::transclosure] 361.397 done with transitive closures
[seqwish::compact] 361.397 compacting nodes
[seqwish::compact] 369.768 done compacting
[seqwish::compact] 369.882 built node index
[seqwish::links] 369.882 finding graph links
[seqwish::links] 391.594 links derived
[seqwish::gfa] 391.595 writing graph
[seqwish::gfa] 468.376 done
	Command being timed: "/home/guarracino/tools/seqwish/bin/seqwish-ccfefb016fcfc9937817ce61dc06bbcf382be75e -t 48 -s /lizardfs/guarracino/seqwish-paper/athaliana/assemblies/athaliana16.fasta.gz -p /lizardfs/guarracino/seqwish-paper/athaliana/alignment/athaliana16.s20k.l60k.p95.n16.paf -g /scratch/athaliana16.s20k.l60k.p95.n16.k29.B50M.gfa -k 29 -B50M -P"
	User time (seconds): 5491.12
	System time (seconds): 60.67
	Percent of CPU this job got: 1184%
	Elapsed (wall clock) time (h:mm:ss or m:ss): 7:48.90
	Average shared text size (kbytes): 0
	Average unshared data size (kbytes): 0
	Average stack size (kbytes): 0
	Average total size (kbytes): 0
	Maximum resident set size (kbytes): 45554548
	Average resident set size (kbytes): 0
	Major (requiring I/O) page faults: 0
	Minor (reclaiming a frame) page faults: 15756227
	Voluntary context switches: 19946909
	Involuntary context switches: 3082885
	Swaps: 0
	File system inputs: 0
	File system outputs: 23171560
	Socket messages sent: 0
	Socket messages received: 0
	Signals delivered: 0
	Page size (bytes): 4096
	Exit status: 0
