octopus10
[seqwish::seqidx] 0.001 indexing sequences
[seqwish::seqidx] 13.967 index built
[seqwish::alignments] 13.968 processing alignments
[seqwish::alignments] 27.628 indexing
[seqwish::alignments] 36.376 index built
[seqwish::transclosure] 36.378 computing transitive closures
[seqwish::transclosure] 36.499 0.00% 0-50000000 overlap_collect
[seqwish::transclosure] 43.212 0.00% 0-50000000 rank_build
[seqwish::transclosure] 47.908 0.00% 0-50000000 parallel_union_find
[seqwish::transclosure] 52.297 0.00% 0-50000000 dset_write
[seqwish::transclosure] 55.819 0.00% 0-50000000 dset_compression
[seqwish::transclosure] 59.002 0.00% 0-50000000 dset_sort
[seqwish::transclosure] 60.537 0.00% 0-50000000 dset_invert
[seqwish::transclosure] 63.395 0.00% 0-50000000 graph_emission
[seqwish::transclosure] 64.665 35.36% 50000000-100025251 overlap_collect
[seqwish::transclosure] 72.315 35.36% 50000000-100025251 rank_build
[seqwish::transclosure] 78.190 35.36% 50000000-100025251 parallel_union_find
[seqwish::transclosure] 82.887 35.36% 50000000-100025251 dset_write
[seqwish::transclosure] 86.874 35.36% 50000000-100025251 dset_compression
[seqwish::transclosure] 89.954 35.36% 50000000-100025251 dset_sort
[seqwish::transclosure] 91.517 35.36% 50000000-100025251 dset_invert
[seqwish::transclosure] 96.036 35.36% 50000000-100025251 graph_emission
[seqwish::transclosure] 158.309 71.58% 100025251-288391462 overlap_collect
[seqwish::transclosure] 165.669 71.58% 100025251-288391462 rank_build
[seqwish::transclosure] 168.145 71.58% 100025251-288391462 parallel_union_find
[seqwish::transclosure] 169.793 71.58% 100025251-288391462 dset_write
[seqwish::transclosure] 171.357 71.58% 100025251-288391462 dset_compression
[seqwish::transclosure] 172.859 71.58% 100025251-288391462 dset_sort
[seqwish::transclosure] 173.724 71.58% 100025251-288391462 dset_invert
[seqwish::transclosure] 175.033 71.58% 100025251-288391462 graph_emission
[seqwish::transclosure] 249.775 88.85% 288391462-651787026 overlap_collect
[seqwish::transclosure] 253.808 88.85% 288391462-651787026 rank_build
[seqwish::transclosure] 255.032 88.85% 288391462-651787026 parallel_union_find
[seqwish::transclosure] 255.341 88.85% 288391462-651787026 dset_write
[seqwish::transclosure] 255.713 88.85% 288391462-651787026 dset_compression
[seqwish::transclosure] 256.222 88.85% 288391462-651787026 dset_sort
[seqwish::transclosure] 256.572 88.85% 288391462-651787026 dset_invert
[seqwish::transclosure] 257.064 88.85% 288391462-651787026 graph_emission
[seqwish::transclosure] 292.937 94.97% 651787253-1493817222 overlap_collect
[seqwish::transclosure] 295.855 94.97% 651787253-1493817222 rank_build
[seqwish::transclosure] 296.645 94.97% 651787253-1493817222 parallel_union_find
[seqwish::transclosure] 296.698 94.97% 651787253-1493817222 dset_write
[seqwish::transclosure] 296.888 94.97% 651787253-1493817222 dset_compression
[seqwish::transclosure] 297.123 94.97% 651787253-1493817222 dset_sort
[seqwish::transclosure] 297.416 94.97% 651787253-1493817222 dset_invert
[seqwish::transclosure] 297.715 94.97% 651787253-1493817222 graph_emission
[seqwish::transclosure] 308.381 97.98% 1493817222-1902510751 overlap_collect
[seqwish::transclosure] 309.921 97.98% 1493817222-1902510751 rank_build
[seqwish::transclosure] 310.719 97.98% 1493817222-1902510751 parallel_union_find
[seqwish::transclosure] 310.736 97.98% 1493817222-1902510751 dset_write
[seqwish::transclosure] 310.862 97.98% 1493817222-1902510751 dset_compression
[seqwish::transclosure] 311.021 97.98% 1493817222-1902510751 dset_sort
[seqwish::transclosure] 311.244 97.98% 1493817222-1902510751 dset_invert
[seqwish::transclosure] 311.493 97.98% 1493817222-1902510751 graph_emission
[seqwish::transclosure] 317.799 100.00% building node_iitree and path_iitree indexes
[seqwish::transclosure] 322.023 100.00% done
[seqwish::transclosure] 322.025 done with transitive closures
[seqwish::compact] 322.025 compacting nodes
[seqwish::compact] 328.530 done compacting
[seqwish::compact] 328.631 built node index
[seqwish::links] 328.631 finding graph links
[seqwish::links] 346.174 links derived
[seqwish::gfa] 346.174 writing graph
[seqwish::gfa] 415.518 done
	Command being timed: "/home/guarracino/tools/seqwish/bin/seqwish-ccfefb016fcfc9937817ce61dc06bbcf382be75e -t 48 -s /lizardfs/guarracino/seqwish-paper/athaliana/assemblies/athaliana16.fasta.gz -p /lizardfs/guarracino/seqwish-paper/athaliana/alignment/athaliana16.s20k.l60k.p95.n16.paf -g /scratch/athaliana16.s20k.l60k.p95.n16.k49.B50M.gfa -k 49 -B50M -P"
	User time (seconds): 3961.87
	System time (seconds): 94.73
	Percent of CPU this job got: 975%
	Elapsed (wall clock) time (h:mm:ss or m:ss): 6:56.02
	Average shared text size (kbytes): 0
	Average unshared data size (kbytes): 0
	Average stack size (kbytes): 0
	Average total size (kbytes): 0
	Maximum resident set size (kbytes): 44133184
	Average resident set size (kbytes): 0
	Major (requiring I/O) page faults: 0
	Minor (reclaiming a frame) page faults: 21570836
	Voluntary context switches: 17689089
	Involuntary context switches: 1738881
	Swaps: 0
	File system inputs: 0
	File system outputs: 22441752
	Socket messages sent: 0
	Socket messages received: 0
	Signals delivered: 0
	Page size (bytes): 4096
	Exit status: 0
