octopus03
[seqwish::seqidx] 0.001 indexing sequences
[seqwish::seqidx] 14.226 index built
[seqwish::alignments] 14.226 processing alignments
[seqwish::alignments] 16.947 indexing
[seqwish::alignments] 19.848 index built
[seqwish::transclosure] 19.850 computing transitive closures
[seqwish::transclosure] 19.972 0.00% 0-50000000 overlap_collect
[seqwish::transclosure] 23.837 0.00% 0-50000000 rank_build
[seqwish::transclosure] 27.534 0.00% 0-50000000 parallel_union_find
[seqwish::transclosure] 30.032 0.00% 0-50000000 dset_write
[seqwish::transclosure] 31.747 0.00% 0-50000000 dset_compression
[seqwish::transclosure] 34.024 0.00% 0-50000000 dset_sort
[seqwish::transclosure] 35.224 0.00% 0-50000000 dset_invert
[seqwish::transclosure] 37.213 0.00% 0-50000000 graph_emission
[seqwish::transclosure] 38.159 25.94% 50000000-100000000 overlap_collect
[seqwish::transclosure] 42.276 25.94% 50000000-100000000 rank_build
[seqwish::transclosure] 46.298 25.94% 50000000-100000000 parallel_union_find
[seqwish::transclosure] 49.071 25.94% 50000000-100000000 dset_write
[seqwish::transclosure] 51.880 25.94% 50000000-100000000 dset_compression
[seqwish::transclosure] 55.243 25.94% 50000000-100000000 dset_sort
[seqwish::transclosure] 56.556 25.94% 50000000-100000000 dset_invert
[seqwish::transclosure] 58.667 25.94% 50000000-100000000 graph_emission
[seqwish::transclosure] 101.059 53.62% 100000000-243356675 overlap_collect
[seqwish::transclosure] 102.904 53.62% 100000000-243356675 rank_build
[seqwish::transclosure] 104.743 53.62% 100000000-243356675 parallel_union_find
[seqwish::transclosure] 105.691 53.62% 100000000-243356675 dset_write
[seqwish::transclosure] 106.502 53.62% 100000000-243356675 dset_compression
[seqwish::transclosure] 107.573 53.62% 100000000-243356675 dset_sort
[seqwish::transclosure] 108.186 53.62% 100000000-243356675 dset_invert
[seqwish::transclosure] 109.216 53.62% 100000000-243356675 graph_emission
[seqwish::transclosure] 168.134 66.08% 243356675-379518859 overlap_collect
[seqwish::transclosure] 169.996 66.08% 243356675-379518859 rank_build
[seqwish::transclosure] 171.666 66.08% 243356675-379518859 parallel_union_find
[seqwish::transclosure] 172.221 66.08% 243356675-379518859 dset_write
[seqwish::transclosure] 172.827 66.08% 243356675-379518859 dset_compression
[seqwish::transclosure] 173.740 66.08% 243356675-379518859 dset_sort
[seqwish::transclosure] 174.255 66.08% 243356675-379518859 dset_invert
[seqwish::transclosure] 175.181 66.08% 243356675-379518859 graph_emission
[seqwish::transclosure] 196.872 76.78% 379518873-571555440 overlap_collect
[seqwish::transclosure] 197.933 76.78% 379518873-571555440 rank_build
[seqwish::transclosure] 199.063 76.78% 379518873-571555440 parallel_union_find
[seqwish::transclosure] 199.270 76.78% 379518873-571555440 dset_write
[seqwish::transclosure] 199.614 76.78% 379518873-571555440 dset_compression
[seqwish::transclosure] 200.033 76.78% 379518873-571555440 dset_sort
[seqwish::transclosure] 200.464 76.78% 379518873-571555440 dset_invert
[seqwish::transclosure] 201.000 76.78% 379518873-571555440 graph_emission
[seqwish::transclosure] 220.420 82.04% 571555440-676606737 overlap_collect
[seqwish::transclosure] 221.079 82.04% 571555440-676606737 rank_build
[seqwish::transclosure] 221.874 82.04% 571555440-676606737 parallel_union_find
[seqwish::transclosure] 221.922 82.04% 571555440-676606737 dset_write
[seqwish::transclosure] 222.161 82.04% 571555440-676606737 dset_compression
[seqwish::transclosure] 222.409 82.04% 571555440-676606737 dset_sort
[seqwish::transclosure] 222.742 82.04% 571555440-676606737 dset_invert
[seqwish::transclosure] 223.083 82.04% 571555440-676606737 graph_emission
[seqwish::transclosure] 232.899 85.18% 676606737-936615398 overlap_collect
[seqwish::transclosure] 234.020 85.18% 676606737-936615398 rank_build
[seqwish::transclosure] 234.955 85.18% 676606737-936615398 parallel_union_find
[seqwish::transclosure] 235.025 85.18% 676606737-936615398 dset_write
[seqwish::transclosure] 235.232 85.18% 676606737-936615398 dset_compression
[seqwish::transclosure] 235.495 85.18% 676606737-936615398 dset_sort
[seqwish::transclosure] 235.841 85.18% 676606737-936615398 dset_invert
[seqwish::transclosure] 236.183 85.18% 676606737-936615398 graph_emission
[seqwish::transclosure] 239.926 88.44% 936615398-1115724049 overlap_collect
[seqwish::transclosure] 240.753 88.44% 936615398-1115724049 rank_build
[seqwish::transclosure] 241.684 88.44% 936615398-1115724049 parallel_union_find
[seqwish::transclosure] 241.743 88.44% 936615398-1115724049 dset_write
[seqwish::transclosure] 241.941 88.44% 936615398-1115724049 dset_compression
[seqwish::transclosure] 242.189 88.44% 936615398-1115724049 dset_sort
[seqwish::transclosure] 242.514 88.44% 936615398-1115724049 dset_invert
[seqwish::transclosure] 242.904 88.44% 936615398-1115724049 graph_emission
[seqwish::transclosure] 247.656 91.56% 1115724049-1544753523 overlap_collect
[seqwish::transclosure] 249.166 91.56% 1115724049-1544753523 rank_build
[seqwish::transclosure] 249.984 91.56% 1115724049-1544753523 parallel_union_find
[seqwish::transclosure] 250.032 91.56% 1115724049-1544753523 dset_write
[seqwish::transclosure] 250.198 91.56% 1115724049-1544753523 dset_compression
[seqwish::transclosure] 250.427 91.56% 1115724049-1544753523 dset_sort
[seqwish::transclosure] 250.754 91.56% 1115724049-1544753523 dset_invert
[seqwish::transclosure] 251.106 91.56% 1115724049-1544753523 graph_emission
[seqwish::transclosure] 254.179 94.43% 1544754453-1719493359 overlap_collect
[seqwish::transclosure] 254.999 94.43% 1544754453-1719493359 rank_build
[seqwish::transclosure] 255.834 94.43% 1544754453-1719493359 parallel_union_find
[seqwish::transclosure] 255.867 94.43% 1544754453-1719493359 dset_write
[seqwish::transclosure] 256.033 94.43% 1544754453-1719493359 dset_compression
[seqwish::transclosure] 256.236 94.43% 1544754453-1719493359 dset_sort
[seqwish::transclosure] 256.526 94.43% 1544754453-1719493359 dset_invert
[seqwish::transclosure] 256.788 94.43% 1544754453-1719493359 graph_emission
[seqwish::transclosure] 259.731 97.11% 1719493359-1886564264 overlap_collect
[seqwish::transclosure] 260.511 97.11% 1719493359-1886564264 rank_build
[seqwish::transclosure] 261.430 97.11% 1719493359-1886564264 parallel_union_find
[seqwish::transclosure] 261.442 97.11% 1719493359-1886564264 dset_write
[seqwish::transclosure] 261.612 97.11% 1719493359-1886564264 dset_compression
[seqwish::transclosure] 261.804 97.11% 1719493359-1886564264 dset_sort
[seqwish::transclosure] 262.093 97.11% 1719493359-1886564264 dset_invert
[seqwish::transclosure] 262.365 97.11% 1719493359-1886564264 graph_emission
[seqwish::transclosure] 264.267 99.74% 1886564264-1902510751 overlap_collect
[seqwish::transclosure] 264.392 99.74% 1886564264-1902510751 rank_build
[seqwish::transclosure] 264.922 99.74% 1886564264-1902510751 parallel_union_find
[seqwish::transclosure] 264.929 99.74% 1886564264-1902510751 dset_write
[seqwish::transclosure] 264.953 99.74% 1886564264-1902510751 dset_compression
[seqwish::transclosure] 264.983 99.74% 1886564264-1902510751 dset_sort
[seqwish::transclosure] 265.027 99.74% 1886564264-1902510751 dset_invert
[seqwish::transclosure] 265.068 99.74% 1886564264-1902510751 graph_emission
[seqwish::transclosure] 269.035 100.00% building node_iitree and path_iitree indexes
[seqwish::transclosure] 270.148 100.00% done
[seqwish::transclosure] 270.149 done with transitive closures
[seqwish::compact] 270.150 compacting nodes
[seqwish::compact] 272.193 done compacting
[seqwish::compact] 272.302 built node index
[seqwish::links] 272.303 finding graph links
[seqwish::links] 276.750 links derived
[seqwish::gfa] 276.750 writing graph
[seqwish::gfa] 343.550 done
	Command being timed: "/home/guarracino/tools/seqwish/bin/seqwish-ccfefb016fcfc9937817ce61dc06bbcf382be75e -t 48 -s /lizardfs/guarracino/seqwish-paper/athaliana/assemblies/athaliana16.fasta.gz -p /lizardfs/guarracino/seqwish-paper/athaliana/alignment/athaliana16.s20k.l60k.p98.n16.paf -g /scratch/athaliana16.s20k.l60k.p98.n16.k311.B50M.gfa -k 311 -B50M -P"
	User time (seconds): 1952.65
	System time (seconds): 52.89
	Percent of CPU this job got: 583%
	Elapsed (wall clock) time (h:mm:ss or m:ss): 5:43.84
	Average shared text size (kbytes): 0
	Average unshared data size (kbytes): 0
	Average stack size (kbytes): 0
	Average total size (kbytes): 0
	Maximum resident set size (kbytes): 32809360
	Average resident set size (kbytes): 0
	Major (requiring I/O) page faults: 0
	Minor (reclaiming a frame) page faults: 11130809
	Voluntary context switches: 16376261
	Involuntary context switches: 1004526
	Swaps: 0
	File system inputs: 0
	File system outputs: 9349128
	Socket messages sent: 0
	Socket messages received: 0
	Signals delivered: 0
	Page size (bytes): 4096
	Exit status: 0
