octopus03
[seqwish::seqidx] 0.001 indexing sequences
[seqwish::seqidx] 14.142 index built
[seqwish::alignments] 14.142 processing alignments
[seqwish::alignments] 24.484 indexing
[seqwish::alignments] 32.562 index built
[seqwish::transclosure] 32.564 computing transitive closures
[seqwish::transclosure] 32.684 0.00% 0-50000000 overlap_collect
[seqwish::transclosure] 38.963 0.00% 0-50000000 rank_build
[seqwish::transclosure] 43.566 0.00% 0-50000000 parallel_union_find
[seqwish::transclosure] 47.751 0.00% 0-50000000 dset_write
[seqwish::transclosure] 50.831 0.00% 0-50000000 dset_compression
[seqwish::transclosure] 53.874 0.00% 0-50000000 dset_sort
[seqwish::transclosure] 55.336 0.00% 0-50000000 dset_invert
[seqwish::transclosure] 58.058 0.00% 0-50000000 graph_emission
[seqwish::transclosure] 59.292 34.24% 50000000-100020775 overlap_collect
[seqwish::transclosure] 65.073 34.24% 50000000-100020775 rank_build
[seqwish::transclosure] 69.938 34.24% 50000000-100020775 parallel_union_find
[seqwish::transclosure] 86.577 34.24% 50000000-100020775 dset_write
[seqwish::transclosure] 90.474 34.24% 50000000-100020775 dset_compression
[seqwish::transclosure] 93.436 34.24% 50000000-100020775 dset_sort
[seqwish::transclosure] 95.054 34.24% 50000000-100020775 dset_invert
[seqwish::transclosure] 97.702 34.24% 50000000-100020775 graph_emission
[seqwish::transclosure] 167.195 69.43% 100020775-276548950 overlap_collect
[seqwish::transclosure] 172.303 69.43% 100020775-276548950 rank_build
[seqwish::transclosure] 174.696 69.43% 100020775-276548950 parallel_union_find
[seqwish::transclosure] 181.022 69.43% 100020775-276548950 dset_write
[seqwish::transclosure] 182.414 69.43% 100020775-276548950 dset_compression
[seqwish::transclosure] 183.883 69.43% 100020775-276548950 dset_sort
[seqwish::transclosure] 184.648 69.43% 100020775-276548950 dset_invert
[seqwish::transclosure] 185.955 69.43% 100020775-276548950 graph_emission
[seqwish::transclosure] 264.007 86.23% 276548950-588127245 overlap_collect
[seqwish::transclosure] 267.728 86.23% 276548950-588127245 rank_build
[seqwish::transclosure] 269.052 86.23% 276548950-588127245 parallel_union_find
[seqwish::transclosure] 270.095 86.23% 276548950-588127245 dset_write
[seqwish::transclosure] 270.721 86.23% 276548950-588127245 dset_compression
[seqwish::transclosure] 271.293 86.23% 276548950-588127245 dset_sort
[seqwish::transclosure] 271.666 86.23% 276548950-588127245 dset_invert
[seqwish::transclosure] 272.233 86.23% 276548950-588127245 graph_emission
[seqwish::transclosure] 305.134 93.14% 588127245-1068836710 overlap_collect
[seqwish::transclosure] 307.159 93.14% 588127245-1068836710 rank_build
[seqwish::transclosure] 308.114 93.14% 588127245-1068836710 parallel_union_find
[seqwish::transclosure] 308.328 93.14% 588127245-1068836710 dset_write
[seqwish::transclosure] 308.620 93.14% 588127245-1068836710 dset_compression
[seqwish::transclosure] 308.900 93.14% 588127245-1068836710 dset_sort
[seqwish::transclosure] 309.228 93.14% 588127245-1068836710 dset_invert
[seqwish::transclosure] 309.617 93.14% 588127245-1068836710 graph_emission
[seqwish::transclosure] 322.982 96.57% 1068836793-1808830267 overlap_collect
[seqwish::transclosure] 325.475 96.57% 1068836793-1808830267 rank_build
[seqwish::transclosure] 326.320 96.57% 1068836793-1808830267 parallel_union_find
[seqwish::transclosure] 326.386 96.57% 1068836793-1808830267 dset_write
[seqwish::transclosure] 326.607 96.57% 1068836793-1808830267 dset_compression
[seqwish::transclosure] 326.822 96.57% 1068836793-1808830267 dset_sort
[seqwish::transclosure] 327.124 96.57% 1068836793-1808830267 dset_invert
[seqwish::transclosure] 327.467 96.57% 1068836793-1808830267 graph_emission
[seqwish::transclosure] 330.535 99.29% 1808830267-1902510751 overlap_collect
[seqwish::transclosure] 330.930 99.29% 1808830267-1902510751 rank_build
[seqwish::transclosure] 331.496 99.29% 1808830267-1902510751 parallel_union_find
[seqwish::transclosure] 331.503 99.29% 1808830267-1902510751 dset_write
[seqwish::transclosure] 331.610 99.29% 1808830267-1902510751 dset_compression
[seqwish::transclosure] 331.671 99.29% 1808830267-1902510751 dset_sort
[seqwish::transclosure] 331.761 99.29% 1808830267-1902510751 dset_invert
[seqwish::transclosure] 331.844 99.29% 1808830267-1902510751 graph_emission
[seqwish::transclosure] 336.057 100.00% building node_iitree and path_iitree indexes
[seqwish::transclosure] 339.687 100.00% done
[seqwish::transclosure] 339.688 done with transitive closures
[seqwish::compact] 339.688 compacting nodes
[seqwish::compact] 344.985 done compacting
[seqwish::compact] 345.111 built node index
[seqwish::links] 345.111 finding graph links
[seqwish::links] 359.008 links derived
[seqwish::gfa] 359.009 writing graph
[seqwish::gfa] 428.432 done
	Command being timed: "/home/guarracino/tools/seqwish/bin/seqwish-ccfefb016fcfc9937817ce61dc06bbcf382be75e -t 48 -s /lizardfs/guarracino/seqwish-paper/athaliana/assemblies/athaliana16.fasta.gz -p /lizardfs/guarracino/seqwish-paper/athaliana/alignment/athaliana16.s20k.l60k.p95.n16.paf -g /scratch/athaliana16.s20k.l60k.p95.n16.k79.B50M.gfa -k 79 -B50M -P"
	User time (seconds): 4264.59
	System time (seconds): 70.09
	Percent of CPU this job got: 1010%
	Elapsed (wall clock) time (h:mm:ss or m:ss): 7:08.87
	Average shared text size (kbytes): 0
	Average unshared data size (kbytes): 0
	Average stack size (kbytes): 0
	Average total size (kbytes): 0
	Maximum resident set size (kbytes): 42385496
	Average resident set size (kbytes): 0
	Major (requiring I/O) page faults: 0
	Minor (reclaiming a frame) page faults: 14523938
	Voluntary context switches: 18694048
	Involuntary context switches: 2633147
	Swaps: 0
	File system inputs: 0
	File system outputs: 18322600
	Socket messages sent: 0
	Socket messages received: 0
	Signals delivered: 0
	Page size (bytes): 4096
	Exit status: 0
