octopus03
[seqwish::seqidx] 0.001 indexing sequences
[seqwish::seqidx] 14.142 index built
[seqwish::alignments] 14.143 processing alignments
[seqwish::alignments] 22.999 indexing
[seqwish::alignments] 28.958 index built
[seqwish::transclosure] 28.960 computing transitive closures
[seqwish::transclosure] 29.081 0.00% 0-50000000 overlap_collect
[seqwish::transclosure] 34.317 0.00% 0-50000000 rank_build
[seqwish::transclosure] 40.107 0.00% 0-50000000 parallel_union_find
[seqwish::transclosure] 43.780 0.00% 0-50000000 dset_write
[seqwish::transclosure] 45.706 0.00% 0-50000000 dset_compression
[seqwish::transclosure] 48.488 0.00% 0-50000000 dset_sort
[seqwish::transclosure] 49.790 0.00% 0-50000000 dset_invert
[seqwish::transclosure] 52.211 0.00% 0-50000000 graph_emission
[seqwish::transclosure] 53.664 30.68% 50000000-100000000 overlap_collect
[seqwish::transclosure] 59.296 30.68% 50000000-100000000 rank_build
[seqwish::transclosure] 65.058 30.68% 50000000-100000000 parallel_union_find
[seqwish::transclosure] 69.080 30.68% 50000000-100000000 dset_write
[seqwish::transclosure] 71.945 30.68% 50000000-100000000 dset_compression
[seqwish::transclosure] 74.820 30.68% 50000000-100000000 dset_sort
[seqwish::transclosure] 76.290 30.68% 50000000-100000000 dset_invert
[seqwish::transclosure] 78.852 30.68% 50000000-100000000 graph_emission
[seqwish::transclosure] 128.382 62.33% 100000000-234816498 overlap_collect
[seqwish::transclosure] 131.086 62.33% 100000000-234816498 rank_build
[seqwish::transclosure] 133.945 62.33% 100000000-234816498 parallel_union_find
[seqwish::transclosure] 135.065 62.33% 100000000-234816498 dset_write
[seqwish::transclosure] 136.474 62.33% 100000000-234816498 dset_compression
[seqwish::transclosure] 137.570 62.33% 100000000-234816498 dset_sort
[seqwish::transclosure] 138.262 62.33% 100000000-234816498 dset_invert
[seqwish::transclosure] 139.507 62.33% 100000000-234816498 graph_emission
[seqwish::transclosure] 204.202 75.15% 234816498-414756978 overlap_collect
[seqwish::transclosure] 207.890 75.15% 234816498-414756978 rank_build
[seqwish::transclosure] 209.668 75.15% 234816498-414756978 parallel_union_find
[seqwish::transclosure] 210.086 75.15% 234816498-414756978 dset_write
[seqwish::transclosure] 211.030 75.15% 234816498-414756978 dset_compression
[seqwish::transclosure] 211.686 75.15% 234816498-414756978 dset_sort
[seqwish::transclosure] 212.166 75.15% 234816498-414756978 dset_invert
[seqwish::transclosure] 212.904 75.15% 234816498-414756978 graph_emission
[seqwish::transclosure] 234.512 83.06% 414756978-608924298 overlap_collect
[seqwish::transclosure] 235.759 83.06% 414756978-608924298 rank_build
[seqwish::transclosure] 236.831 83.06% 414756978-608924298 parallel_union_find
[seqwish::transclosure] 236.924 83.06% 414756978-608924298 dset_write
[seqwish::transclosure] 237.363 83.06% 414756978-608924298 dset_compression
[seqwish::transclosure] 237.679 83.06% 414756978-608924298 dset_sort
[seqwish::transclosure] 238.148 83.06% 414756978-608924298 dset_invert
[seqwish::transclosure] 238.590 83.06% 414756978-608924298 graph_emission
[seqwish::transclosure] 252.567 87.05% 608924298-889716131 overlap_collect
[seqwish::transclosure] 253.891 87.05% 608924298-889716131 rank_build
[seqwish::transclosure] 254.909 87.05% 608924298-889716131 parallel_union_find
[seqwish::transclosure] 254.942 87.05% 608924298-889716131 dset_write
[seqwish::transclosure] 255.299 87.05% 608924298-889716131 dset_compression
[seqwish::transclosure] 255.534 87.05% 608924298-889716131 dset_sort
[seqwish::transclosure] 256.020 87.05% 608924298-889716131 dset_invert
[seqwish::transclosure] 256.486 87.05% 608924298-889716131 graph_emission
[seqwish::transclosure] 263.157 90.08% 889716131-1116022260 overlap_collect
[seqwish::transclosure] 264.224 90.08% 889716131-1116022260 rank_build
[seqwish::transclosure] 265.129 90.08% 889716131-1116022260 parallel_union_find
[seqwish::transclosure] 265.166 90.08% 889716131-1116022260 dset_write
[seqwish::transclosure] 265.493 90.08% 889716131-1116022260 dset_compression
[seqwish::transclosure] 265.740 90.08% 889716131-1116022260 dset_sort
[seqwish::transclosure] 266.214 90.08% 889716131-1116022260 dset_invert
[seqwish::transclosure] 266.537 90.08% 889716131-1116022260 graph_emission
[seqwish::transclosure] 270.356 93.07% 1116022260-1566793281 overlap_collect
[seqwish::transclosure] 272.014 93.07% 1116022260-1566793281 rank_build
[seqwish::transclosure] 272.930 93.07% 1116022260-1566793281 parallel_union_find
[seqwish::transclosure] 272.966 93.07% 1116022260-1566793281 dset_write
[seqwish::transclosure] 273.301 93.07% 1116022260-1566793281 dset_compression
[seqwish::transclosure] 273.542 93.07% 1116022260-1566793281 dset_sort
[seqwish::transclosure] 274.001 93.07% 1116022260-1566793281 dset_invert
[seqwish::transclosure] 274.303 93.07% 1116022260-1566793281 graph_emission
[seqwish::transclosure] 277.418 95.92% 1566793281-1808071905 overlap_collect
[seqwish::transclosure] 278.470 95.92% 1566793281-1808071905 rank_build
[seqwish::transclosure] 279.487 95.92% 1566793281-1808071905 parallel_union_find
[seqwish::transclosure] 279.501 95.92% 1566793281-1808071905 dset_write
[seqwish::transclosure] 279.854 95.92% 1566793281-1808071905 dset_compression
[seqwish::transclosure] 280.051 95.92% 1566793281-1808071905 dset_sort
[seqwish::transclosure] 280.534 95.92% 1566793281-1808071905 dset_invert
[seqwish::transclosure] 280.843 95.92% 1566793281-1808071905 graph_emission
[seqwish::transclosure] 282.703 98.57% 1808071905-1902510751 overlap_collect
[seqwish::transclosure] 283.161 98.57% 1808071905-1902510751 rank_build
[seqwish::transclosure] 283.802 98.57% 1808071905-1902510751 parallel_union_find
[seqwish::transclosure] 283.808 98.57% 1808071905-1902510751 dset_write
[seqwish::transclosure] 283.900 98.57% 1808071905-1902510751 dset_compression
[seqwish::transclosure] 283.999 98.57% 1808071905-1902510751 dset_sort
[seqwish::transclosure] 284.178 98.57% 1808071905-1902510751 dset_invert
[seqwish::transclosure] 284.331 98.57% 1808071905-1902510751 graph_emission
[seqwish::transclosure] 289.237 100.00% building node_iitree and path_iitree indexes
[seqwish::transclosure] 291.993 100.00% done
[seqwish::transclosure] 291.995 done with transitive closures
[seqwish::compact] 291.995 compacting nodes
[seqwish::compact] 296.535 done compacting
[seqwish::compact] 296.651 built node index
[seqwish::links] 296.651 finding graph links
[seqwish::links] 307.715 links derived
[seqwish::gfa] 307.715 writing graph
[seqwish::gfa] 377.598 done
	Command being timed: "/home/guarracino/tools/seqwish/bin/seqwish-ccfefb016fcfc9937817ce61dc06bbcf382be75e -t 48 -s /lizardfs/guarracino/seqwish-paper/athaliana/assemblies/athaliana16.fasta.gz -p /lizardfs/guarracino/seqwish-paper/athaliana/alignment/athaliana16.s100k.l300k.p98.n16.paf -g /scratch/athaliana16.s100k.l300k.p98.n16.k49.B50M.gfa -k 49 -B50M -P"
	User time (seconds): 2921.63
	System time (seconds): 98.70
	Percent of CPU this job got: 799%
	Elapsed (wall clock) time (h:mm:ss or m:ss): 6:17.99
	Average shared text size (kbytes): 0
	Average unshared data size (kbytes): 0
	Average stack size (kbytes): 0
	Average total size (kbytes): 0
	Maximum resident set size (kbytes): 38453084
	Average resident set size (kbytes): 0
	Major (requiring I/O) page faults: 0
	Minor (reclaiming a frame) page faults: 26106840
	Voluntary context switches: 18713370
	Involuntary context switches: 1394505
	Swaps: 0
	File system inputs: 0
	File system outputs: 16043976
	Socket messages sent: 0
	Socket messages received: 0
	Signals delivered: 0
	Page size (bytes): 4096
	Exit status: 0
