octopus10
[seqwish::seqidx] 0.003 indexing sequences
[seqwish::seqidx] 14.523 index built
[seqwish::alignments] 14.523 processing alignments
[seqwish::alignments] 17.553 indexing
[seqwish::alignments] 20.558 index built
[seqwish::transclosure] 20.559 computing transitive closures
[seqwish::transclosure] 20.751 0.00% 0-50000000 overlap_collect
[seqwish::transclosure] 24.661 0.00% 0-50000000 rank_build
[seqwish::transclosure] 29.994 0.00% 0-50000000 parallel_union_find
[seqwish::transclosure] 32.640 0.00% 0-50000000 dset_write
[seqwish::transclosure] 34.265 0.00% 0-50000000 dset_compression
[seqwish::transclosure] 36.451 0.00% 0-50000000 dset_sort
[seqwish::transclosure] 37.535 0.00% 0-50000000 dset_invert
[seqwish::transclosure] 39.521 0.00% 0-50000000 graph_emission
[seqwish::transclosure] 40.902 25.56% 50000000-100000000 overlap_collect
[seqwish::transclosure] 48.341 25.56% 50000000-100000000 rank_build
[seqwish::transclosure] 55.348 25.56% 50000000-100000000 parallel_union_find
[seqwish::transclosure] 66.669 25.56% 50000000-100000000 dset_write
[seqwish::transclosure] 69.350 25.56% 50000000-100000000 dset_compression
[seqwish::transclosure] 71.723 25.56% 50000000-100000000 dset_sort
[seqwish::transclosure] 72.946 25.56% 50000000-100000000 dset_invert
[seqwish::transclosure] 75.185 25.56% 50000000-100000000 graph_emission
[seqwish::transclosure] 114.902 52.45% 100000000-228056428 overlap_collect
[seqwish::transclosure] 117.439 52.45% 100000000-228056428 rank_build
[seqwish::transclosure] 120.266 52.45% 100000000-228056428 parallel_union_find
[seqwish::transclosure] 123.590 52.45% 100000000-228056428 dset_write
[seqwish::transclosure] 124.923 52.45% 100000000-228056428 dset_compression
[seqwish::transclosure] 125.822 52.45% 100000000-228056428 dset_sort
[seqwish::transclosure] 126.506 52.45% 100000000-228056428 dset_invert
[seqwish::transclosure] 127.491 52.45% 100000000-228056428 graph_emission
[seqwish::transclosure] 181.233 63.22% 228056428-349361062 overlap_collect
[seqwish::transclosure] 183.291 63.22% 228056428-349361062 rank_build
[seqwish::transclosure] 187.221 63.22% 228056428-349361062 parallel_union_find
[seqwish::transclosure] 189.701 63.22% 228056428-349361062 dset_write
[seqwish::transclosure] 190.724 63.22% 228056428-349361062 dset_compression
[seqwish::transclosure] 191.752 63.22% 228056428-349361062 dset_sort
[seqwish::transclosure] 192.455 63.22% 228056428-349361062 dset_invert
[seqwish::transclosure] 193.497 63.22% 228056428-349361062 graph_emission
[seqwish::transclosure] 210.440 75.83% 349367149-570933606 overlap_collect
[seqwish::transclosure] 211.708 75.83% 349367149-570933606 rank_build
[seqwish::transclosure] 214.087 75.83% 349367149-570933606 parallel_union_find
[seqwish::transclosure] 214.581 75.83% 349367149-570933606 dset_write
[seqwish::transclosure] 215.170 75.83% 349367149-570933606 dset_compression
[seqwish::transclosure] 215.567 75.83% 349367149-570933606 dset_sort
[seqwish::transclosure] 216.049 75.83% 349367149-570933606 dset_invert
[seqwish::transclosure] 216.550 75.83% 349367149-570933606 graph_emission
[seqwish::transclosure] 239.025 80.75% 570933606-674818409 overlap_collect
[seqwish::transclosure] 239.834 80.75% 570933606-674818409 rank_build
[seqwish::transclosure] 241.437 80.75% 570933606-674818409 parallel_union_find
[seqwish::transclosure] 241.516 80.75% 570933606-674818409 dset_write
[seqwish::transclosure] 241.850 80.75% 570933606-674818409 dset_compression
[seqwish::transclosure] 242.097 80.75% 570933606-674818409 dset_sort
[seqwish::transclosure] 242.544 80.75% 570933606-674818409 dset_invert
[seqwish::transclosure] 242.941 80.75% 570933606-674818409 graph_emission
[seqwish::transclosure] 252.094 83.84% 674818409-918601823 overlap_collect
[seqwish::transclosure] 253.353 83.84% 674818409-918601823 rank_build
[seqwish::transclosure] 255.590 83.84% 674818409-918601823 parallel_union_find
[seqwish::transclosure] 255.713 83.84% 674818409-918601823 dset_write
[seqwish::transclosure] 256.127 83.84% 674818409-918601823 dset_compression
[seqwish::transclosure] 256.369 83.84% 674818409-918601823 dset_sort
[seqwish::transclosure] 256.812 83.84% 674818409-918601823 dset_invert
[seqwish::transclosure] 257.201 83.84% 674818409-918601823 graph_emission
[seqwish::transclosure] 260.475 87.00% 918601823-1075071555 overlap_collect
[seqwish::transclosure] 261.373 87.00% 918601823-1075071555 rank_build
[seqwish::transclosure] 263.149 87.00% 918601823-1075071555 parallel_union_find
[seqwish::transclosure] 263.310 87.00% 918601823-1075071555 dset_write
[seqwish::transclosure] 263.655 87.00% 918601823-1075071555 dset_compression
[seqwish::transclosure] 263.891 87.00% 918601823-1075071555 dset_sort
[seqwish::transclosure] 264.346 87.00% 918601823-1075071555 dset_invert
[seqwish::transclosure] 264.712 87.00% 918601823-1075071555 graph_emission
[seqwish::transclosure] 268.719 90.05% 1075071555-1474269239 overlap_collect
[seqwish::transclosure] 270.334 90.05% 1075071555-1474269239 rank_build
[seqwish::transclosure] 272.039 90.05% 1075071555-1474269239 parallel_union_find
[seqwish::transclosure] 272.138 90.05% 1075071555-1474269239 dset_write
[seqwish::transclosure] 272.509 90.05% 1075071555-1474269239 dset_compression
[seqwish::transclosure] 272.725 90.05% 1075071555-1474269239 dset_sort
[seqwish::transclosure] 273.153 90.05% 1075071555-1474269239 dset_invert
[seqwish::transclosure] 273.527 90.05% 1075071555-1474269239 graph_emission
[seqwish::transclosure] 277.146 92.93% 1474269239-1640049259 overlap_collect
[seqwish::transclosure] 278.157 92.93% 1474269239-1640049259 rank_build
[seqwish::transclosure] 279.941 92.93% 1474269239-1640049259 parallel_union_find
[seqwish::transclosure] 280.013 92.93% 1474269239-1640049259 dset_write
[seqwish::transclosure] 280.373 92.93% 1474269239-1640049259 dset_compression
[seqwish::transclosure] 280.575 92.93% 1474269239-1640049259 dset_sort
[seqwish::transclosure] 280.980 92.93% 1474269239-1640049259 dset_invert
[seqwish::transclosure] 281.315 92.93% 1474269239-1640049259 graph_emission
[seqwish::transclosure] 284.183 95.69% 1640049259-1810649281 overlap_collect
[seqwish::transclosure] 285.156 95.69% 1640049259-1810649281 rank_build
[seqwish::transclosure] 287.309 95.69% 1640049259-1810649281 parallel_union_find
[seqwish::transclosure] 287.337 95.69% 1640049259-1810649281 dset_write
[seqwish::transclosure] 287.687 95.69% 1640049259-1810649281 dset_compression
[seqwish::transclosure] 287.875 95.69% 1640049259-1810649281 dset_sort
[seqwish::transclosure] 288.274 95.69% 1640049259-1810649281 dset_invert
[seqwish::transclosure] 288.592 95.69% 1640049259-1810649281 graph_emission
[seqwish::transclosure] 290.652 98.33% 1810649281-1902510751 overlap_collect
[seqwish::transclosure] 291.265 98.33% 1810649281-1902510751 rank_build
[seqwish::transclosure] 292.880 98.33% 1810649281-1902510751 parallel_union_find
[seqwish::transclosure] 292.883 98.33% 1810649281-1902510751 dset_write
[seqwish::transclosure] 293.084 98.33% 1810649281-1902510751 dset_compression
[seqwish::transclosure] 293.203 98.33% 1810649281-1902510751 dset_sort
[seqwish::transclosure] 293.468 98.33% 1810649281-1902510751 dset_invert
[seqwish::transclosure] 293.670 98.33% 1810649281-1902510751 graph_emission
[seqwish::transclosure] 298.871 100.00% building node_iitree and path_iitree indexes
[seqwish::transclosure] 299.908 100.00% done
[seqwish::transclosure] 299.919 done with transitive closures
[seqwish::compact] 299.920 compacting nodes
[seqwish::compact] 301.948 done compacting
[seqwish::compact] 302.063 built node index
[seqwish::links] 302.063 finding graph links
[seqwish::links] 306.157 links derived
[seqwish::gfa] 306.157 writing graph
[seqwish::gfa] 369.953 done
	Command being timed: "/home/guarracino/tools/seqwish/bin/seqwish-ccfefb016fcfc9937817ce61dc06bbcf382be75e -t 48 -s /lizardfs/guarracino/seqwish-paper/athaliana/assemblies/athaliana16.fasta.gz -p /lizardfs/guarracino/seqwish-paper/athaliana/alignment/athaliana16.s100k.l300k.p98.n16.paf -g /scratch/athaliana16.s100k.l300k.p98.n16.k311.B50M.gfa -k 311 -B50M -P"
	User time (seconds): 3033.13
	System time (seconds): 51.24
	Percent of CPU this job got: 833%
	Elapsed (wall clock) time (h:mm:ss or m:ss): 6:10.21
	Average shared text size (kbytes): 0
	Average unshared data size (kbytes): 0
	Average stack size (kbytes): 0
	Average total size (kbytes): 0
	Maximum resident set size (kbytes): 31977284
	Average resident set size (kbytes): 0
	Major (requiring I/O) page faults: 0
	Minor (reclaiming a frame) page faults: 33991007
	Voluntary context switches: 19150206
	Involuntary context switches: 1830132
	Swaps: 0
	File system inputs: 420640
	File system outputs: 9538248
	Socket messages sent: 0
	Socket messages received: 0
	Signals delivered: 0
	Page size (bytes): 4096
	Exit status: 0
