octopus10
[seqwish::seqidx] 0.001 indexing sequences
[seqwish::seqidx] 14.059 index built
[seqwish::alignments] 14.060 processing alignments
[seqwish::alignments] 24.326 indexing
[seqwish::alignments] 31.430 index built
[seqwish::transclosure] 31.431 computing transitive closures
[seqwish::transclosure] 31.634 0.00% 0-50000000 overlap_collect
[seqwish::transclosure] 37.112 0.00% 0-50000000 rank_build
[seqwish::transclosure] 43.710 0.00% 0-50000000 parallel_union_find
[seqwish::transclosure] 47.108 0.00% 0-50000000 dset_write
[seqwish::transclosure] 49.078 0.00% 0-50000000 dset_compression
[seqwish::transclosure] 51.910 0.00% 0-50000000 dset_sort
[seqwish::transclosure] 53.339 0.00% 0-50000000 dset_invert
[seqwish::transclosure] 55.790 0.00% 0-50000000 graph_emission
[seqwish::transclosure] 57.601 31.04% 50000000-100000000 overlap_collect
[seqwish::transclosure] 63.255 31.04% 50000000-100000000 rank_build
[seqwish::transclosure] 68.974 31.04% 50000000-100000000 parallel_union_find
[seqwish::transclosure] 72.626 31.04% 50000000-100000000 dset_write
[seqwish::transclosure] 75.704 31.04% 50000000-100000000 dset_compression
[seqwish::transclosure] 78.634 31.04% 50000000-100000000 dset_sort
[seqwish::transclosure] 80.245 31.04% 50000000-100000000 dset_invert
[seqwish::transclosure] 82.889 31.04% 50000000-100000000 graph_emission
[seqwish::transclosure] 132.095 63.26% 100000000-234848234 overlap_collect
[seqwish::transclosure] 135.416 63.26% 100000000-234848234 rank_build
[seqwish::transclosure] 138.264 63.26% 100000000-234848234 parallel_union_find
[seqwish::transclosure] 139.326 63.26% 100000000-234848234 dset_write
[seqwish::transclosure] 140.157 63.26% 100000000-234848234 dset_compression
[seqwish::transclosure] 141.252 63.26% 100000000-234848234 dset_sort
[seqwish::transclosure] 142.029 63.26% 100000000-234848234 dset_invert
[seqwish::transclosure] 143.129 63.26% 100000000-234848234 graph_emission
[seqwish::transclosure] 208.457 76.00% 234848234-434893809 overlap_collect
[seqwish::transclosure] 213.011 76.00% 234848234-434893809 rank_build
[seqwish::transclosure] 215.029 76.00% 234848234-434893809 parallel_union_find
[seqwish::transclosure] 215.456 76.00% 234848234-434893809 dset_write
[seqwish::transclosure] 216.348 76.00% 234848234-434893809 dset_compression
[seqwish::transclosure] 217.013 76.00% 234848234-434893809 dset_sort
[seqwish::transclosure] 217.458 76.00% 234848234-434893809 dset_invert
[seqwish::transclosure] 218.042 76.00% 234848234-434893809 graph_emission
[seqwish::transclosure] 237.778 83.94% 434893861-632391080 overlap_collect
[seqwish::transclosure] 239.101 83.94% 434893861-632391080 rank_build
[seqwish::transclosure] 240.510 83.94% 434893861-632391080 parallel_union_find
[seqwish::transclosure] 240.612 83.94% 434893861-632391080 dset_write
[seqwish::transclosure] 241.052 83.94% 434893861-632391080 dset_compression
[seqwish::transclosure] 241.378 83.94% 434893861-632391080 dset_sort
[seqwish::transclosure] 241.860 83.94% 434893861-632391080 dset_invert
[seqwish::transclosure] 242.303 83.94% 434893861-632391080 graph_emission
[seqwish::transclosure] 256.211 87.93% 632391080-916595366 overlap_collect
[seqwish::transclosure] 257.498 87.93% 632391080-916595366 rank_build
[seqwish::transclosure] 258.745 87.93% 632391080-916595366 parallel_union_find
[seqwish::transclosure] 258.782 87.93% 632391080-916595366 dset_write
[seqwish::transclosure] 259.117 87.93% 632391080-916595366 dset_compression
[seqwish::transclosure] 259.350 87.93% 632391080-916595366 dset_sort
[seqwish::transclosure] 259.795 87.93% 632391080-916595366 dset_invert
[seqwish::transclosure] 260.201 87.93% 632391080-916595366 graph_emission
[seqwish::transclosure] 267.192 90.97% 916595366-1157804318 overlap_collect
[seqwish::transclosure] 268.317 90.97% 916595366-1157804318 rank_build
[seqwish::transclosure] 269.507 90.97% 916595366-1157804318 parallel_union_find
[seqwish::transclosure] 269.532 90.97% 916595366-1157804318 dset_write
[seqwish::transclosure] 269.857 90.97% 916595366-1157804318 dset_compression
[seqwish::transclosure] 270.089 90.97% 916595366-1157804318 dset_sort
[seqwish::transclosure] 270.523 90.97% 916595366-1157804318 dset_invert
[seqwish::transclosure] 270.887 90.97% 916595366-1157804318 graph_emission
[seqwish::transclosure] 274.320 93.88% 1157804318-1636162880 overlap_collect
[seqwish::transclosure] 276.046 93.88% 1157804318-1636162880 rank_build
[seqwish::transclosure] 277.147 93.88% 1157804318-1636162880 parallel_union_find
[seqwish::transclosure] 277.179 93.88% 1157804318-1636162880 dset_write
[seqwish::transclosure] 277.492 93.88% 1157804318-1636162880 dset_compression
[seqwish::transclosure] 277.706 93.88% 1157804318-1636162880 dset_sort
[seqwish::transclosure] 278.134 93.88% 1157804318-1636162880 dset_invert
[seqwish::transclosure] 278.499 93.88% 1157804318-1636162880 graph_emission
[seqwish::transclosure] 280.867 96.66% 1636162880-1846231380 overlap_collect
[seqwish::transclosure] 281.809 96.66% 1636162880-1846231380 rank_build
[seqwish::transclosure] 283.022 96.66% 1636162880-1846231380 parallel_union_find
[seqwish::transclosure] 283.034 96.66% 1636162880-1846231380 dset_write
[seqwish::transclosure] 283.331 96.66% 1636162880-1846231380 dset_compression
[seqwish::transclosure] 283.530 96.66% 1636162880-1846231380 dset_sort
[seqwish::transclosure] 283.941 96.66% 1636162880-1846231380 dset_invert
[seqwish::transclosure] 284.266 96.66% 1636162880-1846231380 graph_emission
[seqwish::transclosure] 286.066 99.30% 1846231380-1902510751 overlap_collect
[seqwish::transclosure] 286.363 99.30% 1846231380-1902510751 rank_build
[seqwish::transclosure] 286.998 99.30% 1846231380-1902510751 parallel_union_find
[seqwish::transclosure] 287.001 99.30% 1846231380-1902510751 dset_write
[seqwish::transclosure] 287.085 99.30% 1846231380-1902510751 dset_compression
[seqwish::transclosure] 287.142 99.30% 1846231380-1902510751 dset_sort
[seqwish::transclosure] 287.268 99.30% 1846231380-1902510751 dset_invert
[seqwish::transclosure] 287.368 99.30% 1846231380-1902510751 graph_emission
[seqwish::transclosure] 291.384 100.00% building node_iitree and path_iitree indexes
[seqwish::transclosure] 294.668 100.00% done
[seqwish::transclosure] 294.680 done with transitive closures
[seqwish::compact] 294.680 compacting nodes
[seqwish::compact] 300.036 done compacting
[seqwish::compact] 300.165 built node index
[seqwish::links] 300.166 finding graph links
[seqwish::links] 313.017 links derived
[seqwish::gfa] 313.017 writing graph
[seqwish::gfa] 378.542 done
	Command being timed: "/home/guarracino/tools/seqwish/bin/seqwish-ccfefb016fcfc9937817ce61dc06bbcf382be75e -t 48 -s /lizardfs/guarracino/seqwish-paper/athaliana/assemblies/athaliana16.fasta.gz -p /lizardfs/guarracino/seqwish-paper/athaliana/alignment/athaliana16.s50k.l150k.p98.n16.paf -g /scratch/athaliana16.s50k.l150k.p98.n16.k29.B50M.gfa -k 29 -B50M -P"
	User time (seconds): 3135.61
	System time (seconds): 61.73
	Percent of CPU this job got: 843%
	Elapsed (wall clock) time (h:mm:ss or m:ss): 6:19.00
	Average shared text size (kbytes): 0
	Average unshared data size (kbytes): 0
	Average stack size (kbytes): 0
	Average total size (kbytes): 0
	Maximum resident set size (kbytes): 39008176
	Average resident set size (kbytes): 0
	Major (requiring I/O) page faults: 0
	Minor (reclaiming a frame) page faults: 30659790
	Voluntary context switches: 17560569
	Involuntary context switches: 1490499
	Swaps: 0
	File system inputs: 0
	File system outputs: 19090864
	Socket messages sent: 0
	Socket messages received: 0
	Signals delivered: 0
	Page size (bytes): 4096
	Exit status: 0
