octopus10
[seqwish::seqidx] 0.001 indexing sequences
[seqwish::seqidx] 14.461 index built
[seqwish::alignments] 14.462 processing alignments
[seqwish::alignments] 41.612 indexing
[seqwish::alignments] 58.494 index built
[seqwish::transclosure] 58.496 computing transitive closures
[seqwish::transclosure] 58.680 0.00% 0-50000000 overlap_collect
[seqwish::transclosure] 69.735 0.00% 0-50000000 rank_build
[seqwish::transclosure] 77.017 0.00% 0-50000000 parallel_union_find
[seqwish::transclosure] 81.902 0.00% 0-50000000 dset_write
[seqwish::transclosure] 85.789 0.00% 0-50000000 dset_compression
[seqwish::transclosure] 89.133 0.00% 0-50000000 dset_sort
[seqwish::transclosure] 90.831 0.00% 0-50000000 dset_invert
[seqwish::transclosure] 93.666 0.00% 0-50000000 graph_emission
[seqwish::transclosure] 95.653 36.83% 50000000-100000000 overlap_collect
[seqwish::transclosure] 105.692 36.83% 50000000-100000000 rank_build
[seqwish::transclosure] 113.387 36.83% 50000000-100000000 parallel_union_find
[seqwish::transclosure] 132.633 36.83% 50000000-100000000 dset_write
[seqwish::transclosure] 135.645 36.83% 50000000-100000000 dset_compression
[seqwish::transclosure] 139.019 36.83% 50000000-100000000 dset_sort
[seqwish::transclosure] 140.775 36.83% 50000000-100000000 dset_invert
[seqwish::transclosure] 143.738 36.83% 50000000-100000000 graph_emission
[seqwish::transclosure] 204.916 74.05% 100000000-270343451 overlap_collect
[seqwish::transclosure] 217.109 74.05% 100000000-270343451 rank_build
[seqwish::transclosure] 220.240 74.05% 100000000-270343451 parallel_union_find
[seqwish::transclosure] 227.299 74.05% 100000000-270343451 dset_write
[seqwish::transclosure] 229.304 74.05% 100000000-270343451 dset_compression
[seqwish::transclosure] 230.716 74.05% 100000000-270343451 dset_sort
[seqwish::transclosure] 231.572 74.05% 100000000-270343451 dset_invert
[seqwish::transclosure] 232.886 74.05% 100000000-270343451 graph_emission
[seqwish::transclosure] 300.955 90.43% 270343451-685069708 overlap_collect
[seqwish::transclosure] 308.820 90.43% 270343451-685069708 rank_build
[seqwish::transclosure] 310.365 90.43% 270343451-685069708 parallel_union_find
[seqwish::transclosure] 311.341 90.43% 270343451-685069708 dset_write
[seqwish::transclosure] 311.885 90.43% 270343451-685069708 dset_compression
[seqwish::transclosure] 312.379 90.43% 270343451-685069708 dset_sort
[seqwish::transclosure] 312.714 90.43% 270343451-685069708 dset_invert
[seqwish::transclosure] 313.190 90.43% 270343451-685069708 graph_emission
[seqwish::transclosure] 343.881 96.38% 685069825-1737892438 overlap_collect
[seqwish::transclosure] 347.548 96.38% 685069825-1737892438 rank_build
[seqwish::transclosure] 348.454 96.38% 685069825-1737892438 parallel_union_find
[seqwish::transclosure] 348.531 96.38% 685069825-1737892438 dset_write
[seqwish::transclosure] 348.869 96.38% 685069825-1737892438 dset_compression
[seqwish::transclosure] 349.080 96.38% 685069825-1737892438 dset_sort
[seqwish::transclosure] 349.452 96.38% 685069825-1737892438 dset_invert
[seqwish::transclosure] 349.772 96.38% 685069825-1737892438 graph_emission
[seqwish::transclosure] 360.113 99.13% 1737892438-1902510751 overlap_collect
[seqwish::transclosure] 360.784 99.13% 1737892438-1902510751 rank_build
[seqwish::transclosure] 361.409 99.13% 1737892438-1902510751 parallel_union_find
[seqwish::transclosure] 361.413 99.13% 1737892438-1902510751 dset_write
[seqwish::transclosure] 361.508 99.13% 1737892438-1902510751 dset_compression
[seqwish::transclosure] 361.571 99.13% 1737892438-1902510751 dset_sort
[seqwish::transclosure] 361.721 99.13% 1737892438-1902510751 dset_invert
[seqwish::transclosure] 361.830 99.13% 1737892438-1902510751 graph_emission
[seqwish::transclosure] 366.556 100.00% building node_iitree and path_iitree indexes
[seqwish::transclosure] 373.361 100.00% done
[seqwish::transclosure] 373.370 done with transitive closures
[seqwish::compact] 373.370 compacting nodes
[seqwish::compact] 384.410 done compacting
[seqwish::compact] 384.536 built node index
[seqwish::links] 384.537 finding graph links
[seqwish::links] 410.987 links derived
[seqwish::gfa] 410.987 writing graph
[seqwish::gfa] 494.248 done
	Command being timed: "/home/guarracino/tools/seqwish/bin/seqwish-ccfefb016fcfc9937817ce61dc06bbcf382be75e -t 48 -s /lizardfs/guarracino/seqwish-paper/athaliana/assemblies/athaliana16.fasta.gz -p /lizardfs/guarracino/seqwish-paper/athaliana/alignment/athaliana16.s100k.l300k.p95.n16.paf -g /scratch/athaliana16.s100k.l300k.p95.n16.k11.B50M.gfa -k 11 -B50M -P"
	User time (seconds): 6687.72
	System time (seconds): 90.63
	Percent of CPU this job got: 1369%
	Elapsed (wall clock) time (h:mm:ss or m:ss): 8:14.87
	Average shared text size (kbytes): 0
	Average unshared data size (kbytes): 0
	Average stack size (kbytes): 0
	Average total size (kbytes): 0
	Maximum resident set size (kbytes): 47520804
	Average resident set size (kbytes): 0
	Major (requiring I/O) page faults: 0
	Minor (reclaiming a frame) page faults: 42462277
	Voluntary context switches: 22667471
	Involuntary context switches: 3749973
	Swaps: 0
	File system inputs: 0
	File system outputs: 38710312
	Socket messages sent: 0
	Socket messages received: 0
	Signals delivered: 0
	Page size (bytes): 4096
	Exit status: 0
