octopus03
[seqwish::seqidx] 0.001 indexing sequences
[seqwish::seqidx] 14.138 index built
[seqwish::alignments] 14.138 processing alignments
[seqwish::alignments] 17.069 indexing
[seqwish::alignments] 21.144 index built
[seqwish::transclosure] 21.145 computing transitive closures
[seqwish::transclosure] 21.266 0.00% 0-50000000 overlap_collect
[seqwish::transclosure] 25.457 0.00% 0-50000000 rank_build
[seqwish::transclosure] 29.133 0.00% 0-50000000 parallel_union_find
[seqwish::transclosure] 31.895 0.00% 0-50000000 dset_write
[seqwish::transclosure] 33.390 0.00% 0-50000000 dset_compression
[seqwish::transclosure] 35.772 0.00% 0-50000000 dset_sort
[seqwish::transclosure] 36.932 0.00% 0-50000000 dset_invert
[seqwish::transclosure] 39.053 0.00% 0-50000000 graph_emission
[seqwish::transclosure] 40.068 26.81% 50000000-100000000 overlap_collect
[seqwish::transclosure] 44.559 26.81% 50000000-100000000 rank_build
[seqwish::transclosure] 48.560 26.81% 50000000-100000000 parallel_union_find
[seqwish::transclosure] 59.860 26.81% 50000000-100000000 dset_write
[seqwish::transclosure] 63.402 26.81% 50000000-100000000 dset_compression
[seqwish::transclosure] 65.719 26.81% 50000000-100000000 dset_sort
[seqwish::transclosure] 66.913 26.81% 50000000-100000000 dset_invert
[seqwish::transclosure] 68.953 26.81% 50000000-100000000 graph_emission
[seqwish::transclosure] 112.353 55.02% 100000000-228616925 overlap_collect
[seqwish::transclosure] 114.140 55.02% 100000000-228616925 rank_build
[seqwish::transclosure] 115.756 55.02% 100000000-228616925 parallel_union_find
[seqwish::transclosure] 119.054 55.02% 100000000-228616925 dset_write
[seqwish::transclosure] 119.966 55.02% 100000000-228616925 dset_compression
[seqwish::transclosure] 120.894 55.02% 100000000-228616925 dset_sort
[seqwish::transclosure] 121.495 55.02% 100000000-228616925 dset_invert
[seqwish::transclosure] 122.407 55.02% 100000000-228616925 graph_emission
[seqwish::transclosure] 184.211 66.14% 228616925-364122460 overlap_collect
[seqwish::transclosure] 186.435 66.14% 228616925-364122460 rank_build
[seqwish::transclosure] 188.247 66.14% 228616925-364122460 parallel_union_find
[seqwish::transclosure] 190.246 66.14% 228616925-364122460 dset_write
[seqwish::transclosure] 191.170 66.14% 228616925-364122460 dset_compression
[seqwish::transclosure] 192.147 66.14% 228616925-364122460 dset_sort
[seqwish::transclosure] 192.688 66.14% 228616925-364122460 dset_invert
[seqwish::transclosure] 193.539 66.14% 228616925-364122460 graph_emission
[seqwish::transclosure] 211.903 77.80% 364122460-583447342 overlap_collect
[seqwish::transclosure] 213.040 77.80% 364122460-583447342 rank_build
[seqwish::transclosure] 214.144 77.80% 364122460-583447342 parallel_union_find
[seqwish::transclosure] 214.588 77.80% 364122460-583447342 dset_write
[seqwish::transclosure] 214.987 77.80% 364122460-583447342 dset_compression
[seqwish::transclosure] 215.382 77.80% 364122460-583447342 dset_sort
[seqwish::transclosure] 215.769 77.80% 364122460-583447342 dset_invert
[seqwish::transclosure] 216.217 77.80% 364122460-583447342 graph_emission
[seqwish::transclosure] 237.685 82.61% 583447342-685732079 overlap_collect
[seqwish::transclosure] 238.327 82.61% 583447342-685732079 rank_build
[seqwish::transclosure] 239.083 82.61% 583447342-685732079 parallel_union_find
[seqwish::transclosure] 239.174 82.61% 583447342-685732079 dset_write
[seqwish::transclosure] 239.384 82.61% 583447342-685732079 dset_compression
[seqwish::transclosure] 239.624 82.61% 583447342-685732079 dset_sort
[seqwish::transclosure] 239.946 82.61% 583447342-685732079 dset_invert
[seqwish::transclosure] 240.267 82.61% 583447342-685732079 graph_emission
[seqwish::transclosure] 250.018 85.70% 685732079-959221402 overlap_collect
[seqwish::transclosure] 251.153 85.70% 685732079-959221402 rank_build
[seqwish::transclosure] 252.054 85.70% 685732079-959221402 parallel_union_find
[seqwish::transclosure] 252.214 85.70% 685732079-959221402 dset_write
[seqwish::transclosure] 252.460 85.70% 685732079-959221402 dset_compression
[seqwish::transclosure] 252.711 85.70% 685732079-959221402 dset_sort
[seqwish::transclosure] 253.035 85.70% 685732079-959221402 dset_invert
[seqwish::transclosure] 253.358 85.70% 685732079-959221402 graph_emission
[seqwish::transclosure] 256.542 88.85% 959221402-1132660470 overlap_collect
[seqwish::transclosure] 257.366 88.85% 959221402-1132660470 rank_build
[seqwish::transclosure] 258.279 88.85% 959221402-1132660470 parallel_union_find
[seqwish::transclosure] 258.418 88.85% 959221402-1132660470 dset_write
[seqwish::transclosure] 258.651 88.85% 959221402-1132660470 dset_compression
[seqwish::transclosure] 258.876 88.85% 959221402-1132660470 dset_sort
[seqwish::transclosure] 259.203 88.85% 959221402-1132660470 dset_invert
[seqwish::transclosure] 259.526 88.85% 959221402-1132660470 graph_emission
[seqwish::transclosure] 264.109 91.81% 1132660470-1555504640 overlap_collect
[seqwish::transclosure] 265.655 91.81% 1132660470-1555504640 rank_build
[seqwish::transclosure] 266.493 91.81% 1132660470-1555504640 parallel_union_find
[seqwish::transclosure] 266.609 91.81% 1132660470-1555504640 dset_write
[seqwish::transclosure] 266.809 91.81% 1132660470-1555504640 dset_compression
[seqwish::transclosure] 267.021 91.81% 1132660470-1555504640 dset_sort
[seqwish::transclosure] 267.330 91.81% 1132660470-1555504640 dset_invert
[seqwish::transclosure] 267.628 91.81% 1132660470-1555504640 graph_emission
[seqwish::transclosure] 270.422 94.69% 1555504640-1736642478 overlap_collect
[seqwish::transclosure] 271.269 94.69% 1555504640-1736642478 rank_build
[seqwish::transclosure] 272.152 94.69% 1555504640-1736642478 parallel_union_find
[seqwish::transclosure] 272.199 94.69% 1555504640-1736642478 dset_write
[seqwish::transclosure] 272.415 94.69% 1555504640-1736642478 dset_compression
[seqwish::transclosure] 272.620 94.69% 1555504640-1736642478 dset_sort
[seqwish::transclosure] 272.911 94.69% 1555504640-1736642478 dset_invert
[seqwish::transclosure] 273.171 94.69% 1555504640-1736642478 graph_emission
[seqwish::transclosure] 276.004 97.35% 1736642478-1902040492 overlap_collect
[seqwish::transclosure] 276.797 97.35% 1736642478-1902040492 rank_build
[seqwish::transclosure] 277.739 97.35% 1736642478-1902040492 parallel_union_find
[seqwish::transclosure] 277.746 97.35% 1736642478-1902040492 dset_write
[seqwish::transclosure] 277.968 97.35% 1736642478-1902040492 dset_compression
[seqwish::transclosure] 278.147 97.35% 1736642478-1902040492 dset_sort
[seqwish::transclosure] 278.455 97.35% 1736642478-1902040492 dset_invert
[seqwish::transclosure] 278.707 97.35% 1736642478-1902040492 graph_emission
[seqwish::transclosure] 280.677 99.98% 1902040492-1902510751 overlap_collect
[seqwish::transclosure] 280.724 99.98% 1902040492-1902510751 rank_build
[seqwish::transclosure] 281.160 99.98% 1902040492-1902510751 parallel_union_find
[seqwish::transclosure] 281.165 99.98% 1902040492-1902510751 dset_write
[seqwish::transclosure] 281.172 99.98% 1902040492-1902510751 dset_compression
[seqwish::transclosure] 281.180 99.98% 1902040492-1902510751 dset_sort
[seqwish::transclosure] 281.189 99.98% 1902040492-1902510751 dset_invert
[seqwish::transclosure] 281.200 99.98% 1902040492-1902510751 graph_emission
[seqwish::transclosure] 285.165 100.00% building node_iitree and path_iitree indexes
[seqwish::transclosure] 286.477 100.00% done
[seqwish::transclosure] 286.478 done with transitive closures
[seqwish::compact] 286.478 compacting nodes
[seqwish::compact] 288.876 done compacting
[seqwish::compact] 288.988 built node index
[seqwish::links] 288.988 finding graph links
[seqwish::links] 294.801 links derived
[seqwish::gfa] 294.801 writing graph
[seqwish::gfa] 364.768 done
	Command being timed: "/home/guarracino/tools/seqwish/bin/seqwish-ccfefb016fcfc9937817ce61dc06bbcf382be75e -t 48 -s /lizardfs/guarracino/seqwish-paper/athaliana/assemblies/athaliana16.fasta.gz -p /lizardfs/guarracino/seqwish-paper/athaliana/alignment/athaliana16.s50k.l150k.p98.n16.paf -g /scratch/athaliana16.s50k.l150k.p98.n16.k229.B50M.gfa -k 229 -B50M -P"
	User time (seconds): 2717.10
	System time (seconds): 31.80
	Percent of CPU this job got: 753%
	Elapsed (wall clock) time (h:mm:ss or m:ss): 6:04.99
	Average shared text size (kbytes): 0
	Average unshared data size (kbytes): 0
	Average stack size (kbytes): 0
	Average total size (kbytes): 0
	Maximum resident set size (kbytes): 33581760
	Average resident set size (kbytes): 0
	Major (requiring I/O) page faults: 0
	Minor (reclaiming a frame) page faults: 6554298
	Voluntary context switches: 17453688
	Involuntary context switches: 1545007
	Swaps: 0
	File system inputs: 0
	File system outputs: 10203480
	Socket messages sent: 0
	Socket messages received: 0
	Signals delivered: 0
	Page size (bytes): 4096
	Exit status: 0
