octopus03
[seqwish::seqidx] 0.001 indexing sequences
[seqwish::seqidx] 14.078 index built
[seqwish::alignments] 14.079 processing alignments
[seqwish::alignments] 22.398 indexing
[seqwish::alignments] 27.933 index built
[seqwish::transclosure] 27.935 computing transitive closures
[seqwish::transclosure] 28.056 0.00% 0-50000000 overlap_collect
[seqwish::transclosure] 33.125 0.00% 0-50000000 rank_build
[seqwish::transclosure] 37.205 0.00% 0-50000000 parallel_union_find
[seqwish::transclosure] 40.524 0.00% 0-50000000 dset_write
[seqwish::transclosure] 43.707 0.00% 0-50000000 dset_compression
[seqwish::transclosure] 46.315 0.00% 0-50000000 dset_sort
[seqwish::transclosure] 47.718 0.00% 0-50000000 dset_invert
[seqwish::transclosure] 50.015 0.00% 0-50000000 graph_emission
[seqwish::transclosure] 51.398 30.51% 50000000-100000000 overlap_collect
[seqwish::transclosure] 56.722 30.51% 50000000-100000000 rank_build
[seqwish::transclosure] 61.076 30.51% 50000000-100000000 parallel_union_find
[seqwish::transclosure] 75.034 30.51% 50000000-100000000 dset_write
[seqwish::transclosure] 77.805 30.51% 50000000-100000000 dset_compression
[seqwish::transclosure] 80.432 30.51% 50000000-100000000 dset_sort
[seqwish::transclosure] 81.787 30.51% 50000000-100000000 dset_invert
[seqwish::transclosure] 84.111 30.51% 50000000-100000000 graph_emission
[seqwish::transclosure] 138.648 62.24% 100000000-233915210 overlap_collect
[seqwish::transclosure] 141.148 62.24% 100000000-233915210 rank_build
[seqwish::transclosure] 142.988 62.24% 100000000-233915210 parallel_union_find
[seqwish::transclosure] 147.028 62.24% 100000000-233915210 dset_write
[seqwish::transclosure] 148.132 62.24% 100000000-233915210 dset_compression
[seqwish::transclosure] 149.192 62.24% 100000000-233915210 dset_sort
[seqwish::transclosure] 149.985 62.24% 100000000-233915210 dset_invert
[seqwish::transclosure] 151.065 62.24% 100000000-233915210 graph_emission
[seqwish::transclosure] 218.773 74.78% 233915210-412334362 overlap_collect
[seqwish::transclosure] 222.617 74.78% 233915210-412334362 rank_build
[seqwish::transclosure] 224.156 74.78% 233915210-412334362 parallel_union_find
[seqwish::transclosure] 225.710 74.78% 233915210-412334362 dset_write
[seqwish::transclosure] 226.525 74.78% 233915210-412334362 dset_compression
[seqwish::transclosure] 227.220 74.78% 233915210-412334362 dset_sort
[seqwish::transclosure] 227.625 74.78% 233915210-412334362 dset_invert
[seqwish::transclosure] 228.261 74.78% 233915210-412334362 graph_emission
[seqwish::transclosure] 250.249 83.28% 412361569-611004695 overlap_collect
[seqwish::transclosure] 251.486 83.28% 412361569-611004695 rank_build
[seqwish::transclosure] 252.743 83.28% 412361569-611004695 parallel_union_find
[seqwish::transclosure] 253.069 83.28% 412361569-611004695 dset_write
[seqwish::transclosure] 253.401 83.28% 412361569-611004695 dset_compression
[seqwish::transclosure] 253.724 83.28% 412361569-611004695 dset_sort
[seqwish::transclosure] 254.096 83.28% 412361569-611004695 dset_invert
[seqwish::transclosure] 254.502 83.28% 412361569-611004695 graph_emission
[seqwish::transclosure] 269.971 87.35% 611005162-893152323 overlap_collect
[seqwish::transclosure] 271.245 87.35% 611005162-893152323 rank_build
[seqwish::transclosure] 272.278 87.35% 611005162-893152323 parallel_union_find
[seqwish::transclosure] 272.379 87.35% 611005162-893152323 dset_write
[seqwish::transclosure] 272.641 87.35% 611005162-893152323 dset_compression
[seqwish::transclosure] 272.887 87.35% 611005162-893152323 dset_sort
[seqwish::transclosure] 273.227 87.35% 611005162-893152323 dset_invert
[seqwish::transclosure] 273.622 87.35% 611005162-893152323 graph_emission
[seqwish::transclosure] 281.045 90.44% 893152323-1128856800 overlap_collect
[seqwish::transclosure] 282.146 90.44% 893152323-1128856800 rank_build
[seqwish::transclosure] 283.078 90.44% 893152323-1128856800 parallel_union_find
[seqwish::transclosure] 283.177 90.44% 893152323-1128856800 dset_write
[seqwish::transclosure] 283.428 90.44% 893152323-1128856800 dset_compression
[seqwish::transclosure] 283.665 90.44% 893152323-1128856800 dset_sort
[seqwish::transclosure] 284.011 90.44% 893152323-1128856800 dset_invert
[seqwish::transclosure] 284.409 90.44% 893152323-1128856800 graph_emission
[seqwish::transclosure] 288.275 93.38% 1128856800-1598654168 overlap_collect
[seqwish::transclosure] 289.977 93.38% 1128856800-1598654168 rank_build
[seqwish::transclosure] 290.899 93.38% 1128856800-1598654168 parallel_union_find
[seqwish::transclosure] 290.984 93.38% 1128856800-1598654168 dset_write
[seqwish::transclosure] 291.217 93.38% 1128856800-1598654168 dset_compression
[seqwish::transclosure] 291.432 93.38% 1128856800-1598654168 dset_sort
[seqwish::transclosure] 291.739 93.38% 1128856800-1598654168 dset_invert
[seqwish::transclosure] 292.075 93.38% 1128856800-1598654168 graph_emission
[seqwish::transclosure] 295.052 96.19% 1598654168-1836973212 overlap_collect
[seqwish::transclosure] 296.111 96.19% 1598654168-1836973212 rank_build
[seqwish::transclosure] 297.169 96.19% 1598654168-1836973212 parallel_union_find
[seqwish::transclosure] 297.197 96.19% 1598654168-1836973212 dset_write
[seqwish::transclosure] 297.557 96.19% 1598654168-1836973212 dset_compression
[seqwish::transclosure] 297.753 96.19% 1598654168-1836973212 dset_sort
[seqwish::transclosure] 298.072 96.19% 1598654168-1836973212 dset_invert
[seqwish::transclosure] 298.341 96.19% 1598654168-1836973212 graph_emission
[seqwish::transclosure] 300.362 98.84% 1836973212-1902510751 overlap_collect
[seqwish::transclosure] 300.744 98.84% 1836973212-1902510751 rank_build
[seqwish::transclosure] 301.319 98.84% 1836973212-1902510751 parallel_union_find
[seqwish::transclosure] 301.326 98.84% 1836973212-1902510751 dset_write
[seqwish::transclosure] 301.472 98.84% 1836973212-1902510751 dset_compression
[seqwish::transclosure] 301.560 98.84% 1836973212-1902510751 dset_sort
[seqwish::transclosure] 301.695 98.84% 1836973212-1902510751 dset_invert
[seqwish::transclosure] 301.844 98.84% 1836973212-1902510751 graph_emission
[seqwish::transclosure] 307.077 100.00% building node_iitree and path_iitree indexes
[seqwish::transclosure] 309.831 100.00% done
[seqwish::transclosure] 309.832 done with transitive closures
[seqwish::compact] 309.832 compacting nodes
[seqwish::compact] 314.370 done compacting
[seqwish::compact] 314.487 built node index
[seqwish::links] 314.487 finding graph links
[seqwish::links] 326.347 links derived
[seqwish::gfa] 326.348 writing graph
[seqwish::gfa] 395.960 done
	Command being timed: "/home/guarracino/tools/seqwish/bin/seqwish-ccfefb016fcfc9937817ce61dc06bbcf382be75e -t 48 -s /lizardfs/guarracino/seqwish-paper/athaliana/assemblies/athaliana16.fasta.gz -p /lizardfs/guarracino/seqwish-paper/athaliana/alignment/athaliana16.s50k.l150k.p98.n16.paf -g /scratch/athaliana16.s50k.l150k.p98.n16.k49.B50M.gfa -k 49 -B50M -P"
	User time (seconds): 3581.09
	System time (seconds): 43.10
	Percent of CPU this job got: 914%
	Elapsed (wall clock) time (h:mm:ss or m:ss): 6:36.31
	Average shared text size (kbytes): 0
	Average unshared data size (kbytes): 0
	Average stack size (kbytes): 0
	Average total size (kbytes): 0
	Maximum resident set size (kbytes): 38320636
	Average resident set size (kbytes): 0
	Major (requiring I/O) page faults: 0
	Minor (reclaiming a frame) page faults: 11232613
	Voluntary context switches: 18993149
	Involuntary context switches: 2154420
	Swaps: 0
	File system inputs: 0
	File system outputs: 15622520
	Socket messages sent: 0
	Socket messages received: 0
	Signals delivered: 0
	Page size (bytes): 4096
	Exit status: 0
