octopus10
[seqwish::seqidx] 0.008 indexing sequences
[seqwish::seqidx] 13.901 index built
[seqwish::alignments] 13.902 processing alignments
[seqwish::alignments] 18.463 indexing
[seqwish::alignments] 20.941 index built
[seqwish::transclosure] 20.943 computing transitive closures
[seqwish::transclosure] 21.063 0.00% 0-50000000 overlap_collect
[seqwish::transclosure] 25.939 0.00% 0-50000000 rank_build
[seqwish::transclosure] 29.855 0.00% 0-50000000 parallel_union_find
[seqwish::transclosure] 33.078 0.00% 0-50000000 dset_write
[seqwish::transclosure] 35.803 0.00% 0-50000000 dset_compression
[seqwish::transclosure] 38.068 0.00% 0-50000000 dset_sort
[seqwish::transclosure] 39.526 0.00% 0-50000000 dset_invert
[seqwish::transclosure] 41.632 0.00% 0-50000000 graph_emission
[seqwish::transclosure] 42.725 28.17% 50000000-100008032 overlap_collect
[seqwish::transclosure] 45.896 28.17% 50000000-100008032 rank_build
[seqwish::transclosure] 52.098 28.17% 50000000-100008032 parallel_union_find
[seqwish::transclosure] 65.121 28.17% 50000000-100008032 dset_write
[seqwish::transclosure] 68.842 28.17% 50000000-100008032 dset_compression
[seqwish::transclosure] 72.105 28.17% 50000000-100008032 dset_sort
[seqwish::transclosure] 73.987 28.17% 50000000-100008032 dset_invert
[seqwish::transclosure] 76.306 28.17% 50000000-100008032 graph_emission
[seqwish::transclosure] 126.437 57.86% 100008032-248481973 overlap_collect
[seqwish::transclosure] 128.697 57.86% 100008032-248481973 rank_build
[seqwish::transclosure] 131.302 57.86% 100008032-248481973 parallel_union_find
[seqwish::transclosure] 136.167 57.86% 100008032-248481973 dset_write
[seqwish::transclosure] 137.399 57.86% 100008032-248481973 dset_compression
[seqwish::transclosure] 138.629 57.86% 100008032-248481973 dset_sort
[seqwish::transclosure] 139.293 57.86% 100008032-248481973 dset_invert
[seqwish::transclosure] 140.455 57.86% 100008032-248481973 graph_emission
[seqwish::transclosure] 202.417 72.36% 248481973-413354884 overlap_collect
[seqwish::transclosure] 204.689 72.36% 248481973-413354884 rank_build
[seqwish::transclosure] 206.718 72.36% 248481973-413354884 parallel_union_find
[seqwish::transclosure] 209.137 72.36% 248481973-413354884 dset_write
[seqwish::transclosure] 210.071 72.36% 248481973-413354884 dset_compression
[seqwish::transclosure] 210.860 72.36% 248481973-413354884 dset_sort
[seqwish::transclosure] 211.315 72.36% 248481973-413354884 dset_invert
[seqwish::transclosure] 212.069 72.36% 248481973-413354884 graph_emission
[seqwish::transclosure] 238.016 82.37% 413385542-608428701 overlap_collect
[seqwish::transclosure] 239.153 82.37% 413385542-608428701 rank_build
[seqwish::transclosure] 240.346 82.37% 413385542-608428701 parallel_union_find
[seqwish::transclosure] 240.795 82.37% 413385542-608428701 dset_write
[seqwish::transclosure] 241.468 82.37% 413385542-608428701 dset_compression
[seqwish::transclosure] 241.885 82.37% 413385542-608428701 dset_sort
[seqwish::transclosure] 242.362 82.37% 413385542-608428701 dset_invert
[seqwish::transclosure] 242.892 82.37% 413385542-608428701 graph_emission
[seqwish::transclosure] 261.223 87.41% 608429090-889876447 overlap_collect
[seqwish::transclosure] 262.451 87.41% 608429090-889876447 rank_build
[seqwish::transclosure] 263.457 87.41% 608429090-889876447 parallel_union_find
[seqwish::transclosure] 263.675 87.41% 608429090-889876447 dset_write
[seqwish::transclosure] 264.170 87.41% 608429090-889876447 dset_compression
[seqwish::transclosure] 264.447 87.41% 608429090-889876447 dset_sort
[seqwish::transclosure] 264.783 87.41% 608429090-889876447 dset_invert
[seqwish::transclosure] 265.174 87.41% 608429090-889876447 graph_emission
[seqwish::transclosure] 273.692 91.00% 889876447-1131235885 overlap_collect
[seqwish::transclosure] 274.730 91.00% 889876447-1131235885 rank_build
[seqwish::transclosure] 275.694 91.00% 889876447-1131235885 parallel_union_find
[seqwish::transclosure] 275.893 91.00% 889876447-1131235885 dset_write
[seqwish::transclosure] 276.216 91.00% 889876447-1131235885 dset_compression
[seqwish::transclosure] 276.485 91.00% 889876447-1131235885 dset_sort
[seqwish::transclosure] 276.912 91.00% 889876447-1131235885 dset_invert
[seqwish::transclosure] 277.247 91.00% 889876447-1131235885 graph_emission
[seqwish::transclosure] 282.154 94.29% 1131235885-1635790087 overlap_collect
[seqwish::transclosure] 283.905 94.29% 1131235885-1635790087 rank_build
[seqwish::transclosure] 284.758 94.29% 1131235885-1635790087 parallel_union_find
[seqwish::transclosure] 284.878 94.29% 1131235885-1635790087 dset_write
[seqwish::transclosure] 285.228 94.29% 1131235885-1635790087 dset_compression
[seqwish::transclosure] 285.449 94.29% 1131235885-1635790087 dset_sort
[seqwish::transclosure] 285.900 94.29% 1131235885-1635790087 dset_invert
[seqwish::transclosure] 286.403 94.29% 1131235885-1635790087 graph_emission
[seqwish::transclosure] 289.978 97.18% 1635790087-1885434779 overlap_collect
[seqwish::transclosure] 290.985 97.18% 1635790087-1885434779 rank_build
[seqwish::transclosure] 291.970 97.18% 1635790087-1885434779 parallel_union_find
[seqwish::transclosure] 292.007 97.18% 1635790087-1885434779 dset_write
[seqwish::transclosure] 292.233 97.18% 1635790087-1885434779 dset_compression
[seqwish::transclosure] 292.425 97.18% 1635790087-1885434779 dset_sort
[seqwish::transclosure] 292.822 97.18% 1635790087-1885434779 dset_invert
[seqwish::transclosure] 293.136 97.18% 1635790087-1885434779 graph_emission
[seqwish::transclosure] 295.228 99.81% 1885434779-1902510751 overlap_collect
[seqwish::transclosure] 295.342 99.81% 1885434779-1902510751 rank_build
[seqwish::transclosure] 295.862 99.81% 1885434779-1902510751 parallel_union_find
[seqwish::transclosure] 295.865 99.81% 1885434779-1902510751 dset_write
[seqwish::transclosure] 295.896 99.81% 1885434779-1902510751 dset_compression
[seqwish::transclosure] 295.915 99.81% 1885434779-1902510751 dset_sort
[seqwish::transclosure] 295.944 99.81% 1885434779-1902510751 dset_invert
[seqwish::transclosure] 295.971 99.81% 1885434779-1902510751 graph_emission
[seqwish::transclosure] 299.752 100.00% building node_iitree and path_iitree indexes
[seqwish::transclosure] 301.104 100.00% done
[seqwish::transclosure] 301.105 done with transitive closures
[seqwish::compact] 301.105 compacting nodes
[seqwish::compact] 303.461 done compacting
[seqwish::compact] 303.560 built node index
[seqwish::links] 303.560 finding graph links
[seqwish::links] 309.284 links derived
[seqwish::gfa] 309.285 writing graph
[seqwish::gfa] 365.817 done
	Command being timed: "/home/guarracino/tools/seqwish/bin/seqwish-ccfefb016fcfc9937817ce61dc06bbcf382be75e -t 48 -s /lizardfs/guarracino/seqwish-paper/athaliana/assemblies/athaliana16.fasta.gz -p /lizardfs/guarracino/seqwish-paper/athaliana/alignment/athaliana16.s20k.l60k.p90.n16.paf -g /scratch/athaliana16.s20k.l60k.p90.n16.k311.B50M.gfa -k 311 -B50M -P"
	User time (seconds): 3012.55
	System time (seconds): 49.79
	Percent of CPU this job got: 836%
	Elapsed (wall clock) time (h:mm:ss or m:ss): 6:06.14
	Average shared text size (kbytes): 0
	Average unshared data size (kbytes): 0
	Average stack size (kbytes): 0
	Average total size (kbytes): 0
	Maximum resident set size (kbytes): 35350340
	Average resident set size (kbytes): 0
	Major (requiring I/O) page faults: 0
	Minor (reclaiming a frame) page faults: 23535161
	Voluntary context switches: 17058683
	Involuntary context switches: 2001794
	Swaps: 0
	File system inputs: 845104
	File system outputs: 10181472
	Socket messages sent: 0
	Socket messages received: 0
	Signals delivered: 0
	Page size (bytes): 4096
	Exit status: 0
