octopus10
[seqwish::seqidx] 0.001 indexing sequences
[seqwish::seqidx] 14.542 index built
[seqwish::alignments] 14.543 processing alignments
[seqwish::alignments] 21.561 indexing
[seqwish::alignments] 28.241 index built
[seqwish::transclosure] 28.243 computing transitive closures
[seqwish::transclosure] 28.435 0.00% 0-50000000 overlap_collect
[seqwish::transclosure] 33.318 0.00% 0-50000000 rank_build
[seqwish::transclosure] 37.321 0.00% 0-50000000 parallel_union_find
[seqwish::transclosure] 40.696 0.00% 0-50000000 dset_write
[seqwish::transclosure] 43.229 0.00% 0-50000000 dset_compression
[seqwish::transclosure] 45.848 0.00% 0-50000000 dset_sort
[seqwish::transclosure] 47.198 0.00% 0-50000000 dset_invert
[seqwish::transclosure] 50.182 0.00% 0-50000000 graph_emission
[seqwish::transclosure] 51.413 29.94% 50000000-100000000 overlap_collect
[seqwish::transclosure] 56.786 29.94% 50000000-100000000 rank_build
[seqwish::transclosure] 63.774 29.94% 50000000-100000000 parallel_union_find
[seqwish::transclosure] 67.407 29.94% 50000000-100000000 dset_write
[seqwish::transclosure] 69.351 29.94% 50000000-100000000 dset_compression
[seqwish::transclosure] 72.181 29.94% 50000000-100000000 dset_sort
[seqwish::transclosure] 73.597 29.94% 50000000-100000000 dset_invert
[seqwish::transclosure] 76.137 29.94% 50000000-100000000 graph_emission
[seqwish::transclosure] 124.953 60.92% 100000000-233929137 overlap_collect
[seqwish::transclosure] 127.472 60.92% 100000000-233929137 rank_build
[seqwish::transclosure] 130.114 60.92% 100000000-233929137 parallel_union_find
[seqwish::transclosure] 131.155 60.92% 100000000-233929137 dset_write
[seqwish::transclosure] 132.506 60.92% 100000000-233929137 dset_compression
[seqwish::transclosure] 133.546 60.92% 100000000-233929137 dset_sort
[seqwish::transclosure] 134.275 60.92% 100000000-233929137 dset_invert
[seqwish::transclosure] 135.337 60.92% 100000000-233929137 graph_emission
[seqwish::transclosure] 196.446 73.46% 233929137-407081582 overlap_collect
[seqwish::transclosure] 200.176 73.46% 233929137-407081582 rank_build
[seqwish::transclosure] 202.161 73.46% 233929137-407081582 parallel_union_find
[seqwish::transclosure] 202.610 73.46% 233929137-407081582 dset_write
[seqwish::transclosure] 203.537 73.46% 233929137-407081582 dset_compression
[seqwish::transclosure] 204.250 73.46% 233929137-407081582 dset_sort
[seqwish::transclosure] 204.729 73.46% 233929137-407081582 dset_invert
[seqwish::transclosure] 205.371 73.46% 233929137-407081582 graph_emission
[seqwish::transclosure] 225.999 82.01% 407086519-605585661 overlap_collect
[seqwish::transclosure] 227.199 82.01% 407086519-605585661 rank_build
[seqwish::transclosure] 228.556 82.01% 407086519-605585661 parallel_union_find
[seqwish::transclosure] 228.695 82.01% 407086519-605585661 dset_write
[seqwish::transclosure] 229.129 82.01% 407086519-605585661 dset_compression
[seqwish::transclosure] 229.467 82.01% 407086519-605585661 dset_sort
[seqwish::transclosure] 229.963 82.01% 407086519-605585661 dset_invert
[seqwish::transclosure] 230.405 82.01% 407086519-605585661 graph_emission
[seqwish::transclosure] 245.218 86.23% 605585661-876858877 overlap_collect
[seqwish::transclosure] 246.415 86.23% 605585661-876858877 rank_build
[seqwish::transclosure] 247.521 86.23% 605585661-876858877 parallel_union_find
[seqwish::transclosure] 247.557 86.23% 605585661-876858877 dset_write
[seqwish::transclosure] 247.873 86.23% 605585661-876858877 dset_compression
[seqwish::transclosure] 248.134 86.23% 605585661-876858877 dset_sort
[seqwish::transclosure] 248.574 86.23% 605585661-876858877 dset_invert
[seqwish::transclosure] 248.984 86.23% 605585661-876858877 graph_emission
[seqwish::transclosure] 255.931 89.30% 876858877-1072660711 overlap_collect
[seqwish::transclosure] 256.907 89.30% 876858877-1072660711 rank_build
[seqwish::transclosure] 257.939 89.30% 876858877-1072660711 parallel_union_find
[seqwish::transclosure] 257.973 89.30% 876858877-1072660711 dset_write
[seqwish::transclosure] 258.278 89.30% 876858877-1072660711 dset_compression
[seqwish::transclosure] 258.523 89.30% 876858877-1072660711 dset_sort
[seqwish::transclosure] 258.950 89.30% 876858877-1072660711 dset_invert
[seqwish::transclosure] 259.309 89.30% 876858877-1072660711 graph_emission
[seqwish::transclosure] 262.807 92.32% 1072660799-1523217035 overlap_collect
[seqwish::transclosure] 264.434 92.32% 1072660799-1523217035 rank_build
[seqwish::transclosure] 265.437 92.32% 1072660799-1523217035 parallel_union_find
[seqwish::transclosure] 265.478 92.32% 1072660799-1523217035 dset_write
[seqwish::transclosure] 265.773 92.32% 1072660799-1523217035 dset_compression
[seqwish::transclosure] 265.991 92.32% 1072660799-1523217035 dset_sort
[seqwish::transclosure] 266.398 92.32% 1072660799-1523217035 dset_invert
[seqwish::transclosure] 266.754 92.32% 1072660799-1523217035 graph_emission
[seqwish::transclosure] 269.789 95.21% 1523217035-1758342409 overlap_collect
[seqwish::transclosure] 270.783 95.21% 1523217035-1758342409 rank_build
[seqwish::transclosure] 271.825 95.21% 1523217035-1758342409 parallel_union_find
[seqwish::transclosure] 271.842 95.21% 1523217035-1758342409 dset_write
[seqwish::transclosure] 272.126 95.21% 1523217035-1758342409 dset_compression
[seqwish::transclosure] 272.334 95.21% 1523217035-1758342409 dset_sort
[seqwish::transclosure] 272.757 95.21% 1523217035-1758342409 dset_invert
[seqwish::transclosure] 273.151 95.21% 1523217035-1758342409 graph_emission
[seqwish::transclosure] 275.127 97.87% 1758342409-1902510751 overlap_collect
[seqwish::transclosure] 275.795 97.87% 1758342409-1902510751 rank_build
[seqwish::transclosure] 276.765 97.87% 1758342409-1902510751 parallel_union_find
[seqwish::transclosure] 276.772 97.87% 1758342409-1902510751 dset_write
[seqwish::transclosure] 276.988 97.87% 1758342409-1902510751 dset_compression
[seqwish::transclosure] 277.151 97.87% 1758342409-1902510751 dset_sort
[seqwish::transclosure] 277.483 97.87% 1758342409-1902510751 dset_invert
[seqwish::transclosure] 277.745 97.87% 1758342409-1902510751 graph_emission
[seqwish::transclosure] 282.908 100.00% building node_iitree and path_iitree indexes
[seqwish::transclosure] 285.141 100.00% done
[seqwish::transclosure] 285.152 done with transitive closures
[seqwish::compact] 285.153 compacting nodes
[seqwish::compact] 288.870 done compacting
[seqwish::compact] 288.983 built node index
[seqwish::links] 288.983 finding graph links
[seqwish::links] 297.806 links derived
[seqwish::gfa] 297.806 writing graph
[seqwish::gfa] 361.400 done
	Command being timed: "/home/guarracino/tools/seqwish/bin/seqwish-ccfefb016fcfc9937817ce61dc06bbcf382be75e -t 48 -s /lizardfs/guarracino/seqwish-paper/athaliana/assemblies/athaliana16.fasta.gz -p /lizardfs/guarracino/seqwish-paper/athaliana/alignment/athaliana16.s100k.l300k.p98.n16.paf -g /scratch/athaliana16.s100k.l300k.p98.n16.k79.B50M.gfa -k 79 -B50M -P"
	User time (seconds): 2667.69
	System time (seconds): 46.84
	Percent of CPU this job got: 750%
	Elapsed (wall clock) time (h:mm:ss or m:ss): 6:01.74
	Average shared text size (kbytes): 0
	Average unshared data size (kbytes): 0
	Average stack size (kbytes): 0
	Average total size (kbytes): 0
	Maximum resident set size (kbytes): 37124140
	Average resident set size (kbytes): 0
	Major (requiring I/O) page faults: 0
	Minor (reclaiming a frame) page faults: 28769882
	Voluntary context switches: 16871170
	Involuntary context switches: 1171691
	Swaps: 0
	File system inputs: 0
	File system outputs: 14170464
	Socket messages sent: 0
	Socket messages received: 0
	Signals delivered: 0
	Page size (bytes): 4096
	Exit status: 0
