octopus10
[seqwish::seqidx] 0.001 indexing sequences
[seqwish::seqidx] 14.509 index built
[seqwish::alignments] 14.509 processing alignments
[seqwish::alignments] 30.634 indexing
[seqwish::alignments] 40.780 index built
[seqwish::transclosure] 40.781 computing transitive closures
[seqwish::transclosure] 40.974 0.00% 0-50000000 overlap_collect
[seqwish::transclosure] 49.003 0.00% 0-50000000 rank_build
[seqwish::transclosure] 56.226 0.00% 0-50000000 parallel_union_find
[seqwish::transclosure] 60.929 0.00% 0-50000000 dset_write
[seqwish::transclosure] 64.789 0.00% 0-50000000 dset_compression
[seqwish::transclosure] 68.080 0.00% 0-50000000 dset_sort
[seqwish::transclosure] 69.678 0.00% 0-50000000 dset_invert
[seqwish::transclosure] 72.584 0.00% 0-50000000 graph_emission
[seqwish::transclosure] 74.807 35.72% 50000000-100011837 overlap_collect
[seqwish::transclosure] 83.364 35.72% 50000000-100011837 rank_build
[seqwish::transclosure] 91.591 35.72% 50000000-100011837 parallel_union_find
[seqwish::transclosure] 110.622 35.72% 50000000-100011837 dset_write
[seqwish::transclosure] 113.564 35.72% 50000000-100011837 dset_compression
[seqwish::transclosure] 116.849 35.72% 50000000-100011837 dset_sort
[seqwish::transclosure] 118.479 35.72% 50000000-100011837 dset_invert
[seqwish::transclosure] 121.348 35.72% 50000000-100011837 graph_emission
[seqwish::transclosure] 182.638 72.40% 100011837-285201700 overlap_collect
[seqwish::transclosure] 191.172 72.40% 100011837-285201700 rank_build
[seqwish::transclosure] 194.744 72.40% 100011837-285201700 parallel_union_find
[seqwish::transclosure] 202.308 72.40% 100011837-285201700 dset_write
[seqwish::transclosure] 204.389 72.40% 100011837-285201700 dset_compression
[seqwish::transclosure] 205.881 72.40% 100011837-285201700 dset_sort
[seqwish::transclosure] 206.739 72.40% 100011837-285201700 dset_invert
[seqwish::transclosure] 208.221 72.40% 100011837-285201700 graph_emission
[seqwish::transclosure] 277.417 89.77% 285201700-676041849 overlap_collect
[seqwish::transclosure] 282.663 89.77% 285201700-676041849 rank_build
[seqwish::transclosure] 284.329 89.77% 285201700-676041849 parallel_union_find
[seqwish::transclosure] 285.589 89.77% 285201700-676041849 dset_write
[seqwish::transclosure] 286.367 89.77% 285201700-676041849 dset_compression
[seqwish::transclosure] 286.903 89.77% 285201700-676041849 dset_sort
[seqwish::transclosure] 287.351 89.77% 285201700-676041849 dset_invert
[seqwish::transclosure] 287.862 89.77% 285201700-676041849 graph_emission
[seqwish::transclosure] 322.452 96.07% 676041849-1673913300 overlap_collect
[seqwish::transclosure] 325.970 96.07% 676041849-1673913300 rank_build
[seqwish::transclosure] 327.023 96.07% 676041849-1673913300 parallel_union_find
[seqwish::transclosure] 327.155 96.07% 676041849-1673913300 dset_write
[seqwish::transclosure] 327.521 96.07% 676041849-1673913300 dset_compression
[seqwish::transclosure] 327.758 96.07% 676041849-1673913300 dset_sort
[seqwish::transclosure] 328.128 96.07% 676041849-1673913300 dset_invert
[seqwish::transclosure] 328.479 96.07% 676041849-1673913300 graph_emission
[seqwish::transclosure] 338.479 98.97% 1673913300-1902510751 overlap_collect
[seqwish::transclosure] 339.348 98.97% 1673913300-1902510751 rank_build
[seqwish::transclosure] 340.031 98.97% 1673913300-1902510751 parallel_union_find
[seqwish::transclosure] 340.041 98.97% 1673913300-1902510751 dset_write
[seqwish::transclosure] 340.181 98.97% 1673913300-1902510751 dset_compression
[seqwish::transclosure] 340.264 98.97% 1673913300-1902510751 dset_sort
[seqwish::transclosure] 340.430 98.97% 1673913300-1902510751 dset_invert
[seqwish::transclosure] 340.565 98.97% 1673913300-1902510751 graph_emission
[seqwish::transclosure] 345.745 100.00% building node_iitree and path_iitree indexes
[seqwish::transclosure] 350.097 100.00% done
[seqwish::transclosure] 350.108 done with transitive closures
[seqwish::compact] 350.108 compacting nodes
[seqwish::compact] 356.934 done compacting
[seqwish::compact] 357.043 built node index
[seqwish::links] 357.043 finding graph links
[seqwish::links] 374.881 links derived
[seqwish::gfa] 374.881 writing graph
[seqwish::gfa] 444.612 done
	Command being timed: "/home/guarracino/tools/seqwish/bin/seqwish-ccfefb016fcfc9937817ce61dc06bbcf382be75e -t 48 -s /lizardfs/guarracino/seqwish-paper/athaliana/assemblies/athaliana16.fasta.gz -p /lizardfs/guarracino/seqwish-paper/athaliana/alignment/athaliana16.s50k.l150k.p90.n16.paf -g /scratch/athaliana16.s50k.l150k.p90.n16.k49.B50M.gfa -k 49 -B50M -P"
	User time (seconds): 5380.95
	System time (seconds): 72.53
	Percent of CPU this job got: 1225%
	Elapsed (wall clock) time (h:mm:ss or m:ss): 7:25.12
	Average shared text size (kbytes): 0
	Average unshared data size (kbytes): 0
	Average stack size (kbytes): 0
	Average total size (kbytes): 0
	Maximum resident set size (kbytes): 44873148
	Average resident set size (kbytes): 0
	Major (requiring I/O) page faults: 0
	Minor (reclaiming a frame) page faults: 41282492
	Voluntary context switches: 19538767
	Involuntary context switches: 3385912
	Swaps: 0
	File system inputs: 0
	File system outputs: 21754432
	Socket messages sent: 0
	Socket messages received: 0
	Signals delivered: 0
	Page size (bytes): 4096
	Exit status: 0
