octopus10
[seqwish::seqidx] 0.001 indexing sequences
[seqwish::seqidx] 13.910 index built
[seqwish::alignments] 13.910 processing alignments
[seqwish::alignments] 16.694 indexing
[seqwish::alignments] 18.773 index built
[seqwish::transclosure] 18.775 computing transitive closures
[seqwish::transclosure] 18.896 0.00% 0-50000000 overlap_collect
[seqwish::transclosure] 23.015 0.00% 0-50000000 rank_build
[seqwish::transclosure] 28.439 0.00% 0-50000000 parallel_union_find
[seqwish::transclosure] 31.594 0.00% 0-50000000 dset_write
[seqwish::transclosure] 34.765 0.00% 0-50000000 dset_compression
[seqwish::transclosure] 36.986 0.00% 0-50000000 dset_sort
[seqwish::transclosure] 38.269 0.00% 0-50000000 dset_invert
[seqwish::transclosure] 40.861 0.00% 0-50000000 graph_emission
[seqwish::transclosure] 42.299 27.38% 50000000-100000000 overlap_collect
[seqwish::transclosure] 49.574 27.38% 50000000-100000000 rank_build
[seqwish::transclosure] 55.940 27.38% 50000000-100000000 parallel_union_find
[seqwish::transclosure] 68.424 27.38% 50000000-100000000 dset_write
[seqwish::transclosure] 72.051 27.38% 50000000-100000000 dset_compression
[seqwish::transclosure] 74.601 27.38% 50000000-100000000 dset_sort
[seqwish::transclosure] 75.943 27.38% 50000000-100000000 dset_invert
[seqwish::transclosure] 78.297 27.38% 50000000-100000000 graph_emission
[seqwish::transclosure] 123.122 56.47% 100000000-245256083 overlap_collect
[seqwish::transclosure] 125.924 56.47% 100000000-245256083 rank_build
[seqwish::transclosure] 128.988 56.47% 100000000-245256083 parallel_union_find
[seqwish::transclosure] 132.561 56.47% 100000000-245256083 dset_write
[seqwish::transclosure] 134.182 56.47% 100000000-245256083 dset_compression
[seqwish::transclosure] 135.358 56.47% 100000000-245256083 dset_sort
[seqwish::transclosure] 136.006 56.47% 100000000-245256083 dset_invert
[seqwish::transclosure] 137.326 56.47% 100000000-245256083 graph_emission
[seqwish::transclosure] 198.876 69.44% 245256083-397094775 overlap_collect
[seqwish::transclosure] 201.004 69.44% 245256083-397094775 rank_build
[seqwish::transclosure] 203.194 69.44% 245256083-397094775 parallel_union_find
[seqwish::transclosure] 205.122 69.44% 245256083-397094775 dset_write
[seqwish::transclosure] 206.409 69.44% 245256083-397094775 dset_compression
[seqwish::transclosure] 207.257 69.44% 245256083-397094775 dset_sort
[seqwish::transclosure] 207.740 69.44% 245256083-397094775 dset_invert
[seqwish::transclosure] 208.606 69.44% 245256083-397094775 graph_emission
[seqwish::transclosure] 231.968 79.34% 397094775-588307489 overlap_collect
[seqwish::transclosure] 233.220 79.34% 397094775-588307489 rank_build
[seqwish::transclosure] 235.002 79.34% 397094775-588307489 parallel_union_find
[seqwish::transclosure] 235.458 79.34% 397094775-588307489 dset_write
[seqwish::transclosure] 235.844 79.34% 397094775-588307489 dset_compression
[seqwish::transclosure] 236.235 79.34% 397094775-588307489 dset_sort
[seqwish::transclosure] 236.740 79.34% 397094775-588307489 dset_invert
[seqwish::transclosure] 237.198 79.34% 397094775-588307489 graph_emission
[seqwish::transclosure] 255.855 84.21% 588307489-827349267 overlap_collect
[seqwish::transclosure] 257.083 84.21% 588307489-827349267 rank_build
[seqwish::transclosure] 258.143 84.21% 588307489-827349267 parallel_union_find
[seqwish::transclosure] 258.214 84.21% 588307489-827349267 dset_write
[seqwish::transclosure] 258.611 84.21% 588307489-827349267 dset_compression
[seqwish::transclosure] 258.867 84.21% 588307489-827349267 dset_sort
[seqwish::transclosure] 259.198 84.21% 588307489-827349267 dset_invert
[seqwish::transclosure] 259.556 84.21% 588307489-827349267 graph_emission
[seqwish::transclosure] 267.794 87.41% 827349267-996801656 overlap_collect
[seqwish::transclosure] 268.803 87.41% 827349267-996801656 rank_build
[seqwish::transclosure] 270.519 87.41% 827349267-996801656 parallel_union_find
[seqwish::transclosure] 270.675 87.41% 827349267-996801656 dset_write
[seqwish::transclosure] 270.955 87.41% 827349267-996801656 dset_compression
[seqwish::transclosure] 271.210 87.41% 827349267-996801656 dset_sort
[seqwish::transclosure] 271.546 87.41% 827349267-996801656 dset_invert
[seqwish::transclosure] 271.881 87.41% 827349267-996801656 graph_emission
[seqwish::transclosure] 276.254 90.68% 996801656-1428782734 overlap_collect
[seqwish::transclosure] 278.036 90.68% 996801656-1428782734 rank_build
[seqwish::transclosure] 280.017 90.68% 996801656-1428782734 parallel_union_find
[seqwish::transclosure] 280.146 90.68% 996801656-1428782734 dset_write
[seqwish::transclosure] 280.387 90.68% 996801656-1428782734 dset_compression
[seqwish::transclosure] 280.623 90.68% 996801656-1428782734 dset_sort
[seqwish::transclosure] 280.993 90.68% 996801656-1428782734 dset_invert
[seqwish::transclosure] 281.375 90.68% 996801656-1428782734 graph_emission
[seqwish::transclosure] 284.712 93.60% 1428782734-1639847355 overlap_collect
[seqwish::transclosure] 285.828 93.60% 1428782734-1639847355 rank_build
[seqwish::transclosure] 286.927 93.60% 1428782734-1639847355 parallel_union_find
[seqwish::transclosure] 287.002 93.60% 1428782734-1639847355 dset_write
[seqwish::transclosure] 287.243 93.60% 1428782734-1639847355 dset_compression
[seqwish::transclosure] 287.457 93.60% 1428782734-1639847355 dset_sort
[seqwish::transclosure] 287.837 93.60% 1428782734-1639847355 dset_invert
[seqwish::transclosure] 288.176 93.60% 1428782734-1639847355 graph_emission
[seqwish::transclosure] 291.698 96.35% 1639847355-1841702675 overlap_collect
[seqwish::transclosure] 292.791 96.35% 1639847355-1841702675 rank_build
[seqwish::transclosure] 295.582 96.35% 1639847355-1841702675 parallel_union_find
[seqwish::transclosure] 295.612 96.35% 1639847355-1841702675 dset_write
[seqwish::transclosure] 295.844 96.35% 1639847355-1841702675 dset_compression
[seqwish::transclosure] 296.036 96.35% 1639847355-1841702675 dset_sort
[seqwish::transclosure] 296.325 96.35% 1639847355-1841702675 dset_invert
[seqwish::transclosure] 296.636 96.35% 1639847355-1841702675 graph_emission
[seqwish::transclosure] 298.466 98.99% 1841702675-1902510751 overlap_collect
[seqwish::transclosure] 298.883 98.99% 1841702675-1902510751 rank_build
[seqwish::transclosure] 300.295 98.99% 1841702675-1902510751 parallel_union_find
[seqwish::transclosure] 300.302 98.99% 1841702675-1902510751 dset_write
[seqwish::transclosure] 300.404 98.99% 1841702675-1902510751 dset_compression
[seqwish::transclosure] 300.486 98.99% 1841702675-1902510751 dset_sort
[seqwish::transclosure] 300.608 98.99% 1841702675-1902510751 dset_invert
[seqwish::transclosure] 300.723 98.99% 1841702675-1902510751 graph_emission
[seqwish::transclosure] 305.483 100.00% building node_iitree and path_iitree indexes
[seqwish::transclosure] 306.861 100.00% done
[seqwish::transclosure] 306.862 done with transitive closures
[seqwish::compact] 306.862 compacting nodes
[seqwish::compact] 309.318 done compacting
[seqwish::compact] 309.431 built node index
[seqwish::links] 309.431 finding graph links
[seqwish::links] 315.536 links derived
[seqwish::gfa] 315.537 writing graph
[seqwish::gfa] 371.809 done
	Command being timed: "/home/guarracino/tools/seqwish/bin/seqwish-ccfefb016fcfc9937817ce61dc06bbcf382be75e -t 48 -s /lizardfs/guarracino/seqwish-paper/athaliana/assemblies/athaliana16.fasta.gz -p /lizardfs/guarracino/seqwish-paper/athaliana/alignment/athaliana16.s20k.l60k.p98.n16.paf -g /scratch/athaliana16.s20k.l60k.p98.n16.k229.B50M.gfa -k 229 -B50M -P"
	User time (seconds): 3080.53
	System time (seconds): 101.68
	Percent of CPU this job got: 855%
	Elapsed (wall clock) time (h:mm:ss or m:ss): 6:12.13
	Average shared text size (kbytes): 0
	Average unshared data size (kbytes): 0
	Average stack size (kbytes): 0
	Average total size (kbytes): 0
	Maximum resident set size (kbytes): 34441676
	Average resident set size (kbytes): 0
	Major (requiring I/O) page faults: 0
	Minor (reclaiming a frame) page faults: 25415395
	Voluntary context switches: 20232466
	Involuntary context switches: 1964176
	Swaps: 0
	File system inputs: 0
	File system outputs: 10095920
	Socket messages sent: 0
	Socket messages received: 0
	Signals delivered: 0
	Page size (bytes): 4096
	Exit status: 0
