octopus10
[seqwish::seqidx] 0.001 indexing sequences
[seqwish::seqidx] 14.461 index built
[seqwish::alignments] 14.461 processing alignments
[seqwish::alignments] 19.096 indexing
[seqwish::alignments] 22.459 index built
[seqwish::transclosure] 22.460 computing transitive closures
[seqwish::transclosure] 22.652 0.00% 0-50000000 overlap_collect
[seqwish::transclosure] 27.912 0.00% 0-50000000 rank_build
[seqwish::transclosure] 34.038 0.00% 0-50000000 parallel_union_find
[seqwish::transclosure] 37.604 0.00% 0-50000000 dset_write
[seqwish::transclosure] 40.833 0.00% 0-50000000 dset_compression
[seqwish::transclosure] 43.609 0.00% 0-50000000 dset_sort
[seqwish::transclosure] 44.990 0.00% 0-50000000 dset_invert
[seqwish::transclosure] 47.454 0.00% 0-50000000 graph_emission
[seqwish::transclosure] 49.251 29.97% 50000000-100007779 overlap_collect
[seqwish::transclosure] 53.447 29.97% 50000000-100007779 rank_build
[seqwish::transclosure] 59.253 29.97% 50000000-100007779 parallel_union_find
[seqwish::transclosure] 62.996 29.97% 50000000-100007779 dset_write
[seqwish::transclosure] 64.968 29.97% 50000000-100007779 dset_compression
[seqwish::transclosure] 67.792 29.97% 50000000-100007779 dset_sort
[seqwish::transclosure] 69.180 29.97% 50000000-100007779 dset_invert
[seqwish::transclosure] 71.712 29.97% 50000000-100007779 graph_emission
[seqwish::transclosure] 123.810 61.27% 100007779-246150424 overlap_collect
[seqwish::transclosure] 126.275 61.27% 100007779-246150424 rank_build
[seqwish::transclosure] 129.311 61.27% 100007779-246150424 parallel_union_find
[seqwish::transclosure] 130.681 61.27% 100007779-246150424 dset_write
[seqwish::transclosure] 132.107 61.27% 100007779-246150424 dset_compression
[seqwish::transclosure] 133.380 61.27% 100007779-246150424 dset_sort
[seqwish::transclosure] 134.289 61.27% 100007779-246150424 dset_invert
[seqwish::transclosure] 135.607 61.27% 100007779-246150424 graph_emission
[seqwish::transclosure] 197.374 75.83% 246150424-433166754 overlap_collect
[seqwish::transclosure] 200.176 75.83% 246150424-433166754 rank_build
[seqwish::transclosure] 202.829 75.83% 246150424-433166754 parallel_union_find
[seqwish::transclosure] 203.469 75.83% 246150424-433166754 dset_write
[seqwish::transclosure] 204.520 75.83% 246150424-433166754 dset_compression
[seqwish::transclosure] 205.349 75.83% 246150424-433166754 dset_sort
[seqwish::transclosure] 205.851 75.83% 246150424-433166754 dset_invert
[seqwish::transclosure] 206.619 75.83% 246150424-433166754 graph_emission
[seqwish::transclosure] 231.639 85.20% 433166841-637126143 overlap_collect
[seqwish::transclosure] 232.974 85.20% 433166841-637126143 rank_build
[seqwish::transclosure] 234.435 85.20% 433166841-637126143 parallel_union_find
[seqwish::transclosure] 234.582 85.20% 433166841-637126143 dset_write
[seqwish::transclosure] 235.109 85.20% 433166841-637126143 dset_compression
[seqwish::transclosure] 235.498 85.20% 433166841-637126143 dset_sort
[seqwish::transclosure] 235.981 85.20% 433166841-637126143 dset_invert
[seqwish::transclosure] 236.514 85.20% 433166841-637126143 graph_emission
[seqwish::transclosure] 253.150 90.15% 637126143-990117057 overlap_collect
[seqwish::transclosure] 254.646 90.15% 637126143-990117057 rank_build
[seqwish::transclosure] 255.885 90.15% 637126143-990117057 parallel_union_find
[seqwish::transclosure] 255.960 90.15% 637126143-990117057 dset_write
[seqwish::transclosure] 256.364 90.15% 637126143-990117057 dset_compression
[seqwish::transclosure] 256.657 90.15% 637126143-990117057 dset_sort
[seqwish::transclosure] 257.085 90.15% 637126143-990117057 dset_invert
[seqwish::transclosure] 257.520 90.15% 637126143-990117057 graph_emission
[seqwish::transclosure] 265.832 93.81% 990117057-1545611934 overlap_collect
[seqwish::transclosure] 267.795 93.81% 990117057-1545611934 rank_build
[seqwish::transclosure] 268.824 93.81% 990117057-1545611934 parallel_union_find
[seqwish::transclosure] 268.871 93.81% 990117057-1545611934 dset_write
[seqwish::transclosure] 269.191 93.81% 990117057-1545611934 dset_compression
[seqwish::transclosure] 269.427 93.81% 990117057-1545611934 dset_sort
[seqwish::transclosure] 269.867 93.81% 990117057-1545611934 dset_invert
[seqwish::transclosure] 270.235 93.81% 990117057-1545611934 graph_emission
[seqwish::transclosure] 274.073 96.86% 1545611934-1851891381 overlap_collect
[seqwish::transclosure] 275.308 96.86% 1545611934-1851891381 rank_build
[seqwish::transclosure] 276.589 96.86% 1545611934-1851891381 parallel_union_find
[seqwish::transclosure] 276.610 96.86% 1545611934-1851891381 dset_write
[seqwish::transclosure] 276.890 96.86% 1545611934-1851891381 dset_compression
[seqwish::transclosure] 277.101 96.86% 1545611934-1851891381 dset_sort
[seqwish::transclosure] 277.522 96.86% 1545611934-1851891381 dset_invert
[seqwish::transclosure] 277.857 96.86% 1545611934-1851891381 graph_emission
[seqwish::transclosure] 280.278 99.51% 1851891381-1902510751 overlap_collect
[seqwish::transclosure] 280.516 99.51% 1851891381-1902510751 rank_build
[seqwish::transclosure] 281.068 99.51% 1851891381-1902510751 parallel_union_find
[seqwish::transclosure] 281.072 99.51% 1851891381-1902510751 dset_write
[seqwish::transclosure] 281.127 99.51% 1851891381-1902510751 dset_compression
[seqwish::transclosure] 281.168 99.51% 1851891381-1902510751 dset_sort
[seqwish::transclosure] 281.256 99.51% 1851891381-1902510751 dset_invert
[seqwish::transclosure] 281.328 99.51% 1851891381-1902510751 graph_emission
[seqwish::transclosure] 285.290 100.00% building node_iitree and path_iitree indexes
[seqwish::transclosure] 286.992 100.00% done
[seqwish::transclosure] 287.003 done with transitive closures
[seqwish::compact] 287.003 compacting nodes
[seqwish::compact] 289.817 done compacting
[seqwish::compact] 289.916 built node index
[seqwish::links] 289.916 finding graph links
[seqwish::links] 296.519 links derived
[seqwish::gfa] 296.519 writing graph
[seqwish::gfa] 355.819 done
	Command being timed: "/home/guarracino/tools/seqwish/bin/seqwish-ccfefb016fcfc9937817ce61dc06bbcf382be75e -t 48 -s /lizardfs/guarracino/seqwish-paper/athaliana/assemblies/athaliana16.fasta.gz -p /lizardfs/guarracino/seqwish-paper/athaliana/alignment/athaliana16.s50k.l150k.p90.n16.paf -g /scratch/athaliana16.s50k.l150k.p90.n16.k229.B50M.gfa -k 229 -B50M -P"
	User time (seconds): 2468.67
	System time (seconds): 49.45
	Percent of CPU this job got: 707%
	Elapsed (wall clock) time (h:mm:ss or m:ss): 5:56.12
	Average shared text size (kbytes): 0
	Average unshared data size (kbytes): 0
	Average stack size (kbytes): 0
	Average total size (kbytes): 0
	Maximum resident set size (kbytes): 37172156
	Average resident set size (kbytes): 0
	Major (requiring I/O) page faults: 0
	Minor (reclaiming a frame) page faults: 33147579
	Voluntary context switches: 16379861
	Involuntary context switches: 1306145
	Swaps: 0
	File system inputs: 0
	File system outputs: 11452032
	Socket messages sent: 0
	Socket messages received: 0
	Signals delivered: 0
	Page size (bytes): 4096
	Exit status: 0
