octopus03
[seqwish::seqidx] 0.001 indexing sequences
[seqwish::seqidx] 14.091 index built
[seqwish::alignments] 14.091 processing alignments
[seqwish::alignments] 19.290 indexing
[seqwish::alignments] 23.224 index built
[seqwish::transclosure] 23.225 computing transitive closures
[seqwish::transclosure] 23.346 0.00% 0-50000000 overlap_collect
[seqwish::transclosure] 27.935 0.00% 0-50000000 rank_build
[seqwish::transclosure] 32.936 0.00% 0-50000000 parallel_union_find
[seqwish::transclosure] 36.170 0.00% 0-50000000 dset_write
[seqwish::transclosure] 39.261 0.00% 0-50000000 dset_compression
[seqwish::transclosure] 41.853 0.00% 0-50000000 dset_sort
[seqwish::transclosure] 43.221 0.00% 0-50000000 dset_invert
[seqwish::transclosure] 45.608 0.00% 0-50000000 graph_emission
[seqwish::transclosure] 46.969 28.86% 50000000-100000000 overlap_collect
[seqwish::transclosure] 52.080 28.86% 50000000-100000000 rank_build
[seqwish::transclosure] 58.054 28.86% 50000000-100000000 parallel_union_find
[seqwish::transclosure] 71.557 28.86% 50000000-100000000 dset_write
[seqwish::transclosure] 75.578 28.86% 50000000-100000000 dset_compression
[seqwish::transclosure] 78.248 28.86% 50000000-100000000 dset_sort
[seqwish::transclosure] 79.650 28.86% 50000000-100000000 dset_invert
[seqwish::transclosure] 82.142 28.86% 50000000-100000000 graph_emission
[seqwish::transclosure] 128.951 58.89% 100000000-230216180 overlap_collect
[seqwish::transclosure] 130.965 58.89% 100000000-230216180 rank_build
[seqwish::transclosure] 132.965 58.89% 100000000-230216180 parallel_union_find
[seqwish::transclosure] 136.755 58.89% 100000000-230216180 dset_write
[seqwish::transclosure] 138.447 58.89% 100000000-230216180 dset_compression
[seqwish::transclosure] 139.521 58.89% 100000000-230216180 dset_sort
[seqwish::transclosure] 140.363 58.89% 100000000-230216180 dset_invert
[seqwish::transclosure] 141.485 58.89% 100000000-230216180 graph_emission
[seqwish::transclosure] 204.848 70.95% 230216180-394212992 overlap_collect
[seqwish::transclosure] 207.812 70.95% 230216180-394212992 rank_build
[seqwish::transclosure] 209.444 70.95% 230216180-394212992 parallel_union_find
[seqwish::transclosure] 211.321 70.95% 230216180-394212992 dset_write
[seqwish::transclosure] 212.610 70.95% 230216180-394212992 dset_compression
[seqwish::transclosure] 213.344 70.95% 230216180-394212992 dset_sort
[seqwish::transclosure] 213.883 70.95% 230216180-394212992 dset_invert
[seqwish::transclosure] 214.549 70.95% 230216180-394212992 graph_emission
[seqwish::transclosure] 235.152 80.44% 394212992-593791483 overlap_collect
[seqwish::transclosure] 236.305 80.44% 394212992-593791483 rank_build
[seqwish::transclosure] 237.406 80.44% 394212992-593791483 parallel_union_find
[seqwish::transclosure] 237.753 80.44% 394212992-593791483 dset_write
[seqwish::transclosure] 238.127 80.44% 394212992-593791483 dset_compression
[seqwish::transclosure] 238.487 80.44% 394212992-593791483 dset_sort
[seqwish::transclosure] 238.906 80.44% 394212992-593791483 dset_invert
[seqwish::transclosure] 239.381 80.44% 394212992-593791483 graph_emission
[seqwish::transclosure] 257.423 84.94% 593791483-847196180 overlap_collect
[seqwish::transclosure] 258.537 84.94% 593791483-847196180 rank_build
[seqwish::transclosure] 259.448 84.94% 593791483-847196180 parallel_union_find
[seqwish::transclosure] 259.557 84.94% 593791483-847196180 dset_write
[seqwish::transclosure] 259.907 84.94% 593791483-847196180 dset_compression
[seqwish::transclosure] 260.152 84.94% 593791483-847196180 dset_sort
[seqwish::transclosure] 260.483 84.94% 593791483-847196180 dset_invert
[seqwish::transclosure] 260.862 84.94% 593791483-847196180 graph_emission
[seqwish::transclosure] 268.915 88.06% 847196180-1015212606 overlap_collect
[seqwish::transclosure] 269.767 88.06% 847196180-1015212606 rank_build
[seqwish::transclosure] 270.569 88.06% 847196180-1015212606 parallel_union_find
[seqwish::transclosure] 270.686 88.06% 847196180-1015212606 dset_write
[seqwish::transclosure] 270.928 88.06% 847196180-1015212606 dset_compression
[seqwish::transclosure] 271.165 88.06% 847196180-1015212606 dset_sort
[seqwish::transclosure] 271.484 88.06% 847196180-1015212606 dset_invert
[seqwish::transclosure] 271.803 88.06% 847196180-1015212606 graph_emission
[seqwish::transclosure] 276.093 91.10% 1015212606-1448575193 overlap_collect
[seqwish::transclosure] 277.696 91.10% 1015212606-1448575193 rank_build
[seqwish::transclosure] 278.574 91.10% 1015212606-1448575193 parallel_union_find
[seqwish::transclosure] 278.679 91.10% 1015212606-1448575193 dset_write
[seqwish::transclosure] 278.924 91.10% 1015212606-1448575193 dset_compression
[seqwish::transclosure] 279.147 91.10% 1015212606-1448575193 dset_sort
[seqwish::transclosure] 279.467 91.10% 1015212606-1448575193 dset_invert
[seqwish::transclosure] 279.779 91.10% 1015212606-1448575193 graph_emission
[seqwish::transclosure] 282.608 93.99% 1448575193-1669020055 overlap_collect
[seqwish::transclosure] 283.574 93.99% 1448575193-1669020055 rank_build
[seqwish::transclosure] 284.373 93.99% 1448575193-1669020055 parallel_union_find
[seqwish::transclosure] 284.440 93.99% 1448575193-1669020055 dset_write
[seqwish::transclosure] 284.675 93.99% 1448575193-1669020055 dset_compression
[seqwish::transclosure] 284.889 93.99% 1448575193-1669020055 dset_sort
[seqwish::transclosure] 285.181 93.99% 1448575193-1669020055 dset_invert
[seqwish::transclosure] 285.472 93.99% 1448575193-1669020055 graph_emission
[seqwish::transclosure] 289.068 96.74% 1669020055-1855843713 overlap_collect
[seqwish::transclosure] 289.916 96.74% 1669020055-1855843713 rank_build
[seqwish::transclosure] 290.847 96.74% 1669020055-1855843713 parallel_union_find
[seqwish::transclosure] 290.865 96.74% 1669020055-1855843713 dset_write
[seqwish::transclosure] 291.083 96.74% 1669020055-1855843713 dset_compression
[seqwish::transclosure] 291.264 96.74% 1669020055-1855843713 dset_sort
[seqwish::transclosure] 291.551 96.74% 1669020055-1855843713 dset_invert
[seqwish::transclosure] 291.809 96.74% 1669020055-1855843713 graph_emission
[seqwish::transclosure] 293.897 99.38% 1855843713-1902510751 overlap_collect
[seqwish::transclosure] 294.146 99.38% 1855843713-1902510751 rank_build
[seqwish::transclosure] 294.711 99.38% 1855843713-1902510751 parallel_union_find
[seqwish::transclosure] 294.716 99.38% 1855843713-1902510751 dset_write
[seqwish::transclosure] 294.783 99.38% 1855843713-1902510751 dset_compression
[seqwish::transclosure] 294.831 99.38% 1855843713-1902510751 dset_sort
[seqwish::transclosure] 294.914 99.38% 1855843713-1902510751 dset_invert
[seqwish::transclosure] 294.999 99.38% 1855843713-1902510751 graph_emission
[seqwish::transclosure] 299.383 100.00% building node_iitree and path_iitree indexes
[seqwish::transclosure] 301.207 100.00% done
[seqwish::transclosure] 301.208 done with transitive closures
[seqwish::compact] 301.208 compacting nodes
[seqwish::compact] 304.315 done compacting
[seqwish::compact] 304.425 built node index
[seqwish::links] 304.426 finding graph links
[seqwish::links] 312.623 links derived
[seqwish::gfa] 312.623 writing graph
[seqwish::gfa] 372.350 done
	Command being timed: "/home/guarracino/tools/seqwish/bin/seqwish-ccfefb016fcfc9937817ce61dc06bbcf382be75e -t 48 -s /lizardfs/guarracino/seqwish-paper/athaliana/assemblies/athaliana16.fasta.gz -p /lizardfs/guarracino/seqwish-paper/athaliana/alignment/athaliana16.s100k.l300k.p98.n16.paf -g /scratch/athaliana16.s100k.l300k.p98.n16.k127.B50M.gfa -k 127 -B50M -P"
	User time (seconds): 3164.31
	System time (seconds): 54.41
	Percent of CPU this job got: 863%
	Elapsed (wall clock) time (h:mm:ss or m:ss): 6:12.65
	Average shared text size (kbytes): 0
	Average unshared data size (kbytes): 0
	Average stack size (kbytes): 0
	Average total size (kbytes): 0
	Maximum resident set size (kbytes): 35946184
	Average resident set size (kbytes): 0
	Major (requiring I/O) page faults: 0
	Minor (reclaiming a frame) page faults: 25146484
	Voluntary context switches: 18448915
	Involuntary context switches: 2014752
	Swaps: 0
	File system inputs: 0
	File system outputs: 12526264
	Socket messages sent: 0
	Socket messages received: 0
	Signals delivered: 0
	Page size (bytes): 4096
	Exit status: 0
