octopus03
[seqwish::seqidx] 0.001 indexing sequences
[seqwish::seqidx] 14.104 index built
[seqwish::alignments] 14.105 processing alignments
[seqwish::alignments] 30.096 indexing
[seqwish::alignments] 40.290 index built
[seqwish::transclosure] 40.292 computing transitive closures
[seqwish::transclosure] 40.413 0.00% 0-50000000 overlap_collect
[seqwish::transclosure] 46.714 0.00% 0-50000000 rank_build
[seqwish::transclosure] 51.062 0.00% 0-50000000 parallel_union_find
[seqwish::transclosure] 54.470 0.00% 0-50000000 dset_write
[seqwish::transclosure] 57.197 0.00% 0-50000000 dset_compression
[seqwish::transclosure] 60.149 0.00% 0-50000000 dset_sort
[seqwish::transclosure] 61.591 0.00% 0-50000000 dset_invert
[seqwish::transclosure] 64.237 0.00% 0-50000000 graph_emission
[seqwish::transclosure] 65.407 32.43% 50000000-100000000 overlap_collect
[seqwish::transclosure] 73.906 32.43% 50000000-100000000 rank_build
[seqwish::transclosure] 79.941 32.43% 50000000-100000000 parallel_union_find
[seqwish::transclosure] 94.499 32.43% 50000000-100000000 dset_write
[seqwish::transclosure] 100.252 32.43% 50000000-100000000 dset_compression
[seqwish::transclosure] 103.067 32.43% 50000000-100000000 dset_sort
[seqwish::transclosure] 104.542 32.43% 50000000-100000000 dset_invert
[seqwish::transclosure] 106.995 32.43% 50000000-100000000 graph_emission
[seqwish::transclosure] 169.007 66.32% 100000000-273801667 overlap_collect
[seqwish::transclosure] 176.162 66.32% 100000000-273801667 rank_build
[seqwish::transclosure] 179.177 66.32% 100000000-273801667 parallel_union_find
[seqwish::transclosure] 183.746 66.32% 100000000-273801667 dset_write
[seqwish::transclosure] 185.004 66.32% 100000000-273801667 dset_compression
[seqwish::transclosure] 186.333 66.32% 100000000-273801667 dset_sort
[seqwish::transclosure] 187.046 66.32% 100000000-273801667 dset_invert
[seqwish::transclosure] 188.260 66.32% 100000000-273801667 graph_emission
[seqwish::transclosure] 261.612 81.29% 273801667-514905788 overlap_collect
[seqwish::transclosure] 266.848 81.29% 273801667-514905788 rank_build
[seqwish::transclosure] 268.967 81.29% 273801667-514905788 parallel_union_find
[seqwish::transclosure] 269.902 81.29% 273801667-514905788 dset_write
[seqwish::transclosure] 270.446 81.29% 273801667-514905788 dset_compression
[seqwish::transclosure] 270.998 81.29% 273801667-514905788 dset_sort
[seqwish::transclosure] 271.368 81.29% 273801667-514905788 dset_invert
[seqwish::transclosure] 271.860 81.29% 273801667-514905788 graph_emission
[seqwish::transclosure] 299.899 88.00% 514906085-824417418 overlap_collect
[seqwish::transclosure] 301.784 88.00% 514906085-824417418 rank_build
[seqwish::transclosure] 303.330 88.00% 514906085-824417418 parallel_union_find
[seqwish::transclosure] 303.462 88.00% 514906085-824417418 dset_write
[seqwish::transclosure] 303.806 88.00% 514906085-824417418 dset_compression
[seqwish::transclosure] 304.078 88.00% 514906085-824417418 dset_sort
[seqwish::transclosure] 304.504 88.00% 514906085-824417418 dset_invert
[seqwish::transclosure] 304.859 88.00% 514906085-824417418 graph_emission
[seqwish::transclosure] 316.829 91.46% 824417418-1085651026 overlap_collect
[seqwish::transclosure] 318.298 91.46% 824417418-1085651026 rank_build
[seqwish::transclosure] 319.948 91.46% 824417418-1085651026 parallel_union_find
[seqwish::transclosure] 320.034 91.46% 824417418-1085651026 dset_write
[seqwish::transclosure] 320.378 91.46% 824417418-1085651026 dset_compression
[seqwish::transclosure] 320.629 91.46% 824417418-1085651026 dset_sort
[seqwish::transclosure] 320.966 91.46% 824417418-1085651026 dset_invert
[seqwish::transclosure] 321.292 91.46% 824417418-1085651026 graph_emission
[seqwish::transclosure] 327.096 94.58% 1085651026-1636789003 overlap_collect
[seqwish::transclosure] 329.314 94.58% 1085651026-1636789003 rank_build
[seqwish::transclosure] 330.528 94.58% 1085651026-1636789003 parallel_union_find
[seqwish::transclosure] 330.578 94.58% 1085651026-1636789003 dset_write
[seqwish::transclosure] 330.804 94.58% 1085651026-1636789003 dset_compression
[seqwish::transclosure] 331.011 94.58% 1085651026-1636789003 dset_sort
[seqwish::transclosure] 331.320 94.58% 1085651026-1636789003 dset_invert
[seqwish::transclosure] 331.615 94.58% 1085651026-1636789003 graph_emission
[seqwish::transclosure] 335.191 97.35% 1636789003-1901657983 overlap_collect
[seqwish::transclosure] 336.582 97.35% 1636789003-1901657983 rank_build
[seqwish::transclosure] 338.951 97.35% 1636789003-1901657983 parallel_union_find
[seqwish::transclosure] 338.973 97.35% 1636789003-1901657983 dset_write
[seqwish::transclosure] 339.279 97.35% 1636789003-1901657983 dset_compression
[seqwish::transclosure] 339.475 97.35% 1636789003-1901657983 dset_sort
[seqwish::transclosure] 339.807 97.35% 1636789003-1901657983 dset_invert
[seqwish::transclosure] 340.078 97.35% 1636789003-1901657983 graph_emission
[seqwish::transclosure] 341.940 99.98% 1901657983-1902510751 overlap_collect
[seqwish::transclosure] 341.994 99.98% 1901657983-1902510751 rank_build
[seqwish::transclosure] 343.256 99.98% 1901657983-1902510751 parallel_union_find
[seqwish::transclosure] 343.263 99.98% 1901657983-1902510751 dset_write
[seqwish::transclosure] 343.272 99.98% 1901657983-1902510751 dset_compression
[seqwish::transclosure] 343.285 99.98% 1901657983-1902510751 dset_sort
[seqwish::transclosure] 343.298 99.98% 1901657983-1902510751 dset_invert
[seqwish::transclosure] 343.317 99.98% 1901657983-1902510751 graph_emission
[seqwish::transclosure] 347.276 100.00% building node_iitree and path_iitree indexes
[seqwish::transclosure] 353.303 100.00% done
[seqwish::transclosure] 353.305 done with transitive closures
[seqwish::compact] 353.305 compacting nodes
[seqwish::compact] 363.155 done compacting
[seqwish::compact] 363.307 built node index
[seqwish::links] 363.307 finding graph links
[seqwish::links] 384.785 links derived
[seqwish::gfa] 384.785 writing graph
[seqwish::gfa] 467.872 done
	Command being timed: "/home/guarracino/tools/seqwish/bin/seqwish-ccfefb016fcfc9937817ce61dc06bbcf382be75e -t 48 -s /lizardfs/guarracino/seqwish-paper/athaliana/assemblies/athaliana16.fasta.gz -p /lizardfs/guarracino/seqwish-paper/athaliana/alignment/athaliana16.s20k.l60k.p98.n16.paf -g /scratch/athaliana16.s20k.l60k.p98.n16.k0.B50M.gfa -k 0 -B50M -P"
	User time (seconds): 5128.06
	System time (seconds): 100.23
	Percent of CPU this job got: 1116%
	Elapsed (wall clock) time (h:mm:ss or m:ss): 7:48.47
	Average shared text size (kbytes): 0
	Average unshared data size (kbytes): 0
	Average stack size (kbytes): 0
	Average total size (kbytes): 0
	Maximum resident set size (kbytes): 42065376
	Average resident set size (kbytes): 0
	Major (requiring I/O) page faults: 0
	Minor (reclaiming a frame) page faults: 16335104
	Voluntary context switches: 22165392
	Involuntary context switches: 2904959
	Swaps: 0
	File system inputs: 0
	File system outputs: 27831976
	Socket messages sent: 0
	Socket messages received: 0
	Signals delivered: 0
	Page size (bytes): 4096
	Exit status: 0
