octopus10
[seqwish::seqidx] 0.001 indexing sequences
[seqwish::seqidx] 14.468 index built
[seqwish::alignments] 14.469 processing alignments
[seqwish::alignments] 30.675 indexing
[seqwish::alignments] 40.728 index built
[seqwish::transclosure] 40.730 computing transitive closures
[seqwish::transclosure] 40.915 0.00% 0-50000000 overlap_collect
[seqwish::transclosure] 48.640 0.00% 0-50000000 rank_build
[seqwish::transclosure] 55.979 0.00% 0-50000000 parallel_union_find
[seqwish::transclosure] 60.704 0.00% 0-50000000 dset_write
[seqwish::transclosure] 64.491 0.00% 0-50000000 dset_compression
[seqwish::transclosure] 67.758 0.00% 0-50000000 dset_sort
[seqwish::transclosure] 69.499 0.00% 0-50000000 dset_invert
[seqwish::transclosure] 72.439 0.00% 0-50000000 graph_emission
[seqwish::transclosure] 74.472 35.72% 50000000-100008268 overlap_collect
[seqwish::transclosure] 84.847 35.72% 50000000-100008268 rank_build
[seqwish::transclosure] 93.776 35.72% 50000000-100008268 parallel_union_find
[seqwish::transclosure] 113.206 35.72% 50000000-100008268 dset_write
[seqwish::transclosure] 116.041 35.72% 50000000-100008268 dset_compression
[seqwish::transclosure] 119.412 35.72% 50000000-100008268 dset_sort
[seqwish::transclosure] 120.993 35.72% 50000000-100008268 dset_invert
[seqwish::transclosure] 123.892 35.72% 50000000-100008268 graph_emission
[seqwish::transclosure] 186.550 72.27% 100008268-274401935 overlap_collect
[seqwish::transclosure] 194.522 72.27% 100008268-274401935 rank_build
[seqwish::transclosure] 198.790 72.27% 100008268-274401935 parallel_union_find
[seqwish::transclosure] 205.872 72.27% 100008268-274401935 dset_write
[seqwish::transclosure] 207.855 72.27% 100008268-274401935 dset_compression
[seqwish::transclosure] 209.531 72.27% 100008268-274401935 dset_sort
[seqwish::transclosure] 210.611 72.27% 100008268-274401935 dset_invert
[seqwish::transclosure] 211.943 72.27% 100008268-274401935 graph_emission
[seqwish::transclosure] 285.801 89.09% 274401935-648928027 overlap_collect
[seqwish::transclosure] 292.583 89.09% 274401935-648928027 rank_build
[seqwish::transclosure] 294.742 89.09% 274401935-648928027 parallel_union_find
[seqwish::transclosure] 296.140 89.09% 274401935-648928027 dset_write
[seqwish::transclosure] 296.966 89.09% 274401935-648928027 dset_compression
[seqwish::transclosure] 297.530 89.09% 274401935-648928027 dset_sort
[seqwish::transclosure] 297.972 89.09% 274401935-648928027 dset_invert
[seqwish::transclosure] 298.543 89.09% 274401935-648928027 graph_emission
[seqwish::transclosure] 331.323 95.78% 648928027-1616516446 overlap_collect
[seqwish::transclosure] 335.006 95.78% 648928027-1616516446 rank_build
[seqwish::transclosure] 336.467 95.78% 648928027-1616516446 parallel_union_find
[seqwish::transclosure] 336.621 95.78% 648928027-1616516446 dset_write
[seqwish::transclosure] 336.977 95.78% 648928027-1616516446 dset_compression
[seqwish::transclosure] 337.225 95.78% 648928027-1616516446 dset_sort
[seqwish::transclosure] 337.614 95.78% 648928027-1616516446 dset_invert
[seqwish::transclosure] 337.949 95.78% 648928027-1616516446 graph_emission
[seqwish::transclosure] 349.235 98.73% 1616516835-1902510751 overlap_collect
[seqwish::transclosure] 350.413 98.73% 1616516835-1902510751 rank_build
[seqwish::transclosure] 351.759 98.73% 1616516835-1902510751 parallel_union_find
[seqwish::transclosure] 351.774 98.73% 1616516835-1902510751 dset_write
[seqwish::transclosure] 351.930 98.73% 1616516835-1902510751 dset_compression
[seqwish::transclosure] 352.024 98.73% 1616516835-1902510751 dset_sort
[seqwish::transclosure] 352.214 98.73% 1616516835-1902510751 dset_invert
[seqwish::transclosure] 352.368 98.73% 1616516835-1902510751 graph_emission
[seqwish::transclosure] 357.629 100.00% building node_iitree and path_iitree indexes
[seqwish::transclosure] 361.867 100.00% done
[seqwish::transclosure] 361.876 done with transitive closures
[seqwish::compact] 361.876 compacting nodes
[seqwish::compact] 368.578 done compacting
[seqwish::compact] 368.683 built node index
[seqwish::links] 368.684 finding graph links
[seqwish::links] 385.816 links derived
[seqwish::gfa] 385.817 writing graph
[seqwish::gfa] 455.456 done
	Command being timed: "/home/guarracino/tools/seqwish/bin/seqwish-ccfefb016fcfc9937817ce61dc06bbcf382be75e -t 48 -s /lizardfs/guarracino/seqwish-paper/athaliana/assemblies/athaliana16.fasta.gz -p /lizardfs/guarracino/seqwish-paper/athaliana/alignment/athaliana16.s100k.l300k.p90.n16.paf -g /scratch/athaliana16.s100k.l300k.p90.n16.k49.B50M.gfa -k 49 -B50M -P"
	User time (seconds): 5590.28
	System time (seconds): 74.33
	Percent of CPU this job got: 1242%
	Elapsed (wall clock) time (h:mm:ss or m:ss): 7:35.90
	Average shared text size (kbytes): 0
	Average unshared data size (kbytes): 0
	Average stack size (kbytes): 0
	Average total size (kbytes): 0
	Maximum resident set size (kbytes): 44800408
	Average resident set size (kbytes): 0
	Major (requiring I/O) page faults: 0
	Minor (reclaiming a frame) page faults: 39052223
	Voluntary context switches: 20374898
	Involuntary context switches: 3522240
	Swaps: 0
	File system inputs: 0
	File system outputs: 24634224
	Socket messages sent: 0
	Socket messages received: 0
	Signals delivered: 0
	Page size (bytes): 4096
	Exit status: 0
