octopus10
[seqwish::seqidx] 0.002 indexing sequences
[seqwish::seqidx] 13.881 index built
[seqwish::alignments] 13.882 processing alignments
[seqwish::alignments] 18.553 indexing
[seqwish::alignments] 22.013 index built
[seqwish::transclosure] 22.014 computing transitive closures
[seqwish::transclosure] 22.133 0.00% 0-50000000 overlap_collect
[seqwish::transclosure] 27.400 0.00% 0-50000000 rank_build
[seqwish::transclosure] 32.459 0.00% 0-50000000 parallel_union_find
[seqwish::transclosure] 35.992 0.00% 0-50000000 dset_write
[seqwish::transclosure] 38.171 0.00% 0-50000000 dset_compression
[seqwish::transclosure] 40.872 0.00% 0-50000000 dset_sort
[seqwish::transclosure] 42.245 0.00% 0-50000000 dset_invert
[seqwish::transclosure] 44.654 0.00% 0-50000000 graph_emission
[seqwish::transclosure] 46.124 29.75% 50000000-100000000 overlap_collect
[seqwish::transclosure] 51.602 29.75% 50000000-100000000 rank_build
[seqwish::transclosure] 57.806 29.75% 50000000-100000000 parallel_union_find
[seqwish::transclosure] 72.460 29.75% 50000000-100000000 dset_write
[seqwish::transclosure] 75.794 29.75% 50000000-100000000 dset_compression
[seqwish::transclosure] 78.635 29.75% 50000000-100000000 dset_sort
[seqwish::transclosure] 80.057 29.75% 50000000-100000000 dset_invert
[seqwish::transclosure] 82.568 29.75% 50000000-100000000 graph_emission
[seqwish::transclosure] 129.755 60.44% 100000000-230189484 overlap_collect
[seqwish::transclosure] 131.952 60.44% 100000000-230189484 rank_build
[seqwish::transclosure] 134.550 60.44% 100000000-230189484 parallel_union_find
[seqwish::transclosure] 139.348 60.44% 100000000-230189484 dset_write
[seqwish::transclosure] 140.449 60.44% 100000000-230189484 dset_compression
[seqwish::transclosure] 141.589 60.44% 100000000-230189484 dset_sort
[seqwish::transclosure] 142.443 60.44% 100000000-230189484 dset_invert
[seqwish::transclosure] 143.592 60.44% 100000000-230189484 graph_emission
[seqwish::transclosure] 206.070 73.52% 230189484-397000162 overlap_collect
[seqwish::transclosure] 209.145 73.52% 230189484-397000162 rank_build
[seqwish::transclosure] 211.733 73.52% 230189484-397000162 parallel_union_find
[seqwish::transclosure] 214.343 73.52% 230189484-397000162 dset_write
[seqwish::transclosure] 215.326 73.52% 230189484-397000162 dset_compression
[seqwish::transclosure] 216.233 73.52% 230189484-397000162 dset_sort
[seqwish::transclosure] 216.800 73.52% 230189484-397000162 dset_invert
[seqwish::transclosure] 217.681 73.52% 230189484-397000162 graph_emission
[seqwish::transclosure] 238.724 84.17% 397003448-626354821 overlap_collect
[seqwish::transclosure] 240.047 84.17% 397003448-626354821 rank_build
[seqwish::transclosure] 241.546 84.17% 397003448-626354821 parallel_union_find
[seqwish::transclosure] 242.028 84.17% 397003448-626354821 dset_write
[seqwish::transclosure] 242.599 84.17% 397003448-626354821 dset_compression
[seqwish::transclosure] 243.017 84.17% 397003448-626354821 dset_sort
[seqwish::transclosure] 243.520 84.17% 397003448-626354821 dset_invert
[seqwish::transclosure] 244.072 84.17% 397003448-626354821 graph_emission
[seqwish::transclosure] 263.129 89.29% 626354821-946948955 overlap_collect
[seqwish::transclosure] 264.487 89.29% 626354821-946948955 rank_build
[seqwish::transclosure] 265.741 89.29% 626354821-946948955 parallel_union_find
[seqwish::transclosure] 265.949 89.29% 626354821-946948955 dset_write
[seqwish::transclosure] 266.372 89.29% 626354821-946948955 dset_compression
[seqwish::transclosure] 266.656 89.29% 626354821-946948955 dset_sort
[seqwish::transclosure] 267.122 89.29% 626354821-946948955 dset_invert
[seqwish::transclosure] 267.544 89.29% 626354821-946948955 graph_emission
[seqwish::transclosure] 276.805 92.80% 946948955-1449232018 overlap_collect
[seqwish::transclosure] 278.622 92.80% 946948955-1449232018 rank_build
[seqwish::transclosure] 279.729 92.80% 946948955-1449232018 parallel_union_find
[seqwish::transclosure] 279.861 92.80% 946948955-1449232018 dset_write
[seqwish::transclosure] 280.232 92.80% 946948955-1449232018 dset_compression
[seqwish::transclosure] 280.485 92.80% 946948955-1449232018 dset_sort
[seqwish::transclosure] 280.903 92.80% 946948955-1449232018 dset_invert
[seqwish::transclosure] 281.284 92.80% 946948955-1449232018 graph_emission
[seqwish::transclosure] 285.057 95.84% 1449232018-1787436544 overlap_collect
[seqwish::transclosure] 286.389 95.84% 1449232018-1787436544 rank_build
[seqwish::transclosure] 287.447 95.84% 1449232018-1787436544 parallel_union_find
[seqwish::transclosure] 287.503 95.84% 1449232018-1787436544 dset_write
[seqwish::transclosure] 287.839 95.84% 1449232018-1787436544 dset_compression
[seqwish::transclosure] 288.054 95.84% 1449232018-1787436544 dset_sort
[seqwish::transclosure] 288.469 95.84% 1449232018-1787436544 dset_invert
[seqwish::transclosure] 288.844 95.84% 1449232018-1787436544 graph_emission
[seqwish::transclosure] 291.538 98.56% 1787436544-1902510751 overlap_collect
[seqwish::transclosure] 292.065 98.56% 1787436544-1902510751 rank_build
[seqwish::transclosure] 292.832 98.56% 1787436544-1902510751 parallel_union_find
[seqwish::transclosure] 292.835 98.56% 1787436544-1902510751 dset_write
[seqwish::transclosure] 293.026 98.56% 1787436544-1902510751 dset_compression
[seqwish::transclosure] 293.124 98.56% 1787436544-1902510751 dset_sort
[seqwish::transclosure] 293.341 98.56% 1787436544-1902510751 dset_invert
[seqwish::transclosure] 293.526 98.56% 1787436544-1902510751 graph_emission
[seqwish::transclosure] 298.410 100.00% building node_iitree and path_iitree indexes
[seqwish::transclosure] 300.041 100.00% done
[seqwish::transclosure] 300.042 done with transitive closures
[seqwish::compact] 300.042 compacting nodes
[seqwish::compact] 302.843 done compacting
[seqwish::compact] 302.943 built node index
[seqwish::links] 302.943 finding graph links
[seqwish::links] 309.175 links derived
[seqwish::gfa] 309.175 writing graph
[seqwish::gfa] 368.121 done
	Command being timed: "/home/guarracino/tools/seqwish/bin/seqwish-ccfefb016fcfc9937817ce61dc06bbcf382be75e -t 48 -s /lizardfs/guarracino/seqwish-paper/athaliana/assemblies/athaliana16.fasta.gz -p /lizardfs/guarracino/seqwish-paper/athaliana/alignment/athaliana16.s100k.l300k.p95.n16.paf -g /scratch/athaliana16.s100k.l300k.p95.n16.k229.B50M.gfa -k 229 -B50M -P"
	User time (seconds): 3248.34
	System time (seconds): 44.10
	Percent of CPU this job got: 893%
	Elapsed (wall clock) time (h:mm:ss or m:ss): 6:08.39
	Average shared text size (kbytes): 0
	Average unshared data size (kbytes): 0
	Average stack size (kbytes): 0
	Average total size (kbytes): 0
	Maximum resident set size (kbytes): 36736336
	Average resident set size (kbytes): 0
	Major (requiring I/O) page faults: 0
	Minor (reclaiming a frame) page faults: 27718508
	Voluntary context switches: 19226973
	Involuntary context switches: 2083640
	Swaps: 0
	File system inputs: 786032
	File system outputs: 11707752
	Socket messages sent: 0
	Socket messages received: 0
	Signals delivered: 0
	Page size (bytes): 4096
	Exit status: 0
