octopus10
[seqwish::seqidx] 0.005 indexing sequences
[seqwish::seqidx] 14.019 index built
[seqwish::alignments] 14.019 processing alignments
[seqwish::alignments] 17.132 indexing
[seqwish::alignments] 19.816 index built
[seqwish::transclosure] 19.818 computing transitive closures
[seqwish::transclosure] 20.011 0.00% 0-50000000 overlap_collect
[seqwish::transclosure] 24.322 0.00% 0-50000000 rank_build
[seqwish::transclosure] 30.596 0.00% 0-50000000 parallel_union_find
[seqwish::transclosure] 33.507 0.00% 0-50000000 dset_write
[seqwish::transclosure] 35.314 0.00% 0-50000000 dset_compression
[seqwish::transclosure] 37.802 0.00% 0-50000000 dset_sort
[seqwish::transclosure] 39.130 0.00% 0-50000000 dset_invert
[seqwish::transclosure] 41.329 0.00% 0-50000000 graph_emission
[seqwish::transclosure] 43.028 27.72% 50000000-100000000 overlap_collect
[seqwish::transclosure] 47.642 27.72% 50000000-100000000 rank_build
[seqwish::transclosure] 54.197 27.72% 50000000-100000000 parallel_union_find
[seqwish::transclosure] 66.318 27.72% 50000000-100000000 dset_write
[seqwish::transclosure] 70.139 27.72% 50000000-100000000 dset_compression
[seqwish::transclosure] 72.720 27.72% 50000000-100000000 dset_sort
[seqwish::transclosure] 74.133 27.72% 50000000-100000000 dset_invert
[seqwish::transclosure] 76.592 27.72% 50000000-100000000 graph_emission
[seqwish::transclosure] 118.505 56.81% 100000000-229096305 overlap_collect
[seqwish::transclosure] 120.417 56.81% 100000000-229096305 rank_build
[seqwish::transclosure] 123.709 56.81% 100000000-229096305 parallel_union_find
[seqwish::transclosure] 127.062 56.81% 100000000-229096305 dset_write
[seqwish::transclosure] 127.978 56.81% 100000000-229096305 dset_compression
[seqwish::transclosure] 128.950 56.81% 100000000-229096305 dset_sort
[seqwish::transclosure] 129.535 56.81% 100000000-229096305 dset_invert
[seqwish::transclosure] 130.538 56.81% 100000000-229096305 graph_emission
[seqwish::transclosure] 190.149 68.25% 229096305-368663594 overlap_collect
[seqwish::transclosure] 192.774 68.25% 229096305-368663594 rank_build
[seqwish::transclosure] 195.313 68.25% 229096305-368663594 parallel_union_find
[seqwish::transclosure] 197.362 68.25% 229096305-368663594 dset_write
[seqwish::transclosure] 198.350 68.25% 229096305-368663594 dset_compression
[seqwish::transclosure] 199.291 68.25% 229096305-368663594 dset_sort
[seqwish::transclosure] 199.951 68.25% 229096305-368663594 dset_invert
[seqwish::transclosure] 200.785 68.25% 229096305-368663594 graph_emission
[seqwish::transclosure] 218.206 79.10% 368667004-586922382 overlap_collect
[seqwish::transclosure] 219.373 79.10% 368667004-586922382 rank_build
[seqwish::transclosure] 220.905 79.10% 368667004-586922382 parallel_union_find
[seqwish::transclosure] 221.313 79.10% 368667004-586922382 dset_write
[seqwish::transclosure] 221.921 79.10% 368667004-586922382 dset_compression
[seqwish::transclosure] 222.287 79.10% 368667004-586922382 dset_sort
[seqwish::transclosure] 222.806 79.10% 368667004-586922382 dset_invert
[seqwish::transclosure] 223.320 79.10% 368667004-586922382 graph_emission
[seqwish::transclosure] 242.850 83.79% 586922382-826830743 overlap_collect
[seqwish::transclosure] 243.896 83.79% 586922382-826830743 rank_build
[seqwish::transclosure] 244.967 83.79% 586922382-826830743 parallel_union_find
[seqwish::transclosure] 245.030 83.79% 586922382-826830743 dset_write
[seqwish::transclosure] 245.417 83.79% 586922382-826830743 dset_compression
[seqwish::transclosure] 245.670 83.79% 586922382-826830743 dset_sort
[seqwish::transclosure] 246.169 83.79% 586922382-826830743 dset_invert
[seqwish::transclosure] 246.570 83.79% 586922382-826830743 graph_emission
[seqwish::transclosure] 254.733 86.92% 826830743-994996861 overlap_collect
[seqwish::transclosure] 255.589 86.92% 826830743-994996861 rank_build
[seqwish::transclosure] 256.732 86.92% 826830743-994996861 parallel_union_find
[seqwish::transclosure] 256.853 86.92% 826830743-994996861 dset_write
[seqwish::transclosure] 257.263 86.92% 826830743-994996861 dset_compression
[seqwish::transclosure] 257.510 86.92% 826830743-994996861 dset_sort
[seqwish::transclosure] 257.985 86.92% 826830743-994996861 dset_invert
[seqwish::transclosure] 258.366 86.92% 826830743-994996861 graph_emission
[seqwish::transclosure] 261.694 90.06% 994996861-1279541450 overlap_collect
[seqwish::transclosure] 262.828 90.06% 994996861-1279541450 rank_build
[seqwish::transclosure] 264.055 90.06% 994996861-1279541450 parallel_union_find
[seqwish::transclosure] 264.180 90.06% 994996861-1279541450 dset_write
[seqwish::transclosure] 264.597 90.06% 994996861-1279541450 dset_compression
[seqwish::transclosure] 264.820 90.06% 994996861-1279541450 dset_sort
[seqwish::transclosure] 265.264 90.06% 994996861-1279541450 dset_invert
[seqwish::transclosure] 265.627 90.06% 994996861-1279541450 graph_emission
[seqwish::transclosure] 268.827 92.98% 1279541450-1611056329 overlap_collect
[seqwish::transclosure] 270.091 92.98% 1279541450-1611056329 rank_build
[seqwish::transclosure] 271.319 92.98% 1279541450-1611056329 parallel_union_find
[seqwish::transclosure] 271.412 92.98% 1279541450-1611056329 dset_write
[seqwish::transclosure] 271.801 92.98% 1279541450-1611056329 dset_compression
[seqwish::transclosure] 272.058 92.98% 1279541450-1611056329 dset_sort
[seqwish::transclosure] 272.571 92.98% 1279541450-1611056329 dset_invert
[seqwish::transclosure] 272.948 92.98% 1279541450-1611056329 graph_emission
[seqwish::transclosure] 275.488 95.77% 1611056329-1809325711 overlap_collect
[seqwish::transclosure] 276.370 95.77% 1611056329-1809325711 rank_build
[seqwish::transclosure] 277.539 95.77% 1611056329-1809325711 parallel_union_find
[seqwish::transclosure] 277.572 95.77% 1611056329-1809325711 dset_write
[seqwish::transclosure] 277.960 95.77% 1611056329-1809325711 dset_compression
[seqwish::transclosure] 278.167 95.77% 1611056329-1809325711 dset_sort
[seqwish::transclosure] 278.626 95.77% 1611056329-1809325711 dset_invert
[seqwish::transclosure] 278.946 95.77% 1611056329-1809325711 graph_emission
[seqwish::transclosure] 280.375 98.41% 1809325711-1902510751 overlap_collect
[seqwish::transclosure] 280.840 98.41% 1809325711-1902510751 rank_build
[seqwish::transclosure] 281.727 98.41% 1809325711-1902510751 parallel_union_find
[seqwish::transclosure] 281.730 98.41% 1809325711-1902510751 dset_write
[seqwish::transclosure] 281.962 98.41% 1809325711-1902510751 dset_compression
[seqwish::transclosure] 282.068 98.41% 1809325711-1902510751 dset_sort
[seqwish::transclosure] 282.330 98.41% 1809325711-1902510751 dset_invert
[seqwish::transclosure] 282.547 98.41% 1809325711-1902510751 graph_emission
[seqwish::transclosure] 287.274 100.00% building node_iitree and path_iitree indexes
[seqwish::transclosure] 288.756 100.00% done
[seqwish::transclosure] 288.765 done with transitive closures
[seqwish::compact] 288.765 compacting nodes
[seqwish::compact] 291.392 done compacting
[seqwish::compact] 291.499 built node index
[seqwish::links] 291.499 finding graph links
[seqwish::links] 297.433 links derived
[seqwish::gfa] 297.434 writing graph
[seqwish::gfa] 354.406 done
	Command being timed: "/home/guarracino/tools/seqwish/bin/seqwish-ccfefb016fcfc9937817ce61dc06bbcf382be75e -t 48 -s /lizardfs/guarracino/seqwish-paper/athaliana/assemblies/athaliana16.fasta.gz -p /lizardfs/guarracino/seqwish-paper/athaliana/alignment/athaliana16.s50k.l150k.p98.n16.paf -g /scratch/athaliana16.s50k.l150k.p98.n16.k179.B50M.gfa -k 179 -B50M -P"
	User time (seconds): 2816.30
	System time (seconds): 62.83
	Percent of CPU this job got: 811%
	Elapsed (wall clock) time (h:mm:ss or m:ss): 5:54.72
	Average shared text size (kbytes): 0
	Average unshared data size (kbytes): 0
	Average stack size (kbytes): 0
	Average total size (kbytes): 0
	Maximum resident set size (kbytes): 34537500
	Average resident set size (kbytes): 0
	Major (requiring I/O) page faults: 0
	Minor (reclaiming a frame) page faults: 36592071
	Voluntary context switches: 17366003
	Involuntary context switches: 1634374
	Swaps: 0
	File system inputs: 380624
	File system outputs: 10876640
	Socket messages sent: 0
	Socket messages received: 0
	Signals delivered: 0
	Page size (bytes): 4096
	Exit status: 0
