octopus03
[seqwish::seqidx] 0.001 indexing sequences
[seqwish::seqidx] 15.025 index built
[seqwish::alignments] 15.025 processing alignments
[seqwish::alignments] 57.383 indexing
[seqwish::alignments] 84.346 index built
[seqwish::transclosure] 84.349 computing transitive closures
[seqwish::transclosure] 84.472 0.00% 0-50000000 overlap_collect
[seqwish::transclosure] 112.611 0.00% 0-50000000 rank_build
[seqwish::transclosure] 118.737 0.00% 0-50000000 parallel_union_find
[seqwish::transclosure] 123.961 0.00% 0-50000000 dset_write
[seqwish::transclosure] 127.623 0.00% 0-50000000 dset_compression
[seqwish::transclosure] 131.179 0.00% 0-50000000 dset_sort
[seqwish::transclosure] 132.945 0.00% 0-50000000 dset_invert
[seqwish::transclosure] 136.102 0.00% 0-50000000 graph_emission
[seqwish::transclosure] 137.850 38.10% 50000000-100252518 overlap_collect
[seqwish::transclosure] 167.539 38.10% 50000000-100252518 rank_build
[seqwish::transclosure] 173.778 38.10% 50000000-100252518 parallel_union_find
[seqwish::transclosure] 194.620 38.10% 50000000-100252518 dset_write
[seqwish::transclosure] 198.599 38.10% 50000000-100252518 dset_compression
[seqwish::transclosure] 202.130 38.10% 50000000-100252518 dset_sort
[seqwish::transclosure] 203.860 38.10% 50000000-100252518 dset_invert
[seqwish::transclosure] 206.530 38.10% 50000000-100252518 graph_emission
[seqwish::transclosure] 264.930 76.71% 100252518-311563893 overlap_collect
[seqwish::transclosure] 289.288 76.71% 100252518-311563893 rank_build
[seqwish::transclosure] 293.023 76.71% 100252518-311563893 parallel_union_find
[seqwish::transclosure] 299.850 76.71% 100252518-311563893 dset_write
[seqwish::transclosure] 301.228 76.71% 100252518-311563893 dset_compression
[seqwish::transclosure] 302.794 76.71% 100252518-311563893 dset_sort
[seqwish::transclosure] 303.711 76.71% 100252518-311563893 dset_invert
[seqwish::transclosure] 305.159 76.71% 100252518-311563893 graph_emission
[seqwish::transclosure] 377.961 93.87% 311564705-996341433 overlap_collect
[seqwish::transclosure] 385.330 93.87% 311564705-996341433 rank_build
[seqwish::transclosure] 386.575 93.87% 311564705-996341433 parallel_union_find
[seqwish::transclosure] 387.249 93.87% 311564705-996341433 dset_write
[seqwish::transclosure] 387.776 93.87% 311564705-996341433 dset_compression
[seqwish::transclosure] 388.118 93.87% 311564705-996341433 dset_sort
[seqwish::transclosure] 388.460 93.87% 311564705-996341433 dset_invert
[seqwish::transclosure] 388.813 93.87% 311564705-996341433 graph_emission
[seqwish::transclosure] 423.681 97.95% 996341433-1902510751 overlap_collect
[seqwish::transclosure] 426.914 97.95% 996341433-1902510751 rank_build
[seqwish::transclosure] 427.834 97.95% 996341433-1902510751 parallel_union_find
[seqwish::transclosure] 427.871 97.95% 996341433-1902510751 dset_write
[seqwish::transclosure] 428.085 97.95% 996341433-1902510751 dset_compression
[seqwish::transclosure] 428.254 97.95% 996341433-1902510751 dset_sort
[seqwish::transclosure] 428.572 97.95% 996341433-1902510751 dset_invert
[seqwish::transclosure] 428.831 97.95% 996341433-1902510751 graph_emission
[seqwish::transclosure] 438.236 100.00% building node_iitree and path_iitree indexes
[seqwish::transclosure] 458.994 100.00% done
[seqwish::transclosure] 458.996 done with transitive closures
[seqwish::compact] 458.996 compacting nodes
[seqwish::compact] 494.142 done compacting
[seqwish::compact] 494.325 built node index
[seqwish::links] 494.326 finding graph links
[seqwish::links] 548.431 links derived
[seqwish::gfa] 548.432 writing graph
[seqwish::gfa] 674.704 done
	Command being timed: "/home/guarracino/tools/seqwish/bin/seqwish-ccfefb016fcfc9937817ce61dc06bbcf382be75e -t 48 -s /lizardfs/guarracino/seqwish-paper/athaliana/assemblies/athaliana16.fasta.gz -p /lizardfs/guarracino/seqwish-paper/athaliana/alignment/athaliana16.s100k.l300k.p90.n16.paf -g /scratch/athaliana16.s100k.l300k.p90.n16.k0.B50M.gfa -k 0 -B50M -P"
	User time (seconds): 11032.70
	System time (seconds): 162.01
	Percent of CPU this job got: 1656%
	Elapsed (wall clock) time (h:mm:ss or m:ss): 11:15.93
	Average shared text size (kbytes): 0
	Average unshared data size (kbytes): 0
	Average stack size (kbytes): 0
	Average total size (kbytes): 0
	Maximum resident set size (kbytes): 52546120
	Average resident set size (kbytes): 0
	Major (requiring I/O) page faults: 0
	Minor (reclaiming a frame) page faults: 39711486
	Voluntary context switches: 24643424
	Involuntary context switches: 5638376
	Swaps: 0
	File system inputs: 0
	File system outputs: 73441104
	Socket messages sent: 0
	Socket messages received: 0
	Signals delivered: 0
	Page size (bytes): 4096
	Exit status: 0
