octopus10
[seqwish::seqidx] 0.001 indexing sequences
[seqwish::seqidx] 13.896 index built
[seqwish::alignments] 13.896 processing alignments
[seqwish::alignments] 18.926 indexing
[seqwish::alignments] 23.611 index built
[seqwish::transclosure] 23.613 computing transitive closures
[seqwish::transclosure] 23.734 0.00% 0-50000000 overlap_collect
[seqwish::transclosure] 29.460 0.00% 0-50000000 rank_build
[seqwish::transclosure] 35.607 0.00% 0-50000000 parallel_union_find
[seqwish::transclosure] 39.386 0.00% 0-50000000 dset_write
[seqwish::transclosure] 42.864 0.00% 0-50000000 dset_compression
[seqwish::transclosure] 45.770 0.00% 0-50000000 dset_sort
[seqwish::transclosure] 47.211 0.00% 0-50000000 dset_invert
[seqwish::transclosure] 49.813 0.00% 0-50000000 graph_emission
[seqwish::transclosure] 51.495 31.40% 50000000-100013373 overlap_collect
[seqwish::transclosure] 56.873 31.40% 50000000-100013373 rank_build
[seqwish::transclosure] 65.085 31.40% 50000000-100013373 parallel_union_find
[seqwish::transclosure] 80.430 31.40% 50000000-100013373 dset_write
[seqwish::transclosure] 85.680 31.40% 50000000-100013373 dset_compression
[seqwish::transclosure] 88.737 31.40% 50000000-100013373 dset_sort
[seqwish::transclosure] 90.200 31.40% 50000000-100013373 dset_invert
[seqwish::transclosure] 92.746 31.40% 50000000-100013373 graph_emission
[seqwish::transclosure] 148.424 64.19% 100013373-270911271 overlap_collect
[seqwish::transclosure] 152.794 64.19% 100013373-270911271 rank_build
[seqwish::transclosure] 156.959 64.19% 100013373-270911271 parallel_union_find
[seqwish::transclosure] 162.834 64.19% 100013373-270911271 dset_write
[seqwish::transclosure] 165.226 64.19% 100013373-270911271 dset_compression
[seqwish::transclosure] 166.584 64.19% 100013373-270911271 dset_sort
[seqwish::transclosure] 167.435 64.19% 100013373-270911271 dset_invert
[seqwish::transclosure] 168.752 64.19% 100013373-270911271 graph_emission
[seqwish::transclosure] 237.824 80.52% 270911271-489152614 overlap_collect
[seqwish::transclosure] 240.669 80.52% 270911271-489152614 rank_build
[seqwish::transclosure] 243.154 80.52% 270911271-489152614 parallel_union_find
[seqwish::transclosure] 244.857 80.52% 270911271-489152614 dset_write
[seqwish::transclosure] 246.011 80.52% 270911271-489152614 dset_compression
[seqwish::transclosure] 246.675 80.52% 270911271-489152614 dset_sort
[seqwish::transclosure] 247.137 80.52% 270911271-489152614 dset_invert
[seqwish::transclosure] 247.837 80.52% 270911271-489152614 graph_emission
[seqwish::transclosure] 280.833 88.52% 489152614-827750110 overlap_collect
[seqwish::transclosure] 282.656 88.52% 489152614-827750110 rank_build
[seqwish::transclosure] 284.274 88.52% 489152614-827750110 parallel_union_find
[seqwish::transclosure] 284.578 88.52% 489152614-827750110 dset_write
[seqwish::transclosure] 285.144 88.52% 489152614-827750110 dset_compression
[seqwish::transclosure] 285.507 88.52% 489152614-827750110 dset_sort
[seqwish::transclosure] 286.048 88.52% 489152614-827750110 dset_invert
[seqwish::transclosure] 286.535 88.52% 489152614-827750110 graph_emission
[seqwish::transclosure] 303.256 93.00% 827750110-1173343063 overlap_collect
[seqwish::transclosure] 304.896 93.00% 827750110-1173343063 rank_build
[seqwish::transclosure] 306.588 93.00% 827750110-1173343063 parallel_union_find
[seqwish::transclosure] 306.757 93.00% 827750110-1173343063 dset_write
[seqwish::transclosure] 307.192 93.00% 827750110-1173343063 dset_compression
[seqwish::transclosure] 307.522 93.00% 827750110-1173343063 dset_sort
[seqwish::transclosure] 308.028 93.00% 827750110-1173343063 dset_invert
[seqwish::transclosure] 308.414 93.00% 827750110-1173343063 graph_emission
[seqwish::transclosure] 315.304 96.26% 1173343063-1794650570 overlap_collect
[seqwish::transclosure] 317.576 96.26% 1173343063-1794650570 rank_build
[seqwish::transclosure] 319.370 96.26% 1173343063-1794650570 parallel_union_find
[seqwish::transclosure] 319.452 96.26% 1173343063-1794650570 dset_write
[seqwish::transclosure] 319.788 96.26% 1173343063-1794650570 dset_compression
[seqwish::transclosure] 319.995 96.26% 1173343063-1794650570 dset_sort
[seqwish::transclosure] 320.387 96.26% 1173343063-1794650570 dset_invert
[seqwish::transclosure] 320.736 96.26% 1173343063-1794650570 graph_emission
[seqwish::transclosure] 323.879 99.00% 1794650570-1902510751 overlap_collect
[seqwish::transclosure] 324.407 99.00% 1794650570-1902510751 rank_build
[seqwish::transclosure] 325.857 99.00% 1794650570-1902510751 parallel_union_find
[seqwish::transclosure] 325.862 99.00% 1794650570-1902510751 dset_write
[seqwish::transclosure] 326.015 99.00% 1794650570-1902510751 dset_compression
[seqwish::transclosure] 326.113 99.00% 1794650570-1902510751 dset_sort
[seqwish::transclosure] 326.326 99.00% 1794650570-1902510751 dset_invert
[seqwish::transclosure] 326.462 99.00% 1794650570-1902510751 graph_emission
[seqwish::transclosure] 331.023 100.00% building node_iitree and path_iitree indexes
[seqwish::transclosure] 333.143 100.00% done
[seqwish::transclosure] 333.144 done with transitive closures
[seqwish::compact] 333.144 compacting nodes
[seqwish::compact] 336.574 done compacting
[seqwish::compact] 336.674 built node index
[seqwish::links] 336.674 finding graph links
[seqwish::links] 345.735 links derived
[seqwish::gfa] 345.736 writing graph
[seqwish::gfa] 409.601 done
	Command being timed: "/home/guarracino/tools/seqwish/bin/seqwish-ccfefb016fcfc9937817ce61dc06bbcf382be75e -t 48 -s /lizardfs/guarracino/seqwish-paper/athaliana/assemblies/athaliana16.fasta.gz -p /lizardfs/guarracino/seqwish-paper/athaliana/alignment/athaliana16.s20k.l60k.p90.n16.paf -g /scratch/athaliana16.s20k.l60k.p90.n16.k179.B50M.gfa -k 179 -B50M -P"
	User time (seconds): 3781.39
	System time (seconds): 136.66
	Percent of CPU this job got: 955%
	Elapsed (wall clock) time (h:mm:ss or m:ss): 6:49.96
	Average shared text size (kbytes): 0
	Average unshared data size (kbytes): 0
	Average stack size (kbytes): 0
	Average total size (kbytes): 0
	Maximum resident set size (kbytes): 39197160
	Average resident set size (kbytes): 0
	Major (requiring I/O) page faults: 0
	Minor (reclaiming a frame) page faults: 34780188
	Voluntary context switches: 18687712
	Involuntary context switches: 2571371
	Swaps: 0
	File system inputs: 0
	File system outputs: 13117592
	Socket messages sent: 0
	Socket messages received: 0
	Signals delivered: 0
	Page size (bytes): 4096
	Exit status: 0
