octopus10
[seqwish::seqidx] 0.001 indexing sequences
[seqwish::seqidx] 13.889 index built
[seqwish::alignments] 13.890 processing alignments
[seqwish::alignments] 35.558 indexing
[seqwish::alignments] 48.254 index built
[seqwish::transclosure] 48.255 computing transitive closures
[seqwish::transclosure] 48.376 0.00% 0-50000000 overlap_collect
[seqwish::transclosure] 56.859 0.00% 0-50000000 rank_build
[seqwish::transclosure] 64.585 0.00% 0-50000000 parallel_union_find
[seqwish::transclosure] 69.530 0.00% 0-50000000 dset_write
[seqwish::transclosure] 73.919 0.00% 0-50000000 dset_compression
[seqwish::transclosure] 77.640 0.00% 0-50000000 dset_sort
[seqwish::transclosure] 79.318 0.00% 0-50000000 dset_invert
[seqwish::transclosure] 82.252 0.00% 0-50000000 graph_emission
[seqwish::transclosure] 84.442 36.78% 50000000-100036784 overlap_collect
[seqwish::transclosure] 96.015 36.78% 50000000-100036784 rank_build
[seqwish::transclosure] 103.253 36.78% 50000000-100036784 parallel_union_find
[seqwish::transclosure] 123.356 36.78% 50000000-100036784 dset_write
[seqwish::transclosure] 127.698 36.78% 50000000-100036784 dset_compression
[seqwish::transclosure] 131.139 36.78% 50000000-100036784 dset_sort
[seqwish::transclosure] 132.820 36.78% 50000000-100036784 dset_invert
[seqwish::transclosure] 135.694 36.78% 50000000-100036784 graph_emission
[seqwish::transclosure] 197.310 74.52% 100036784-313008745 overlap_collect
[seqwish::transclosure] 210.230 74.52% 100036784-313008745 rank_build
[seqwish::transclosure] 214.229 74.52% 100036784-313008745 parallel_union_find
[seqwish::transclosure] 222.372 74.52% 100036784-313008745 dset_write
[seqwish::transclosure] 225.262 74.52% 100036784-313008745 dset_compression
[seqwish::transclosure] 226.813 74.52% 100036784-313008745 dset_sort
[seqwish::transclosure] 227.717 74.52% 100036784-313008745 dset_invert
[seqwish::transclosure] 229.117 74.52% 100036784-313008745 graph_emission
[seqwish::transclosure] 301.105 92.48% 313008771-877247116 overlap_collect
[seqwish::transclosure] 305.864 92.48% 313008771-877247116 rank_build
[seqwish::transclosure] 307.172 92.48% 313008771-877247116 parallel_union_find
[seqwish::transclosure] 308.054 92.48% 313008771-877247116 dset_write
[seqwish::transclosure] 308.837 92.48% 313008771-877247116 dset_compression
[seqwish::transclosure] 309.222 92.48% 313008771-877247116 dset_sort
[seqwish::transclosure] 309.511 92.48% 313008771-877247116 dset_invert
[seqwish::transclosure] 309.926 92.48% 313008771-877247116 graph_emission
[seqwish::transclosure] 347.050 97.23% 877247116-1884244772 overlap_collect
[seqwish::transclosure] 350.511 97.23% 877247116-1884244772 rank_build
[seqwish::transclosure] 351.533 97.23% 877247116-1884244772 parallel_union_find
[seqwish::transclosure] 351.610 97.23% 877247116-1884244772 dset_write
[seqwish::transclosure] 351.951 97.23% 877247116-1884244772 dset_compression
[seqwish::transclosure] 352.165 97.23% 877247116-1884244772 dset_sort
[seqwish::transclosure] 352.570 97.23% 877247116-1884244772 dset_invert
[seqwish::transclosure] 352.844 97.23% 877247116-1884244772 graph_emission
[seqwish::transclosure] 358.905 99.89% 1884244772-1902510751 overlap_collect
[seqwish::transclosure] 359.016 99.89% 1884244772-1902510751 rank_build
[seqwish::transclosure] 359.530 99.89% 1884244772-1902510751 parallel_union_find
[seqwish::transclosure] 359.537 99.89% 1884244772-1902510751 dset_write
[seqwish::transclosure] 359.553 99.89% 1884244772-1902510751 dset_compression
[seqwish::transclosure] 359.568 99.89% 1884244772-1902510751 dset_sort
[seqwish::transclosure] 359.596 99.89% 1884244772-1902510751 dset_invert
[seqwish::transclosure] 359.617 99.89% 1884244772-1902510751 graph_emission
[seqwish::transclosure] 363.401 100.00% building node_iitree and path_iitree indexes
[seqwish::transclosure] 369.611 100.00% done
[seqwish::transclosure] 369.612 done with transitive closures
[seqwish::compact] 369.612 compacting nodes
[seqwish::compact] 379.214 done compacting
[seqwish::compact] 379.331 built node index
[seqwish::links] 379.332 finding graph links
[seqwish::links] 406.280 links derived
[seqwish::gfa] 406.280 writing graph
[seqwish::gfa] 486.075 done
	Command being timed: "/home/guarracino/tools/seqwish/bin/seqwish-ccfefb016fcfc9937817ce61dc06bbcf382be75e -t 48 -s /lizardfs/guarracino/seqwish-paper/athaliana/assemblies/athaliana16.fasta.gz -p /lizardfs/guarracino/seqwish-paper/athaliana/alignment/athaliana16.s20k.l60k.p90.n16.paf -g /scratch/athaliana16.s20k.l60k.p90.n16.k29.B50M.gfa -k 29 -B50M -P"
	User time (seconds): 6459.53
	System time (seconds): 131.12
	Percent of CPU this job got: 1354%
	Elapsed (wall clock) time (h:mm:ss or m:ss): 8:06.69
	Average shared text size (kbytes): 0
	Average unshared data size (kbytes): 0
	Average stack size (kbytes): 0
	Average total size (kbytes): 0
	Maximum resident set size (kbytes): 46950440
	Average resident set size (kbytes): 0
	Major (requiring I/O) page faults: 0
	Minor (reclaiming a frame) page faults: 41728048
	Voluntary context switches: 20133366
	Involuntary context switches: 4070163
	Swaps: 0
	File system inputs: 0
	File system outputs: 27078080
	Socket messages sent: 0
	Socket messages received: 0
	Signals delivered: 0
	Page size (bytes): 4096
	Exit status: 0
