octopus10
[seqwish::seqidx] 0.001 indexing sequences
[seqwish::seqidx] 13.902 index built
[seqwish::alignments] 13.903 processing alignments
[seqwish::alignments] 26.419 indexing
[seqwish::alignments] 33.841 index built
[seqwish::transclosure] 33.843 computing transitive closures
[seqwish::transclosure] 33.964 0.00% 0-50000000 overlap_collect
[seqwish::transclosure] 40.675 0.00% 0-50000000 rank_build
[seqwish::transclosure] 48.055 0.00% 0-50000000 parallel_union_find
[seqwish::transclosure] 52.534 0.00% 0-50000000 dset_write
[seqwish::transclosure] 56.991 0.00% 0-50000000 dset_compression
[seqwish::transclosure] 60.183 0.00% 0-50000000 dset_sort
[seqwish::transclosure] 62.120 0.00% 0-50000000 dset_invert
[seqwish::transclosure] 64.995 0.00% 0-50000000 graph_emission
[seqwish::transclosure] 66.995 34.68% 50000000-100026443 overlap_collect
[seqwish::transclosure] 73.712 34.68% 50000000-100026443 rank_build
[seqwish::transclosure] 80.289 34.68% 50000000-100026443 parallel_union_find
[seqwish::transclosure] 84.916 34.68% 50000000-100026443 dset_write
[seqwish::transclosure] 87.262 34.68% 50000000-100026443 dset_compression
[seqwish::transclosure] 90.537 34.68% 50000000-100026443 dset_sort
[seqwish::transclosure] 92.130 34.68% 50000000-100026443 dset_invert
[seqwish::transclosure] 94.704 34.68% 50000000-100026443 graph_emission
[seqwish::transclosure] 157.208 70.55% 100026443-289748379 overlap_collect
[seqwish::transclosure] 163.773 70.55% 100026443-289748379 rank_build
[seqwish::transclosure] 167.602 70.55% 100026443-289748379 parallel_union_find
[seqwish::transclosure] 169.568 70.55% 100026443-289748379 dset_write
[seqwish::transclosure] 171.475 70.55% 100026443-289748379 dset_compression
[seqwish::transclosure] 173.027 70.55% 100026443-289748379 dset_sort
[seqwish::transclosure] 173.868 70.55% 100026443-289748379 dset_invert
[seqwish::transclosure] 175.318 70.55% 100026443-289748379 graph_emission
[seqwish::transclosure] 243.885 88.41% 289748379-645203090 overlap_collect
[seqwish::transclosure] 247.963 88.41% 289748379-645203090 rank_build
[seqwish::transclosure] 249.738 88.41% 289748379-645203090 parallel_union_find
[seqwish::transclosure] 250.097 88.41% 289748379-645203090 dset_write
[seqwish::transclosure] 250.768 88.41% 289748379-645203090 dset_compression
[seqwish::transclosure] 251.312 88.41% 289748379-645203090 dset_sort
[seqwish::transclosure] 251.674 88.41% 289748379-645203090 dset_invert
[seqwish::transclosure] 252.202 88.41% 289748379-645203090 graph_emission
[seqwish::transclosure] 288.266 94.97% 645203090-1492403215 overlap_collect
[seqwish::transclosure] 291.335 94.97% 645203090-1492403215 rank_build
[seqwish::transclosure] 292.370 94.97% 645203090-1492403215 parallel_union_find
[seqwish::transclosure] 292.436 94.97% 645203090-1492403215 dset_write
[seqwish::transclosure] 292.806 94.97% 645203090-1492403215 dset_compression
[seqwish::transclosure] 293.062 94.97% 645203090-1492403215 dset_sort
[seqwish::transclosure] 293.447 94.97% 645203090-1492403215 dset_invert
[seqwish::transclosure] 293.808 94.97% 645203090-1492403215 graph_emission
[seqwish::transclosure] 304.749 98.10% 1492403215-1902510751 overlap_collect
[seqwish::transclosure] 306.232 98.10% 1492403215-1902510751 rank_build
[seqwish::transclosure] 307.088 98.10% 1492403215-1902510751 parallel_union_find
[seqwish::transclosure] 307.103 98.10% 1492403215-1902510751 dset_write
[seqwish::transclosure] 307.292 98.10% 1492403215-1902510751 dset_compression
[seqwish::transclosure] 307.454 98.10% 1492403215-1902510751 dset_sort
[seqwish::transclosure] 307.768 98.10% 1492403215-1902510751 dset_invert
[seqwish::transclosure] 308.002 98.10% 1492403215-1902510751 graph_emission
[seqwish::transclosure] 313.978 100.00% building node_iitree and path_iitree indexes
[seqwish::transclosure] 317.552 100.00% done
[seqwish::transclosure] 317.553 done with transitive closures
[seqwish::compact] 317.553 compacting nodes
[seqwish::compact] 323.199 done compacting
[seqwish::compact] 323.294 built node index
[seqwish::links] 323.294 finding graph links
[seqwish::links] 338.941 links derived
[seqwish::gfa] 338.942 writing graph
[seqwish::gfa] 405.205 done
	Command being timed: "/home/guarracino/tools/seqwish/bin/seqwish-ccfefb016fcfc9937817ce61dc06bbcf382be75e -t 48 -s /lizardfs/guarracino/seqwish-paper/athaliana/assemblies/athaliana16.fasta.gz -p /lizardfs/guarracino/seqwish-paper/athaliana/alignment/athaliana16.s20k.l60k.p90.n16.paf -g /scratch/athaliana16.s20k.l60k.p90.n16.k79.B50M.gfa -k 79 -B50M -P"
	User time (seconds): 3748.90
	System time (seconds): 92.21
	Percent of CPU this job got: 946%
	Elapsed (wall clock) time (h:mm:ss or m:ss): 6:45.60
	Average shared text size (kbytes): 0
	Average unshared data size (kbytes): 0
	Average stack size (kbytes): 0
	Average total size (kbytes): 0
	Maximum resident set size (kbytes): 43397120
	Average resident set size (kbytes): 0
	Major (requiring I/O) page faults: 0
	Minor (reclaiming a frame) page faults: 30553493
	Voluntary context switches: 17269983
	Involuntary context switches: 1906575
	Swaps: 0
	File system inputs: 0
	File system outputs: 18183832
	Socket messages sent: 0
	Socket messages received: 0
	Signals delivered: 0
	Page size (bytes): 4096
	Exit status: 0
