octopus10
[seqwish::seqidx] 0.003 indexing sequences
[seqwish::seqidx] 14.493 index built
[seqwish::alignments] 14.494 processing alignments
[seqwish::alignments] 19.317 indexing
[seqwish::alignments] 21.781 index built
[seqwish::transclosure] 21.783 computing transitive closures
[seqwish::transclosure] 21.969 0.00% 0-50000000 overlap_collect
[seqwish::transclosure] 26.823 0.00% 0-50000000 rank_build
[seqwish::transclosure] 31.208 0.00% 0-50000000 parallel_union_find
[seqwish::transclosure] 34.405 0.00% 0-50000000 dset_write
[seqwish::transclosure] 36.212 0.00% 0-50000000 dset_compression
[seqwish::transclosure] 38.701 0.00% 0-50000000 dset_sort
[seqwish::transclosure] 39.964 0.00% 0-50000000 dset_invert
[seqwish::transclosure] 42.264 0.00% 0-50000000 graph_emission
[seqwish::transclosure] 43.518 28.11% 50000000-100003867 overlap_collect
[seqwish::transclosure] 47.393 28.11% 50000000-100003867 rank_build
[seqwish::transclosure] 53.625 28.11% 50000000-100003867 parallel_union_find
[seqwish::transclosure] 57.087 28.11% 50000000-100003867 dset_write
[seqwish::transclosure] 59.014 28.11% 50000000-100003867 dset_compression
[seqwish::transclosure] 61.657 28.11% 50000000-100003867 dset_sort
[seqwish::transclosure] 62.965 28.11% 50000000-100003867 dset_invert
[seqwish::transclosure] 65.355 28.11% 50000000-100003867 graph_emission
[seqwish::transclosure] 111.159 57.46% 100003867-236149382 overlap_collect
[seqwish::transclosure] 113.140 57.46% 100003867-236149382 rank_build
[seqwish::transclosure] 115.992 57.46% 100003867-236149382 parallel_union_find
[seqwish::transclosure] 117.134 57.46% 100003867-236149382 dset_write
[seqwish::transclosure] 118.535 57.46% 100003867-236149382 dset_compression
[seqwish::transclosure] 119.675 57.46% 100003867-236149382 dset_sort
[seqwish::transclosure] 120.412 57.46% 100003867-236149382 dset_invert
[seqwish::transclosure] 121.577 57.46% 100003867-236149382 graph_emission
[seqwish::transclosure] 180.441 70.62% 236149382-393789127 overlap_collect
[seqwish::transclosure] 182.924 70.62% 236149382-393789127 rank_build
[seqwish::transclosure] 185.203 70.62% 236149382-393789127 parallel_union_find
[seqwish::transclosure] 186.030 70.62% 236149382-393789127 dset_write
[seqwish::transclosure] 187.206 70.62% 236149382-393789127 dset_compression
[seqwish::transclosure] 188.175 70.62% 236149382-393789127 dset_sort
[seqwish::transclosure] 188.757 70.62% 236149382-393789127 dset_invert
[seqwish::transclosure] 189.733 70.62% 236149382-393789127 graph_emission
[seqwish::transclosure] 211.609 81.88% 393789127-605641084 overlap_collect
[seqwish::transclosure] 212.809 81.88% 393789127-605641084 rank_build
[seqwish::transclosure] 214.301 81.88% 393789127-605641084 parallel_union_find
[seqwish::transclosure] 214.453 81.88% 393789127-605641084 dset_write
[seqwish::transclosure] 214.988 81.88% 393789127-605641084 dset_compression
[seqwish::transclosure] 215.423 81.88% 393789127-605641084 dset_sort
[seqwish::transclosure] 215.943 81.88% 393789127-605641084 dset_invert
[seqwish::transclosure] 216.499 81.88% 393789127-605641084 graph_emission
[seqwish::transclosure] 237.503 87.15% 605641084-886116473 overlap_collect
[seqwish::transclosure] 238.698 87.15% 605641084-886116473 rank_build
[seqwish::transclosure] 239.828 87.15% 605641084-886116473 parallel_union_find
[seqwish::transclosure] 239.898 87.15% 605641084-886116473 dset_write
[seqwish::transclosure] 240.260 87.15% 605641084-886116473 dset_compression
[seqwish::transclosure] 240.536 87.15% 605641084-886116473 dset_sort
[seqwish::transclosure] 240.983 87.15% 605641084-886116473 dset_invert
[seqwish::transclosure] 241.405 87.15% 605641084-886116473 graph_emission
[seqwish::transclosure] 250.525 90.76% 886116473-1118115170 overlap_collect
[seqwish::transclosure] 251.560 90.76% 886116473-1118115170 rank_build
[seqwish::transclosure] 252.701 90.76% 886116473-1118115170 parallel_union_find
[seqwish::transclosure] 252.757 90.76% 886116473-1118115170 dset_write
[seqwish::transclosure] 253.103 90.76% 886116473-1118115170 dset_compression
[seqwish::transclosure] 253.378 90.76% 886116473-1118115170 dset_sort
[seqwish::transclosure] 253.826 90.76% 886116473-1118115170 dset_invert
[seqwish::transclosure] 254.206 90.76% 886116473-1118115170 graph_emission
[seqwish::transclosure] 258.865 94.08% 1118115170-1616143209 overlap_collect
[seqwish::transclosure] 260.621 94.08% 1118115170-1616143209 rank_build
[seqwish::transclosure] 261.630 94.08% 1118115170-1616143209 parallel_union_find
[seqwish::transclosure] 261.681 94.08% 1118115170-1616143209 dset_write
[seqwish::transclosure] 261.995 94.08% 1118115170-1616143209 dset_compression
[seqwish::transclosure] 262.210 94.08% 1118115170-1616143209 dset_sort
[seqwish::transclosure] 262.613 94.08% 1118115170-1616143209 dset_invert
[seqwish::transclosure] 262.982 94.08% 1118115170-1616143209 graph_emission
[seqwish::transclosure] 266.572 96.99% 1616143209-1865127756 overlap_collect
[seqwish::transclosure] 267.592 96.99% 1616143209-1865127756 rank_build
[seqwish::transclosure] 268.706 96.99% 1616143209-1865127756 parallel_union_find
[seqwish::transclosure] 268.735 96.99% 1616143209-1865127756 dset_write
[seqwish::transclosure] 269.003 96.99% 1616143209-1865127756 dset_compression
[seqwish::transclosure] 269.220 96.99% 1616143209-1865127756 dset_sort
[seqwish::transclosure] 269.628 96.99% 1616143209-1865127756 dset_invert
[seqwish::transclosure] 269.944 96.99% 1616143209-1865127756 graph_emission
[seqwish::transclosure] 271.815 99.63% 1865127756-1902510751 overlap_collect
[seqwish::transclosure] 272.016 99.63% 1865127756-1902510751 rank_build
[seqwish::transclosure] 272.574 99.63% 1865127756-1902510751 parallel_union_find
[seqwish::transclosure] 272.576 99.63% 1865127756-1902510751 dset_write
[seqwish::transclosure] 272.617 99.63% 1865127756-1902510751 dset_compression
[seqwish::transclosure] 272.652 99.63% 1865127756-1902510751 dset_sort
[seqwish::transclosure] 272.717 99.63% 1865127756-1902510751 dset_invert
[seqwish::transclosure] 272.770 99.63% 1865127756-1902510751 graph_emission
[seqwish::transclosure] 276.759 100.00% building node_iitree and path_iitree indexes
[seqwish::transclosure] 278.061 100.00% done
[seqwish::transclosure] 278.070 done with transitive closures
[seqwish::compact] 278.070 compacting nodes
[seqwish::compact] 280.458 done compacting
[seqwish::compact] 280.557 built node index
[seqwish::links] 280.557 finding graph links
[seqwish::links] 285.508 links derived
[seqwish::gfa] 285.508 writing graph
[seqwish::gfa] 340.455 done
	Command being timed: "/home/guarracino/tools/seqwish/bin/seqwish-ccfefb016fcfc9937817ce61dc06bbcf382be75e -t 48 -s /lizardfs/guarracino/seqwish-paper/athaliana/assemblies/athaliana16.fasta.gz -p /lizardfs/guarracino/seqwish-paper/athaliana/alignment/athaliana16.s100k.l300k.p90.n16.paf -g /scratch/athaliana16.s100k.l300k.p90.n16.k311.B50M.gfa -k 311 -B50M -P"
	User time (seconds): 2252.66
	System time (seconds): 47.61
	Percent of CPU this job got: 675%
	Elapsed (wall clock) time (h:mm:ss or m:ss): 5:40.70
	Average shared text size (kbytes): 0
	Average unshared data size (kbytes): 0
	Average stack size (kbytes): 0
	Average total size (kbytes): 0
	Maximum resident set size (kbytes): 34911552
	Average resident set size (kbytes): 0
	Major (requiring I/O) page faults: 0
	Minor (reclaiming a frame) page faults: 28334351
	Voluntary context switches: 15892849
	Involuntary context switches: 1044406
	Swaps: 0
	File system inputs: 878840
	File system outputs: 10551008
	Socket messages sent: 0
	Socket messages received: 0
	Signals delivered: 0
	Page size (bytes): 4096
	Exit status: 0
