octopus10
[seqwish::seqidx] 0.001 indexing sequences
[seqwish::seqidx] 14.493 index built
[seqwish::alignments] 14.493 processing alignments
[seqwish::alignments] 23.098 indexing
[seqwish::alignments] 30.362 index built
[seqwish::transclosure] 30.364 computing transitive closures
[seqwish::transclosure] 30.556 0.00% 0-50000000 overlap_collect
[seqwish::transclosure] 36.713 0.00% 0-50000000 rank_build
[seqwish::transclosure] 43.568 0.00% 0-50000000 parallel_union_find
[seqwish::transclosure] 47.697 0.00% 0-50000000 dset_write
[seqwish::transclosure] 49.775 0.00% 0-50000000 dset_compression
[seqwish::transclosure] 52.789 0.00% 0-50000000 dset_sort
[seqwish::transclosure] 54.167 0.00% 0-50000000 dset_invert
[seqwish::transclosure] 56.791 0.00% 0-50000000 graph_emission
[seqwish::transclosure] 58.585 32.89% 50000000-100009308 overlap_collect
[seqwish::transclosure] 63.702 32.89% 50000000-100009308 rank_build
[seqwish::transclosure] 69.689 32.89% 50000000-100009308 parallel_union_find
[seqwish::transclosure] 87.025 32.89% 50000000-100009308 dset_write
[seqwish::transclosure] 91.293 32.89% 50000000-100009308 dset_compression
[seqwish::transclosure] 94.505 32.89% 50000000-100009308 dset_sort
[seqwish::transclosure] 96.093 32.89% 50000000-100009308 dset_invert
[seqwish::transclosure] 98.844 32.89% 50000000-100009308 graph_emission
[seqwish::transclosure] 152.887 66.94% 100009308-257372720 overlap_collect
[seqwish::transclosure] 157.236 66.94% 100009308-257372720 rank_build
[seqwish::transclosure] 160.114 66.94% 100009308-257372720 parallel_union_find
[seqwish::transclosure] 164.945 66.94% 100009308-257372720 dset_write
[seqwish::transclosure] 166.470 66.94% 100009308-257372720 dset_compression
[seqwish::transclosure] 167.853 66.94% 100009308-257372720 dset_sort
[seqwish::transclosure] 168.699 66.94% 100009308-257372720 dset_invert
[seqwish::transclosure] 170.021 66.94% 100009308-257372720 graph_emission
[seqwish::transclosure] 239.417 83.00% 257372720-517343730 overlap_collect
[seqwish::transclosure] 243.153 83.00% 257372720-517343730 rank_build
[seqwish::transclosure] 245.097 83.00% 257372720-517343730 parallel_union_find
[seqwish::transclosure] 247.021 83.00% 257372720-517343730 dset_write
[seqwish::transclosure] 247.831 83.00% 257372720-517343730 dset_compression
[seqwish::transclosure] 248.529 83.00% 257372720-517343730 dset_sort
[seqwish::transclosure] 249.063 83.00% 257372720-517343730 dset_invert
[seqwish::transclosure] 249.718 83.00% 257372720-517343730 graph_emission
[seqwish::transclosure] 278.784 91.04% 517343730-916376166 overlap_collect
[seqwish::transclosure] 280.708 91.04% 517343730-916376166 rank_build
[seqwish::transclosure] 281.955 91.04% 517343730-916376166 parallel_union_find
[seqwish::transclosure] 282.310 91.04% 517343730-916376166 dset_write
[seqwish::transclosure] 282.851 91.04% 517343730-916376166 dset_compression
[seqwish::transclosure] 283.188 91.04% 517343730-916376166 dset_sort
[seqwish::transclosure] 283.645 91.04% 517343730-916376166 dset_invert
[seqwish::transclosure] 284.092 91.04% 517343730-916376166 graph_emission
[seqwish::transclosure] 299.147 95.21% 916376166-1609029982 overlap_collect
[seqwish::transclosure] 301.529 95.21% 916376166-1609029982 rank_build
[seqwish::transclosure] 302.618 95.21% 916376166-1609029982 parallel_union_find
[seqwish::transclosure] 302.741 95.21% 916376166-1609029982 dset_write
[seqwish::transclosure] 303.100 95.21% 916376166-1609029982 dset_compression
[seqwish::transclosure] 303.334 95.21% 916376166-1609029982 dset_sort
[seqwish::transclosure] 303.752 95.21% 916376166-1609029982 dset_invert
[seqwish::transclosure] 304.128 95.21% 916376166-1609029982 graph_emission
[seqwish::transclosure] 309.135 98.18% 1609029982-1902510751 overlap_collect
[seqwish::transclosure] 310.218 98.18% 1609029982-1902510751 rank_build
[seqwish::transclosure] 311.120 98.18% 1609029982-1902510751 parallel_union_find
[seqwish::transclosure] 311.146 98.18% 1609029982-1902510751 dset_write
[seqwish::transclosure] 311.371 98.18% 1609029982-1902510751 dset_compression
[seqwish::transclosure] 311.508 98.18% 1609029982-1902510751 dset_sort
[seqwish::transclosure] 311.793 98.18% 1609029982-1902510751 dset_invert
[seqwish::transclosure] 312.015 98.18% 1609029982-1902510751 graph_emission
[seqwish::transclosure] 317.980 100.00% building node_iitree and path_iitree indexes
[seqwish::transclosure] 320.592 100.00% done
[seqwish::transclosure] 320.603 done with transitive closures
[seqwish::compact] 320.603 compacting nodes
[seqwish::compact] 324.799 done compacting
[seqwish::compact] 324.903 built node index
[seqwish::links] 324.903 finding graph links
[seqwish::links] 335.030 links derived
[seqwish::gfa] 335.031 writing graph
[seqwish::gfa] 402.784 done
	Command being timed: "/home/guarracino/tools/seqwish/bin/seqwish-ccfefb016fcfc9937817ce61dc06bbcf382be75e -t 48 -s /lizardfs/guarracino/seqwish-paper/athaliana/assemblies/athaliana16.fasta.gz -p /lizardfs/guarracino/seqwish-paper/athaliana/alignment/athaliana16.s50k.l150k.p90.n16.paf -g /scratch/athaliana16.s50k.l150k.p90.n16.k127.B50M.gfa -k 127 -B50M -P"
	User time (seconds): 3982.40
	System time (seconds): 53.28
	Percent of CPU this job got: 1001%
	Elapsed (wall clock) time (h:mm:ss or m:ss): 6:43.15
	Average shared text size (kbytes): 0
	Average unshared data size (kbytes): 0
	Average stack size (kbytes): 0
	Average total size (kbytes): 0
	Maximum resident set size (kbytes): 40739176
	Average resident set size (kbytes): 0
	Major (requiring I/O) page faults: 0
	Minor (reclaiming a frame) page faults: 32538046
	Voluntary context switches: 17930209
	Involuntary context switches: 2596004
	Swaps: 0
	File system inputs: 0
	File system outputs: 15888920
	Socket messages sent: 0
	Socket messages received: 0
	Signals delivered: 0
	Page size (bytes): 4096
	Exit status: 0
