octopus10
[seqwish::seqidx] 0.001 indexing sequences
[seqwish::seqidx] 13.935 index built
[seqwish::alignments] 13.936 processing alignments
[seqwish::alignments] 21.898 indexing
[seqwish::alignments] 26.774 index built
[seqwish::transclosure] 26.776 computing transitive closures
[seqwish::transclosure] 26.897 0.00% 0-50000000 overlap_collect
[seqwish::transclosure] 31.989 0.00% 0-50000000 rank_build
[seqwish::transclosure] 38.246 0.00% 0-50000000 parallel_union_find
[seqwish::transclosure] 42.124 0.00% 0-50000000 dset_write
[seqwish::transclosure] 45.587 0.00% 0-50000000 dset_compression
[seqwish::transclosure] 48.371 0.00% 0-50000000 dset_sort
[seqwish::transclosure] 49.828 0.00% 0-50000000 dset_invert
[seqwish::transclosure] 52.516 0.00% 0-50000000 graph_emission
[seqwish::transclosure] 54.151 31.29% 50000000-100000000 overlap_collect
[seqwish::transclosure] 59.448 31.29% 50000000-100000000 rank_build
[seqwish::transclosure] 65.819 31.29% 50000000-100000000 parallel_union_find
[seqwish::transclosure] 80.355 31.29% 50000000-100000000 dset_write
[seqwish::transclosure] 83.645 31.29% 50000000-100000000 dset_compression
[seqwish::transclosure] 86.633 31.29% 50000000-100000000 dset_sort
[seqwish::transclosure] 88.118 31.29% 50000000-100000000 dset_invert
[seqwish::transclosure] 90.785 31.29% 50000000-100000000 graph_emission
[seqwish::transclosure] 143.535 64.10% 100000000-256340568 overlap_collect
[seqwish::transclosure] 147.044 64.10% 100000000-256340568 rank_build
[seqwish::transclosure] 149.993 64.10% 100000000-256340568 parallel_union_find
[seqwish::transclosure] 154.530 64.10% 100000000-256340568 dset_write
[seqwish::transclosure] 156.000 64.10% 100000000-256340568 dset_compression
[seqwish::transclosure] 157.296 64.10% 100000000-256340568 dset_sort
[seqwish::transclosure] 158.087 64.10% 100000000-256340568 dset_invert
[seqwish::transclosure] 159.286 64.10% 100000000-256340568 graph_emission
[seqwish::transclosure] 226.297 78.67% 256340568-468738007 overlap_collect
[seqwish::transclosure] 229.492 78.67% 256340568-468738007 rank_build
[seqwish::transclosure] 231.178 78.67% 256340568-468738007 parallel_union_find
[seqwish::transclosure] 232.452 78.67% 256340568-468738007 dset_write
[seqwish::transclosure] 233.350 78.67% 256340568-468738007 dset_compression
[seqwish::transclosure] 233.981 78.67% 256340568-468738007 dset_sort
[seqwish::transclosure] 234.661 78.67% 256340568-468738007 dset_invert
[seqwish::transclosure] 235.465 78.67% 256340568-468738007 graph_emission
[seqwish::transclosure] 261.935 85.96% 468738007-652097487 overlap_collect
[seqwish::transclosure] 263.220 85.96% 468738007-652097487 rank_build
[seqwish::transclosure] 264.352 85.96% 468738007-652097487 parallel_union_find
[seqwish::transclosure] 264.553 85.96% 468738007-652097487 dset_write
[seqwish::transclosure] 265.034 85.96% 468738007-652097487 dset_compression
[seqwish::transclosure] 265.347 85.96% 468738007-652097487 dset_sort
[seqwish::transclosure] 265.814 85.96% 468738007-652097487 dset_invert
[seqwish::transclosure] 266.249 85.96% 468738007-652097487 graph_emission
[seqwish::transclosure] 279.682 89.86% 652097487-994177947 overlap_collect
[seqwish::transclosure] 281.156 89.86% 652097487-994177947 rank_build
[seqwish::transclosure] 282.221 89.86% 652097487-994177947 parallel_union_find
[seqwish::transclosure] 282.345 89.86% 652097487-994177947 dset_write
[seqwish::transclosure] 282.746 89.86% 652097487-994177947 dset_compression
[seqwish::transclosure] 283.000 89.86% 652097487-994177947 dset_sort
[seqwish::transclosure] 283.439 89.86% 652097487-994177947 dset_invert
[seqwish::transclosure] 283.823 89.86% 652097487-994177947 graph_emission
[seqwish::transclosure] 289.407 93.07% 994177947-1494176943 overlap_collect
[seqwish::transclosure] 291.175 93.07% 994177947-1494176943 rank_build
[seqwish::transclosure] 292.147 93.07% 994177947-1494176943 parallel_union_find
[seqwish::transclosure] 292.251 93.07% 994177947-1494176943 dset_write
[seqwish::transclosure] 292.560 93.07% 994177947-1494176943 dset_compression
[seqwish::transclosure] 292.780 93.07% 994177947-1494176943 dset_sort
[seqwish::transclosure] 293.201 93.07% 994177947-1494176943 dset_invert
[seqwish::transclosure] 293.568 93.07% 994177947-1494176943 graph_emission
[seqwish::transclosure] 296.838 95.91% 1494176943-1794764968 overlap_collect
[seqwish::transclosure] 298.047 95.91% 1494176943-1794764968 rank_build
[seqwish::transclosure] 299.027 95.91% 1494176943-1794764968 parallel_union_find
[seqwish::transclosure] 299.062 95.91% 1494176943-1794764968 dset_write
[seqwish::transclosure] 299.384 95.91% 1494176943-1794764968 dset_compression
[seqwish::transclosure] 299.586 95.91% 1494176943-1794764968 dset_sort
[seqwish::transclosure] 300.027 95.91% 1494176943-1794764968 dset_invert
[seqwish::transclosure] 300.386 95.91% 1494176943-1794764968 graph_emission
[seqwish::transclosure] 302.893 98.58% 1794764968-1902510751 overlap_collect
[seqwish::transclosure] 303.385 98.58% 1794764968-1902510751 rank_build
[seqwish::transclosure] 304.124 98.58% 1794764968-1902510751 parallel_union_find
[seqwish::transclosure] 304.133 98.58% 1794764968-1902510751 dset_write
[seqwish::transclosure] 304.310 98.58% 1794764968-1902510751 dset_compression
[seqwish::transclosure] 304.422 98.58% 1794764968-1902510751 dset_sort
[seqwish::transclosure] 304.662 98.58% 1794764968-1902510751 dset_invert
[seqwish::transclosure] 304.839 98.58% 1794764968-1902510751 graph_emission
[seqwish::transclosure] 309.725 100.00% building node_iitree and path_iitree indexes
[seqwish::transclosure] 312.696 100.00% done
[seqwish::transclosure] 312.697 done with transitive closures
[seqwish::compact] 312.697 compacting nodes
[seqwish::compact] 317.532 done compacting
[seqwish::compact] 317.656 built node index
[seqwish::links] 317.657 finding graph links
[seqwish::links] 330.585 links derived
[seqwish::gfa] 330.586 writing graph
[seqwish::gfa] 395.216 done
	Command being timed: "/home/guarracino/tools/seqwish/bin/seqwish-ccfefb016fcfc9937817ce61dc06bbcf382be75e -t 48 -s /lizardfs/guarracino/seqwish-paper/athaliana/assemblies/athaliana16.fasta.gz -p /lizardfs/guarracino/seqwish-paper/athaliana/alignment/athaliana16.s20k.l60k.p98.n16.paf -g /scratch/athaliana16.s20k.l60k.p98.n16.k49.B50M.gfa -k 49 -B50M -P"
	User time (seconds): 3682.18
	System time (seconds): 102.41
	Percent of CPU this job got: 956%
	Elapsed (wall clock) time (h:mm:ss or m:ss): 6:35.63
	Average shared text size (kbytes): 0
	Average unshared data size (kbytes): 0
	Average stack size (kbytes): 0
	Average total size (kbytes): 0
	Maximum resident set size (kbytes): 39276564
	Average resident set size (kbytes): 0
	Major (requiring I/O) page faults: 0
	Minor (reclaiming a frame) page faults: 28999722
	Voluntary context switches: 19276698
	Involuntary context switches: 2366499
	Swaps: 0
	File system inputs: 0
	File system outputs: 15641088
	Socket messages sent: 0
	Socket messages received: 0
	Signals delivered: 0
	Page size (bytes): 4096
	Exit status: 0
