octopus03
[seqwish::seqidx] 0.007 indexing sequences
[seqwish::seqidx] 15.029 index built
[seqwish::alignments] 15.030 processing alignments
[seqwish::alignments] 19.856 indexing
[seqwish::alignments] 24.085 index built
[seqwish::transclosure] 24.087 computing transitive closures
[seqwish::transclosure] 24.210 0.00% 0-50000000 overlap_collect
[seqwish::transclosure] 29.953 0.00% 0-50000000 rank_build
[seqwish::transclosure] 34.176 0.00% 0-50000000 parallel_union_find
[seqwish::transclosure] 37.984 0.00% 0-50000000 dset_write
[seqwish::transclosure] 40.704 0.00% 0-50000000 dset_compression
[seqwish::transclosure] 43.562 0.00% 0-50000000 dset_sort
[seqwish::transclosure] 45.083 0.00% 0-50000000 dset_invert
[seqwish::transclosure] 47.596 0.00% 0-50000000 graph_emission
[seqwish::transclosure] 48.753 31.33% 50000000-100005639 overlap_collect
[seqwish::transclosure] 53.204 31.33% 50000000-100005639 rank_build
[seqwish::transclosure] 57.806 31.33% 50000000-100005639 parallel_union_find
[seqwish::transclosure] 72.692 31.33% 50000000-100005639 dset_write
[seqwish::transclosure] 76.951 31.33% 50000000-100005639 dset_compression
[seqwish::transclosure] 79.910 31.33% 50000000-100005639 dset_sort
[seqwish::transclosure] 81.530 31.33% 50000000-100005639 dset_invert
[seqwish::transclosure] 84.185 31.33% 50000000-100005639 graph_emission
[seqwish::transclosure] 138.632 63.76% 100005639-245235770 overlap_collect
[seqwish::transclosure] 141.381 63.76% 100005639-245235770 rank_build
[seqwish::transclosure] 143.530 63.76% 100005639-245235770 parallel_union_find
[seqwish::transclosure] 149.086 63.76% 100005639-245235770 dset_write
[seqwish::transclosure] 150.335 63.76% 100005639-245235770 dset_compression
[seqwish::transclosure] 151.575 63.76% 100005639-245235770 dset_sort
[seqwish::transclosure] 152.342 63.76% 100005639-245235770 dset_invert
[seqwish::transclosure] 153.563 63.76% 100005639-245235770 graph_emission
[seqwish::transclosure] 223.595 78.50% 245235770-444951542 overlap_collect
[seqwish::transclosure] 226.786 78.50% 245235770-444951542 rank_build
[seqwish::transclosure] 228.409 78.50% 245235770-444951542 parallel_union_find
[seqwish::transclosure] 230.699 78.50% 245235770-444951542 dset_write
[seqwish::transclosure] 231.451 78.50% 245235770-444951542 dset_compression
[seqwish::transclosure] 232.197 78.50% 245235770-444951542 dset_sort
[seqwish::transclosure] 232.587 78.50% 245235770-444951542 dset_invert
[seqwish::transclosure] 233.256 78.50% 245235770-444951542 graph_emission
[seqwish::transclosure] 259.764 87.24% 445138424-659698441 overlap_collect
[seqwish::transclosure] 261.144 87.24% 445138424-659698441 rank_build
[seqwish::transclosure] 262.288 87.24% 445138424-659698441 parallel_union_find
[seqwish::transclosure] 262.734 87.24% 445138424-659698441 dset_write
[seqwish::transclosure] 263.161 87.24% 445138424-659698441 dset_compression
[seqwish::transclosure] 263.548 87.24% 445138424-659698441 dset_sort
[seqwish::transclosure] 264.018 87.24% 445138424-659698441 dset_invert
[seqwish::transclosure] 264.538 87.24% 445138424-659698441 graph_emission
[seqwish::transclosure] 280.390 92.09% 659698441-1078245458 overlap_collect
[seqwish::transclosure] 282.092 92.09% 659698441-1078245458 rank_build
[seqwish::transclosure] 283.297 92.09% 659698441-1078245458 parallel_union_find
[seqwish::transclosure] 283.514 92.09% 659698441-1078245458 dset_write
[seqwish::transclosure] 283.810 92.09% 659698441-1078245458 dset_compression
[seqwish::transclosure] 284.082 92.09% 659698441-1078245458 dset_sort
[seqwish::transclosure] 284.413 92.09% 659698441-1078245458 dset_invert
[seqwish::transclosure] 284.825 92.09% 659698441-1078245458 graph_emission
[seqwish::transclosure] 293.178 95.58% 1078245458-1715533326 overlap_collect
[seqwish::transclosure] 295.376 95.58% 1078245458-1715533326 rank_build
[seqwish::transclosure] 296.402 95.58% 1078245458-1715533326 parallel_union_find
[seqwish::transclosure] 296.479 95.58% 1078245458-1715533326 dset_write
[seqwish::transclosure] 296.714 95.58% 1078245458-1715533326 dset_compression
[seqwish::transclosure] 296.930 95.58% 1078245458-1715533326 dset_sort
[seqwish::transclosure] 297.234 95.58% 1078245458-1715533326 dset_invert
[seqwish::transclosure] 297.585 95.58% 1078245458-1715533326 graph_emission
[seqwish::transclosure] 301.195 98.39% 1715533326-1902510751 overlap_collect
[seqwish::transclosure] 301.941 98.39% 1715533326-1902510751 rank_build
[seqwish::transclosure] 302.795 98.39% 1715533326-1902510751 parallel_union_find
[seqwish::transclosure] 302.808 98.39% 1715533326-1902510751 dset_write
[seqwish::transclosure] 303.035 98.39% 1715533326-1902510751 dset_compression
[seqwish::transclosure] 303.150 98.39% 1715533326-1902510751 dset_sort
[seqwish::transclosure] 303.409 98.39% 1715533326-1902510751 dset_invert
[seqwish::transclosure] 303.568 98.39% 1715533326-1902510751 graph_emission
[seqwish::transclosure] 308.430 100.00% building node_iitree and path_iitree indexes
[seqwish::transclosure] 310.498 100.00% done
[seqwish::transclosure] 310.499 done with transitive closures
[seqwish::compact] 310.499 compacting nodes
[seqwish::compact] 313.838 done compacting
[seqwish::compact] 313.940 built node index
[seqwish::links] 313.940 finding graph links
[seqwish::links] 322.532 links derived
[seqwish::gfa] 322.532 writing graph
[seqwish::gfa] 386.250 done
	Command being timed: "/home/guarracino/tools/seqwish/bin/seqwish-ccfefb016fcfc9937817ce61dc06bbcf382be75e -t 48 -s /lizardfs/guarracino/seqwish-paper/athaliana/assemblies/athaliana16.fasta.gz -p /lizardfs/guarracino/seqwish-paper/athaliana/alignment/athaliana16.s100k.l300k.p90.n16.paf -g /scratch/athaliana16.s100k.l300k.p90.n16.k179.B50M.gfa -k 179 -B50M -P"
	User time (seconds): 3502.71
	System time (seconds): 36.82
	Percent of CPU this job got: 915%
	Elapsed (wall clock) time (h:mm:ss or m:ss): 6:26.62
	Average shared text size (kbytes): 0
	Average unshared data size (kbytes): 0
	Average stack size (kbytes): 0
	Average total size (kbytes): 0
	Maximum resident set size (kbytes): 38783912
	Average resident set size (kbytes): 0
	Major (requiring I/O) page faults: 0
	Minor (reclaiming a frame) page faults: 17089790
	Voluntary context switches: 18275983
	Involuntary context switches: 2250408
	Swaps: 0
	File system inputs: 878840
	File system outputs: 12540896
	Socket messages sent: 0
	Socket messages received: 0
	Signals delivered: 0
	Page size (bytes): 4096
	Exit status: 0
