octopus10
[seqwish::seqidx] 0.001 indexing sequences
[seqwish::seqidx] 14.405 index built
[seqwish::alignments] 14.406 processing alignments
[seqwish::alignments] 29.785 indexing
[seqwish::alignments] 38.958 index built
[seqwish::transclosure] 38.960 computing transitive closures
[seqwish::transclosure] 39.146 0.00% 0-50000000 overlap_collect
[seqwish::transclosure] 46.587 0.00% 0-50000000 rank_build
[seqwish::transclosure] 51.238 0.00% 0-50000000 parallel_union_find
[seqwish::transclosure] 55.765 0.00% 0-50000000 dset_write
[seqwish::transclosure] 59.284 0.00% 0-50000000 dset_compression
[seqwish::transclosure] 62.619 0.00% 0-50000000 dset_sort
[seqwish::transclosure] 64.210 0.00% 0-50000000 dset_invert
[seqwish::transclosure] 67.084 0.00% 0-50000000 graph_emission
[seqwish::transclosure] 68.487 35.30% 50000000-100000000 overlap_collect
[seqwish::transclosure] 75.759 35.30% 50000000-100000000 rank_build
[seqwish::transclosure] 84.178 35.30% 50000000-100000000 parallel_union_find
[seqwish::transclosure] 102.982 35.30% 50000000-100000000 dset_write
[seqwish::transclosure] 105.840 35.30% 50000000-100000000 dset_compression
[seqwish::transclosure] 109.099 35.30% 50000000-100000000 dset_sort
[seqwish::transclosure] 110.666 35.30% 50000000-100000000 dset_invert
[seqwish::transclosure] 113.580 35.30% 50000000-100000000 graph_emission
[seqwish::transclosure] 171.401 71.10% 100000000-247215632 overlap_collect
[seqwish::transclosure] 177.894 71.10% 100000000-247215632 rank_build
[seqwish::transclosure] 180.377 71.10% 100000000-247215632 parallel_union_find
[seqwish::transclosure] 186.029 71.10% 100000000-247215632 dset_write
[seqwish::transclosure] 187.712 71.10% 100000000-247215632 dset_compression
[seqwish::transclosure] 189.080 71.10% 100000000-247215632 dset_sort
[seqwish::transclosure] 189.928 71.10% 100000000-247215632 dset_invert
[seqwish::transclosure] 191.280 71.10% 100000000-247215632 graph_emission
[seqwish::transclosure] 261.198 86.79% 247215632-583087240 overlap_collect
[seqwish::transclosure] 268.169 86.79% 247215632-583087240 rank_build
[seqwish::transclosure] 269.814 86.79% 247215632-583087240 parallel_union_find
[seqwish::transclosure] 271.354 86.79% 247215632-583087240 dset_write
[seqwish::transclosure] 271.974 86.79% 247215632-583087240 dset_compression
[seqwish::transclosure] 272.599 86.79% 247215632-583087240 dset_sort
[seqwish::transclosure] 273.044 86.79% 247215632-583087240 dset_invert
[seqwish::transclosure] 273.610 86.79% 247215632-583087240 graph_emission
[seqwish::transclosure] 301.409 94.20% 583087240-1158157324 overlap_collect
[seqwish::transclosure] 303.842 94.20% 583087240-1158157324 rank_build
[seqwish::transclosure] 304.811 94.20% 583087240-1158157324 parallel_union_find
[seqwish::transclosure] 304.990 94.20% 583087240-1158157324 dset_write
[seqwish::transclosure] 305.282 94.20% 583087240-1158157324 dset_compression
[seqwish::transclosure] 305.533 94.20% 583087240-1158157324 dset_sort
[seqwish::transclosure] 305.827 94.20% 583087240-1158157324 dset_invert
[seqwish::transclosure] 306.187 94.20% 583087240-1158157324 graph_emission
[seqwish::transclosure] 321.483 97.44% 1158157324-1902510751 overlap_collect
[seqwish::transclosure] 324.063 97.44% 1158157324-1902510751 rank_build
[seqwish::transclosure] 325.121 97.44% 1158157324-1902510751 parallel_union_find
[seqwish::transclosure] 325.159 97.44% 1158157324-1902510751 dset_write
[seqwish::transclosure] 325.493 97.44% 1158157324-1902510751 dset_compression
[seqwish::transclosure] 325.696 97.44% 1158157324-1902510751 dset_sort
[seqwish::transclosure] 326.104 97.44% 1158157324-1902510751 dset_invert
[seqwish::transclosure] 326.426 97.44% 1158157324-1902510751 graph_emission
[seqwish::transclosure] 332.451 100.00% building node_iitree and path_iitree indexes
[seqwish::transclosure] 336.585 100.00% done
[seqwish::transclosure] 336.597 done with transitive closures
[seqwish::compact] 336.597 compacting nodes
[seqwish::compact] 342.903 done compacting
[seqwish::compact] 343.040 built node index
[seqwish::links] 343.040 finding graph links
[seqwish::links] 361.740 links derived
[seqwish::gfa] 361.740 writing graph
[seqwish::gfa] 433.516 done
	Command being timed: "/home/guarracino/tools/seqwish/bin/seqwish-ccfefb016fcfc9937817ce61dc06bbcf382be75e -t 48 -s /lizardfs/guarracino/seqwish-paper/athaliana/assemblies/athaliana16.fasta.gz -p /lizardfs/guarracino/seqwish-paper/athaliana/alignment/athaliana16.s100k.l300k.p95.n16.paf -g /scratch/athaliana16.s100k.l300k.p95.n16.k49.B50M.gfa -k 49 -B50M -P"
	User time (seconds): 5167.39
	System time (seconds): 51.38
	Percent of CPU this job got: 1202%
	Elapsed (wall clock) time (h:mm:ss or m:ss): 7:13.95
	Average shared text size (kbytes): 0
	Average unshared data size (kbytes): 0
	Average stack size (kbytes): 0
	Average total size (kbytes): 0
	Maximum resident set size (kbytes): 43812536
	Average resident set size (kbytes): 0
	Major (requiring I/O) page faults: 0
	Minor (reclaiming a frame) page faults: 24840671
	Voluntary context switches: 20051143
	Involuntary context switches: 3092734
	Swaps: 0
	File system inputs: 0
	File system outputs: 20659192
	Socket messages sent: 0
	Socket messages received: 0
	Signals delivered: 0
	Page size (bytes): 4096
	Exit status: 0
