octopus03
[seqwish::seqidx] 0.007 indexing sequences
[seqwish::seqidx] 14.056 index built
[seqwish::alignments] 14.056 processing alignments
[seqwish::alignments] 18.338 indexing
[seqwish::alignments] 22.168 index built
[seqwish::transclosure] 22.169 computing transitive closures
[seqwish::transclosure] 22.292 0.00% 0-50000000 overlap_collect
[seqwish::transclosure] 27.727 0.00% 0-50000000 rank_build
[seqwish::transclosure] 31.974 0.00% 0-50000000 parallel_union_find
[seqwish::transclosure] 35.592 0.00% 0-50000000 dset_write
[seqwish::transclosure] 38.107 0.00% 0-50000000 dset_compression
[seqwish::transclosure] 41.037 0.00% 0-50000000 dset_sort
[seqwish::transclosure] 42.342 0.00% 0-50000000 dset_invert
[seqwish::transclosure] 44.830 0.00% 0-50000000 graph_emission
[seqwish::transclosure] 45.934 31.08% 50000000-100011824 overlap_collect
[seqwish::transclosure] 50.868 31.08% 50000000-100011824 rank_build
[seqwish::transclosure] 56.848 31.08% 50000000-100011824 parallel_union_find
[seqwish::transclosure] 71.293 31.08% 50000000-100011824 dset_write
[seqwish::transclosure] 75.319 31.08% 50000000-100011824 dset_compression
[seqwish::transclosure] 77.944 31.08% 50000000-100011824 dset_sort
[seqwish::transclosure] 79.309 31.08% 50000000-100011824 dset_invert
[seqwish::transclosure] 81.736 31.08% 50000000-100011824 graph_emission
[seqwish::transclosure] 142.681 63.34% 100011824-251855361 overlap_collect
[seqwish::transclosure] 146.734 63.34% 100011824-251855361 rank_build
[seqwish::transclosure] 149.583 63.34% 100011824-251855361 parallel_union_find
[seqwish::transclosure] 154.916 63.34% 100011824-251855361 dset_write
[seqwish::transclosure] 156.625 63.34% 100011824-251855361 dset_compression
[seqwish::transclosure] 157.960 63.34% 100011824-251855361 dset_sort
[seqwish::transclosure] 158.668 63.34% 100011824-251855361 dset_invert
[seqwish::transclosure] 159.921 63.34% 100011824-251855361 graph_emission
[seqwish::transclosure] 232.166 78.59% 251855374-465969579 overlap_collect
[seqwish::transclosure] 235.498 78.59% 251855374-465969579 rank_build
[seqwish::transclosure] 237.412 78.59% 251855374-465969579 parallel_union_find
[seqwish::transclosure] 239.193 78.59% 251855374-465969579 dset_write
[seqwish::transclosure] 239.916 78.59% 251855374-465969579 dset_compression
[seqwish::transclosure] 240.638 78.59% 251855374-465969579 dset_sort
[seqwish::transclosure] 241.039 78.59% 251855374-465969579 dset_invert
[seqwish::transclosure] 241.695 78.59% 251855374-465969579 graph_emission
[seqwish::transclosure] 271.000 86.91% 465969579-666885507 overlap_collect
[seqwish::transclosure] 272.369 86.91% 465969579-666885507 rank_build
[seqwish::transclosure] 273.798 86.91% 465969579-666885507 parallel_union_find
[seqwish::transclosure] 274.157 86.91% 465969579-666885507 dset_write
[seqwish::transclosure] 274.510 86.91% 465969579-666885507 dset_compression
[seqwish::transclosure] 274.858 86.91% 465969579-666885507 dset_sort
[seqwish::transclosure] 275.221 86.91% 465969579-666885507 dset_invert
[seqwish::transclosure] 275.646 86.91% 465969579-666885507 graph_emission
[seqwish::transclosure] 292.297 91.34% 666885507-1046330898 overlap_collect
[seqwish::transclosure] 294.014 91.34% 666885507-1046330898 rank_build
[seqwish::transclosure] 295.774 91.34% 666885507-1046330898 parallel_union_find
[seqwish::transclosure] 295.942 91.34% 666885507-1046330898 dset_write
[seqwish::transclosure] 296.222 91.34% 666885507-1046330898 dset_compression
[seqwish::transclosure] 296.496 91.34% 666885507-1046330898 dset_sort
[seqwish::transclosure] 296.831 91.34% 666885507-1046330898 dset_invert
[seqwish::transclosure] 297.183 91.34% 666885507-1046330898 graph_emission
[seqwish::transclosure] 304.121 94.76% 1046330898-1621868397 overlap_collect
[seqwish::transclosure] 306.286 94.76% 1046330898-1621868397 rank_build
[seqwish::transclosure] 307.926 94.76% 1046330898-1621868397 parallel_union_find
[seqwish::transclosure] 308.029 94.76% 1046330898-1621868397 dset_write
[seqwish::transclosure] 308.284 94.76% 1046330898-1621868397 dset_compression
[seqwish::transclosure] 308.508 94.76% 1046330898-1621868397 dset_sort
[seqwish::transclosure] 308.822 94.76% 1046330898-1621868397 dset_invert
[seqwish::transclosure] 309.128 94.76% 1046330898-1621868397 graph_emission
[seqwish::transclosure] 312.834 97.66% 1621868397-1902510751 overlap_collect
[seqwish::transclosure] 314.094 97.66% 1621868397-1902510751 rank_build
[seqwish::transclosure] 315.582 97.66% 1621868397-1902510751 parallel_union_find
[seqwish::transclosure] 315.612 97.66% 1621868397-1902510751 dset_write
[seqwish::transclosure] 315.810 97.66% 1621868397-1902510751 dset_compression
[seqwish::transclosure] 315.991 97.66% 1621868397-1902510751 dset_sort
[seqwish::transclosure] 316.261 97.66% 1621868397-1902510751 dset_invert
[seqwish::transclosure] 316.486 97.66% 1621868397-1902510751 graph_emission
[seqwish::transclosure] 323.433 100.00% building node_iitree and path_iitree indexes
[seqwish::transclosure] 325.438 100.00% done
[seqwish::transclosure] 325.439 done with transitive closures
[seqwish::compact] 325.439 compacting nodes
[seqwish::compact] 328.715 done compacting
[seqwish::compact] 328.815 built node index
[seqwish::links] 328.815 finding graph links
[seqwish::links] 336.990 links derived
[seqwish::gfa] 336.990 writing graph
[seqwish::gfa] 400.084 done
	Command being timed: "/home/guarracino/tools/seqwish/bin/seqwish-ccfefb016fcfc9937817ce61dc06bbcf382be75e -t 48 -s /lizardfs/guarracino/seqwish-paper/athaliana/assemblies/athaliana16.fasta.gz -p /lizardfs/guarracino/seqwish-paper/athaliana/alignment/athaliana16.s20k.l60k.p95.n16.paf -g /scratch/athaliana16.s20k.l60k.p95.n16.k179.B50M.gfa -k 179 -B50M -P"
	User time (seconds): 3571.21
	System time (seconds): 50.60
	Percent of CPU this job got: 904%
	Elapsed (wall clock) time (h:mm:ss or m:ss): 6:40.41
	Average shared text size (kbytes): 0
	Average unshared data size (kbytes): 0
	Average stack size (kbytes): 0
	Average total size (kbytes): 0
	Maximum resident set size (kbytes): 38512764
	Average resident set size (kbytes): 0
	Major (requiring I/O) page faults: 0
	Minor (reclaiming a frame) page faults: 12244186
	Voluntary context switches: 18721681
	Involuntary context switches: 2356361
	Swaps: 0
	File system inputs: 667688
	File system outputs: 12633096
	Socket messages sent: 0
	Socket messages received: 0
	Signals delivered: 0
	Page size (bytes): 4096
	Exit status: 0
