octopus03
[seqwish::seqidx] 0.001 indexing sequences
[seqwish::seqidx] 15.063 index built
[seqwish::alignments] 15.063 processing alignments
[seqwish::alignments] 27.597 indexing
[seqwish::alignments] 35.343 index built
[seqwish::transclosure] 35.346 computing transitive closures
[seqwish::transclosure] 35.471 0.00% 0-50000000 overlap_collect
[seqwish::transclosure] 42.204 0.00% 0-50000000 rank_build
[seqwish::transclosure] 46.891 0.00% 0-50000000 parallel_union_find
[seqwish::transclosure] 51.333 0.00% 0-50000000 dset_write
[seqwish::transclosure] 54.610 0.00% 0-50000000 dset_compression
[seqwish::transclosure] 57.864 0.00% 0-50000000 dset_sort
[seqwish::transclosure] 59.426 0.00% 0-50000000 dset_invert
[seqwish::transclosure] 62.265 0.00% 0-50000000 graph_emission
[seqwish::transclosure] 63.538 34.57% 50000000-100006791 overlap_collect
[seqwish::transclosure] 69.867 34.57% 50000000-100006791 rank_build
[seqwish::transclosure] 74.658 34.57% 50000000-100006791 parallel_union_find
[seqwish::transclosure] 90.041 34.57% 50000000-100006791 dset_write
[seqwish::transclosure] 94.990 34.57% 50000000-100006791 dset_compression
[seqwish::transclosure] 98.541 34.57% 50000000-100006791 dset_sort
[seqwish::transclosure] 100.433 34.57% 50000000-100006791 dset_invert
[seqwish::transclosure] 103.222 34.57% 50000000-100006791 graph_emission
[seqwish::transclosure] 165.177 70.04% 100006791-263811794 overlap_collect
[seqwish::transclosure] 170.755 70.04% 100006791-263811794 rank_build
[seqwish::transclosure] 174.486 70.04% 100006791-263811794 parallel_union_find
[seqwish::transclosure] 181.136 70.04% 100006791-263811794 dset_write
[seqwish::transclosure] 183.180 70.04% 100006791-263811794 dset_compression
[seqwish::transclosure] 184.632 70.04% 100006791-263811794 dset_sort
[seqwish::transclosure] 185.542 70.04% 100006791-263811794 dset_invert
[seqwish::transclosure] 186.912 70.04% 100006791-263811794 graph_emission
[seqwish::transclosure] 261.196 86.39% 263811794-579866190 overlap_collect
[seqwish::transclosure] 266.038 86.39% 263811794-579866190 rank_build
[seqwish::transclosure] 267.820 86.39% 263811794-579866190 parallel_union_find
[seqwish::transclosure] 269.554 86.39% 263811794-579866190 dset_write
[seqwish::transclosure] 270.302 86.39% 263811794-579866190 dset_compression
[seqwish::transclosure] 270.987 86.39% 263811794-579866190 dset_sort
[seqwish::transclosure] 271.418 86.39% 263811794-579866190 dset_invert
[seqwish::transclosure] 271.994 86.39% 263811794-579866190 graph_emission
[seqwish::transclosure] 302.741 93.90% 579866190-1128781264 overlap_collect
[seqwish::transclosure] 305.090 93.90% 579866190-1128781264 rank_build
[seqwish::transclosure] 306.020 93.90% 579866190-1128781264 parallel_union_find
[seqwish::transclosure] 306.243 93.90% 579866190-1128781264 dset_write
[seqwish::transclosure] 306.704 93.90% 579866190-1128781264 dset_compression
[seqwish::transclosure] 306.987 93.90% 579866190-1128781264 dset_sort
[seqwish::transclosure] 307.412 93.90% 579866190-1128781264 dset_invert
[seqwish::transclosure] 307.803 93.90% 579866190-1128781264 graph_emission
[seqwish::transclosure] 322.541 97.36% 1128781264-1902143017 overlap_collect
[seqwish::transclosure] 325.134 97.36% 1128781264-1902143017 rank_build
[seqwish::transclosure] 326.092 97.36% 1128781264-1902143017 parallel_union_find
[seqwish::transclosure] 326.135 97.36% 1128781264-1902143017 dset_write
[seqwish::transclosure] 326.435 97.36% 1128781264-1902143017 dset_compression
[seqwish::transclosure] 326.638 97.36% 1128781264-1902143017 dset_sort
[seqwish::transclosure] 327.053 97.36% 1128781264-1902143017 dset_invert
[seqwish::transclosure] 327.375 97.36% 1128781264-1902143017 graph_emission
[seqwish::transclosure] 330.193 99.99% 1902143017-1902510751 overlap_collect
[seqwish::transclosure] 330.242 99.99% 1902143017-1902510751 rank_build
[seqwish::transclosure] 330.765 99.99% 1902143017-1902510751 parallel_union_find
[seqwish::transclosure] 330.772 99.99% 1902143017-1902510751 dset_write
[seqwish::transclosure] 330.780 99.99% 1902143017-1902510751 dset_compression
[seqwish::transclosure] 330.788 99.99% 1902143017-1902510751 dset_sort
[seqwish::transclosure] 330.798 99.99% 1902143017-1902510751 dset_invert
[seqwish::transclosure] 330.806 99.99% 1902143017-1902510751 graph_emission
[seqwish::transclosure] 334.506 100.00% building node_iitree and path_iitree indexes
[seqwish::transclosure] 337.929 100.00% done
[seqwish::transclosure] 337.931 done with transitive closures
[seqwish::compact] 337.931 compacting nodes
[seqwish::compact] 343.369 done compacting
[seqwish::compact] 343.499 built node index
[seqwish::links] 343.499 finding graph links
[seqwish::links] 356.613 links derived
[seqwish::gfa] 356.614 writing graph
[seqwish::gfa] 426.657 done
	Command being timed: "/home/guarracino/tools/seqwish/bin/seqwish-ccfefb016fcfc9937817ce61dc06bbcf382be75e -t 48 -s /lizardfs/guarracino/seqwish-paper/athaliana/assemblies/athaliana16.fasta.gz -p /lizardfs/guarracino/seqwish-paper/athaliana/alignment/athaliana16.s100k.l300k.p90.n16.paf -g /scratch/athaliana16.s100k.l300k.p90.n16.k79.B50M.gfa -k 79 -B50M -P"
	User time (seconds): 4518.81
	System time (seconds): 57.19
	Percent of CPU this job got: 1071%
	Elapsed (wall clock) time (h:mm:ss or m:ss): 7:07.14
	Average shared text size (kbytes): 0
	Average unshared data size (kbytes): 0
	Average stack size (kbytes): 0
	Average total size (kbytes): 0
	Maximum resident set size (kbytes): 43031664
	Average resident set size (kbytes): 0
	Major (requiring I/O) page faults: 0
	Minor (reclaiming a frame) page faults: 29238482
	Voluntary context switches: 19579950
	Involuntary context switches: 2613062
	Swaps: 0
	File system inputs: 0
	File system outputs: 17884960
	Socket messages sent: 0
	Socket messages received: 0
	Signals delivered: 0
	Page size (bytes): 4096
	Exit status: 0
