octopus10
[seqwish::seqidx] 0.001 indexing sequences
[seqwish::seqidx] 13.921 index built
[seqwish::alignments] 13.922 processing alignments
[seqwish::alignments] 38.285 indexing
[seqwish::alignments] 52.882 index built
[seqwish::transclosure] 52.883 computing transitive closures
[seqwish::transclosure] 53.004 0.00% 0-50000000 overlap_collect
[seqwish::transclosure] 61.841 0.00% 0-50000000 rank_build
[seqwish::transclosure] 69.245 0.00% 0-50000000 parallel_union_find
[seqwish::transclosure] 74.107 0.00% 0-50000000 dset_write
[seqwish::transclosure] 78.353 0.00% 0-50000000 dset_compression
[seqwish::transclosure] 81.786 0.00% 0-50000000 dset_sort
[seqwish::transclosure] 83.595 0.00% 0-50000000 dset_invert
[seqwish::transclosure] 86.951 0.00% 0-50000000 graph_emission
[seqwish::transclosure] 89.242 36.88% 50000000-100035885 overlap_collect
[seqwish::transclosure] 100.627 36.88% 50000000-100035885 rank_build
[seqwish::transclosure] 108.945 36.88% 50000000-100035885 parallel_union_find
[seqwish::transclosure] 126.120 36.88% 50000000-100035885 dset_write
[seqwish::transclosure] 129.267 36.88% 50000000-100035885 dset_compression
[seqwish::transclosure] 132.660 36.88% 50000000-100035885 dset_sort
[seqwish::transclosure] 134.321 36.88% 50000000-100035885 dset_invert
[seqwish::transclosure] 137.065 36.88% 50000000-100035885 graph_emission
[seqwish::transclosure] 205.087 74.50% 100035885-311836963 overlap_collect
[seqwish::transclosure] 218.679 74.50% 100035885-311836963 rank_build
[seqwish::transclosure] 222.618 74.50% 100035885-311836963 parallel_union_find
[seqwish::transclosure] 229.975 74.50% 100035885-311836963 dset_write
[seqwish::transclosure] 232.344 74.50% 100035885-311836963 dset_compression
[seqwish::transclosure] 233.820 74.50% 100035885-311836963 dset_sort
[seqwish::transclosure] 234.715 74.50% 100035885-311836963 dset_invert
[seqwish::transclosure] 236.097 74.50% 100035885-311836963 graph_emission
[seqwish::transclosure] 311.260 91.84% 311836965-830971799 overlap_collect
[seqwish::transclosure] 316.148 91.84% 311836965-830971799 rank_build
[seqwish::transclosure] 317.693 91.84% 311836965-830971799 parallel_union_find
[seqwish::transclosure] 318.301 91.84% 311836965-830971799 dset_write
[seqwish::transclosure] 318.862 91.84% 311836965-830971799 dset_compression
[seqwish::transclosure] 319.246 91.84% 311836965-830971799 dset_sort
[seqwish::transclosure] 319.634 91.84% 311836965-830971799 dset_invert
[seqwish::transclosure] 320.058 91.84% 311836965-830971799 graph_emission
[seqwish::transclosure] 357.741 96.42% 830971804-1744505770 overlap_collect
[seqwish::transclosure] 361.235 96.42% 830971804-1744505770 rank_build
[seqwish::transclosure] 362.338 96.42% 830971804-1744505770 parallel_union_find
[seqwish::transclosure] 362.403 96.42% 830971804-1744505770 dset_write
[seqwish::transclosure] 362.694 96.42% 830971804-1744505770 dset_compression
[seqwish::transclosure] 362.913 96.42% 830971804-1744505770 dset_sort
[seqwish::transclosure] 363.292 96.42% 830971804-1744505770 dset_invert
[seqwish::transclosure] 363.586 96.42% 830971804-1744505770 graph_emission
[seqwish::transclosure] 370.384 99.17% 1744506219-1902510751 overlap_collect
[seqwish::transclosure] 371.112 99.17% 1744506219-1902510751 rank_build
[seqwish::transclosure] 372.309 99.17% 1744506219-1902510751 parallel_union_find
[seqwish::transclosure] 372.317 99.17% 1744506219-1902510751 dset_write
[seqwish::transclosure] 372.433 99.17% 1744506219-1902510751 dset_compression
[seqwish::transclosure] 372.502 99.17% 1744506219-1902510751 dset_sort
[seqwish::transclosure] 372.627 99.17% 1744506219-1902510751 dset_invert
[seqwish::transclosure] 372.749 99.17% 1744506219-1902510751 graph_emission
[seqwish::transclosure] 377.149 100.00% building node_iitree and path_iitree indexes
[seqwish::transclosure] 384.715 100.00% done
[seqwish::transclosure] 384.716 done with transitive closures
[seqwish::compact] 384.717 compacting nodes
[seqwish::compact] 395.833 done compacting
[seqwish::compact] 395.965 built node index
[seqwish::links] 395.965 finding graph links
[seqwish::links] 423.386 links derived
[seqwish::gfa] 423.387 writing graph
[seqwish::gfa] 507.722 done
	Command being timed: "/home/guarracino/tools/seqwish/bin/seqwish-ccfefb016fcfc9937817ce61dc06bbcf382be75e -t 48 -s /lizardfs/guarracino/seqwish-paper/athaliana/assemblies/athaliana16.fasta.gz -p /lizardfs/guarracino/seqwish-paper/athaliana/alignment/athaliana16.s20k.l60k.p95.n16.paf -g /scratch/athaliana16.s20k.l60k.p95.n16.k11.B50M.gfa -k 11 -B50M -P"
	User time (seconds): 6586.05
	System time (seconds): 135.56
	Percent of CPU this job got: 1322%
	Elapsed (wall clock) time (h:mm:ss or m:ss): 8:28.37
	Average shared text size (kbytes): 0
	Average unshared data size (kbytes): 0
	Average stack size (kbytes): 0
	Average total size (kbytes): 0
	Maximum resident set size (kbytes): 47367172
	Average resident set size (kbytes): 0
	Major (requiring I/O) page faults: 0
	Minor (reclaiming a frame) page faults: 35269450
	Voluntary context switches: 21019839
	Involuntary context switches: 3615354
	Swaps: 0
	File system inputs: 0
	File system outputs: 29838664
	Socket messages sent: 0
	Socket messages received: 0
	Signals delivered: 0
	Page size (bytes): 4096
	Exit status: 0
