octopus03
[seqwish::seqidx] 0.003 indexing sequences
[seqwish::seqidx] 14.143 index built
[seqwish::alignments] 14.144 processing alignments
[seqwish::alignments] 17.022 indexing
[seqwish::alignments] 18.697 index built
[seqwish::transclosure] 18.698 computing transitive closures
[seqwish::transclosure] 18.818 0.00% 0-50000000 overlap_collect
[seqwish::transclosure] 22.697 0.00% 0-50000000 rank_build
[seqwish::transclosure] 26.247 0.00% 0-50000000 parallel_union_find
[seqwish::transclosure] 28.769 0.00% 0-50000000 dset_write
[seqwish::transclosure] 30.847 0.00% 0-50000000 dset_compression
[seqwish::transclosure] 32.979 0.00% 0-50000000 dset_sort
[seqwish::transclosure] 34.239 0.00% 0-50000000 dset_invert
[seqwish::transclosure] 36.257 0.00% 0-50000000 graph_emission
[seqwish::transclosure] 37.316 25.46% 50000000-100000000 overlap_collect
[seqwish::transclosure] 44.474 25.46% 50000000-100000000 rank_build
[seqwish::transclosure] 50.216 25.46% 50000000-100000000 parallel_union_find
[seqwish::transclosure] 61.634 25.46% 50000000-100000000 dset_write
[seqwish::transclosure] 65.213 25.46% 50000000-100000000 dset_compression
[seqwish::transclosure] 67.620 25.46% 50000000-100000000 dset_sort
[seqwish::transclosure] 68.821 25.46% 50000000-100000000 dset_invert
[seqwish::transclosure] 71.101 25.46% 50000000-100000000 graph_emission
[seqwish::transclosure] 112.827 52.33% 100000000-227886256 overlap_collect
[seqwish::transclosure] 115.274 52.33% 100000000-227886256 rank_build
[seqwish::transclosure] 117.377 52.33% 100000000-227886256 parallel_union_find
[seqwish::transclosure] 120.527 52.33% 100000000-227886256 dset_write
[seqwish::transclosure] 121.395 52.33% 100000000-227886256 dset_compression
[seqwish::transclosure] 122.280 52.33% 100000000-227886256 dset_sort
[seqwish::transclosure] 122.855 52.33% 100000000-227886256 dset_invert
[seqwish::transclosure] 123.711 52.33% 100000000-227886256 graph_emission
[seqwish::transclosure] 181.578 62.97% 227886256-349290269 overlap_collect
[seqwish::transclosure] 183.677 62.97% 227886256-349290269 rank_build
[seqwish::transclosure] 186.757 62.97% 227886256-349290269 parallel_union_find
[seqwish::transclosure] 189.197 62.97% 227886256-349290269 dset_write
[seqwish::transclosure] 190.254 62.97% 227886256-349290269 dset_compression
[seqwish::transclosure] 191.344 62.97% 227886256-349290269 dset_sort
[seqwish::transclosure] 191.981 62.97% 227886256-349290269 dset_invert
[seqwish::transclosure] 193.012 62.97% 227886256-349290269 graph_emission
[seqwish::transclosure] 210.029 75.85% 349317068-570281293 overlap_collect
[seqwish::transclosure] 211.266 75.85% 349317068-570281293 rank_build
[seqwish::transclosure] 213.217 75.85% 349317068-570281293 parallel_union_find
[seqwish::transclosure] 213.697 75.85% 349317068-570281293 dset_write
[seqwish::transclosure] 214.070 75.85% 349317068-570281293 dset_compression
[seqwish::transclosure] 214.466 75.85% 349317068-570281293 dset_sort
[seqwish::transclosure] 214.852 75.85% 349317068-570281293 dset_invert
[seqwish::transclosure] 215.313 75.85% 349317068-570281293 graph_emission
[seqwish::transclosure] 239.171 80.78% 570281293-673705138 overlap_collect
[seqwish::transclosure] 240.000 80.78% 570281293-673705138 rank_build
[seqwish::transclosure] 241.352 80.78% 570281293-673705138 parallel_union_find
[seqwish::transclosure] 241.499 80.78% 570281293-673705138 dset_write
[seqwish::transclosure] 241.728 80.78% 570281293-673705138 dset_compression
[seqwish::transclosure] 241.975 80.78% 570281293-673705138 dset_sort
[seqwish::transclosure] 242.301 80.78% 570281293-673705138 dset_invert
[seqwish::transclosure] 242.625 80.78% 570281293-673705138 graph_emission
[seqwish::transclosure] 251.976 83.91% 673705138-918570659 overlap_collect
[seqwish::transclosure] 253.239 83.91% 673705138-918570659 rank_build
[seqwish::transclosure] 255.550 83.91% 673705138-918570659 parallel_union_find
[seqwish::transclosure] 255.771 83.91% 673705138-918570659 dset_write
[seqwish::transclosure] 256.031 83.91% 673705138-918570659 dset_compression
[seqwish::transclosure] 256.288 83.91% 673705138-918570659 dset_sort
[seqwish::transclosure] 256.615 83.91% 673705138-918570659 dset_invert
[seqwish::transclosure] 256.936 83.91% 673705138-918570659 graph_emission
[seqwish::transclosure] 260.968 87.08% 918570659-1080798576 overlap_collect
[seqwish::transclosure] 261.895 87.08% 918570659-1080798576 rank_build
[seqwish::transclosure] 263.582 87.08% 918570659-1080798576 parallel_union_find
[seqwish::transclosure] 263.752 87.08% 918570659-1080798576 dset_write
[seqwish::transclosure] 264.010 87.08% 918570659-1080798576 dset_compression
[seqwish::transclosure] 264.267 87.08% 918570659-1080798576 dset_sort
[seqwish::transclosure] 264.591 87.08% 918570659-1080798576 dset_invert
[seqwish::transclosure] 264.934 87.08% 918570659-1080798576 graph_emission
[seqwish::transclosure] 269.442 90.16% 1080798576-1477404585 overlap_collect
[seqwish::transclosure] 271.138 90.16% 1080798576-1477404585 rank_build
[seqwish::transclosure] 272.688 90.16% 1080798576-1477404585 parallel_union_find
[seqwish::transclosure] 272.824 90.16% 1080798576-1477404585 dset_write
[seqwish::transclosure] 273.062 90.16% 1080798576-1477404585 dset_compression
[seqwish::transclosure] 273.292 90.16% 1080798576-1477404585 dset_sort
[seqwish::transclosure] 273.601 90.16% 1080798576-1477404585 dset_invert
[seqwish::transclosure] 273.895 90.16% 1080798576-1477404585 graph_emission
[seqwish::transclosure] 277.881 93.08% 1477404585-1663712782 overlap_collect
[seqwish::transclosure] 278.953 93.08% 1477404585-1663712782 rank_build
[seqwish::transclosure] 280.572 93.08% 1477404585-1663712782 parallel_union_find
[seqwish::transclosure] 280.656 93.08% 1477404585-1663712782 dset_write
[seqwish::transclosure] 280.899 93.08% 1477404585-1663712782 dset_compression
[seqwish::transclosure] 281.102 93.08% 1477404585-1663712782 dset_sort
[seqwish::transclosure] 281.397 93.08% 1477404585-1663712782 dset_invert
[seqwish::transclosure] 281.664 93.08% 1477404585-1663712782 graph_emission
[seqwish::transclosure] 285.023 95.81% 1663712782-1825306572 overlap_collect
[seqwish::transclosure] 286.005 95.81% 1663712782-1825306572 rank_build
[seqwish::transclosure] 288.066 95.81% 1663712782-1825306572 parallel_union_find
[seqwish::transclosure] 288.081 95.81% 1663712782-1825306572 dset_write
[seqwish::transclosure] 288.294 95.81% 1663712782-1825306572 dset_compression
[seqwish::transclosure] 288.478 95.81% 1663712782-1825306572 dset_sort
[seqwish::transclosure] 288.780 95.81% 1663712782-1825306572 dset_invert
[seqwish::transclosure] 289.045 95.81% 1663712782-1825306572 graph_emission
[seqwish::transclosure] 291.558 98.45% 1825306572-1902510751 overlap_collect
[seqwish::transclosure] 292.079 98.45% 1825306572-1902510751 rank_build
[seqwish::transclosure] 293.650 98.45% 1825306572-1902510751 parallel_union_find
[seqwish::transclosure] 293.652 98.45% 1825306572-1902510751 dset_write
[seqwish::transclosure] 293.786 98.45% 1825306572-1902510751 dset_compression
[seqwish::transclosure] 293.890 98.45% 1825306572-1902510751 dset_sort
[seqwish::transclosure] 294.065 98.45% 1825306572-1902510751 dset_invert
[seqwish::transclosure] 294.218 98.45% 1825306572-1902510751 graph_emission
[seqwish::transclosure] 299.672 100.00% building node_iitree and path_iitree indexes
[seqwish::transclosure] 300.745 100.00% done
[seqwish::transclosure] 300.746 done with transitive closures
[seqwish::compact] 300.746 compacting nodes
[seqwish::compact] 302.757 done compacting
[seqwish::compact] 302.870 built node index
[seqwish::links] 302.871 finding graph links
[seqwish::links] 307.000 links derived
[seqwish::gfa] 307.000 writing graph
[seqwish::gfa] 376.392 done
	Command being timed: "/home/guarracino/tools/seqwish/bin/seqwish-ccfefb016fcfc9937817ce61dc06bbcf382be75e -t 48 -s /lizardfs/guarracino/seqwish-paper/athaliana/assemblies/athaliana16.fasta.gz -p /lizardfs/guarracino/seqwish-paper/athaliana/alignment/athaliana16.s50k.l150k.p98.n16.paf -g /scratch/athaliana16.s50k.l150k.p98.n16.k311.B50M.gfa -k 311 -B50M -P"
	User time (seconds): 2982.05
	System time (seconds): 41.25
	Percent of CPU this job got: 802%
	Elapsed (wall clock) time (h:mm:ss or m:ss): 6:16.63
	Average shared text size (kbytes): 0
	Average unshared data size (kbytes): 0
	Average stack size (kbytes): 0
	Average total size (kbytes): 0
	Maximum resident set size (kbytes): 32012940
	Average resident set size (kbytes): 0
	Major (requiring I/O) page faults: 0
	Minor (reclaiming a frame) page faults: 11146071
	Voluntary context switches: 19597321
	Involuntary context switches: 1653943
	Swaps: 0
	File system inputs: 380624
	File system outputs: 9944984
	Socket messages sent: 0
	Socket messages received: 0
	Signals delivered: 0
	Page size (bytes): 4096
	Exit status: 0
