octopus10
[seqwish::seqidx] 0.001 indexing sequences
[seqwish::seqidx] 14.060 index built
[seqwish::alignments] 14.060 processing alignments
[seqwish::alignments] 20.698 indexing
[seqwish::alignments] 27.156 index built
[seqwish::transclosure] 27.157 computing transitive closures
[seqwish::transclosure] 27.355 0.00% 0-50000000 overlap_collect
[seqwish::transclosure] 32.139 0.00% 0-50000000 rank_build
[seqwish::transclosure] 38.593 0.00% 0-50000000 parallel_union_find
[seqwish::transclosure] 41.767 0.00% 0-50000000 dset_write
[seqwish::transclosure] 43.699 0.00% 0-50000000 dset_compression
[seqwish::transclosure] 46.383 0.00% 0-50000000 dset_sort
[seqwish::transclosure] 47.716 0.00% 0-50000000 dset_invert
[seqwish::transclosure] 50.068 0.00% 0-50000000 graph_emission
[seqwish::transclosure] 51.810 29.79% 50000000-100000000 overlap_collect
[seqwish::transclosure] 57.010 29.79% 50000000-100000000 rank_build
[seqwish::transclosure] 63.722 29.79% 50000000-100000000 parallel_union_find
[seqwish::transclosure] 76.669 29.79% 50000000-100000000 dset_write
[seqwish::transclosure] 79.258 29.79% 50000000-100000000 dset_compression
[seqwish::transclosure] 82.063 29.79% 50000000-100000000 dset_sort
[seqwish::transclosure] 83.479 29.79% 50000000-100000000 dset_invert
[seqwish::transclosure] 86.084 29.79% 50000000-100000000 graph_emission
[seqwish::transclosure] 133.864 60.83% 100000000-231775840 overlap_collect
[seqwish::transclosure] 136.410 60.83% 100000000-231775840 rank_build
[seqwish::transclosure] 139.151 60.83% 100000000-231775840 parallel_union_find
[seqwish::transclosure] 143.203 60.83% 100000000-231775840 dset_write
[seqwish::transclosure] 144.237 60.83% 100000000-231775840 dset_compression
[seqwish::transclosure] 145.270 60.83% 100000000-231775840 dset_sort
[seqwish::transclosure] 146.022 60.83% 100000000-231775840 dset_invert
[seqwish::transclosure] 147.042 60.83% 100000000-231775840 graph_emission
[seqwish::transclosure] 208.599 73.08% 231775840-406779461 overlap_collect
[seqwish::transclosure] 212.115 73.08% 231775840-406779461 rank_build
[seqwish::transclosure] 214.407 73.08% 231775840-406779461 parallel_union_find
[seqwish::transclosure] 216.025 73.08% 231775840-406779461 dset_write
[seqwish::transclosure] 217.237 73.08% 231775840-406779461 dset_compression
[seqwish::transclosure] 218.087 73.08% 231775840-406779461 dset_sort
[seqwish::transclosure] 218.817 73.08% 231775840-406779461 dset_invert
[seqwish::transclosure] 219.640 73.08% 231775840-406779461 graph_emission
[seqwish::transclosure] 238.605 82.18% 406788209-605833647 overlap_collect
[seqwish::transclosure] 239.849 82.18% 406788209-605833647 rank_build
[seqwish::transclosure] 241.309 82.18% 406788209-605833647 parallel_union_find
[seqwish::transclosure] 241.650 82.18% 406788209-605833647 dset_write
[seqwish::transclosure] 242.227 82.18% 406788209-605833647 dset_compression
[seqwish::transclosure] 242.571 82.18% 406788209-605833647 dset_sort
[seqwish::transclosure] 243.080 82.18% 406788209-605833647 dset_invert
[seqwish::transclosure] 243.541 82.18% 406788209-605833647 graph_emission
[seqwish::transclosure] 259.962 86.49% 605833647-878005829 overlap_collect
[seqwish::transclosure] 261.167 86.49% 605833647-878005829 rank_build
[seqwish::transclosure] 262.347 86.49% 605833647-878005829 parallel_union_find
[seqwish::transclosure] 262.448 86.49% 605833647-878005829 dset_write
[seqwish::transclosure] 262.869 86.49% 605833647-878005829 dset_compression
[seqwish::transclosure] 263.123 86.49% 605833647-878005829 dset_sort
[seqwish::transclosure] 263.583 86.49% 605833647-878005829 dset_invert
[seqwish::transclosure] 263.981 86.49% 605833647-878005829 graph_emission
[seqwish::transclosure] 271.677 89.56% 878005829-1087180627 overlap_collect
[seqwish::transclosure] 272.681 89.56% 878005829-1087180627 rank_build
[seqwish::transclosure] 273.778 89.56% 878005829-1087180627 parallel_union_find
[seqwish::transclosure] 273.874 89.56% 878005829-1087180627 dset_write
[seqwish::transclosure] 274.270 89.56% 878005829-1087180627 dset_compression
[seqwish::transclosure] 274.508 89.56% 878005829-1087180627 dset_sort
[seqwish::transclosure] 274.977 89.56% 878005829-1087180627 dset_invert
[seqwish::transclosure] 275.344 89.56% 878005829-1087180627 graph_emission
[seqwish::transclosure] 278.913 92.61% 1087180627-1552616577 overlap_collect
[seqwish::transclosure] 280.580 92.61% 1087180627-1552616577 rank_build
[seqwish::transclosure] 281.663 92.61% 1087180627-1552616577 parallel_union_find
[seqwish::transclosure] 281.760 92.61% 1087180627-1552616577 dset_write
[seqwish::transclosure] 282.141 92.61% 1087180627-1552616577 dset_compression
[seqwish::transclosure] 282.360 92.61% 1087180627-1552616577 dset_sort
[seqwish::transclosure] 282.804 92.61% 1087180627-1552616577 dset_invert
[seqwish::transclosure] 283.172 92.61% 1087180627-1552616577 graph_emission
[seqwish::transclosure] 286.218 95.50% 1552616577-1787865442 overlap_collect
[seqwish::transclosure] 287.232 95.50% 1552616577-1787865442 rank_build
[seqwish::transclosure] 288.396 95.50% 1552616577-1787865442 parallel_union_find
[seqwish::transclosure] 288.431 95.50% 1552616577-1787865442 dset_write
[seqwish::transclosure] 288.814 95.50% 1552616577-1787865442 dset_compression
[seqwish::transclosure] 289.011 95.50% 1552616577-1787865442 dset_sort
[seqwish::transclosure] 289.448 95.50% 1552616577-1787865442 dset_invert
[seqwish::transclosure] 289.782 95.50% 1552616577-1787865442 graph_emission
[seqwish::transclosure] 291.890 98.14% 1787865442-1902510751 overlap_collect
[seqwish::transclosure] 292.458 98.14% 1787865442-1902510751 rank_build
[seqwish::transclosure] 293.393 98.14% 1787865442-1902510751 parallel_union_find
[seqwish::transclosure] 293.400 98.14% 1787865442-1902510751 dset_write
[seqwish::transclosure] 293.662 98.14% 1787865442-1902510751 dset_compression
[seqwish::transclosure] 293.786 98.14% 1787865442-1902510751 dset_sort
[seqwish::transclosure] 294.120 98.14% 1787865442-1902510751 dset_invert
[seqwish::transclosure] 294.359 98.14% 1787865442-1902510751 graph_emission
[seqwish::transclosure] 299.434 100.00% building node_iitree and path_iitree indexes
[seqwish::transclosure] 301.693 100.00% done
[seqwish::transclosure] 301.702 done with transitive closures
[seqwish::compact] 301.703 compacting nodes
[seqwish::compact] 305.394 done compacting
[seqwish::compact] 305.507 built node index
[seqwish::links] 305.508 finding graph links
[seqwish::links] 314.296 links derived
[seqwish::gfa] 314.297 writing graph
[seqwish::gfa] 378.091 done
	Command being timed: "/home/guarracino/tools/seqwish/bin/seqwish-ccfefb016fcfc9937817ce61dc06bbcf382be75e -t 48 -s /lizardfs/guarracino/seqwish-paper/athaliana/assemblies/athaliana16.fasta.gz -p /lizardfs/guarracino/seqwish-paper/athaliana/alignment/athaliana16.s50k.l150k.p98.n16.paf -g /scratch/athaliana16.s50k.l150k.p98.n16.k79.B50M.gfa -k 79 -B50M -P"
	User time (seconds): 3326.41
	System time (seconds): 52.24
	Percent of CPU this job got: 892%
	Elapsed (wall clock) time (h:mm:ss or m:ss): 6:18.47
	Average shared text size (kbytes): 0
	Average unshared data size (kbytes): 0
	Average stack size (kbytes): 0
	Average total size (kbytes): 0
	Maximum resident set size (kbytes): 37121144
	Average resident set size (kbytes): 0
	Major (requiring I/O) page faults: 0
	Minor (reclaiming a frame) page faults: 29327085
	Voluntary context switches: 18286985
	Involuntary context switches: 1993739
	Swaps: 0
	File system inputs: 0
	File system outputs: 13872376
	Socket messages sent: 0
	Socket messages received: 0
	Signals delivered: 0
	Page size (bytes): 4096
	Exit status: 0
