octopus10
[seqwish::seqidx] 0.001 indexing sequences
[seqwish::seqidx] 13.864 index built
[seqwish::alignments] 13.865 processing alignments
[seqwish::alignments] 55.210 indexing
[seqwish::alignments] 80.238 index built
[seqwish::transclosure] 80.240 computing transitive closures
[seqwish::transclosure] 80.434 0.00% 0-50000000 overlap_collect
[seqwish::transclosure] 104.554 0.00% 0-50000000 rank_build
[seqwish::transclosure] 109.905 0.00% 0-50000000 parallel_union_find
[seqwish::transclosure] 115.065 0.00% 0-50000000 dset_write
[seqwish::transclosure] 119.143 0.00% 0-50000000 dset_compression
[seqwish::transclosure] 122.595 0.00% 0-50000000 dset_sort
[seqwish::transclosure] 124.471 0.00% 0-50000000 dset_invert
[seqwish::transclosure] 127.440 0.00% 0-50000000 graph_emission
[seqwish::transclosure] 129.063 38.28% 50000000-100207329 overlap_collect
[seqwish::transclosure] 152.714 38.28% 50000000-100207329 rank_build
[seqwish::transclosure] 159.033 38.28% 50000000-100207329 parallel_union_find
[seqwish::transclosure] 176.759 38.28% 50000000-100207329 dset_write
[seqwish::transclosure] 180.649 38.28% 50000000-100207329 dset_compression
[seqwish::transclosure] 184.140 38.28% 50000000-100207329 dset_sort
[seqwish::transclosure] 185.921 38.28% 50000000-100207329 dset_invert
[seqwish::transclosure] 188.512 38.28% 50000000-100207329 graph_emission
[seqwish::transclosure] 251.170 76.96% 100207329-316446077 overlap_collect
[seqwish::transclosure] 274.671 76.96% 100207329-316446077 rank_build
[seqwish::transclosure] 278.724 76.96% 100207329-316446077 parallel_union_find
[seqwish::transclosure] 287.575 76.96% 100207329-316446077 dset_write
[seqwish::transclosure] 289.813 76.96% 100207329-316446077 dset_compression
[seqwish::transclosure] 291.326 76.96% 100207329-316446077 dset_sort
[seqwish::transclosure] 292.197 76.96% 100207329-316446077 dset_invert
[seqwish::transclosure] 293.591 76.96% 100207329-316446077 graph_emission
[seqwish::transclosure] 359.686 94.27% 316446144-1053262940 overlap_collect
[seqwish::transclosure] 366.348 94.27% 316446144-1053262940 rank_build
[seqwish::transclosure] 367.606 94.27% 316446144-1053262940 parallel_union_find
[seqwish::transclosure] 368.147 94.27% 316446144-1053262940 dset_write
[seqwish::transclosure] 368.655 94.27% 316446144-1053262940 dset_compression
[seqwish::transclosure] 368.992 94.27% 316446144-1053262940 dset_sort
[seqwish::transclosure] 369.325 94.27% 316446144-1053262940 dset_invert
[seqwish::transclosure] 369.715 94.27% 316446144-1053262940 graph_emission
[seqwish::transclosure] 404.965 98.20% 1053263076-1902510751 overlap_collect
[seqwish::transclosure] 407.880 98.20% 1053263076-1902510751 rank_build
[seqwish::transclosure] 408.758 98.20% 1053263076-1902510751 parallel_union_find
[seqwish::transclosure] 408.785 98.20% 1053263076-1902510751 dset_write
[seqwish::transclosure] 409.028 98.20% 1053263076-1902510751 dset_compression
[seqwish::transclosure] 409.163 98.20% 1053263076-1902510751 dset_sort
[seqwish::transclosure] 409.462 98.20% 1053263076-1902510751 dset_invert
[seqwish::transclosure] 409.696 98.20% 1053263076-1902510751 graph_emission
[seqwish::transclosure] 417.297 100.00% building node_iitree and path_iitree indexes
[seqwish::transclosure] 433.321 100.00% done
[seqwish::transclosure] 433.330 done with transitive closures
[seqwish::compact] 433.330 compacting nodes
[seqwish::compact] 459.126 done compacting
[seqwish::compact] 459.298 built node index
[seqwish::links] 459.298 finding graph links
[seqwish::links] 509.692 links derived
[seqwish::gfa] 509.693 writing graph
[seqwish::gfa] 617.342 done
	Command being timed: "/home/guarracino/tools/seqwish/bin/seqwish-ccfefb016fcfc9937817ce61dc06bbcf382be75e -t 48 -s /lizardfs/guarracino/seqwish-paper/athaliana/assemblies/athaliana16.fasta.gz -p /lizardfs/guarracino/seqwish-paper/athaliana/alignment/athaliana16.s20k.l60k.p90.n16.paf -g /scratch/athaliana16.s20k.l60k.p90.n16.k0.B50M.gfa -k 0 -B50M -P"
	User time (seconds): 9982.05
	System time (seconds): 137.51
	Percent of CPU this job got: 1636%
	Elapsed (wall clock) time (h:mm:ss or m:ss): 10:18.40
	Average shared text size (kbytes): 0
	Average unshared data size (kbytes): 0
	Average stack size (kbytes): 0
	Average total size (kbytes): 0
	Maximum resident set size (kbytes): 51748836
	Average resident set size (kbytes): 0
	Major (requiring I/O) page faults: 0
	Minor (reclaiming a frame) page faults: 39427407
	Voluntary context switches: 22987417
	Involuntary context switches: 5566440
	Swaps: 0
	File system inputs: 0
	File system outputs: 66982200
	Socket messages sent: 0
	Socket messages received: 0
	Signals delivered: 0
	Page size (bytes): 4096
	Exit status: 0
