octopus10
[seqwish::seqidx] 0.003 indexing sequences
[seqwish::seqidx] 14.511 index built
[seqwish::alignments] 14.512 processing alignments
[seqwish::alignments] 19.086 indexing
[seqwish::alignments] 21.593 index built
[seqwish::transclosure] 21.595 computing transitive closures
[seqwish::transclosure] 21.787 0.00% 0-50000000 overlap_collect
[seqwish::transclosure] 26.561 0.00% 0-50000000 rank_build
[seqwish::transclosure] 30.985 0.00% 0-50000000 parallel_union_find
[seqwish::transclosure] 34.163 0.00% 0-50000000 dset_write
[seqwish::transclosure] 35.908 0.00% 0-50000000 dset_compression
[seqwish::transclosure] 38.477 0.00% 0-50000000 dset_sort
[seqwish::transclosure] 39.829 0.00% 0-50000000 dset_invert
[seqwish::transclosure] 42.108 0.00% 0-50000000 graph_emission
[seqwish::transclosure] 43.356 28.09% 50000000-100006574 overlap_collect
[seqwish::transclosure] 47.090 28.09% 50000000-100006574 rank_build
[seqwish::transclosure] 53.359 28.09% 50000000-100006574 parallel_union_find
[seqwish::transclosure] 65.200 28.09% 50000000-100006574 dset_write
[seqwish::transclosure] 68.990 28.09% 50000000-100006574 dset_compression
[seqwish::transclosure] 71.831 28.09% 50000000-100006574 dset_sort
[seqwish::transclosure] 73.502 28.09% 50000000-100006574 dset_invert
[seqwish::transclosure] 76.310 28.09% 50000000-100006574 graph_emission
[seqwish::transclosure] 120.786 57.57% 100006574-243545845 overlap_collect
[seqwish::transclosure] 122.917 57.57% 100006574-243545845 rank_build
[seqwish::transclosure] 125.218 57.57% 100006574-243545845 parallel_union_find
[seqwish::transclosure] 129.913 57.57% 100006574-243545845 dset_write
[seqwish::transclosure] 130.973 57.57% 100006574-243545845 dset_compression
[seqwish::transclosure] 132.146 57.57% 100006574-243545845 dset_sort
[seqwish::transclosure] 132.908 57.57% 100006574-243545845 dset_invert
[seqwish::transclosure] 134.059 57.57% 100006574-243545845 graph_emission
[seqwish::transclosure] 195.314 71.30% 243545845-398568576 overlap_collect
[seqwish::transclosure] 197.512 71.30% 243545845-398568576 rank_build
[seqwish::transclosure] 199.907 71.30% 243545845-398568576 parallel_union_find
[seqwish::transclosure] 202.083 71.30% 243545845-398568576 dset_write
[seqwish::transclosure] 202.960 71.30% 243545845-398568576 dset_compression
[seqwish::transclosure] 203.881 71.30% 243545845-398568576 dset_sort
[seqwish::transclosure] 204.443 71.30% 243545845-398568576 dset_invert
[seqwish::transclosure] 205.381 71.30% 243545845-398568576 graph_emission
[seqwish::transclosure] 229.082 82.07% 398586601-607022537 overlap_collect
[seqwish::transclosure] 230.274 82.07% 398586601-607022537 rank_build
[seqwish::transclosure] 231.767 82.07% 398586601-607022537 parallel_union_find
[seqwish::transclosure] 232.221 82.07% 398586601-607022537 dset_write
[seqwish::transclosure] 232.934 82.07% 398586601-607022537 dset_compression
[seqwish::transclosure] 233.361 82.07% 398586601-607022537 dset_sort
[seqwish::transclosure] 233.862 82.07% 398586601-607022537 dset_invert
[seqwish::transclosure] 234.409 82.07% 398586601-607022537 graph_emission
[seqwish::transclosure] 253.689 87.25% 607022537-888462480 overlap_collect
[seqwish::transclosure] 254.878 87.25% 607022537-888462480 rank_build
[seqwish::transclosure] 256.080 87.25% 607022537-888462480 parallel_union_find
[seqwish::transclosure] 256.258 87.25% 607022537-888462480 dset_write
[seqwish::transclosure] 256.707 87.25% 607022537-888462480 dset_compression
[seqwish::transclosure] 256.996 87.25% 607022537-888462480 dset_sort
[seqwish::transclosure] 257.348 87.25% 607022537-888462480 dset_invert
[seqwish::transclosure] 257.714 87.25% 607022537-888462480 graph_emission
[seqwish::transclosure] 266.298 90.85% 888462480-1122208183 overlap_collect
[seqwish::transclosure] 267.351 90.85% 888462480-1122208183 rank_build
[seqwish::transclosure] 268.479 90.85% 888462480-1122208183 parallel_union_find
[seqwish::transclosure] 268.678 90.85% 888462480-1122208183 dset_write
[seqwish::transclosure] 269.102 90.85% 888462480-1122208183 dset_compression
[seqwish::transclosure] 269.376 90.85% 888462480-1122208183 dset_sort
[seqwish::transclosure] 269.816 90.85% 888462480-1122208183 dset_invert
[seqwish::transclosure] 270.211 90.85% 888462480-1122208183 graph_emission
[seqwish::transclosure] 274.900 94.16% 1122208183-1621969366 overlap_collect
[seqwish::transclosure] 276.636 94.16% 1122208183-1621969366 rank_build
[seqwish::transclosure] 277.647 94.16% 1122208183-1621969366 parallel_union_find
[seqwish::transclosure] 277.763 94.16% 1122208183-1621969366 dset_write
[seqwish::transclosure] 278.143 94.16% 1122208183-1621969366 dset_compression
[seqwish::transclosure] 278.367 94.16% 1122208183-1621969366 dset_sort
[seqwish::transclosure] 278.797 94.16% 1122208183-1621969366 dset_invert
[seqwish::transclosure] 279.159 94.16% 1122208183-1621969366 graph_emission
[seqwish::transclosure] 282.805 97.07% 1621969366-1882267492 overlap_collect
[seqwish::transclosure] 283.830 97.07% 1621969366-1882267492 rank_build
[seqwish::transclosure] 284.978 97.07% 1621969366-1882267492 parallel_union_find
[seqwish::transclosure] 285.024 97.07% 1621969366-1882267492 dset_write
[seqwish::transclosure] 285.352 97.07% 1621969366-1882267492 dset_compression
[seqwish::transclosure] 285.552 97.07% 1621969366-1882267492 dset_sort
[seqwish::transclosure] 285.953 97.07% 1621969366-1882267492 dset_invert
[seqwish::transclosure] 286.277 97.07% 1621969366-1882267492 graph_emission
[seqwish::transclosure] 288.358 99.71% 1882267492-1902510751 overlap_collect
[seqwish::transclosure] 288.499 99.71% 1882267492-1902510751 rank_build
[seqwish::transclosure] 289.050 99.71% 1882267492-1902510751 parallel_union_find
[seqwish::transclosure] 289.054 99.71% 1882267492-1902510751 dset_write
[seqwish::transclosure] 289.096 99.71% 1882267492-1902510751 dset_compression
[seqwish::transclosure] 289.123 99.71% 1882267492-1902510751 dset_sort
[seqwish::transclosure] 289.175 99.71% 1882267492-1902510751 dset_invert
[seqwish::transclosure] 289.210 99.71% 1882267492-1902510751 graph_emission
[seqwish::transclosure] 293.132 100.00% building node_iitree and path_iitree indexes
[seqwish::transclosure] 294.461 100.00% done
[seqwish::transclosure] 294.473 done with transitive closures
[seqwish::compact] 294.473 compacting nodes
[seqwish::compact] 296.846 done compacting
[seqwish::compact] 296.945 built node index
[seqwish::links] 296.945 finding graph links
[seqwish::links] 302.171 links derived
[seqwish::gfa] 302.171 writing graph
[seqwish::gfa] 357.683 done
	Command being timed: "/home/guarracino/tools/seqwish/bin/seqwish-ccfefb016fcfc9937817ce61dc06bbcf382be75e -t 48 -s /lizardfs/guarracino/seqwish-paper/athaliana/assemblies/athaliana16.fasta.gz -p /lizardfs/guarracino/seqwish-paper/athaliana/alignment/athaliana16.s50k.l150k.p90.n16.paf -g /scratch/athaliana16.s50k.l150k.p90.n16.k311.B50M.gfa -k 311 -B50M -P"
	User time (seconds): 2946.51
	System time (seconds): 45.29
	Percent of CPU this job got: 835%
	Elapsed (wall clock) time (h:mm:ss or m:ss): 5:57.96
	Average shared text size (kbytes): 0
	Average unshared data size (kbytes): 0
	Average stack size (kbytes): 0
	Average total size (kbytes): 0
	Maximum resident set size (kbytes): 35038356
	Average resident set size (kbytes): 0
	Major (requiring I/O) page faults: 0
	Minor (reclaiming a frame) page faults: 29820175
	Voluntary context switches: 16591316
	Involuntary context switches: 1824486
	Swaps: 0
	File system inputs: 873384
	File system outputs: 10124376
	Socket messages sent: 0
	Socket messages received: 0
	Signals delivered: 0
	Page size (bytes): 4096
	Exit status: 0
