octopus10
[seqwish::seqidx] 0.001 indexing sequences
[seqwish::seqidx] 13.962 index built
[seqwish::alignments] 13.963 processing alignments
[seqwish::alignments] 26.662 indexing
[seqwish::alignments] 34.463 index built
[seqwish::transclosure] 34.465 computing transitive closures
[seqwish::transclosure] 34.586 0.00% 0-50000000 overlap_collect
[seqwish::transclosure] 40.129 0.00% 0-50000000 rank_build
[seqwish::transclosure] 45.975 0.00% 0-50000000 parallel_union_find
[seqwish::transclosure] 49.362 0.00% 0-50000000 dset_write
[seqwish::transclosure] 51.192 0.00% 0-50000000 dset_compression
[seqwish::transclosure] 54.129 0.00% 0-50000000 dset_sort
[seqwish::transclosure] 55.626 0.00% 0-50000000 dset_invert
[seqwish::transclosure] 58.199 0.00% 0-50000000 graph_emission
[seqwish::transclosure] 59.796 32.28% 50000000-100000000 overlap_collect
[seqwish::transclosure] 66.178 32.28% 50000000-100000000 rank_build
[seqwish::transclosure] 72.071 32.28% 50000000-100000000 parallel_union_find
[seqwish::transclosure] 75.976 32.28% 50000000-100000000 dset_write
[seqwish::transclosure] 79.926 32.28% 50000000-100000000 dset_compression
[seqwish::transclosure] 83.032 32.28% 50000000-100000000 dset_sort
[seqwish::transclosure] 84.701 32.28% 50000000-100000000 dset_invert
[seqwish::transclosure] 87.463 32.28% 50000000-100000000 graph_emission
[seqwish::transclosure] 138.562 66.02% 100000000-273287948 overlap_collect
[seqwish::transclosure] 144.450 66.02% 100000000-273287948 rank_build
[seqwish::transclosure] 147.771 66.02% 100000000-273287948 parallel_union_find
[seqwish::transclosure] 149.218 66.02% 100000000-273287948 dset_write
[seqwish::transclosure] 150.653 66.02% 100000000-273287948 dset_compression
[seqwish::transclosure] 152.122 66.02% 100000000-273287948 dset_sort
[seqwish::transclosure] 152.808 66.02% 100000000-273287948 dset_invert
[seqwish::transclosure] 154.002 66.02% 100000000-273287948 graph_emission
[seqwish::transclosure] 223.798 80.94% 273287948-513477425 overlap_collect
[seqwish::transclosure] 227.593 80.94% 273287948-513477425 rank_build
[seqwish::transclosure] 229.315 80.94% 273287948-513477425 parallel_union_find
[seqwish::transclosure] 229.611 80.94% 273287948-513477425 dset_write
[seqwish::transclosure] 230.405 80.94% 273287948-513477425 dset_compression
[seqwish::transclosure] 230.970 80.94% 273287948-513477425 dset_sort
[seqwish::transclosure] 231.473 80.94% 273287948-513477425 dset_invert
[seqwish::transclosure] 232.097 80.94% 273287948-513477425 graph_emission
[seqwish::transclosure] 259.356 87.74% 513477425-691078894 overlap_collect
[seqwish::transclosure] 260.577 87.74% 513477425-691078894 rank_build
[seqwish::transclosure] 261.590 87.74% 513477425-691078894 parallel_union_find
[seqwish::transclosure] 261.644 87.74% 513477425-691078894 dset_write
[seqwish::transclosure] 261.998 87.74% 513477425-691078894 dset_compression
[seqwish::transclosure] 262.278 87.74% 513477425-691078894 dset_sort
[seqwish::transclosure] 262.762 87.74% 513477425-691078894 dset_invert
[seqwish::transclosure] 263.131 87.74% 513477425-691078894 graph_emission
[seqwish::transclosure] 275.464 91.26% 691078894-1070692672 overlap_collect
[seqwish::transclosure] 277.086 91.26% 691078894-1070692672 rank_build
[seqwish::transclosure] 278.066 91.26% 691078894-1070692672 parallel_union_find
[seqwish::transclosure] 278.105 91.26% 691078894-1070692672 dset_write
[seqwish::transclosure] 278.425 91.26% 691078894-1070692672 dset_compression
[seqwish::transclosure] 278.677 91.26% 691078894-1070692672 dset_sort
[seqwish::transclosure] 279.340 91.26% 691078894-1070692672 dset_invert
[seqwish::transclosure] 280.165 91.26% 691078894-1070692672 graph_emission
[seqwish::transclosure] 284.450 94.42% 1070692672-1613950377 overlap_collect
[seqwish::transclosure] 286.386 94.42% 1070692672-1613950377 rank_build
[seqwish::transclosure] 287.362 94.42% 1070692672-1613950377 parallel_union_find
[seqwish::transclosure] 287.382 94.42% 1070692672-1613950377 dset_write
[seqwish::transclosure] 287.695 94.42% 1070692672-1613950377 dset_compression
[seqwish::transclosure] 287.936 94.42% 1070692672-1613950377 dset_sort
[seqwish::transclosure] 288.359 94.42% 1070692672-1613950377 dset_invert
[seqwish::transclosure] 288.644 94.42% 1070692672-1613950377 graph_emission
[seqwish::transclosure] 291.504 97.19% 1613950377-1886366144 overlap_collect
[seqwish::transclosure] 292.640 97.19% 1613950377-1886366144 rank_build
[seqwish::transclosure] 293.800 97.19% 1613950377-1886366144 parallel_union_find
[seqwish::transclosure] 293.815 97.19% 1613950377-1886366144 dset_write
[seqwish::transclosure] 294.085 97.19% 1613950377-1886366144 dset_compression
[seqwish::transclosure] 294.292 97.19% 1613950377-1886366144 dset_sort
[seqwish::transclosure] 294.726 97.19% 1613950377-1886366144 dset_invert
[seqwish::transclosure] 295.051 97.19% 1613950377-1886366144 graph_emission
[seqwish::transclosure] 296.628 99.82% 1886366144-1902510751 overlap_collect
[seqwish::transclosure] 296.744 99.82% 1886366144-1902510751 rank_build
[seqwish::transclosure] 297.292 99.82% 1886366144-1902510751 parallel_union_find
[seqwish::transclosure] 297.298 99.82% 1886366144-1902510751 dset_write
[seqwish::transclosure] 297.324 99.82% 1886366144-1902510751 dset_compression
[seqwish::transclosure] 297.348 99.82% 1886366144-1902510751 dset_sort
[seqwish::transclosure] 297.379 99.82% 1886366144-1902510751 dset_invert
[seqwish::transclosure] 297.414 99.82% 1886366144-1902510751 graph_emission
[seqwish::transclosure] 301.235 100.00% building node_iitree and path_iitree indexes
[seqwish::transclosure] 305.857 100.00% done
[seqwish::transclosure] 305.858 done with transitive closures
[seqwish::compact] 305.858 compacting nodes
[seqwish::compact] 313.100 done compacting
[seqwish::compact] 313.246 built node index
[seqwish::links] 313.246 finding graph links
[seqwish::links] 332.826 links derived
[seqwish::gfa] 332.826 writing graph
[seqwish::gfa] 407.769 done
	Command being timed: "/home/guarracino/tools/seqwish/bin/seqwish-ccfefb016fcfc9937817ce61dc06bbcf382be75e -t 48 -s /lizardfs/guarracino/seqwish-paper/athaliana/assemblies/athaliana16.fasta.gz -p /lizardfs/guarracino/seqwish-paper/athaliana/alignment/athaliana16.s20k.l60k.p98.n16.paf -g /scratch/athaliana16.s20k.l60k.p98.n16.k11.B50M.gfa -k 11 -B50M -P"
	User time (seconds): 3627.56
	System time (seconds): 140.55
	Percent of CPU this job got: 922%
	Elapsed (wall clock) time (h:mm:ss or m:ss): 6:48.32
	Average shared text size (kbytes): 0
	Average unshared data size (kbytes): 0
	Average stack size (kbytes): 0
	Average total size (kbytes): 0
	Maximum resident set size (kbytes): 41166404
	Average resident set size (kbytes): 0
	Major (requiring I/O) page faults: 0
	Minor (reclaiming a frame) page faults: 29587388
	Voluntary context switches: 19392169
	Involuntary context switches: 1732411
	Swaps: 0
	File system inputs: 0
	File system outputs: 20395400
	Socket messages sent: 0
	Socket messages received: 0
	Signals delivered: 0
	Page size (bytes): 4096
	Exit status: 0
