octopus10
[seqwish::seqidx] 0.001 indexing sequences
[seqwish::seqidx] 14.472 index built
[seqwish::alignments] 14.472 processing alignments
[seqwish::alignments] 22.649 indexing
[seqwish::alignments] 29.946 index built
[seqwish::transclosure] 29.948 computing transitive closures
[seqwish::transclosure] 30.132 0.00% 0-50000000 overlap_collect
[seqwish::transclosure] 36.359 0.00% 0-50000000 rank_build
[seqwish::transclosure] 43.249 0.00% 0-50000000 parallel_union_find
[seqwish::transclosure] 47.386 0.00% 0-50000000 dset_write
[seqwish::transclosure] 50.822 0.00% 0-50000000 dset_compression
[seqwish::transclosure] 53.944 0.00% 0-50000000 dset_sort
[seqwish::transclosure] 55.458 0.00% 0-50000000 dset_invert
[seqwish::transclosure] 58.131 0.00% 0-50000000 graph_emission
[seqwish::transclosure] 60.045 32.91% 50000000-100006166 overlap_collect
[seqwish::transclosure] 65.207 32.91% 50000000-100006166 rank_build
[seqwish::transclosure] 71.332 32.91% 50000000-100006166 parallel_union_find
[seqwish::transclosure] 75.658 32.91% 50000000-100006166 dset_write
[seqwish::transclosure] 77.870 32.91% 50000000-100006166 dset_compression
[seqwish::transclosure] 80.928 32.91% 50000000-100006166 dset_sort
[seqwish::transclosure] 82.413 32.91% 50000000-100006166 dset_invert
[seqwish::transclosure] 85.145 32.91% 50000000-100006166 graph_emission
[seqwish::transclosure] 142.139 66.82% 100006166-247901725 overlap_collect
[seqwish::transclosure] 145.962 66.82% 100006166-247901725 rank_build
[seqwish::transclosure] 149.050 66.82% 100006166-247901725 parallel_union_find
[seqwish::transclosure] 150.617 66.82% 100006166-247901725 dset_write
[seqwish::transclosure] 152.269 66.82% 100006166-247901725 dset_compression
[seqwish::transclosure] 153.686 66.82% 100006166-247901725 dset_sort
[seqwish::transclosure] 155.112 66.82% 100006166-247901725 dset_invert
[seqwish::transclosure] 156.574 66.82% 100006166-247901725 graph_emission
[seqwish::transclosure] 223.111 82.29% 247901725-495857717 overlap_collect
[seqwish::transclosure] 227.111 82.29% 247901725-495857717 rank_build
[seqwish::transclosure] 229.126 82.29% 247901725-495857717 parallel_union_find
[seqwish::transclosure] 229.644 82.29% 247901725-495857717 dset_write
[seqwish::transclosure] 230.498 82.29% 247901725-495857717 dset_compression
[seqwish::transclosure] 231.207 82.29% 247901725-495857717 dset_sort
[seqwish::transclosure] 231.663 82.29% 247901725-495857717 dset_invert
[seqwish::transclosure] 232.321 82.29% 247901725-495857717 graph_emission
[seqwish::transclosure] 260.583 90.58% 495858481-888521057 overlap_collect
[seqwish::transclosure] 262.542 90.58% 495858481-888521057 rank_build
[seqwish::transclosure] 263.755 90.58% 495858481-888521057 parallel_union_find
[seqwish::transclosure] 263.889 90.58% 495858481-888521057 dset_write
[seqwish::transclosure] 264.342 90.58% 495858481-888521057 dset_compression
[seqwish::transclosure] 264.691 90.58% 495858481-888521057 dset_sort
[seqwish::transclosure] 265.141 90.58% 495858481-888521057 dset_invert
[seqwish::transclosure] 265.621 90.58% 495858481-888521057 graph_emission
[seqwish::transclosure] 281.266 94.92% 888521057-1583134127 overlap_collect
[seqwish::transclosure] 283.721 94.92% 888521057-1583134127 rank_build
[seqwish::transclosure] 284.741 94.92% 888521057-1583134127 parallel_union_find
[seqwish::transclosure] 284.780 94.92% 888521057-1583134127 dset_write
[seqwish::transclosure] 285.086 94.92% 888521057-1583134127 dset_compression
[seqwish::transclosure] 285.321 94.92% 888521057-1583134127 dset_sort
[seqwish::transclosure] 285.735 94.92% 888521057-1583134127 dset_invert
[seqwish::transclosure] 286.111 94.92% 888521057-1583134127 graph_emission
[seqwish::transclosure] 291.375 97.93% 1583134127-1902510751 overlap_collect
[seqwish::transclosure] 292.599 97.93% 1583134127-1902510751 rank_build
[seqwish::transclosure] 293.577 97.93% 1583134127-1902510751 parallel_union_find
[seqwish::transclosure] 293.592 97.93% 1583134127-1902510751 dset_write
[seqwish::transclosure] 293.802 97.93% 1583134127-1902510751 dset_compression
[seqwish::transclosure] 293.958 97.93% 1583134127-1902510751 dset_sort
[seqwish::transclosure] 294.265 97.93% 1583134127-1902510751 dset_invert
[seqwish::transclosure] 294.524 97.93% 1583134127-1902510751 graph_emission
[seqwish::transclosure] 300.533 100.00% building node_iitree and path_iitree indexes
[seqwish::transclosure] 303.076 100.00% done
[seqwish::transclosure] 303.085 done with transitive closures
[seqwish::compact] 303.085 compacting nodes
[seqwish::compact] 307.265 done compacting
[seqwish::compact] 307.369 built node index
[seqwish::links] 307.370 finding graph links
[seqwish::links] 317.540 links derived
[seqwish::gfa] 317.541 writing graph
[seqwish::gfa] 385.154 done
	Command being timed: "/home/guarracino/tools/seqwish/bin/seqwish-ccfefb016fcfc9937817ce61dc06bbcf382be75e -t 48 -s /lizardfs/guarracino/seqwish-paper/athaliana/assemblies/athaliana16.fasta.gz -p /lizardfs/guarracino/seqwish-paper/athaliana/alignment/athaliana16.s100k.l300k.p90.n16.paf -g /scratch/athaliana16.s100k.l300k.p90.n16.k127.B50M.gfa -k 127 -B50M -P"
	User time (seconds): 3053.31
	System time (seconds): 60.43
	Percent of CPU this job got: 807%
	Elapsed (wall clock) time (h:mm:ss or m:ss): 6:25.48
	Average shared text size (kbytes): 0
	Average unshared data size (kbytes): 0
	Average stack size (kbytes): 0
	Average total size (kbytes): 0
	Maximum resident set size (kbytes): 40610588
	Average resident set size (kbytes): 0
	Major (requiring I/O) page faults: 0
	Minor (reclaiming a frame) page faults: 35607972
	Voluntary context switches: 17141006
	Involuntary context switches: 1489229
	Swaps: 0
	File system inputs: 0
	File system outputs: 15660088
	Socket messages sent: 0
	Socket messages received: 0
	Signals delivered: 0
	Page size (bytes): 4096
	Exit status: 0
