octopus03
[seqwish::seqidx] 0.001 indexing sequences
[seqwish::seqidx] 15.095 index built
[seqwish::alignments] 15.096 processing alignments
[seqwish::alignments] 35.883 indexing
[seqwish::alignments] 49.127 index built
[seqwish::transclosure] 49.130 computing transitive closures
[seqwish::transclosure] 49.253 0.00% 0-50000000 overlap_collect
[seqwish::transclosure] 57.726 0.00% 0-50000000 rank_build
[seqwish::transclosure] 62.712 0.00% 0-50000000 parallel_union_find
[seqwish::transclosure] 67.654 0.00% 0-50000000 dset_write
[seqwish::transclosure] 71.524 0.00% 0-50000000 dset_compression
[seqwish::transclosure] 74.935 0.00% 0-50000000 dset_sort
[seqwish::transclosure] 76.717 0.00% 0-50000000 dset_invert
[seqwish::transclosure] 79.942 0.00% 0-50000000 graph_emission
[seqwish::transclosure] 81.496 36.56% 50000000-100009118 overlap_collect
[seqwish::transclosure] 92.400 36.56% 50000000-100009118 rank_build
[seqwish::transclosure] 101.276 36.56% 50000000-100009118 parallel_union_find
[seqwish::transclosure] 121.366 36.56% 50000000-100009118 dset_write
[seqwish::transclosure] 124.805 36.56% 50000000-100009118 dset_compression
[seqwish::transclosure] 128.127 36.56% 50000000-100009118 dset_sort
[seqwish::transclosure] 130.287 36.56% 50000000-100009118 dset_invert
[seqwish::transclosure] 133.135 36.56% 50000000-100009118 graph_emission
[seqwish::transclosure] 199.458 73.91% 100009118-279872496 overlap_collect
[seqwish::transclosure] 209.762 73.91% 100009118-279872496 rank_build
[seqwish::transclosure] 214.088 73.91% 100009118-279872496 parallel_union_find
[seqwish::transclosure] 221.547 73.91% 100009118-279872496 dset_write
[seqwish::transclosure] 223.368 73.91% 100009118-279872496 dset_compression
[seqwish::transclosure] 224.868 73.91% 100009118-279872496 dset_sort
[seqwish::transclosure] 225.800 73.91% 100009118-279872496 dset_invert
[seqwish::transclosure] 227.187 73.91% 100009118-279872496 graph_emission
[seqwish::transclosure] 304.334 91.05% 279872496-769402521 overlap_collect
[seqwish::transclosure] 311.567 91.05% 279872496-769402521 rank_build
[seqwish::transclosure] 313.257 91.05% 279872496-769402521 parallel_union_find
[seqwish::transclosure] 314.434 91.05% 279872496-769402521 dset_write
[seqwish::transclosure] 314.874 91.05% 279872496-769402521 dset_compression
[seqwish::transclosure] 315.337 91.05% 279872496-769402521 dset_sort
[seqwish::transclosure] 315.668 91.05% 279872496-769402521 dset_invert
[seqwish::transclosure] 316.140 91.05% 279872496-769402521 graph_emission
[seqwish::transclosure] 351.867 96.70% 769613191-1807963684 overlap_collect
[seqwish::transclosure] 355.792 96.70% 769613191-1807963684 rank_build
[seqwish::transclosure] 357.073 96.70% 769613191-1807963684 parallel_union_find
[seqwish::transclosure] 357.184 96.70% 769613191-1807963684 dset_write
[seqwish::transclosure] 357.420 96.70% 769613191-1807963684 dset_compression
[seqwish::transclosure] 357.637 96.70% 769613191-1807963684 dset_sort
[seqwish::transclosure] 357.899 96.70% 769613191-1807963684 dset_invert
[seqwish::transclosure] 358.230 96.70% 769613191-1807963684 graph_emission
[seqwish::transclosure] 367.596 99.42% 1807963684-1902510751 overlap_collect
[seqwish::transclosure] 368.025 99.42% 1807963684-1902510751 rank_build
[seqwish::transclosure] 369.348 99.42% 1807963684-1902510751 parallel_union_find
[seqwish::transclosure] 369.353 99.42% 1807963684-1902510751 dset_write
[seqwish::transclosure] 369.433 99.42% 1807963684-1902510751 dset_compression
[seqwish::transclosure] 369.484 99.42% 1807963684-1902510751 dset_sort
[seqwish::transclosure] 369.582 99.42% 1807963684-1902510751 dset_invert
[seqwish::transclosure] 369.665 99.42% 1807963684-1902510751 graph_emission
[seqwish::transclosure] 374.298 100.00% building node_iitree and path_iitree indexes
[seqwish::transclosure] 379.663 100.00% done
[seqwish::transclosure] 379.665 done with transitive closures
[seqwish::compact] 379.665 compacting nodes
[seqwish::compact] 388.371 done compacting
[seqwish::compact] 388.489 built node index
[seqwish::links] 388.489 finding graph links
[seqwish::links] 408.422 links derived
[seqwish::gfa] 408.422 writing graph
[seqwish::gfa] 486.917 done
	Command being timed: "/home/guarracino/tools/seqwish/bin/seqwish-ccfefb016fcfc9937817ce61dc06bbcf382be75e -t 48 -s /lizardfs/guarracino/seqwish-paper/athaliana/assemblies/athaliana16.fasta.gz -p /lizardfs/guarracino/seqwish-paper/athaliana/alignment/athaliana16.s100k.l300k.p90.n16.paf -g /scratch/athaliana16.s100k.l300k.p90.n16.k29.B50M.gfa -k 29 -B50M -P"
	User time (seconds): 6190.63
	System time (seconds): 70.75
	Percent of CPU this job got: 1284%
	Elapsed (wall clock) time (h:mm:ss or m:ss): 8:07.55
	Average shared text size (kbytes): 0
	Average unshared data size (kbytes): 0
	Average stack size (kbytes): 0
	Average total size (kbytes): 0
	Maximum resident set size (kbytes): 46710548
	Average resident set size (kbytes): 0
	Major (requiring I/O) page faults: 0
	Minor (reclaiming a frame) page faults: 24760438
	Voluntary context switches: 21642313
	Involuntary context switches: 3365760
	Swaps: 0
	File system inputs: 0
	File system outputs: 25857200
	Socket messages sent: 0
	Socket messages received: 0
	Signals delivered: 0
	Page size (bytes): 4096
	Exit status: 0
