octopus03
[seqwish::seqidx] 0.002 indexing sequences
[seqwish::seqidx] 14.147 index built
[seqwish::alignments] 14.148 processing alignments
[seqwish::alignments] 19.433 indexing
[seqwish::alignments] 21.883 index built
[seqwish::transclosure] 21.884 computing transitive closures
[seqwish::transclosure] 22.005 0.00% 0-50000000 overlap_collect
[seqwish::transclosure] 26.809 0.00% 0-50000000 rank_build
[seqwish::transclosure] 32.800 0.00% 0-50000000 parallel_union_find
[seqwish::transclosure] 35.945 0.00% 0-50000000 dset_write
[seqwish::transclosure] 39.075 0.00% 0-50000000 dset_compression
[seqwish::transclosure] 41.628 0.00% 0-50000000 dset_sort
[seqwish::transclosure] 42.824 0.00% 0-50000000 dset_invert
[seqwish::transclosure] 45.096 0.00% 0-50000000 graph_emission
[seqwish::transclosure] 46.672 27.92% 50000000-100000000 overlap_collect
[seqwish::transclosure] 55.066 27.92% 50000000-100000000 rank_build
[seqwish::transclosure] 61.837 27.92% 50000000-100000000 parallel_union_find
[seqwish::transclosure] 74.674 27.92% 50000000-100000000 dset_write
[seqwish::transclosure] 78.673 27.92% 50000000-100000000 dset_compression
[seqwish::transclosure] 81.433 27.92% 50000000-100000000 dset_sort
[seqwish::transclosure] 83.372 27.92% 50000000-100000000 dset_invert
[seqwish::transclosure] 85.735 27.92% 50000000-100000000 graph_emission
[seqwish::transclosure] 130.404 56.84% 100000000-228724722 overlap_collect
[seqwish::transclosure] 133.127 56.84% 100000000-228724722 rank_build
[seqwish::transclosure] 135.981 56.84% 100000000-228724722 parallel_union_find
[seqwish::transclosure] 140.076 56.84% 100000000-228724722 dset_write
[seqwish::transclosure] 141.797 56.84% 100000000-228724722 dset_compression
[seqwish::transclosure] 142.844 56.84% 100000000-228724722 dset_sort
[seqwish::transclosure] 143.596 56.84% 100000000-228724722 dset_invert
[seqwish::transclosure] 144.649 56.84% 100000000-228724722 graph_emission
[seqwish::transclosure] 205.261 69.10% 228724722-368824001 overlap_collect
[seqwish::transclosure] 207.805 69.10% 228724722-368824001 rank_build
[seqwish::transclosure] 210.833 69.10% 228724722-368824001 parallel_union_find
[seqwish::transclosure] 213.731 69.10% 228724722-368824001 dset_write
[seqwish::transclosure] 215.209 69.10% 228724722-368824001 dset_compression
[seqwish::transclosure] 216.237 69.10% 228724722-368824001 dset_sort
[seqwish::transclosure] 216.886 69.10% 228724722-368824001 dset_invert
[seqwish::transclosure] 217.903 69.10% 228724722-368824001 graph_emission
[seqwish::transclosure] 238.721 81.21% 368873504-601900559 overlap_collect
[seqwish::transclosure] 240.126 81.21% 368873504-601900559 rank_build
[seqwish::transclosure] 242.067 81.21% 368873504-601900559 parallel_union_find
[seqwish::transclosure] 242.572 81.21% 368873504-601900559 dset_write
[seqwish::transclosure] 243.325 81.21% 368873504-601900559 dset_compression
[seqwish::transclosure] 243.761 81.21% 368873504-601900559 dset_sort
[seqwish::transclosure] 244.330 81.21% 368873504-601900559 dset_invert
[seqwish::transclosure] 244.912 81.21% 368873504-601900559 graph_emission
[seqwish::transclosure] 268.116 86.49% 601900559-874170084 overlap_collect
[seqwish::transclosure] 269.472 86.49% 601900559-874170084 rank_build
[seqwish::transclosure] 270.870 86.49% 601900559-874170084 parallel_union_find
[seqwish::transclosure] 271.078 86.49% 601900559-874170084 dset_write
[seqwish::transclosure] 271.498 86.49% 601900559-874170084 dset_compression
[seqwish::transclosure] 271.785 86.49% 601900559-874170084 dset_sort
[seqwish::transclosure] 272.441 86.49% 601900559-874170084 dset_invert
[seqwish::transclosure] 272.899 86.49% 601900559-874170084 graph_emission
[seqwish::transclosure] 282.218 90.02% 874170084-1087146789 overlap_collect
[seqwish::transclosure] 283.404 90.02% 874170084-1087146789 rank_build
[seqwish::transclosure] 285.119 90.02% 874170084-1087146789 parallel_union_find
[seqwish::transclosure] 285.290 90.02% 874170084-1087146789 dset_write
[seqwish::transclosure] 285.694 90.02% 874170084-1087146789 dset_compression
[seqwish::transclosure] 285.954 90.02% 874170084-1087146789 dset_sort
[seqwish::transclosure] 286.396 90.02% 874170084-1087146789 dset_invert
[seqwish::transclosure] 286.794 90.02% 874170084-1087146789 graph_emission
[seqwish::transclosure] 292.433 93.34% 1087146789-1582091349 overlap_collect
[seqwish::transclosure] 294.310 93.34% 1087146789-1582091349 rank_build
[seqwish::transclosure] 295.952 93.34% 1087146789-1582091349 parallel_union_find
[seqwish::transclosure] 296.105 93.34% 1087146789-1582091349 dset_write
[seqwish::transclosure] 296.514 93.34% 1087146789-1582091349 dset_compression
[seqwish::transclosure] 296.751 93.34% 1087146789-1582091349 dset_sort
[seqwish::transclosure] 297.192 93.34% 1087146789-1582091349 dset_invert
[seqwish::transclosure] 297.556 93.34% 1087146789-1582091349 graph_emission
[seqwish::transclosure] 301.456 96.27% 1582091349-1837073958 overlap_collect
[seqwish::transclosure] 302.642 96.27% 1582091349-1837073958 rank_build
[seqwish::transclosure] 304.943 96.27% 1582091349-1837073958 parallel_union_find
[seqwish::transclosure] 304.999 96.27% 1582091349-1837073958 dset_write
[seqwish::transclosure] 305.319 96.27% 1582091349-1837073958 dset_compression
[seqwish::transclosure] 305.522 96.27% 1582091349-1837073958 dset_sort
[seqwish::transclosure] 305.928 96.27% 1582091349-1837073958 dset_invert
[seqwish::transclosure] 306.268 96.27% 1582091349-1837073958 graph_emission
[seqwish::transclosure] 308.483 98.93% 1837073958-1902510751 overlap_collect
[seqwish::transclosure] 308.904 98.93% 1837073958-1902510751 rank_build
[seqwish::transclosure] 310.275 98.93% 1837073958-1902510751 parallel_union_find
[seqwish::transclosure] 310.279 98.93% 1837073958-1902510751 dset_write
[seqwish::transclosure] 310.377 98.93% 1837073958-1902510751 dset_compression
[seqwish::transclosure] 310.460 98.93% 1837073958-1902510751 dset_sort
[seqwish::transclosure] 310.632 98.93% 1837073958-1902510751 dset_invert
[seqwish::transclosure] 310.771 98.93% 1837073958-1902510751 graph_emission
[seqwish::transclosure] 315.628 100.00% building node_iitree and path_iitree indexes
[seqwish::transclosure] 316.923 100.00% done
[seqwish::transclosure] 316.924 done with transitive closures
[seqwish::compact] 316.924 compacting nodes
[seqwish::compact] 319.238 done compacting
[seqwish::compact] 319.337 built node index
[seqwish::links] 319.337 finding graph links
[seqwish::links] 324.523 links derived
[seqwish::gfa] 324.524 writing graph
[seqwish::gfa] 382.072 done
	Command being timed: "/home/guarracino/tools/seqwish/bin/seqwish-ccfefb016fcfc9937817ce61dc06bbcf382be75e -t 48 -s /lizardfs/guarracino/seqwish-paper/athaliana/assemblies/athaliana16.fasta.gz -p /lizardfs/guarracino/seqwish-paper/athaliana/alignment/athaliana16.s100k.l300k.p95.n16.paf -g /scratch/athaliana16.s100k.l300k.p95.n16.k311.B50M.gfa -k 311 -B50M -P"
	User time (seconds): 3289.37
	System time (seconds): 63.75
	Percent of CPU this job got: 876%
	Elapsed (wall clock) time (h:mm:ss or m:ss): 6:22.37
	Average shared text size (kbytes): 0
	Average unshared data size (kbytes): 0
	Average stack size (kbytes): 0
	Average total size (kbytes): 0
	Maximum resident set size (kbytes): 34701996
	Average resident set size (kbytes): 0
	Major (requiring I/O) page faults: 0
	Minor (reclaiming a frame) page faults: 34004395
	Voluntary context switches: 21256076
	Involuntary context switches: 1981435
	Swaps: 0
	File system inputs: 786032
	File system outputs: 10080560
	Socket messages sent: 0
	Socket messages received: 0
	Signals delivered: 0
	Page size (bytes): 4096
	Exit status: 0
