octopus03
[seqwish::seqidx] 0.001 indexing sequences
[seqwish::seqidx] 14.097 index built
[seqwish::alignments] 14.098 processing alignments
[seqwish::alignments] 18.382 indexing
[seqwish::alignments] 22.798 index built
[seqwish::transclosure] 22.799 computing transitive closures
[seqwish::transclosure] 22.921 0.00% 0-50000000 overlap_collect
[seqwish::transclosure] 28.507 0.00% 0-50000000 rank_build
[seqwish::transclosure] 32.688 0.00% 0-50000000 parallel_union_find
[seqwish::transclosure] 36.378 0.00% 0-50000000 dset_write
[seqwish::transclosure] 38.993 0.00% 0-50000000 dset_compression
[seqwish::transclosure] 41.559 0.00% 0-50000000 dset_sort
[seqwish::transclosure] 43.013 0.00% 0-50000000 dset_invert
[seqwish::transclosure] 46.196 0.00% 0-50000000 graph_emission
[seqwish::transclosure] 47.585 31.00% 50000000-100007516 overlap_collect
[seqwish::transclosure] 51.839 31.00% 50000000-100007516 rank_build
[seqwish::transclosure] 56.232 31.00% 50000000-100007516 parallel_union_find
[seqwish::transclosure] 60.125 31.00% 50000000-100007516 dset_write
[seqwish::transclosure] 63.390 31.00% 50000000-100007516 dset_compression
[seqwish::transclosure] 66.306 31.00% 50000000-100007516 dset_sort
[seqwish::transclosure] 67.699 31.00% 50000000-100007516 dset_invert
[seqwish::transclosure] 70.251 31.00% 50000000-100007516 graph_emission
[seqwish::transclosure] 124.424 63.05% 100007516-243301521 overlap_collect
[seqwish::transclosure] 127.297 63.05% 100007516-243301521 rank_build
[seqwish::transclosure] 129.348 63.05% 100007516-243301521 parallel_union_find
[seqwish::transclosure] 130.730 63.05% 100007516-243301521 dset_write
[seqwish::transclosure] 132.102 63.05% 100007516-243301521 dset_compression
[seqwish::transclosure] 133.349 63.05% 100007516-243301521 dset_sort
[seqwish::transclosure] 134.043 63.05% 100007516-243301521 dset_invert
[seqwish::transclosure] 135.230 63.05% 100007516-243301521 graph_emission
[seqwish::transclosure] 203.851 77.44% 243301521-436178768 overlap_collect
[seqwish::transclosure] 206.734 77.44% 243301521-436178768 rank_build
[seqwish::transclosure] 208.215 77.44% 243301521-436178768 parallel_union_find
[seqwish::transclosure] 208.801 77.44% 243301521-436178768 dset_write
[seqwish::transclosure] 209.338 77.44% 243301521-436178768 dset_compression
[seqwish::transclosure] 210.132 77.44% 243301521-436178768 dset_sort
[seqwish::transclosure] 210.624 77.44% 243301521-436178768 dset_invert
[seqwish::transclosure] 211.320 77.44% 243301521-436178768 graph_emission
[seqwish::transclosure] 238.391 86.49% 436181611-649816439 overlap_collect
[seqwish::transclosure] 239.701 86.49% 436181611-649816439 rank_build
[seqwish::transclosure] 240.757 86.49% 436181611-649816439 parallel_union_find
[seqwish::transclosure] 240.882 86.49% 436181611-649816439 dset_write
[seqwish::transclosure] 241.154 86.49% 436181611-649816439 dset_compression
[seqwish::transclosure] 241.529 86.49% 436181611-649816439 dset_sort
[seqwish::transclosure] 241.894 86.49% 436181611-649816439 dset_invert
[seqwish::transclosure] 242.337 86.49% 436181611-649816439 graph_emission
[seqwish::transclosure] 258.898 91.14% 649816439-1032824185 overlap_collect
[seqwish::transclosure] 260.470 91.14% 649816439-1032824185 rank_build
[seqwish::transclosure] 261.380 91.14% 649816439-1032824185 parallel_union_find
[seqwish::transclosure] 261.447 91.14% 649816439-1032824185 dset_write
[seqwish::transclosure] 261.663 91.14% 649816439-1032824185 dset_compression
[seqwish::transclosure] 261.940 91.14% 649816439-1032824185 dset_sort
[seqwish::transclosure] 262.344 91.14% 649816439-1032824185 dset_invert
[seqwish::transclosure] 262.708 91.14% 649816439-1032824185 graph_emission
[seqwish::transclosure] 270.970 94.63% 1032827627-1608844290 overlap_collect
[seqwish::transclosure] 272.946 94.63% 1032827627-1608844290 rank_build
[seqwish::transclosure] 273.700 94.63% 1032827627-1608844290 parallel_union_find
[seqwish::transclosure] 273.738 94.63% 1032827627-1608844290 dset_write
[seqwish::transclosure] 273.910 94.63% 1032827627-1608844290 dset_compression
[seqwish::transclosure] 274.136 94.63% 1032827627-1608844290 dset_sort
[seqwish::transclosure] 274.451 94.63% 1032827627-1608844290 dset_invert
[seqwish::transclosure] 274.757 94.63% 1032827627-1608844290 graph_emission
[seqwish::transclosure] 278.722 97.52% 1608844290-1902510751 overlap_collect
[seqwish::transclosure] 279.897 97.52% 1608844290-1902510751 rank_build
[seqwish::transclosure] 280.808 97.52% 1608844290-1902510751 parallel_union_find
[seqwish::transclosure] 280.829 97.52% 1608844290-1902510751 dset_write
[seqwish::transclosure] 280.988 97.52% 1608844290-1902510751 dset_compression
[seqwish::transclosure] 281.171 97.52% 1608844290-1902510751 dset_sort
[seqwish::transclosure] 281.451 97.52% 1608844290-1902510751 dset_invert
[seqwish::transclosure] 281.690 97.52% 1608844290-1902510751 graph_emission
[seqwish::transclosure] 288.337 100.00% building node_iitree and path_iitree indexes
[seqwish::transclosure] 290.331 100.00% done
[seqwish::transclosure] 290.332 done with transitive closures
[seqwish::compact] 290.332 compacting nodes
[seqwish::compact] 293.564 done compacting
[seqwish::compact] 293.665 built node index
[seqwish::links] 293.665 finding graph links
[seqwish::links] 301.544 links derived
[seqwish::gfa] 301.544 writing graph
[seqwish::gfa] 364.738 done
	Command being timed: "/home/guarracino/tools/seqwish/bin/seqwish-ccfefb016fcfc9937817ce61dc06bbcf382be75e -t 48 -s /lizardfs/guarracino/seqwish-paper/athaliana/assemblies/athaliana16.fasta.gz -p /lizardfs/guarracino/seqwish-paper/athaliana/alignment/athaliana16.s50k.l150k.p95.n16.paf -g /scratch/athaliana16.s50k.l150k.p95.n16.k179.B50M.gfa -k 179 -B50M -P"
	User time (seconds): 2501.08
	System time (seconds): 64.69
	Percent of CPU this job got: 702%
	Elapsed (wall clock) time (h:mm:ss or m:ss): 6:05.03
	Average shared text size (kbytes): 0
	Average unshared data size (kbytes): 0
	Average stack size (kbytes): 0
	Average total size (kbytes): 0
	Maximum resident set size (kbytes): 38346812
	Average resident set size (kbytes): 0
	Major (requiring I/O) page faults: 0
	Minor (reclaiming a frame) page faults: 13296006
	Voluntary context switches: 17535726
	Involuntary context switches: 1151546
	Swaps: 0
	File system inputs: 0
	File system outputs: 12819784
	Socket messages sent: 0
	Socket messages received: 0
	Signals delivered: 0
	Page size (bytes): 4096
	Exit status: 0
