octopus03
[seqwish::seqidx] 0.001 indexing sequences
[seqwish::seqidx] 14.083 index built
[seqwish::alignments] 14.083 processing alignments
[seqwish::alignments] 51.354 indexing
[seqwish::alignments] 74.206 index built
[seqwish::transclosure] 74.208 computing transitive closures
[seqwish::transclosure] 74.328 0.00% 0-50000000 overlap_collect
[seqwish::transclosure] 86.516 0.00% 0-50000000 rank_build
[seqwish::transclosure] 92.913 0.00% 0-50000000 parallel_union_find
[seqwish::transclosure] 98.637 0.00% 0-50000000 dset_write
[seqwish::transclosure] 102.517 0.00% 0-50000000 dset_compression
[seqwish::transclosure] 105.978 0.00% 0-50000000 dset_sort
[seqwish::transclosure] 107.696 0.00% 0-50000000 dset_invert
[seqwish::transclosure] 110.974 0.00% 0-50000000 graph_emission
[seqwish::transclosure] 112.961 37.12% 50000000-100012209 overlap_collect
[seqwish::transclosure] 131.868 37.12% 50000000-100012209 rank_build
[seqwish::transclosure] 139.008 37.12% 50000000-100012209 parallel_union_find
[seqwish::transclosure] 143.966 37.12% 50000000-100012209 dset_write
[seqwish::transclosure] 146.755 37.12% 50000000-100012209 dset_compression
[seqwish::transclosure] 150.148 37.12% 50000000-100012209 dset_sort
[seqwish::transclosure] 151.862 37.12% 50000000-100012209 dset_invert
[seqwish::transclosure] 154.574 37.12% 50000000-100012209 graph_emission
[seqwish::transclosure] 211.712 74.81% 100012209-288467143 overlap_collect
[seqwish::transclosure] 228.710 74.81% 100012209-288467143 rank_build
[seqwish::transclosure] 231.651 74.81% 100012209-288467143 parallel_union_find
[seqwish::transclosure] 233.540 74.81% 100012209-288467143 dset_write
[seqwish::transclosure] 235.243 74.81% 100012209-288467143 dset_compression
[seqwish::transclosure] 236.666 74.81% 100012209-288467143 dset_sort
[seqwish::transclosure] 237.549 74.81% 100012209-288467143 dset_invert
[seqwish::transclosure] 238.797 74.81% 100012209-288467143 graph_emission
[seqwish::transclosure] 306.576 91.87% 288467143-826530810 overlap_collect
[seqwish::transclosure] 314.327 91.87% 288467143-826530810 rank_build
[seqwish::transclosure] 315.416 91.87% 288467143-826530810 parallel_union_find
[seqwish::transclosure] 315.620 91.87% 288467143-826530810 dset_write
[seqwish::transclosure] 315.917 91.87% 288467143-826530810 dset_compression
[seqwish::transclosure] 316.299 91.87% 288467143-826530810 dset_sort
[seqwish::transclosure] 316.642 91.87% 288467143-826530810 dset_invert
[seqwish::transclosure] 317.021 91.87% 288467143-826530810 graph_emission
[seqwish::transclosure] 351.403 96.52% 826530810-1785285938 overlap_collect
[seqwish::transclosure] 354.844 96.52% 826530810-1785285938 rank_build
[seqwish::transclosure] 355.651 96.52% 826530810-1785285938 parallel_union_find
[seqwish::transclosure] 355.681 96.52% 826530810-1785285938 dset_write
[seqwish::transclosure] 355.859 96.52% 826530810-1785285938 dset_compression
[seqwish::transclosure] 356.091 96.52% 826530810-1785285938 dset_sort
[seqwish::transclosure] 356.434 96.52% 826530810-1785285938 dset_invert
[seqwish::transclosure] 356.711 96.52% 826530810-1785285938 graph_emission
[seqwish::transclosure] 363.802 99.25% 1785285938-1902510751 overlap_collect
[seqwish::transclosure] 364.317 99.25% 1785285938-1902510751 rank_build
[seqwish::transclosure] 364.900 99.25% 1785285938-1902510751 parallel_union_find
[seqwish::transclosure] 364.907 99.25% 1785285938-1902510751 dset_write
[seqwish::transclosure] 364.996 99.25% 1785285938-1902510751 dset_compression
[seqwish::transclosure] 365.066 99.25% 1785285938-1902510751 dset_sort
[seqwish::transclosure] 365.186 99.25% 1785285938-1902510751 dset_invert
[seqwish::transclosure] 365.272 99.25% 1785285938-1902510751 graph_emission
[seqwish::transclosure] 370.028 100.00% building node_iitree and path_iitree indexes
[seqwish::transclosure] 379.892 100.00% done
[seqwish::transclosure] 379.893 done with transitive closures
[seqwish::compact] 379.893 compacting nodes
[seqwish::compact] 396.562 done compacting
[seqwish::compact] 396.715 built node index
[seqwish::links] 396.716 finding graph links
[seqwish::links] 433.413 links derived
[seqwish::gfa] 433.413 writing graph
[seqwish::gfa] 528.838 done
	Command being timed: "/home/guarracino/tools/seqwish/bin/seqwish-ccfefb016fcfc9937817ce61dc06bbcf382be75e -t 48 -s /lizardfs/guarracino/seqwish-paper/athaliana/assemblies/athaliana16.fasta.gz -p /lizardfs/guarracino/seqwish-paper/athaliana/alignment/athaliana16.s50k.l150k.p95.n16.paf -g /scratch/athaliana16.s50k.l150k.p95.n16.k0.B50M.gfa -k 0 -B50M -P"
	User time (seconds): 7475.83
	System time (seconds): 164.40
	Percent of CPU this job got: 1442%
	Elapsed (wall clock) time (h:mm:ss or m:ss): 8:49.79
	Average shared text size (kbytes): 0
	Average unshared data size (kbytes): 0
	Average stack size (kbytes): 0
	Average total size (kbytes): 0
	Maximum resident set size (kbytes): 49683264
	Average resident set size (kbytes): 0
	Major (requiring I/O) page faults: 0
	Minor (reclaiming a frame) page faults: 31478681
	Voluntary context switches: 21595464
	Involuntary context switches: 3461768
	Swaps: 0
	File system inputs: 0
	File system outputs: 50784736
	Socket messages sent: 0
	Socket messages received: 0
	Signals delivered: 0
	Page size (bytes): 4096
	Exit status: 0
